This is pdfTeX, Version 3.14159265-2.6-1.40.16 (TeX Live 2015/Debian) (preloaded format=pdflatex 2016.5.4)  18 AUG 2016 20:21
entering extended mode
 \write18 enabled.
 %&-line parsing enabled.
**presentation.tex
(./presentation.tex
LaTeX2e <2016/02/01>
Babel <3.9q> and hyphenation patterns for 81 language(s) loaded.
(/usr/share/texlive/texmf-dist/tex/latex/beamer/beamer.cls
(/usr/share/texlive/texmf-dist/tex/latex/beamer/beamerbasercs.sty
Package: beamerbasercs 2015/03/08 (rcs-revision 368aa9ba9d38)
)
Document Class: beamer 2015/01/05 3.36 A class for typesetting presentations (r
cs-revision 8a39122e1f63)
(/usr/share/texlive/texmf-dist/tex/latex/beamer/beamerbasemodes.sty
Package: beamerbasemodes 2013/09/03 (rcs-revision 768f2d98ca64)
\beamer@tempbox=\box26
\beamer@tempcount=\count79
\c@beamerpauses=\count80

(/usr/share/texlive/texmf-dist/tex/latex/beamer/beamerbasedecode.sty
Package: beamerbasedecode 2010/05/01 (rcs-revision efa082c6111d)
\beamer@slideinframe=\count81
\beamer@minimum=\count82
)
\beamer@commentbox=\box27
\beamer@modecount=\count83
)
(/usr/share/texlive/texmf-dist/tex/generic/oberdiek/ifpdf.sty
Package: ifpdf 2011/01/30 v2.3 Provides the ifpdf switch (HO)
Package ifpdf Info: pdfTeX in PDF mode is detected.
)
\headheight=\dimen102
\headdp=\dimen103
\footheight=\dimen104
\sidebarheight=\dimen105
\beamer@tempdim=\dimen106
\beamer@finalheight=\dimen107
\beamer@animht=\dimen108
\beamer@animdp=\dimen109
\beamer@animwd=\dimen110
\beamer@leftmargin=\dimen111
\beamer@rightmargin=\dimen112
\beamer@leftsidebar=\dimen113
\beamer@rightsidebar=\dimen114
\beamer@boxsize=\dimen115
\beamer@vboxoffset=\dimen116
\beamer@descdefault=\dimen117
\beamer@descriptionwidth=\dimen118
\beamer@lastskip=\skip41
\beamer@areabox=\box28
\beamer@animcurrent=\box29
\beamer@animshowbox=\box30
\beamer@sectionbox=\box31
\beamer@logobox=\box32
\beamer@linebox=\box33
\beamer@sectioncount=\count84
\beamer@subsubsectionmax=\count85
\beamer@subsectionmax=\count86
\beamer@sectionmax=\count87
\beamer@totalheads=\count88
\beamer@headcounter=\count89
\beamer@partstartpage=\count90
\beamer@sectionstartpage=\count91
\beamer@subsectionstartpage=\count92
\beamer@animationtempa=\count93
\beamer@animationtempb=\count94
\beamer@xpos=\count95
\beamer@ypos=\count96
\beamer@showpartnumber=\count97
\beamer@currentsubsection=\count98
\beamer@coveringdepth=\count99
\beamer@sectionadjust=\count100
\beamer@tocsectionnumber=\count101

(/usr/share/texlive/texmf-dist/tex/latex/beamer/beamerbaseoptions.sty
Package: beamerbaseoptions 2013/03/10 (rcs-revision 47431932db0d)

(/usr/share/texlive/texmf-dist/tex/latex/graphics/keyval.sty
Package: keyval 2014/10/28 v1.15 key=value parser (DPC)
\KV@toks@=\toks14
))
\beamer@paperwidth=\skip42
\beamer@paperheight=\skip43

(/usr/share/texlive/texmf-dist/tex/latex/geometry/geometry.sty
Package: geometry 2010/09/12 v5.6 Page Geometry

(/usr/share/texlive/texmf-dist/tex/generic/oberdiek/ifvtex.sty
Package: ifvtex 2010/03/01 v1.5 Detect VTeX and its facilities (HO)
Package ifvtex Info: VTeX not detected.
)
(/usr/share/texlive/texmf-dist/tex/generic/ifxetex/ifxetex.sty
Package: ifxetex 2010/09/12 v0.6 Provides ifxetex conditional
)
\Gm@cnth=\count102
\Gm@cntv=\count103
\c@Gm@tempcnt=\count104
\Gm@bindingoffset=\dimen119
\Gm@wd@mp=\dimen120
\Gm@odd@mp=\dimen121
\Gm@even@mp=\dimen122
\Gm@layoutwidth=\dimen123
\Gm@layoutheight=\dimen124
\Gm@layouthoffset=\dimen125
\Gm@layoutvoffset=\dimen126
\Gm@dimlist=\toks15
)
(/usr/share/texlive/texmf-dist/tex/latex/base/size11.clo
File: size11.clo 2014/09/29 v1.4h Standard LaTeX file (size option)
)
(/usr/share/texlive/texmf-dist/tex/latex/pgf/basiclayer/pgfcore.sty
(/usr/share/texlive/texmf-dist/tex/latex/graphics/graphicx.sty
Package: graphicx 2014/10/28 v1.0g Enhanced LaTeX Graphics (DPC,SPQR)

(/usr/share/texlive/texmf-dist/tex/latex/graphics/graphics.sty
Package: graphics 2016/01/03 v1.0q Standard LaTeX Graphics (DPC,SPQR)

(/usr/share/texlive/texmf-dist/tex/latex/graphics/trig.sty
Package: trig 2016/01/03 v1.10 sin cos tan (DPC)
)
(/usr/share/texlive/texmf-dist/tex/latex/latexconfig/graphics.cfg
File: graphics.cfg 2010/04/23 v1.9 graphics configuration of TeX Live
)
Package graphics Info: Driver file: pdftex.def on input line 95.

(/usr/share/texlive/texmf-dist/tex/latex/pdftex-def/pdftex.def
File: pdftex.def 2011/05/27 v0.06d Graphics/color for pdfTeX

(/usr/share/texlive/texmf-dist/tex/generic/oberdiek/infwarerr.sty
Package: infwarerr 2010/04/08 v1.3 Providing info/warning/error messages (HO)
)
(/usr/share/texlive/texmf-dist/tex/generic/oberdiek/ltxcmds.sty
Package: ltxcmds 2011/11/09 v1.22 LaTeX kernel commands for general use (HO)
)
\Gread@gobject=\count105
))
\Gin@req@height=\dimen127
\Gin@req@width=\dimen128
)
(/usr/share/texlive/texmf-dist/tex/latex/pgf/systemlayer/pgfsys.sty
(/usr/share/texlive/texmf-dist/tex/latex/pgf/utilities/pgfrcs.sty
(/usr/share/texlive/texmf-dist/tex/generic/pgf/utilities/pgfutil-common.tex
\pgfutil@everybye=\toks16
\pgfutil@tempdima=\dimen129
\pgfutil@tempdimb=\dimen130

(/usr/share/texlive/texmf-dist/tex/generic/pgf/utilities/pgfutil-common-lists.t
ex)) (/usr/share/texlive/texmf-dist/tex/generic/pgf/utilities/pgfutil-latex.def
\pgfutil@abb=\box34
(/usr/share/texlive/texmf-dist/tex/latex/ms/everyshi.sty
Package: everyshi 2001/05/15 v3.00 EveryShipout Package (MS)
))
(/usr/share/texlive/texmf-dist/tex/generic/pgf/utilities/pgfrcs.code.tex
Package: pgfrcs 2015/08/07 v3.0.1a (rcs-revision 1.31)
))
(/usr/share/texlive/texmf-dist/tex/generic/pgf/systemlayer/pgfsys.code.tex
Package: pgfsys 2014/07/09 v3.0.1a (rcs-revision 1.48)

(/usr/share/texlive/texmf-dist/tex/generic/pgf/utilities/pgfkeys.code.tex
\pgfkeys@pathtoks=\toks17
\pgfkeys@temptoks=\toks18

(/usr/share/texlive/texmf-dist/tex/generic/pgf/utilities/pgfkeysfiltered.code.t
ex
\pgfkeys@tmptoks=\toks19
))
\pgf@x=\dimen131
\pgf@y=\dimen132
\pgf@xa=\dimen133
\pgf@ya=\dimen134
\pgf@xb=\dimen135
\pgf@yb=\dimen136
\pgf@xc=\dimen137
\pgf@yc=\dimen138
\w@pgf@writea=\write3
\r@pgf@reada=\read1
\c@pgf@counta=\count106
\c@pgf@countb=\count107
\c@pgf@countc=\count108
\c@pgf@countd=\count109
\t@pgf@toka=\toks20
\t@pgf@tokb=\toks21
\t@pgf@tokc=\toks22
 (/usr/share/texlive/texmf-dist/tex/generic/pgf/systemlayer/pgf.cfg
File: pgf.cfg 2008/05/14  (rcs-revision 1.7)
)
Driver file for pgf: pgfsys-pdftex.def

(/usr/share/texlive/texmf-dist/tex/generic/pgf/systemlayer/pgfsys-pdftex.def
File: pgfsys-pdftex.def 2014/10/11  (rcs-revision 1.35)

(/usr/share/texlive/texmf-dist/tex/generic/pgf/systemlayer/pgfsys-common-pdf.de
f
File: pgfsys-common-pdf.def 2013/10/10  (rcs-revision 1.13)
)))
(/usr/share/texlive/texmf-dist/tex/generic/pgf/systemlayer/pgfsyssoftpath.code.
tex
File: pgfsyssoftpath.code.tex 2013/09/09  (rcs-revision 1.9)
\pgfsyssoftpath@smallbuffer@items=\count110
\pgfsyssoftpath@bigbuffer@items=\count111
)
(/usr/share/texlive/texmf-dist/tex/generic/pgf/systemlayer/pgfsysprotocol.code.
tex
File: pgfsysprotocol.code.tex 2006/10/16  (rcs-revision 1.4)
)) (/usr/share/texlive/texmf-dist/tex/latex/xcolor/xcolor.sty
Package: xcolor 2007/01/21 v2.11 LaTeX color extensions (UK)

(/usr/share/texlive/texmf-dist/tex/latex/latexconfig/color.cfg
File: color.cfg 2007/01/18 v1.5 color configuration of teTeX/TeXLive
)
Package xcolor Info: Driver file: pdftex.def on input line 225.
Package xcolor Info: Model `cmy' substituted by `cmy0' on input line 1337.
Package xcolor Info: Model `hsb' substituted by `rgb' on input line 1341.
Package xcolor Info: Model `RGB' extended on input line 1353.
Package xcolor Info: Model `HTML' substituted by `rgb' on input line 1355.
Package xcolor Info: Model `Hsb' substituted by `hsb' on input line 1356.
Package xcolor Info: Model `tHsb' substituted by `hsb' on input line 1357.
Package xcolor Info: Model `HSB' substituted by `hsb' on input line 1358.
Package xcolor Info: Model `Gray' substituted by `gray' on input line 1359.
Package xcolor Info: Model `wave' substituted by `hsb' on input line 1360.

(/usr/share/texlive/texmf-dist/tex/latex/graphics/dvipsnam.def
File: dvipsnam.def 2015/12/30 v3.0k Driver-dependent file (DPC,SPQR)
))
(/usr/share/texlive/texmf-dist/tex/generic/pgf/basiclayer/pgfcore.code.tex
Package: pgfcore 2010/04/11 v3.0.1a (rcs-revision 1.7)

(/usr/share/texlive/texmf-dist/tex/generic/pgf/math/pgfmath.code.tex
(/usr/share/texlive/texmf-dist/tex/generic/pgf/math/pgfmathcalc.code.tex
(/usr/share/texlive/texmf-dist/tex/generic/pgf/math/pgfmathutil.code.tex)
(/usr/share/texlive/texmf-dist/tex/generic/pgf/math/pgfmathparser.code.tex
\pgfmath@dimen=\dimen139
\pgfmath@count=\count112
\pgfmath@box=\box35
\pgfmath@toks=\toks23
\pgfmath@stack@operand=\toks24
\pgfmath@stack@operation=\toks25
)
(/usr/share/texlive/texmf-dist/tex/generic/pgf/math/pgfmathfunctions.code.tex
(/usr/share/texlive/texmf-dist/tex/generic/pgf/math/pgfmathfunctions.basic.code
.tex)
(/usr/share/texlive/texmf-dist/tex/generic/pgf/math/pgfmathfunctions.trigonomet
ric.code.tex)
(/usr/share/texlive/texmf-dist/tex/generic/pgf/math/pgfmathfunctions.random.cod
e.tex)
(/usr/share/texlive/texmf-dist/tex/generic/pgf/math/pgfmathfunctions.comparison
.code.tex)
(/usr/share/texlive/texmf-dist/tex/generic/pgf/math/pgfmathfunctions.base.code.
tex)
(/usr/share/texlive/texmf-dist/tex/generic/pgf/math/pgfmathfunctions.round.code
.tex)
(/usr/share/texlive/texmf-dist/tex/generic/pgf/math/pgfmathfunctions.misc.code.
tex)
(/usr/share/texlive/texmf-dist/tex/generic/pgf/math/pgfmathfunctions.integerari
thmetics.code.tex)))
(/usr/share/texlive/texmf-dist/tex/generic/pgf/math/pgfmathfloat.code.tex
\c@pgfmathroundto@lastzeros=\count113
))
(/usr/share/texlive/texmf-dist/tex/generic/pgf/basiclayer/pgfcorepoints.code.te
x
File: pgfcorepoints.code.tex 2013/10/07  (rcs-revision 1.27)
\pgf@picminx=\dimen140
\pgf@picmaxx=\dimen141
\pgf@picminy=\dimen142
\pgf@picmaxy=\dimen143
\pgf@pathminx=\dimen144
\pgf@pathmaxx=\dimen145
\pgf@pathminy=\dimen146
\pgf@pathmaxy=\dimen147
\pgf@xx=\dimen148
\pgf@xy=\dimen149
\pgf@yx=\dimen150
\pgf@yy=\dimen151
\pgf@zx=\dimen152
\pgf@zy=\dimen153
)
(/usr/share/texlive/texmf-dist/tex/generic/pgf/basiclayer/pgfcorepathconstruct.
code.tex
File: pgfcorepathconstruct.code.tex 2013/10/07  (rcs-revision 1.29)
\pgf@path@lastx=\dimen154
\pgf@path@lasty=\dimen155
)
(/usr/share/texlive/texmf-dist/tex/generic/pgf/basiclayer/pgfcorepathusage.code
.tex
File: pgfcorepathusage.code.tex 2014/11/02  (rcs-revision 1.24)
\pgf@shorten@end@additional=\dimen156
\pgf@shorten@start@additional=\dimen157
)
(/usr/share/texlive/texmf-dist/tex/generic/pgf/basiclayer/pgfcorescopes.code.te
x
File: pgfcorescopes.code.tex 2015/05/08  (rcs-revision 1.46)
\pgfpic=\box36
\pgf@hbox=\box37
\pgf@layerbox@main=\box38
\pgf@picture@serial@count=\count114
)
(/usr/share/texlive/texmf-dist/tex/generic/pgf/basiclayer/pgfcoregraphicstate.c
ode.tex
File: pgfcoregraphicstate.code.tex 2014/11/02  (rcs-revision 1.12)
\pgflinewidth=\dimen158
)
(/usr/share/texlive/texmf-dist/tex/generic/pgf/basiclayer/pgfcoretransformation
s.code.tex
File: pgfcoretransformations.code.tex 2015/08/07  (rcs-revision 1.20)
\pgf@pt@x=\dimen159
\pgf@pt@y=\dimen160
\pgf@pt@temp=\dimen161
)
(/usr/share/texlive/texmf-dist/tex/generic/pgf/basiclayer/pgfcorequick.code.tex
File: pgfcorequick.code.tex 2008/10/09  (rcs-revision 1.3)
)
(/usr/share/texlive/texmf-dist/tex/generic/pgf/basiclayer/pgfcoreobjects.code.t
ex
File: pgfcoreobjects.code.tex 2006/10/11  (rcs-revision 1.2)
)
(/usr/share/texlive/texmf-dist/tex/generic/pgf/basiclayer/pgfcorepathprocessing
.code.tex
File: pgfcorepathprocessing.code.tex 2013/09/09  (rcs-revision 1.9)
)
(/usr/share/texlive/texmf-dist/tex/generic/pgf/basiclayer/pgfcorearrows.code.te
x
File: pgfcorearrows.code.tex 2015/05/14  (rcs-revision 1.43)
\pgfarrowsep=\dimen162
)
(/usr/share/texlive/texmf-dist/tex/generic/pgf/basiclayer/pgfcoreshade.code.tex
File: pgfcoreshade.code.tex 2013/07/15  (rcs-revision 1.15)
\pgf@max=\dimen163
\pgf@sys@shading@range@num=\count115
)
(/usr/share/texlive/texmf-dist/tex/generic/pgf/basiclayer/pgfcoreimage.code.tex
File: pgfcoreimage.code.tex 2013/07/15  (rcs-revision 1.18)

(/usr/share/texlive/texmf-dist/tex/generic/pgf/basiclayer/pgfcoreexternal.code.
tex
File: pgfcoreexternal.code.tex 2014/07/09  (rcs-revision 1.21)
\pgfexternal@startupbox=\box39
))
(/usr/share/texlive/texmf-dist/tex/generic/pgf/basiclayer/pgfcorelayers.code.te
x
File: pgfcorelayers.code.tex 2013/07/18  (rcs-revision 1.7)
)
(/usr/share/texlive/texmf-dist/tex/generic/pgf/basiclayer/pgfcoretransparency.c
ode.tex
File: pgfcoretransparency.code.tex 2013/09/30  (rcs-revision 1.5)
)
(/usr/share/texlive/texmf-dist/tex/generic/pgf/basiclayer/pgfcorepatterns.code.
tex
File: pgfcorepatterns.code.tex 2013/11/07  (rcs-revision 1.5)
))) (/usr/share/texlive/texmf-dist/tex/latex/pgf/utilities/xxcolor.sty
Package: xxcolor 2003/10/24 ver 0.1
\XC@nummixins=\count116
\XC@countmixins=\count117
)
(/usr/share/texlive/texmf-dist/tex/generic/oberdiek/atbegshi.sty
Package: atbegshi 2011/10/05 v1.16 At begin shipout hook (HO)
)
(/usr/share/texlive/texmf-dist/tex/latex/hyperref/hyperref.sty
Package: hyperref 2012/11/06 v6.83m Hypertext links for LaTeX

(/usr/share/texlive/texmf-dist/tex/generic/oberdiek/hobsub-hyperref.sty
Package: hobsub-hyperref 2012/05/28 v1.13 Bundle oberdiek, subset hyperref (HO)


(/usr/share/texlive/texmf-dist/tex/generic/oberdiek/hobsub-generic.sty
Package: hobsub-generic 2012/05/28 v1.13 Bundle oberdiek, subset generic (HO)
Package: hobsub 2012/05/28 v1.13 Construct package bundles (HO)
Package hobsub Info: Skipping package `infwarerr' (already loaded).
Package hobsub Info: Skipping package `ltxcmds' (already loaded).
Package: ifluatex 2010/03/01 v1.3 Provides the ifluatex switch (HO)
Package ifluatex Info: LuaTeX not detected.
Package hobsub Info: Skipping package `ifvtex' (already loaded).
Package: intcalc 2007/09/27 v1.1 Expandable calculations with integers (HO)
Package hobsub Info: Skipping package `ifpdf' (already loaded).
Package: etexcmds 2011/02/16 v1.5 Avoid name clashes with e-TeX commands (HO)
Package etexcmds Info: Could not find \expanded.
(etexcmds)             That can mean that you are not using pdfTeX 1.50 or
(etexcmds)             that some package has redefined \expanded.
(etexcmds)             In the latter case, load this package earlier.
Package: kvsetkeys 2012/04/25 v1.16 Key value parser (HO)
Package: kvdefinekeys 2011/04/07 v1.3 Define keys (HO)
Package: pdftexcmds 2011/11/29 v0.20 Utility functions of pdfTeX for LuaTeX (HO
)
Package pdftexcmds Info: LuaTeX not detected.
Package pdftexcmds Info: \pdf@primitive is available.
Package pdftexcmds Info: \pdf@ifprimitive is available.
Package pdftexcmds Info: \pdfdraftmode found.
Package: pdfescape 2011/11/25 v1.13 Implements pdfTeX's escape features (HO)
Package: bigintcalc 2012/04/08 v1.3 Expandable calculations on big integers (HO
)
Package: bitset 2011/01/30 v1.1 Handle bit-vector datatype (HO)
Package: uniquecounter 2011/01/30 v1.2 Provide unlimited unique counter (HO)
)
Package hobsub Info: Skipping package `hobsub' (already loaded).
Package: letltxmacro 2010/09/02 v1.4 Let assignment for LaTeX macros (HO)
Package: hopatch 2012/05/28 v1.2 Wrapper for package hooks (HO)
Package: xcolor-patch 2011/01/30 xcolor patch
Package: atveryend 2011/06/30 v1.8 Hooks at the very end of document (HO)
Package atveryend Info: \enddocument detected (standard20110627).
Package hobsub Info: Skipping package `atbegshi' (already loaded).
Package: refcount 2011/10/16 v3.4 Data extraction from label references (HO)
Package: hycolor 2011/01/30 v1.7 Color options for hyperref/bookmark (HO)
)
(/usr/share/texlive/texmf-dist/tex/latex/oberdiek/auxhook.sty
Package: auxhook 2011/03/04 v1.3 Hooks for auxiliary files (HO)
)
(/usr/share/texlive/texmf-dist/tex/latex/oberdiek/kvoptions.sty
Package: kvoptions 2011/06/30 v3.11 Key value format for package options (HO)
)
\@linkdim=\dimen164
\Hy@linkcounter=\count118
\Hy@pagecounter=\count119

(/usr/share/texlive/texmf-dist/tex/latex/hyperref/pd1enc.def
File: pd1enc.def 2012/11/06 v6.83m Hyperref: PDFDocEncoding definition (HO)
)
\Hy@SavedSpaceFactor=\count120

(/usr/share/texlive/texmf-dist/tex/latex/latexconfig/hyperref.cfg
File: hyperref.cfg 2002/06/06 v1.2 hyperref configuration of TeXLive
)
Package hyperref Info: Option `bookmarks' set `true' on input line 4319.
Package hyperref Info: Option `bookmarksopen' set `true' on input line 4319.
Package hyperref Info: Option `implicit' set `false' on input line 4319.
Package hyperref Info: Hyper figures OFF on input line 4443.
Package hyperref Info: Link nesting OFF on input line 4448.
Package hyperref Info: Hyper index ON on input line 4451.
Package hyperref Info: Plain pages OFF on input line 4458.
Package hyperref Info: Backreferencing OFF on input line 4463.
Package hyperref Info: Implicit mode OFF; no redefinition of LaTeX internals.
Package hyperref Info: Bookmarks ON on input line 4688.
\c@Hy@tempcnt=\count121

(/usr/share/texlive/texmf-dist/tex/latex/url/url.sty
\Urlmuskip=\muskip10
Package: url 2013/09/16  ver 3.4  Verb mode for urls, etc.
)
LaTeX Info: Redefining \url on input line 5041.
\XeTeXLinkMargin=\dimen165
\Fld@menulength=\count122
\Field@Width=\dimen166
\Fld@charsize=\dimen167
Package hyperref Info: Hyper figures OFF on input line 6295.
Package hyperref Info: Link nesting OFF on input line 6300.
Package hyperref Info: Hyper index ON on input line 6303.
Package hyperref Info: backreferencing OFF on input line 6310.
Package hyperref Info: Link coloring OFF on input line 6315.
Package hyperref Info: Link coloring with OCG OFF on input line 6320.
Package hyperref Info: PDF/A mode OFF on input line 6325.
LaTeX Info: Redefining \ref on input line 6365.
LaTeX Info: Redefining \pageref on input line 6369.
\Hy@abspage=\count123


Package hyperref Message: Stopped early.

)

Package hyperref Message: Driver (autodetected): hpdftex.

(/usr/share/texlive/texmf-dist/tex/latex/hyperref/hpdftex.def
File: hpdftex.def 2012/11/06 v6.83m Hyperref driver for pdfTeX
\Fld@listcount=\count124
\c@bookmark@seq@number=\count125

(/usr/share/texlive/texmf-dist/tex/latex/oberdiek/rerunfilecheck.sty
Package: rerunfilecheck 2011/04/15 v1.7 Rerun checks for auxiliary files (HO)
Package uniquecounter Info: New unique counter `rerunfilecheck' on input line 2
82.
))
(/usr/share/texlive/texmf-dist/tex/latex/beamer/beamerbaserequires.sty
Package: beamerbaserequires 2010/05/01  (rcs-revision efa082c6111d)

(/usr/share/texlive/texmf-dist/tex/latex/beamer/beamerbasecompatibility.sty
Package: beamerbasecompatibility 2012/05/01  (rcs-revision 67c48b3b652d)
)
(/usr/share/texlive/texmf-dist/tex/latex/beamer/beamerbasefont.sty
Package: beamerbasefont 2015/01/05  (rcs-revision b4b4bee242e2)

(/usr/share/texlive/texmf-dist/tex/latex/amsfonts/amssymb.sty
Package: amssymb 2013/01/14 v3.01 AMS font symbols

(/usr/share/texlive/texmf-dist/tex/latex/amsfonts/amsfonts.sty
Package: amsfonts 2013/01/14 v3.01 Basic AMSFonts support
\@emptytoks=\toks26
\symAMSa=\mathgroup4
\symAMSb=\mathgroup5
LaTeX Font Info:    Overwriting math alphabet `\mathfrak' in version `bold'
(Font)                  U/euf/m/n --> U/euf/b/n on input line 106.
))
(/usr/share/texlive/texmf-dist/tex/latex/sansmathaccent/sansmathaccent.sty
Package: sansmathaccent 2013/03/28

(/usr/share/texlive/texmf-dist/tex/latex/filehook/filehook.sty
Package: filehook 2011/10/12 v0.5d Hooks for input files
)))
(/usr/share/texlive/texmf-dist/tex/latex/beamer/beamerbasetranslator.sty
Package: beamerbasetranslator 2010/06/11  (rcs-revision 85fd1cc7fc42)

(/usr/share/texlive/texmf-dist/tex/latex/beamer/translator/translator.sty
Package: translator 2010/06/12 ver 1.10

(/usr/share/texlive/texmf-dist/tex/latex/beamer/translator/translator-language-
mappings.tex)))
(/usr/share/texlive/texmf-dist/tex/latex/beamer/beamerbasemisc.sty
Package: beamerbasemisc 2013/09/03  (rcs-revision a55719c41d85)
)
(/usr/share/texlive/texmf-dist/tex/latex/beamer/beamerbasetwoscreens.sty
Package: beamerbasetwoscreens 2010/05/01  (rcs-revision efa082c6111d)
)
(/usr/share/texlive/texmf-dist/tex/latex/beamer/beamerbaseoverlay.sty
Package: beamerbaseoverlay 2013/12/25  (rcs-revision f6bd5e3805da)
\beamer@argscount=\count126
\beamer@lastskipcover=\skip44
\beamer@trivlistdepth=\count127
)
(/usr/share/texlive/texmf-dist/tex/latex/beamer/beamerbasetitle.sty
Package: beamerbasetitle 2010/09/21  (rcs-revision f0446ed0b6ae)
)
(/usr/share/texlive/texmf-dist/tex/latex/beamer/beamerbasesection.sty
Package: beamerbasesection 2013/06/07  (rcs-revision 60b9fe0f342f)
\c@lecture=\count128
\c@part=\count129
\c@section=\count130
\c@subsection=\count131
\c@subsubsection=\count132
)
(/usr/share/texlive/texmf-dist/tex/latex/beamer/beamerbaseframe.sty
Package: beamerbaseframe 2014/02/20  (rcs-revision 4b8ceeeff434)
\beamer@framebox=\box40
\beamer@frametitlebox=\box41
\beamer@zoombox=\box42
\beamer@zoomcount=\count133
\beamer@zoomframecount=\count134
\beamer@frametextheight=\dimen168
\c@subsectionslide=\count135
\beamer@frametopskip=\skip45
\beamer@framebottomskip=\skip46
\beamer@frametopskipautobreak=\skip47
\beamer@framebottomskipautobreak=\skip48
\beamer@envbody=\toks27
\framewidth=\dimen169
\c@framenumber=\count136
)
(/usr/share/texlive/texmf-dist/tex/latex/beamer/beamerbaseverbatim.sty
Package: beamerbaseverbatim 2015/01/05  (rcs-revision 431510bb5890)
\beamer@verbatimfileout=\write4
)
(/usr/share/texlive/texmf-dist/tex/latex/beamer/beamerbaseframesize.sty
Package: beamerbaseframesize 2011/09/12  (rcs-revision 70f9d8411e54)
\beamer@splitbox=\box43
\beamer@autobreakcount=\count137
\beamer@autobreaklastheight=\dimen170
\beamer@frametitletoks=\toks28
\beamer@framesubtitletoks=\toks29
)
(/usr/share/texlive/texmf-dist/tex/latex/beamer/beamerbaseframecomponents.sty
Package: beamerbaseframecomponents 2013/10/18  (rcs-revision 5cf6c5555a45)
\beamer@footins=\box44
)
(/usr/share/texlive/texmf-dist/tex/latex/beamer/beamerbasecolor.sty
Package: beamerbasecolor 2015/02/21  (rcs-revision d944b04ee2d5)
)
(/usr/share/texlive/texmf-dist/tex/latex/beamer/beamerbasenotes.sty
Package: beamerbasenotes 2012/12/19  (rcs-revision 1686da3db3c9)
\beamer@frameboxcopy=\box45
)
(/usr/share/texlive/texmf-dist/tex/latex/beamer/beamerbasetoc.sty
Package: beamerbasetoc 2015/03/08  (rcs-revision 7270298bbaae)
)
(/usr/share/texlive/texmf-dist/tex/latex/beamer/beamerbasetemplates.sty
Package: beamerbasetemplates 2010/05/01  (rcs-revision efa082c6111d)
\beamer@sbttoks=\toks30

(/usr/share/texlive/texmf-dist/tex/latex/beamer/beamerbaseauxtemplates.sty
Package: beamerbaseauxtemplates 2014/06/30  (rcs-revision 580088513a67)

(/usr/share/texlive/texmf-dist/tex/latex/beamer/beamerbaseboxes.sty
Package: beamerbaseboxes 2012/05/13  (rcs-revision 56972908a390)
\bmb@box=\box46
\bmb@colorbox=\box47
\bmb@boxshadow=\box48
\bmb@boxshadowball=\box49
\bmb@boxshadowballlarge=\box50
\bmb@temp=\dimen171
\bmb@dima=\dimen172
\bmb@dimb=\dimen173
\bmb@prevheight=\dimen174
)
\beamer@blockheadheight=\dimen175
))
(/usr/share/texlive/texmf-dist/tex/latex/beamer/beamerbaselocalstructure.sty
Package: beamerbaselocalstructure 2014/09/10  (rcs-revision 393f6dcff371)

(/usr/share/texlive/texmf-dist/tex/latex/tools/enumerate.sty
Package: enumerate 2015/07/23 v3.00 enumerate extensions (DPC)
\@enLab=\toks31
)
\c@figure=\count138
\c@table=\count139
\abovecaptionskip=\skip49
\belowcaptionskip=\skip50
)
(/usr/share/texlive/texmf-dist/tex/latex/beamer/beamerbasenavigation.sty
Package: beamerbasenavigation 2015/02/27  (rcs-revision 923f4bf87efa)
\beamer@section@min@dim=\dimen176
)
(/usr/share/texlive/texmf-dist/tex/latex/beamer/beamerbasetheorems.sty
Package: beamerbasetheorems 2010/06/06  (rcs-revision 7e7cc5e53e9d)

(/usr/share/texlive/texmf-dist/tex/latex/amsmath/amsmath.sty
Package: amsmath 2016/03/03 v2.15a AMS math features
\@mathmargin=\skip51

For additional information on amsmath, use the `?' option.
(/usr/share/texlive/texmf-dist/tex/latex/amsmath/amstext.sty
Package: amstext 2000/06/29 v2.01 AMS text

(/usr/share/texlive/texmf-dist/tex/latex/amsmath/amsgen.sty
File: amsgen.sty 1999/11/30 v2.0 generic functions
\@emptytoks=\toks32
\ex@=\dimen177
))
(/usr/share/texlive/texmf-dist/tex/latex/amsmath/amsbsy.sty
Package: amsbsy 1999/11/29 v1.2d Bold Symbols
\pmbraise@=\dimen178
)
(/usr/share/texlive/texmf-dist/tex/latex/amsmath/amsopn.sty
Package: amsopn 1999/12/14 v2.01 operator names
)
\inf@bad=\count140
LaTeX Info: Redefining \frac on input line 199.
\uproot@=\count141
\leftroot@=\count142
LaTeX Info: Redefining \overline on input line 297.
\classnum@=\count143
\DOTSCASE@=\count144
LaTeX Info: Redefining \ldots on input line 394.
LaTeX Info: Redefining \dots on input line 397.
LaTeX Info: Redefining \cdots on input line 518.
\Mathstrutbox@=\box51
\strutbox@=\box52
\big@size=\dimen179
LaTeX Font Info:    Redeclaring font encoding OML on input line 630.
LaTeX Font Info:    Redeclaring font encoding OMS on input line 631.
\macc@depth=\count145
\c@MaxMatrixCols=\count146
\dotsspace@=\muskip11
\c@parentequation=\count147
\dspbrk@lvl=\count148
\tag@help=\toks33
\row@=\count149
\column@=\count150
\maxfields@=\count151
\andhelp@=\toks34
\eqnshift@=\dimen180
\alignsep@=\dimen181
\tagshift@=\dimen182
\tagwidth@=\dimen183
\totwidth@=\dimen184
\lineht@=\dimen185
\@envbody=\toks35
\multlinegap=\skip52
\multlinetaggap=\skip53
\mathdisplay@stack=\toks36
LaTeX Info: Redefining \[ on input line 2735.
LaTeX Info: Redefining \] on input line 2736.
)
(/usr/share/texlive/texmf-dist/tex/latex/amscls/amsthm.sty
Package: amsthm 2015/03/04 v2.20.2
\thm@style=\toks37
\thm@bodyfont=\toks38
\thm@headfont=\toks39
\thm@notefont=\toks40
\thm@headpunct=\toks41
\thm@preskip=\skip54
\thm@postskip=\skip55
\thm@headsep=\skip56
\dth@everypar=\toks42
)
\c@theorem=\count152
)
(/usr/share/texlive/texmf-dist/tex/latex/beamer/beamerbasethemes.sty
Package: beamerbasethemes 2010/05/01  (rcs-revision efa082c6111d)
))
(/usr/share/texlive/texmf-dist/tex/latex/beamer/themes/theme/beamerthemedefault
.sty
Package: beamerthemedefault 2010/06/17  (rcs-revision d02a7cf4d8ae)

(/usr/share/texlive/texmf-dist/tex/latex/beamer/themes/font/beamerfontthemedefa
ult.sty
Package: beamerfontthemedefault 2012/12/19  (rcs-revision 1686da3db3c9)
)
(/usr/share/texlive/texmf-dist/tex/latex/beamer/themes/color/beamercolorthemede
fault.sty
Package: beamercolorthemedefault 2012/12/19  (rcs-revision 1686da3db3c9)
)
(/usr/share/texlive/texmf-dist/tex/latex/beamer/themes/inner/beamerinnerthemede
fault.sty
Package: beamerinnerthemedefault 2014/06/30  (rcs-revision 580088513a67)
\beamer@dima=\dimen186
\beamer@dimb=\dimen187
)
(/usr/share/texlive/texmf-dist/tex/latex/beamer/themes/outer/beamerouterthemede
fault.sty
Package: beamerouterthemedefault 2012/12/19  (rcs-revision 1686da3db3c9)
))) (/usr/share/texlive/texmf-dist/tex/latex/base/fontenc.sty
Package: fontenc 2005/09/27 v1.99g Standard LaTeX package

(/usr/share/texlive/texmf-dist/tex/latex/base/t1enc.def
File: t1enc.def 2005/09/27 v1.99g Standard LaTeX file
LaTeX Font Info:    Redeclaring font encoding T1 on input line 48.
))
(/usr/share/texlive/texmf-dist/tex/latex/base/inputenc.sty
Package: inputenc 2015/03/17 v1.2c Input encoding file
\inpenc@prehook=\toks43
\inpenc@posthook=\toks44

(/usr/share/texlive/texmf-dist/tex/latex/base/utf8.def
File: utf8.def 2015/12/03 v1.1r UTF-8 support for inputenc
Now handling font encoding OML ...
... no UTF-8 mapping file for font encoding OML
Now handling font encoding T1 ...
... processing UTF-8 mapping file for font encoding T1

(/usr/share/texlive/texmf-dist/tex/latex/base/t1enc.dfu
File: t1enc.dfu 2015/12/03 v1.1r UTF-8 support for inputenc
   defining Unicode char U+00A0 (decimal 160)
   defining Unicode char U+00A1 (decimal 161)
   defining Unicode char U+00A3 (decimal 163)
   defining Unicode char U+00AB (decimal 171)
   defining Unicode char U+00AD (decimal 173)
   defining Unicode char U+00BB (decimal 187)
   defining Unicode char U+00BF (decimal 191)
   defining Unicode char U+00C0 (decimal 192)
   defining Unicode char U+00C1 (decimal 193)
   defining Unicode char U+00C2 (decimal 194)
   defining Unicode char U+00C3 (decimal 195)
   defining Unicode char U+00C4 (decimal 196)
   defining Unicode char U+00C5 (decimal 197)
   defining Unicode char U+00C6 (decimal 198)
   defining Unicode char U+00C7 (decimal 199)
   defining Unicode char U+00C8 (decimal 200)
   defining Unicode char U+00C9 (decimal 201)
   defining Unicode char U+00CA (decimal 202)
   defining Unicode char U+00CB (decimal 203)
   defining Unicode char U+00CC (decimal 204)
   defining Unicode char U+00CD (decimal 205)
   defining Unicode char U+00CE (decimal 206)
   defining Unicode char U+00CF (decimal 207)
   defining Unicode char U+00D0 (decimal 208)
   defining Unicode char U+00D1 (decimal 209)
   defining Unicode char U+00D2 (decimal 210)
   defining Unicode char U+00D3 (decimal 211)
   defining Unicode char U+00D4 (decimal 212)
   defining Unicode char U+00D5 (decimal 213)
   defining Unicode char U+00D6 (decimal 214)
   defining Unicode char U+00D8 (decimal 216)
   defining Unicode char U+00D9 (decimal 217)
   defining Unicode char U+00DA (decimal 218)
   defining Unicode char U+00DB (decimal 219)
   defining Unicode char U+00DC (decimal 220)
   defining Unicode char U+00DD (decimal 221)
   defining Unicode char U+00DE (decimal 222)
   defining Unicode char U+00DF (decimal 223)
   defining Unicode char U+00E0 (decimal 224)
   defining Unicode char U+00E1 (decimal 225)
   defining Unicode char U+00E2 (decimal 226)
   defining Unicode char U+00E3 (decimal 227)
   defining Unicode char U+00E4 (decimal 228)
   defining Unicode char U+00E5 (decimal 229)
   defining Unicode char U+00E6 (decimal 230)
   defining Unicode char U+00E7 (decimal 231)
   defining Unicode char U+00E8 (decimal 232)
   defining Unicode char U+00E9 (decimal 233)
   defining Unicode char U+00EA (decimal 234)
   defining Unicode char U+00EB (decimal 235)
   defining Unicode char U+00EC (decimal 236)
   defining Unicode char U+00ED (decimal 237)
   defining Unicode char U+00EE (decimal 238)
   defining Unicode char U+00EF (decimal 239)
   defining Unicode char U+00F0 (decimal 240)
   defining Unicode char U+00F1 (decimal 241)
   defining Unicode char U+00F2 (decimal 242)
   defining Unicode char U+00F3 (decimal 243)
   defining Unicode char U+00F4 (decimal 244)
   defining Unicode char U+00F5 (decimal 245)
   defining Unicode char U+00F6 (decimal 246)
   defining Unicode char U+00F8 (decimal 248)
   defining Unicode char U+00F9 (decimal 249)
   defining Unicode char U+00FA (decimal 250)
   defining Unicode char U+00FB (decimal 251)
   defining Unicode char U+00FC (decimal 252)
   defining Unicode char U+00FD (decimal 253)
   defining Unicode char U+00FE (decimal 254)
   defining Unicode char U+00FF (decimal 255)
   defining Unicode char U+0100 (decimal 256)
   defining Unicode char U+0101 (decimal 257)
   defining Unicode char U+0102 (decimal 258)
   defining Unicode char U+0103 (decimal 259)
   defining Unicode char U+0104 (decimal 260)
   defining Unicode char U+0105 (decimal 261)
   defining Unicode char U+0106 (decimal 262)
   defining Unicode char U+0107 (decimal 263)
   defining Unicode char U+0108 (decimal 264)
   defining Unicode char U+0109 (decimal 265)
   defining Unicode char U+010A (decimal 266)
   defining Unicode char U+010B (decimal 267)
   defining Unicode char U+010C (decimal 268)
   defining Unicode char U+010D (decimal 269)
   defining Unicode char U+010E (decimal 270)
   defining Unicode char U+010F (decimal 271)
   defining Unicode char U+0110 (decimal 272)
   defining Unicode char U+0111 (decimal 273)
   defining Unicode char U+0112 (decimal 274)
   defining Unicode char U+0113 (decimal 275)
   defining Unicode char U+0114 (decimal 276)
   defining Unicode char U+0115 (decimal 277)
   defining Unicode char U+0116 (decimal 278)
   defining Unicode char U+0117 (decimal 279)
   defining Unicode char U+0118 (decimal 280)
   defining Unicode char U+0119 (decimal 281)
   defining Unicode char U+011A (decimal 282)
   defining Unicode char U+011B (decimal 283)
   defining Unicode char U+011C (decimal 284)
   defining Unicode char U+011D (decimal 285)
   defining Unicode char U+011E (decimal 286)
   defining Unicode char U+011F (decimal 287)
   defining Unicode char U+0120 (decimal 288)
   defining Unicode char U+0121 (decimal 289)
   defining Unicode char U+0122 (decimal 290)
   defining Unicode char U+0123 (decimal 291)
   defining Unicode char U+0124 (decimal 292)
   defining Unicode char U+0125 (decimal 293)
   defining Unicode char U+0128 (decimal 296)
   defining Unicode char U+0129 (decimal 297)
   defining Unicode char U+012A (decimal 298)
   defining Unicode char U+012B (decimal 299)
   defining Unicode char U+012C (decimal 300)
   defining Unicode char U+012D (decimal 301)
   defining Unicode char U+012E (decimal 302)
   defining Unicode char U+012F (decimal 303)
   defining Unicode char U+0130 (decimal 304)
   defining Unicode char U+0131 (decimal 305)
   defining Unicode char U+0132 (decimal 306)
   defining Unicode char U+0133 (decimal 307)
   defining Unicode char U+0134 (decimal 308)
   defining Unicode char U+0135 (decimal 309)
   defining Unicode char U+0136 (decimal 310)
   defining Unicode char U+0137 (decimal 311)
   defining Unicode char U+0139 (decimal 313)
   defining Unicode char U+013A (decimal 314)
   defining Unicode char U+013B (decimal 315)
   defining Unicode char U+013C (decimal 316)
   defining Unicode char U+013D (decimal 317)
   defining Unicode char U+013E (decimal 318)
   defining Unicode char U+0141 (decimal 321)
   defining Unicode char U+0142 (decimal 322)
   defining Unicode char U+0143 (decimal 323)
   defining Unicode char U+0144 (decimal 324)
   defining Unicode char U+0145 (decimal 325)
   defining Unicode char U+0146 (decimal 326)
   defining Unicode char U+0147 (decimal 327)
   defining Unicode char U+0148 (decimal 328)
   defining Unicode char U+014A (decimal 330)
   defining Unicode char U+014B (decimal 331)
   defining Unicode char U+014C (decimal 332)
   defining Unicode char U+014D (decimal 333)
   defining Unicode char U+014E (decimal 334)
   defining Unicode char U+014F (decimal 335)
   defining Unicode char U+0150 (decimal 336)
   defining Unicode char U+0151 (decimal 337)
   defining Unicode char U+0152 (decimal 338)
   defining Unicode char U+0153 (decimal 339)
   defining Unicode char U+0154 (decimal 340)
   defining Unicode char U+0155 (decimal 341)
   defining Unicode char U+0156 (decimal 342)
   defining Unicode char U+0157 (decimal 343)
   defining Unicode char U+0158 (decimal 344)
   defining Unicode char U+0159 (decimal 345)
   defining Unicode char U+015A (decimal 346)
   defining Unicode char U+015B (decimal 347)
   defining Unicode char U+015C (decimal 348)
   defining Unicode char U+015D (decimal 349)
   defining Unicode char U+015E (decimal 350)
   defining Unicode char U+015F (decimal 351)
   defining Unicode char U+0160 (decimal 352)
   defining Unicode char U+0161 (decimal 353)
   defining Unicode char U+0162 (decimal 354)
   defining Unicode char U+0163 (decimal 355)
   defining Unicode char U+0164 (decimal 356)
   defining Unicode char U+0165 (decimal 357)
   defining Unicode char U+0168 (decimal 360)
   defining Unicode char U+0169 (decimal 361)
   defining Unicode char U+016A (decimal 362)
   defining Unicode char U+016B (decimal 363)
   defining Unicode char U+016C (decimal 364)
   defining Unicode char U+016D (decimal 365)
   defining Unicode char U+016E (decimal 366)
   defining Unicode char U+016F (decimal 367)
   defining Unicode char U+0170 (decimal 368)
   defining Unicode char U+0171 (decimal 369)
   defining Unicode char U+0172 (decimal 370)
   defining Unicode char U+0173 (decimal 371)
   defining Unicode char U+0174 (decimal 372)
   defining Unicode char U+0175 (decimal 373)
   defining Unicode char U+0176 (decimal 374)
   defining Unicode char U+0177 (decimal 375)
   defining Unicode char U+0178 (decimal 376)
   defining Unicode char U+0179 (decimal 377)
   defining Unicode char U+017A (decimal 378)
   defining Unicode char U+017B (decimal 379)
   defining Unicode char U+017C (decimal 380)
   defining Unicode char U+017D (decimal 381)
   defining Unicode char U+017E (decimal 382)
   defining Unicode char U+01CD (decimal 461)
   defining Unicode char U+01CE (decimal 462)
   defining Unicode char U+01CF (decimal 463)
   defining Unicode char U+01D0 (decimal 464)
   defining Unicode char U+01D1 (decimal 465)
   defining Unicode char U+01D2 (decimal 466)
   defining Unicode char U+01D3 (decimal 467)
   defining Unicode char U+01D4 (decimal 468)
   defining Unicode char U+01E2 (decimal 482)
   defining Unicode char U+01E3 (decimal 483)
   defining Unicode char U+01E6 (decimal 486)
   defining Unicode char U+01E7 (decimal 487)
   defining Unicode char U+01E8 (decimal 488)
   defining Unicode char U+01E9 (decimal 489)
   defining Unicode char U+01EA (decimal 490)
   defining Unicode char U+01EB (decimal 491)
   defining Unicode char U+01F0 (decimal 496)
   defining Unicode char U+01F4 (decimal 500)
   defining Unicode char U+01F5 (decimal 501)
   defining Unicode char U+0218 (decimal 536)
   defining Unicode char U+0219 (decimal 537)
   defining Unicode char U+021A (decimal 538)
   defining Unicode char U+021B (decimal 539)
   defining Unicode char U+01E02 (decimal 7682)
   defining Unicode char U+01E03 (decimal 7683)
   defining Unicode char U+200C (decimal 8204)
   defining Unicode char U+2013 (decimal 8211)
   defining Unicode char U+2014 (decimal 8212)
   defining Unicode char U+2018 (decimal 8216)
   defining Unicode char U+2019 (decimal 8217)
   defining Unicode char U+201A (decimal 8218)
   defining Unicode char U+201C (decimal 8220)
   defining Unicode char U+201D (decimal 8221)
   defining Unicode char U+201E (decimal 8222)
   defining Unicode char U+2030 (decimal 8240)
   defining Unicode char U+2031 (decimal 8241)
   defining Unicode char U+2039 (decimal 8249)
   defining Unicode char U+203A (decimal 8250)
   defining Unicode char U+2423 (decimal 9251)
)
Now handling font encoding OT1 ...
... processing UTF-8 mapping file for font encoding OT1

(/usr/share/texlive/texmf-dist/tex/latex/base/ot1enc.dfu
File: ot1enc.dfu 2015/12/03 v1.1r UTF-8 support for inputenc
   defining Unicode char U+00A0 (decimal 160)
   defining Unicode char U+00A1 (decimal 161)
   defining Unicode char U+00A3 (decimal 163)
   defining Unicode char U+00AD (decimal 173)
   defining Unicode char U+00B8 (decimal 184)
   defining Unicode char U+00BF (decimal 191)
   defining Unicode char U+00C5 (decimal 197)
   defining Unicode char U+00C6 (decimal 198)
   defining Unicode char U+00D8 (decimal 216)
   defining Unicode char U+00DF (decimal 223)
   defining Unicode char U+00E6 (decimal 230)
   defining Unicode char U+00EC (decimal 236)
   defining Unicode char U+00ED (decimal 237)
   defining Unicode char U+00EE (decimal 238)
   defining Unicode char U+00EF (decimal 239)
   defining Unicode char U+00F8 (decimal 248)
   defining Unicode char U+0131 (decimal 305)
   defining Unicode char U+0141 (decimal 321)
   defining Unicode char U+0142 (decimal 322)
   defining Unicode char U+0152 (decimal 338)
   defining Unicode char U+0153 (decimal 339)
   defining Unicode char U+0174 (decimal 372)
   defining Unicode char U+0175 (decimal 373)
   defining Unicode char U+0176 (decimal 374)
   defining Unicode char U+0177 (decimal 375)
   defining Unicode char U+0218 (decimal 536)
   defining Unicode char U+0219 (decimal 537)
   defining Unicode char U+021A (decimal 538)
   defining Unicode char U+021B (decimal 539)
   defining Unicode char U+2013 (decimal 8211)
   defining Unicode char U+2014 (decimal 8212)
   defining Unicode char U+2018 (decimal 8216)
   defining Unicode char U+2019 (decimal 8217)
   defining Unicode char U+201C (decimal 8220)
   defining Unicode char U+201D (decimal 8221)
)
Now handling font encoding OMS ...
... processing UTF-8 mapping file for font encoding OMS

(/usr/share/texlive/texmf-dist/tex/latex/base/omsenc.dfu
File: omsenc.dfu 2015/12/03 v1.1r UTF-8 support for inputenc
   defining Unicode char U+00A7 (decimal 167)
   defining Unicode char U+00B6 (decimal 182)
   defining Unicode char U+00B7 (decimal 183)
   defining Unicode char U+2020 (decimal 8224)
   defining Unicode char U+2021 (decimal 8225)
   defining Unicode char U+2022 (decimal 8226)
)
Now handling font encoding OMX ...
... no UTF-8 mapping file for font encoding OMX
Now handling font encoding U ...
... no UTF-8 mapping file for font encoding U
Now handling font encoding PD1 ...
... no UTF-8 mapping file for font encoding PD1
   defining Unicode char U+00A9 (decimal 169)
   defining Unicode char U+00AA (decimal 170)
   defining Unicode char U+00AE (decimal 174)
   defining Unicode char U+00BA (decimal 186)
   defining Unicode char U+02C6 (decimal 710)
   defining Unicode char U+02DC (decimal 732)
   defining Unicode char U+200C (decimal 8204)
   defining Unicode char U+2026 (decimal 8230)
   defining Unicode char U+2122 (decimal 8482)
   defining Unicode char U+2423 (decimal 9251)
))
(/usr/share/texlive/texmf-dist/tex/generic/babel/babel.sty
Package: babel 2016/02/24 3.9q The Babel package

(/usr/share/texlive/texmf-dist/tex/generic/babel-english/english.ldf
Language: english 2012/08/20 v3.3p English support from the babel system

(/usr/share/texlive/texmf-dist/tex/generic/babel/babel.def
File: babel.def 2016/02/24 3.9q Babel common definitions
\babel@savecnt=\count153
\U@D=\dimen188
LaTeX Info: Redefining \textlatin on input line 1448.
)
\l@canadian = a dialect from \language\l@american 
\l@australian = a dialect from \language\l@british 
\l@newzealand = a dialect from \language\l@british 
)
(/usr/share/texlive/texmf-dist/tex/generic/babel-slovak/slovak.ldf
Language: slovak 2008/07/06 v3.1a Slovak support from the babel system
Package babel Info: Making ^ an active character on input line 123.
Package babel Info: Making " an active character on input line 126.
Package babel Info: Making ' an active character on input line 129.
\cs@wordlen=\count154
Package babel Info: Making - an active character on input line 294.
))
(/usr/share/texlive/texmf-dist/tex/latex/beamer/themes/theme/beamerthemePittsbu
rgh.sty
Package: beamerthemePittsburgh 2010/06/17  (rcs-revision d02a7cf4d8ae)

(/usr/share/texlive/texmf-dist/tex/latex/beamer/themes/inner/beamerinnerthemeci
rcles.sty
Package: beamerinnerthemecircles 2010/06/17  (rcs-revision d02a7cf4d8ae)
))
(/usr/share/texlive/texmf-dist/tex/latex/beamer/themes/outer/beamerouterthemesh
adow.sty
Package: beamerouterthemeshadow 2010/06/17  (rcs-revision d02a7cf4d8ae)

(/usr/share/texlive/texmf-dist/tex/latex/beamer/themes/outer/beamerouterthemesp
lit.sty
Package: beamerouterthemesplit 2012/10/16  (rcs-revision 51a8c72084af)
)) (/usr/share/texlive/texmf-dist/tex/latex/caption/caption.sty
Package: caption 2016/02/21 v3.3-144 Customizing captions (AR)

(/usr/share/texlive/texmf-dist/tex/latex/caption/caption3.sty
Package: caption3 2016/02/04 v1.7-139 caption3 kernel (AR)
Package caption3 Info: TeX engine: e-TeX on input line 67.
\captionmargin=\dimen189
\captionmargin@=\dimen190
\captionwidth=\dimen191
\caption@tempdima=\dimen192
\caption@indent=\dimen193
\caption@parindent=\dimen194
\caption@hangindent=\dimen195
)
\c@ContinuedFloat=\count155
Package caption Info: beamer document class.
Package caption Info: hyperref package is loaded.
Package caption Info: Hyperref support is turned off
(caption)             because hyperref has stopped early.
)
(/usr/share/texlive/texmf-dist/tex/latex/caption/subcaption.sty
Package: subcaption 2016/02/20 v1.1-142 Sub-captions (AR)
\c@subfigure=\count156
\c@subtable=\count157
)
(/usr/share/texlive/texmf-dist/tex/latex/tools/tabularx.sty
Package: tabularx 2014/10/28 v2.10 `tabularx' package (DPC)

(/usr/share/texlive/texmf-dist/tex/latex/tools/array.sty
Package: array 2014/10/28 v2.4c Tabular extension package (FMi)
\col@sep=\dimen196
\extrarowheight=\dimen197
\NC@list=\toks45
\extratabsurround=\skip57
\backup@length=\skip58
)
\TX@col@width=\dimen198
\TX@old@table=\dimen199
\TX@old@col=\dimen256
\TX@target=\dimen257
\TX@delta=\dimen258
\TX@cols=\count158
\TX@ftn=\toks46
)
(/usr/share/texlive/texmf-dist/tex/latex/listings/listings.sty
\lst@mode=\count159
\lst@gtempboxa=\box53
\lst@token=\toks47
\lst@length=\count160
\lst@currlwidth=\dimen259
\lst@column=\count161
\lst@pos=\count162
\lst@lostspace=\dimen260
\lst@width=\dimen261
\lst@newlines=\count163
\lst@lineno=\count164
\lst@maxwidth=\dimen262

(/usr/share/texlive/texmf-dist/tex/latex/listings/lstmisc.sty
File: lstmisc.sty 2015/06/04 1.6 (Carsten Heinz)
\c@lstnumber=\count165
\lst@skipnumbers=\count166
\lst@framebox=\box54
)
(/usr/share/texlive/texmf-dist/tex/latex/listings/listings.cfg
File: listings.cfg 2015/06/04 1.6 listings configuration
))
Package: listings 2015/06/04 1.6 (Carsten Heinz)

(/usr/share/texlive/texmf-dist/tex/latex/listings/lstlang1.sty
File: lstlang1.sty 2015/06/04 1.6 listings language file
)
(/usr/share/texlive/texmf-dist/tex/latex/listings/lstlang2.sty
File: lstlang2.sty 2015/06/04 1.6 listings language file
)

Package hyperref Warning: Token not allowed in a PDF string (PDFDocEncoding):
(hyperref)                removing `\\' on input line 30.


Package hyperref Warning: Composite letter `\textasciicaron+t'
(hyperref)                not defined in PD1 encoding,
(hyperref)                removing `\textasciicaron' on input line 33.

(./presentation.aux

LaTeX Warning: Label `img:motoko_robot_block' multiply defined.


LaTeX Warning: Label `img:oroginal_sdm' multiply defined.

)
\openout1 = `presentation.aux'.

LaTeX Font Info:    Checking defaults for OML/cmm/m/it on input line 33.
LaTeX Font Info:    ... okay on input line 33.
LaTeX Font Info:    Checking defaults for T1/cmr/m/n on input line 33.
LaTeX Font Info:    ... okay on input line 33.
LaTeX Font Info:    Checking defaults for OT1/cmr/m/n on input line 33.
LaTeX Font Info:    ... okay on input line 33.
LaTeX Font Info:    Checking defaults for OMS/cmsy/m/n on input line 33.
LaTeX Font Info:    ... okay on input line 33.
LaTeX Font Info:    Checking defaults for OMX/cmex/m/n on input line 33.
LaTeX Font Info:    ... okay on input line 33.
LaTeX Font Info:    Checking defaults for U/cmr/m/n on input line 33.
LaTeX Font Info:    ... okay on input line 33.
LaTeX Font Info:    Checking defaults for PD1/pdf/m/n on input line 33.
LaTeX Font Info:    ... okay on input line 33.

*geometry* driver: auto-detecting
*geometry* detected driver: pdftex
*geometry* verbose mode - [ preamble ] result:
* driver: pdftex
* paper: custom
* layout: <same size as paper>
* layoutoffset:(h,v)=(0.0pt,0.0pt)
* modes: includehead includefoot 
* h-part:(L,W,R)=(28.45274pt, 307.28987pt, 28.45274pt)
* v-part:(T,H,B)=(0.0pt, 273.14662pt, 0.0pt)
* \paperwidth=364.19536pt
* \paperheight=273.14662pt
* \textwidth=307.28987pt
* \textheight=244.6939pt
* \oddsidemargin=-43.81725pt
* \evensidemargin=-43.81725pt
* \topmargin=-72.26999pt
* \headheight=14.22636pt
* \headsep=0.0pt
* \topskip=11.0pt
* \footskip=14.22636pt
* \marginparwidth=4.0pt
* \marginparsep=10.0pt
* \columnsep=10.0pt
* \skip\footins=10.0pt plus 4.0pt minus 2.0pt
* \hoffset=0.0pt
* \voffset=0.0pt
* \mag=1000
* \@twocolumnfalse
* \@twosidefalse
* \@mparswitchfalse
* \@reversemarginfalse
* (1in=72.27pt=25.4mm, 1cm=28.453pt)

(/usr/share/texlive/texmf-dist/tex/context/base/supp-pdf.mkii
[Loading MPS to PDF converter (version 2006.09.02).]
\scratchcounter=\count167
\scratchdimen=\dimen263
\scratchbox=\box55
\nofMPsegments=\count168
\nofMParguments=\count169
\everyMPshowfont=\toks48
\MPscratchCnt=\count170
\MPscratchDim=\dimen264
\MPnumerator=\count171
\makeMPintoPDFobject=\count172
\everyMPtoPDFconversion=\toks49
) (/usr/share/texlive/texmf-dist/tex/latex/oberdiek/epstopdf-base.sty
Package: epstopdf-base 2010/02/09 v2.5 Base part for package epstopdf

(/usr/share/texlive/texmf-dist/tex/latex/oberdiek/grfext.sty
Package: grfext 2010/08/19 v1.1 Manage graphics extensions (HO)
)
Package grfext Info: Graphics extension search list:
(grfext)             [.png,.pdf,.jpg,.mps,.jpeg,.jbig2,.jb2,.PNG,.PDF,.JPG,.JPE
G,.JBIG2,.JB2,.eps]
(grfext)             \AppendGraphicsExtensions on input line 452.

(/usr/share/texlive/texmf-dist/tex/latex/latexconfig/epstopdf-sys.cfg
File: epstopdf-sys.cfg 2010/07/13 v1.3 Configuration of (r)epstopdf for TeX Liv
e
))
ABD: EveryShipout initializing macros
\AtBeginShipoutBox=\box56
Package hyperref Info: Link coloring OFF on input line 33.

(/usr/share/texlive/texmf-dist/tex/latex/hyperref/nameref.sty
Package: nameref 2012/10/27 v2.43 Cross-referencing by name of section

(/usr/share/texlive/texmf-dist/tex/generic/oberdiek/gettitlestring.sty
Package: gettitlestring 2010/12/03 v1.4 Cleanup title references (HO)
)
\c@section@level=\count173
)
LaTeX Info: Redefining \ref on input line 33.
LaTeX Info: Redefining \pageref on input line 33.
LaTeX Info: Redefining \nameref on input line 33.

(./presentation.out) (./presentation.out)
\@outlinefile=\write5
\openout5 = `presentation.out'.

LaTeX Font Info:    Overwriting symbol font `operators' in version `normal'
(Font)                  OT1/cmr/m/n --> OT1/cmss/m/n on input line 33.
LaTeX Font Info:    Overwriting symbol font `operators' in version `bold'
(Font)                  OT1/cmr/bx/n --> OT1/cmss/bx/n on input line 33.
\symnumbers=\mathgroup6
\sympureletters=\mathgroup7
LaTeX Font Info:    Overwriting math alphabet `\mathrm' in version `normal'
(Font)                  OT1/cmss/m/n --> T1/cmr/m/n on input line 33.
LaTeX Font Info:    Redeclaring math alphabet \mathbf on input line 33.
LaTeX Font Info:    Overwriting math alphabet `\mathbf' in version `normal'
(Font)                  OT1/cmr/bx/n --> T1/cmss/bx/n on input line 33.
LaTeX Font Info:    Overwriting math alphabet `\mathbf' in version `bold'
(Font)                  OT1/cmr/bx/n --> T1/cmss/bx/n on input line 33.
LaTeX Font Info:    Redeclaring math alphabet \mathsf on input line 33.
LaTeX Font Info:    Overwriting math alphabet `\mathsf' in version `normal'
(Font)                  OT1/cmss/m/n --> T1/cmss/m/n on input line 33.
LaTeX Font Info:    Overwriting math alphabet `\mathsf' in version `bold'
(Font)                  OT1/cmss/bx/n --> T1/cmss/m/n on input line 33.
LaTeX Font Info:    Redeclaring math alphabet \mathit on input line 33.
LaTeX Font Info:    Overwriting math alphabet `\mathit' in version `normal'
(Font)                  OT1/cmr/m/it --> T1/cmss/m/it on input line 33.
LaTeX Font Info:    Overwriting math alphabet `\mathit' in version `bold'
(Font)                  OT1/cmr/bx/it --> T1/cmss/m/it on input line 33.
LaTeX Font Info:    Redeclaring math alphabet \mathtt on input line 33.
LaTeX Font Info:    Overwriting math alphabet `\mathtt' in version `normal'
(Font)                  OT1/cmtt/m/n --> T1/cmtt/m/n on input line 33.
LaTeX Font Info:    Overwriting math alphabet `\mathtt' in version `bold'
(Font)                  OT1/cmtt/m/n --> T1/cmtt/m/n on input line 33.
LaTeX Font Info:    Overwriting symbol font `numbers' in version `bold'
(Font)                  T1/cmss/m/n --> T1/cmss/bx/n on input line 33.
LaTeX Font Info:    Overwriting symbol font `pureletters' in version `bold'
(Font)                  T1/cmss/m/it --> T1/cmss/bx/it on input line 33.
LaTeX Font Info:    Overwriting math alphabet `\mathrm' in version `bold'
(Font)                  OT1/cmss/bx/n --> T1/cmr/bx/n on input line 33.
LaTeX Font Info:    Overwriting math alphabet `\mathbf' in version `bold'
(Font)                  T1/cmss/bx/n --> T1/cmss/bx/n on input line 33.
LaTeX Font Info:    Overwriting math alphabet `\mathsf' in version `bold'
(Font)                  T1/cmss/m/n --> T1/cmss/bx/n on input line 33.
LaTeX Font Info:    Overwriting math alphabet `\mathit' in version `bold'
(Font)                  T1/cmss/m/it --> T1/cmss/bx/it on input line 33.
LaTeX Font Info:    Overwriting math alphabet `\mathtt' in version `bold'
(Font)                  T1/cmtt/m/n --> T1/cmtt/bx/n on input line 33.
LaTeX Font Info:    Redeclaring symbol font `pureletters' on input line 33.
LaTeX Font Info:    Encoding `T1' has changed to `OT1' for symbol font
(Font)              `pureletters' in the math version `normal' on input line 33
.
LaTeX Font Info:    Overwriting symbol font `pureletters' in version `normal'
(Font)                  T1/cmss/m/it --> OT1/mathkerncmss/m/sl on input line 33
.
LaTeX Font Info:    Encoding `T1' has changed to `OT1' for symbol font
(Font)              `pureletters' in the math version `bold' on input line 33.
LaTeX Font Info:    Overwriting symbol font `pureletters' in version `bold'
(Font)                  T1/cmss/bx/it --> OT1/mathkerncmss/m/sl on input line 3
3.
LaTeX Font Info:    Overwriting symbol font `pureletters' in version `bold'
(Font)                  OT1/mathkerncmss/m/sl --> OT1/mathkerncmss/bx/sl on inp
ut line 33.

(/usr/share/texlive/texmf-dist/tex/latex/beamer/translator/dicts/translator-bas
ic-dictionary/translator-basic-dictionary-English.dict
Dictionary: translator-basic-dictionary, Language: English 
)
(/usr/share/texlive/texmf-dist/tex/latex/beamer/translator/dicts/translator-bib
liography-dictionary/translator-bibliography-dictionary-English.dict
Dictionary: translator-bibliography-dictionary, Language: English 
)
(/usr/share/texlive/texmf-dist/tex/latex/beamer/translator/dicts/translator-env
ironment-dictionary/translator-environment-dictionary-English.dict
Dictionary: translator-environment-dictionary, Language: English 
)
(/usr/share/texlive/texmf-dist/tex/latex/beamer/translator/dicts/translator-mon
ths-dictionary/translator-months-dictionary-English.dict
Dictionary: translator-months-dictionary, Language: English 
)
(/usr/share/texlive/texmf-dist/tex/latex/beamer/translator/dicts/translator-num
bers-dictionary/translator-numbers-dictionary-English.dict
Dictionary: translator-numbers-dictionary, Language: English 
)
(/usr/share/texlive/texmf-dist/tex/latex/beamer/translator/dicts/translator-the
orem-dictionary/translator-theorem-dictionary-English.dict
Dictionary: translator-theorem-dictionary, Language: English 
)
LaTeX Info: Redefining \includegraphics on input line 33.
Package caption Info: Begin \AtBeginDocument code.
Package caption Info: listings package is loaded.
Package caption Info: End \AtBeginDocument code.
\c@lstlisting=\count174
 (./presentation.nav)
Overfull \hbox (54.01453pt too wide) in paragraph at lines 33--33
 [][][][]  
 []


LaTeX Font Warning: Font shape `T1/cmss/m/n' in size <4> not available
(Font)              size <5> substituted on input line 37.


Overfull \hbox (54.01453pt too wide) has occurred while \output is active
 [][][][]  
 []

[1

{/var/lib/texmf/fonts/map/pdftex/updmap/pdftex.map}]
LaTeX Font Info:    Try loading font information for U+msa on input line 76.

(/usr/share/texlive/texmf-dist/tex/latex/amsfonts/umsa.fd
File: umsa.fd 2013/01/14 v3.01 AMS symbols A
)
LaTeX Font Info:    Try loading font information for U+msb on input line 76.

(/usr/share/texlive/texmf-dist/tex/latex/amsfonts/umsb.fd
File: umsb.fd 2013/01/14 v3.01 AMS symbols B
)
LaTeX Font Info:    Try loading font information for OT1+mathkerncmss on input 
line 76.

(/usr/share/texlive/texmf-dist/tex/latex/sansmathaccent/ot1mathkerncmss.fd
File: ot1mathkerncmss.fd 2013/03/27 Fontinst v1.933 font definitions for OT1/ma
thkerncmss.
)
<../diagrams/agent.png, id=50, 219.82124pt x 174.6525pt>
File: ../diagrams/agent.png Graphic file (type png)

<use ../diagrams/agent.png>
Package pdftex.def Info: ../diagrams/agent.png used on input line 76.
(pdftex.def)             Requested size: 87.92693pt x 69.85976pt.
Package epstopdf Info: Source file: <../diagrams/markovov_process.eps>
(epstopdf)                    date: 2016-03-31 10:42:07
(epstopdf)                    size: 43527 bytes
(epstopdf)             Output file: <../diagrams/markovov_process-eps-converted
-to.pdf>
(epstopdf)                    date: 2016-03-31 10:42:09
(epstopdf)                    size: 22543 bytes
(epstopdf)             Command: <epstopdf --outfile=../diagrams/markovov_proces
s-eps-converted-to.pdf ../diagrams/markovov_process.eps>
(epstopdf)             \includegraphics on input line 76.
Package epstopdf Info: Output file is already uptodate.

<../diagrams/markovov_process-eps-converted-to.pdf, id=51, 691.58376pt x 415.55
25pt>
File: ../diagrams/markovov_process-eps-converted-to.pdf Graphic file (type pdf)

 <use ../diagrams/markovov_process-eps-converted-to.pdf>
Package pdftex.def Info: ../diagrams/markovov_process-eps-converted-to.pdf used
 on input line 76.
(pdftex.def)             Requested size: 138.3143pt x 83.10902pt.

Overfull \hbox (54.01453pt too wide) has occurred while \output is active
 [][][][]  
 []

[2

 <../diagrams/agent.png> <../diagrams/markovov_process-eps-converted-to.pdf>]
LaTeX Font Info:    Try loading font information for OMS+cmss on input line 100
.
LaTeX Font Info:    No file OMScmss.fd. on input line 100.

LaTeX Font Warning: Font shape `OMS/cmss/m/n' undefined
(Font)              using `OMS/cmsy/m/n' instead
(Font)              for symbol `textbullet' on input line 100.

Package epstopdf Info: Source file: <../diagrams/q_learning_detail.eps>
(epstopdf)                    date: 2016-03-04 23:22:42
(epstopdf)                    size: 47619 bytes
(epstopdf)             Output file: <../diagrams/q_learning_detail-eps-converte
d-to.pdf>
(epstopdf)                    date: 2016-03-04 23:22:45
(epstopdf)                    size: 22118 bytes
(epstopdf)             Command: <epstopdf --outfile=../diagrams/q_learning_deta
il-eps-converted-to.pdf ../diagrams/q_learning_detail.eps>
(epstopdf)             \includegraphics on input line 100.
Package epstopdf Info: Output file is already uptodate.

<../diagrams/q_learning_detail-eps-converted-to.pdf, id=83, 676.5275pt x 174.65
25pt>
File: ../diagrams/q_learning_detail-eps-converted-to.pdf Graphic file (type pdf
)
 <use ../diagrams/q_learning_detail-eps-converted-to.pdf>
Package pdftex.def Info: ../diagrams/q_learning_detail-eps-converted-to.pdf use
d on input line 100.
(pdftex.def)             Requested size: 270.6062pt x 69.85976pt.

Overfull \hbox (54.01453pt too wide) has occurred while \output is active
 [][][][]  
 []

[3

 <../diagrams/q_learning_detail-eps-converted-to.pdf>]
Package epstopdf Info: Source file: <../diagrams/rf_cycle_states.eps>
(epstopdf)                    date: 2016-04-05 08:14:29
(epstopdf)                    size: 21061 bytes
(epstopdf)             Output file: <../diagrams/rf_cycle_states-eps-converted-
to.pdf>
(epstopdf)                    date: 2016-04-05 08:16:08
(epstopdf)                    size: 10391 bytes
(epstopdf)             Command: <epstopdf --outfile=../diagrams/rf_cycle_states
-eps-converted-to.pdf ../diagrams/rf_cycle_states.eps>
(epstopdf)             \includegraphics on input line 120.
Package epstopdf Info: Output file is already uptodate.

<../diagrams/rf_cycle_states-eps-converted-to.pdf, id=121, 420.57124pt x 231.86
626pt>
File: ../diagrams/rf_cycle_states-eps-converted-to.pdf Graphic file (type pdf)
 <use ../diagrams/rf_cycle_states-eps-converted-to.pdf>
Package pdftex.def Info: ../diagrams/rf_cycle_states-eps-converted-to.pdf used 
on input line 120.
(pdftex.def)             Requested size: 210.28511pt x 115.93283pt.

Overfull \hbox (54.01453pt too wide) has occurred while \output is active
 [][][][]  
 []

[4

 <../diagrams/rf_cycle_states-eps-converted-to.pdf>]
Overfull \hbox (54.01453pt too wide) has occurred while \output is active
 [][][][]  
 []

[5

]
Package epstopdf Info: Source file: <../diagrams/q_learning_nn.eps>
(epstopdf)                    date: 2016-03-04 12:37:31
(epstopdf)                    size: 41027 bytes
(epstopdf)             Output file: <../diagrams/q_learning_nn-eps-converted-to
.pdf>
(epstopdf)                    date: 2016-03-04 12:37:36
(epstopdf)                    size: 18421 bytes
(epstopdf)             Command: <epstopdf --outfile=../diagrams/q_learning_nn-e
ps-converted-to.pdf ../diagrams/q_learning_nn.eps>
(epstopdf)             \includegraphics on input line 154.
Package epstopdf Info: Output file is already uptodate.

<../diagrams/q_learning_nn-eps-converted-to.pdf, id=180, 566.115pt x 262.9825pt
>
File: ../diagrams/q_learning_nn-eps-converted-to.pdf Graphic file (type pdf)
 <use ../diagrams/q_learning_nn-eps-converted-to.pdf>
Package pdftex.def Info: ../diagrams/q_learning_nn-eps-converted-to.pdf used on
 input line 154.
(pdftex.def)             Requested size: 283.05681pt x 131.49092pt.

Overfull \hbox (54.01453pt too wide) has occurred while \output is active
 [][][][]  
 []

[6

 <../diagrams/q_learning_nn-eps-converted-to.pdf>]
Package epstopdf Info: Source file: <../diagrams/q_chain_problem.eps>
(epstopdf)                    date: 2016-03-01 14:00:29
(epstopdf)                    size: 17297 bytes
(epstopdf)             Output file: <../diagrams/q_chain_problem-eps-converted-
to.pdf>
(epstopdf)                    date: 2016-03-01 14:00:29
(epstopdf)                    size: 8879 bytes
(epstopdf)             Command: <epstopdf --outfile=../diagrams/q_chain_problem
-eps-converted-to.pdf ../diagrams/q_chain_problem.eps>
(epstopdf)             \includegraphics on input line 173.
Package epstopdf Info: Output file is already uptodate.

<../diagrams/q_chain_problem-eps-converted-to.pdf, id=209, 645.41125pt x 133.49
875pt>
File: ../diagrams/q_chain_problem-eps-converted-to.pdf Graphic file (type pdf)
 <use ../diagrams/q_chain_problem-eps-converted-to.pdf>
Package pdftex.def Info: ../diagrams/q_chain_problem-eps-converted-to.pdf used 
on input line 173.
(pdftex.def)             Requested size: 322.70483pt x 66.74919pt.

Overfull \hbox (15.41496pt too wide) in paragraph at lines 173--173
 [] 
 []


Overfull \hbox (54.01453pt too wide) has occurred while \output is active
 [][][][]  
 []

[7

 <../diagrams/q_chain_problem-eps-converted-to.pdf>]

LaTeX Font Warning: Command \boldmath invalid in math mode on input line 206.


LaTeX Font Warning: Command \mathversion invalid in math mode on input line 206
.


LaTeX Font Warning: Command \boldmath invalid in math mode on input line 206.


LaTeX Font Warning: Command \mathversion invalid in math mode on input line 206
.


LaTeX Font Warning: Command \boldmath invalid in math mode on input line 206.


LaTeX Font Warning: Command \mathversion invalid in math mode on input line 206
.


LaTeX Font Warning: Command \boldmath invalid in math mode on input line 206.


LaTeX Font Warning: Command \mathversion invalid in math mode on input line 206
.

<../pictures/gaussian_1D.png, id=239, 770.88pt x 578.16pt>
File: ../pictures/gaussian_1D.png Graphic file (type png)

<use ../pictures/gaussian_1D.png>
Package pdftex.def Info: ../pictures/gaussian_1D.png used on input line 206.
(pdftex.def)             Requested size: 154.17326pt x 115.62994pt.

Overfull \hbox (0.52834pt too wide) in paragraph at lines 206--206
 [] 
 []


Overfull \vbox (1.22527pt too high) detected at line 206
 []


Overfull \hbox (54.01453pt too wide) has occurred while \output is active
 [][][][]  
 []

[8

 <../pictures/gaussian_1D.png>]
Overfull \hbox (54.01453pt too wide) has occurred while \output is active
 [][][][]  
 []

[9

] <../pictures/peak_hill_function.png, id=302, 770.88pt x 578.16pt>
File: ../pictures/peak_hill_function.png Graphic file (type png)

<use ../pictures/peak_hill_function.png>
Package pdftex.def Info: ../pictures/peak_hill_function.png used on input line 
240.
(pdftex.def)             Requested size: 308.34654pt x 231.2599pt.

Overfull \hbox (1.05667pt too wide) in paragraph at lines 240--240
 [] 
 []


Overfull \vbox (23.42554pt too high) detected at line 240
 []


Overfull \hbox (54.01453pt too wide) has occurred while \output is active
 [][][][]  
 []

[10

 <../pictures/peak_hill_function.png>]
Package epstopdf Info: Source file: <../diagrams/q_learning_hybrid.eps>
(epstopdf)                    date: 2016-08-17 09:12:37
(epstopdf)                    size: 78640 bytes
(epstopdf)             Output file: <../diagrams/q_learning_hybrid-eps-converte
d-to.pdf>
(epstopdf)                    date: 2016-08-17 09:12:40
(epstopdf)                    size: 34134 bytes
(epstopdf)             Command: <epstopdf --outfile=../diagrams/q_learning_hybr
id-eps-converted-to.pdf ../diagrams/q_learning_hybrid.eps>
(epstopdf)             \includegraphics on input line 256.
Package epstopdf Info: Output file is already uptodate.

<../diagrams/q_learning_hybrid-eps-converted-to.pdf, id=330, 620.3175pt x 450.6
8375pt>
File: ../diagrams/q_learning_hybrid-eps-converted-to.pdf Graphic file (type pdf
)
 <use ../diagrams/q_learning_hybrid-eps-converted-to.pdf>
Package pdftex.def Info: ../diagrams/q_learning_hybrid-eps-converted-to.pdf use
d on input line 256.
(pdftex.def)             Requested size: 248.1226pt x 180.2703pt.

Overfull \hbox (54.01453pt too wide) has occurred while \output is active
 [][][][]  
 []

[11

 <../diagrams/q_learning_hybrid-eps-converted-to.pdf>]
Package epstopdf Info: Source file: <../diagrams/experiment_map_q_learning.eps>

(epstopdf)                    date: 2016-04-02 15:22:59
(epstopdf)                    size: 261973 bytes
(epstopdf)             Output file: <../diagrams/experiment_map_q_learning-eps-
converted-to.pdf>
(epstopdf)                    date: 2016-04-02 15:23:21
(epstopdf)                    size: 111192 bytes
(epstopdf)             Command: <epstopdf --outfile=../diagrams/experiment_map_
q_learning-eps-converted-to.pdf ../diagrams/experiment_map_q_learning.eps>
(epstopdf)             \includegraphics on input line 266.
Package epstopdf Info: Output file is already uptodate.

<../diagrams/experiment_map_q_learning-eps-converted-to.pdf, id=359, 1465.475pt
 x 937.5025pt>
File: ../diagrams/experiment_map_q_learning-eps-converted-to.pdf Graphic file (
type pdf)

<use ../diagrams/experiment_map_q_learning-eps-converted-to.pdf>
Package pdftex.def Info: ../diagrams/experiment_map_q_learning-eps-converted-to
.pdf used on input line 266.
(pdftex.def)             Requested size: 322.4055pt x 206.25119pt.

Overfull \hbox (15.11563pt too wide) in paragraph at lines 266--266
 [] 
 []


Overfull \hbox (54.01453pt too wide) has occurred while \output is active
 [][][][]  
 []

[12

 <../diagrams/experiment_map_q_learning-eps-converted-to.pdf>]
Overfull \hbox (54.01453pt too wide) has occurred while \output is active
 [][][][]  
 []

[13

]
Overfull \vbox (2.94229pt too high) detected at line 316
 []


Overfull \hbox (54.01453pt too wide) has occurred while \output is active
 [][][][]  
 []

[14

]
<../../results_q_learning/map_2/reward_value_surface.png, id=442, 770.88pt x 57
8.16pt>
File: ../../results_q_learning/map_2/reward_value_surface.png Graphic file (typ
e png)
 <use ../../results_q_learning/map_2/reward_value_surface.png>
Package pdftex.def Info: ../../results_q_learning/map_2/reward_value_surface.pn
g used on input line 329.
(pdftex.def)             Requested size: 269.81204pt x 202.35902pt.

Overfull \vbox (28.86215pt too high) detected at line 329
 []


Overfull \hbox (54.01453pt too wide) has occurred while \output is active
 [][][][]  
 []

[15

 <../../results_q_learning/map_2/reward_value_surface.png>]
<../../results_q_learning/map_2/function_type_0/iterations_10/action_best_value
_log_surface.png, id=470, 770.88pt x 578.16pt>
File: ../../results_q_learning/map_2/function_type_0/iterations_10/action_best_
value_log_surface.png Graphic file (type png)

<use ../../results_q_learning/map_2/function_type_0/iterations_10/action_best_v
alue_log_surface.png>
Package pdftex.def Info: ../../results_q_learning/map_2/function_type_0/iterati
ons_10/action_best_value_log_surface.png used on input line 357.
(pdftex.def)             Requested size: 161.88957pt x 121.41718pt.

Overfull \hbox (8.24464pt too wide) in paragraph at lines 357--357
 [] 
 []


<../../results_q_learning/map_2/function_type_1/iterations_10/action_best_value
_log_surface.png, id=471, 770.88pt x 578.16pt>
File: ../../results_q_learning/map_2/function_type_1/iterations_10/action_best_
value_log_surface.png Graphic file (type png)

<use ../../results_q_learning/map_2/function_type_1/iterations_10/action_best_v
alue_log_surface.png>
Package pdftex.def Info: ../../results_q_learning/map_2/function_type_1/iterati
ons_10/action_best_value_log_surface.png used on input line 357.
(pdftex.def)             Requested size: 161.88957pt x 121.41718pt.

Overfull \hbox (8.24464pt too wide) in paragraph at lines 357--357
 [] 
 []


Overfull \hbox (54.01453pt too wide) has occurred while \output is active
 [][][][]  
 []

[16

 <../../results_q_learning/map_2/function_type_0/iterations_10/action_best_valu
e_log_surface.png> <../../results_q_learning/map_2/function_type_1/iterations_1
0/action_best_value_log_surface.png>]
<../../results_q_learning/map_2/function_type_3/iterations_10/action_best_value
_log_surface.png, id=501, 770.88pt x 578.16pt>
File: ../../results_q_learning/map_2/function_type_3/iterations_10/action_best_
value_log_surface.png Graphic file (type png)

<use ../../results_q_learning/map_2/function_type_3/iterations_10/action_best_v
alue_log_surface.png>
Package pdftex.def Info: ../../results_q_learning/map_2/function_type_3/iterati
ons_10/action_best_value_log_surface.png used on input line 383.
(pdftex.def)             Requested size: 161.88957pt x 121.41718pt.

Overfull \hbox (8.24464pt too wide) in paragraph at lines 383--383
 [] 
 []


<../../results_q_learning/map_2/function_type_6/iterations_10/action_best_value
_log_surface.png, id=502, 770.88pt x 578.16pt>
File: ../../results_q_learning/map_2/function_type_6/iterations_10/action_best_
value_log_surface.png Graphic file (type png)

<use ../../results_q_learning/map_2/function_type_6/iterations_10/action_best_v
alue_log_surface.png>
Package pdftex.def Info: ../../results_q_learning/map_2/function_type_6/iterati
ons_10/action_best_value_log_surface.png used on input line 383.
(pdftex.def)             Requested size: 161.88957pt x 121.41718pt.

Overfull \hbox (8.24464pt too wide) in paragraph at lines 383--383
 [] 
 []


Overfull \hbox (54.01453pt too wide) has occurred while \output is active
 [][][][]  
 []

[17

 <../../results_q_learning/map_2/function_type_3/iterations_10/action_best_valu
e_log_surface.png> <../../results_q_learning/map_2/function_type_6/iterations_1
0/action_best_value_log_surface.png>]
<../../results_q_learning/map_2/function_type_3/q_learning_error.png, id=531, 7
70.88pt x 578.16pt>
File: ../../results_q_learning/map_2/function_type_3/q_learning_error.png Graph
ic file (type png)

<use ../../results_q_learning/map_2/function_type_3/q_learning_error.png>
Package pdftex.def Info: ../../results_q_learning/map_2/function_type_3/q_learn
ing_error.png used on input line 420.
(pdftex.def)             Requested size: 154.17326pt x 115.62994pt.

Overfull \hbox (0.52834pt too wide) in paragraph at lines 420--420
 [] 
 []


<../../results_q_learning/map_2/function_type_6/q_learning_error.png, id=532, 7
70.88pt x 578.16pt>
File: ../../results_q_learning/map_2/function_type_6/q_learning_error.png Graph
ic file (type png)

<use ../../results_q_learning/map_2/function_type_6/q_learning_error.png>
Package pdftex.def Info: ../../results_q_learning/map_2/function_type_6/q_learn
ing_error.png used on input line 420.
(pdftex.def)             Requested size: 154.17326pt x 115.62994pt.

Overfull \hbox (0.52834pt too wide) in paragraph at lines 420--420
 [] 
 []


Overfull \hbox (54.01453pt too wide) has occurred while \output is active
 [][][][]  
 []

[18

 <../../results_q_learning/map_2/function_type_3/q_learning_error.png> <../../r
esults_q_learning/map_2/function_type_6/q_learning_error.png>]
<../../results_q_learning/map_2/function_type_3/iterations_10/agents_path_surfa
ce.png, id=561, 770.88pt x 578.16pt>
File: ../../results_q_learning/map_2/function_type_3/iterations_10/agents_path_
surface.png Graphic file (type png)

<use ../../results_q_learning/map_2/function_type_3/iterations_10/agents_path_s
urface.png>
Package pdftex.def Info: ../../results_q_learning/map_2/function_type_3/iterati
ons_10/agents_path_surface.png used on input line 445.
(pdftex.def)             Requested size: 154.17326pt x 115.62994pt.

Overfull \hbox (0.52834pt too wide) in paragraph at lines 445--445
 [] 
 []


<../../results_q_learning/map_2/function_type_6/iterations_10/agents_path_surfa
ce.png, id=562, 770.88pt x 578.16pt>
File: ../../results_q_learning/map_2/function_type_6/iterations_10/agents_path_
surface.png Graphic file (type png)

<use ../../results_q_learning/map_2/function_type_6/iterations_10/agents_path_s
urface.png>
Package pdftex.def Info: ../../results_q_learning/map_2/function_type_6/iterati
ons_10/agents_path_surface.png used on input line 445.
(pdftex.def)             Requested size: 154.17326pt x 115.62994pt.

Overfull \hbox (0.52834pt too wide) in paragraph at lines 445--445
 [] 
 []


Overfull \hbox (54.01453pt too wide) has occurred while \output is active
 [][][][]  
 []

[19

 <../../results_q_learning/map_2/function_type_3/iterations_10/agents_path_surf
ace.png> <../../results_q_learning/map_2/function_type_6/iterations_10/agents_p
ath_surface.png>]
<../../results_q_learning/map_2/function_type_0/iterations_10/q_learning_result
.png, id=592, 770.88pt x 578.16pt>
File: ../../results_q_learning/map_2/function_type_0/iterations_10/q_learning_r
esult.png Graphic file (type png)

<use ../../results_q_learning/map_2/function_type_0/iterations_10/q_learning_re
sult.png>
Package pdftex.def Info: ../../results_q_learning/map_2/function_type_0/iterati
ons_10/q_learning_result.png used on input line 471.
(pdftex.def)             Requested size: 154.17326pt x 115.62994pt.

Overfull \hbox (0.52834pt too wide) in paragraph at lines 471--471
 [] 
 []


<../../results_q_learning/map_2/function_type_3/iterations_10/q_learning_result
.png, id=593, 770.88pt x 578.16pt>
File: ../../results_q_learning/map_2/function_type_3/iterations_10/q_learning_r
esult.png Graphic file (type png)

<use ../../results_q_learning/map_2/function_type_3/iterations_10/q_learning_re
sult.png>
Package pdftex.def Info: ../../results_q_learning/map_2/function_type_3/iterati
ons_10/q_learning_result.png used on input line 471.
(pdftex.def)             Requested size: 154.17326pt x 115.62994pt.

Overfull \hbox (0.52834pt too wide) in paragraph at lines 471--471
 [] 
 []


Overfull \hbox (54.01453pt too wide) has occurred while \output is active
 [][][][]  
 []

[20

 <../../results_q_learning/map_2/function_type_0/iterations_10/q_learning_resul
t.png> <../../results_q_learning/map_2/function_type_3/iterations_10/q_learning
_result.png>]
File: ../../results_q_learning/map_2/function_type_0/iterations_10/q_learning_r
esult.png Graphic file (type png)

<use ../../results_q_learning/map_2/function_type_0/iterations_10/q_learning_re
sult.png>
Package pdftex.def Info: ../../results_q_learning/map_2/function_type_0/iterati
ons_10/q_learning_result.png used on input line 499.
(pdftex.def)             Requested size: 154.17326pt x 115.62994pt.

Overfull \hbox (0.52834pt too wide) in paragraph at lines 499--499
 [] 
 []


<../../results_q_learning/map_2/function_type_6/iterations_10/q_learning_result
.png, id=623, 770.88pt x 578.16pt>
File: ../../results_q_learning/map_2/function_type_6/iterations_10/q_learning_r
esult.png Graphic file (type png)

<use ../../results_q_learning/map_2/function_type_6/iterations_10/q_learning_re
sult.png>
Package pdftex.def Info: ../../results_q_learning/map_2/function_type_6/iterati
ons_10/q_learning_result.png used on input line 499.
(pdftex.def)             Requested size: 154.17326pt x 115.62994pt.

Overfull \hbox (0.52834pt too wide) in paragraph at lines 499--499
 [] 
 []


Overfull \hbox (54.01453pt too wide) has occurred while \output is active
 [][][][]  
 []

[21

 <../../results_q_learning/map_2/function_type_6/iterations_10/q_learning_resul
t.png>]
<../../results_q_learning/map_1/trials_average_results_progress.png, id=651, 77
0.88pt x 578.16pt>
File: ../../results_q_learning/map_1/trials_average_results_progress.png Graphi
c file (type png)

<use ../../results_q_learning/map_1/trials_average_results_progress.png>
Package pdftex.def Info: ../../results_q_learning/map_1/trials_average_results_
progress.png used on input line 511.
(pdftex.def)             Requested size: 277.51659pt x 208.13744pt.

Overfull \hbox (54.01453pt too wide) has occurred while \output is active
 [][][][]  
 []

[22

 <../../results_q_learning/map_1/trials_average_results_progress.png>]
<../../results_q_learning/map_0/trials_average_results.png, id=679, 770.88pt x 
578.16pt>
File: ../../results_q_learning/map_0/trials_average_results.png Graphic file (t
ype png)
 <use ../../results_q_learning/map_0/trials_average_results.png>
Package pdftex.def Info: ../../results_q_learning/map_0/trials_average_results.
png used on input line 523.
(pdftex.def)             Requested size: 277.51659pt x 208.13744pt.

Overfull \hbox (54.01453pt too wide) has occurred while \output is active
 [][][][]  
 []

[23

 <../../results_q_learning/map_0/trials_average_results.png>]
File: ../../results_q_learning/map_0/trials_average_results.png Graphic file (t
ype png)

<use ../../results_q_learning/map_0/trials_average_results.png>
Package pdftex.def Info: ../../results_q_learning/map_0/trials_average_results.
png used on input line 534.
(pdftex.def)             Requested size: 277.51659pt x 208.13744pt.

Overfull \hbox (54.01453pt too wide) has occurred while \output is active
 [][][][]  
 []

[24

]
<../../results_q_learning/map_2/trials_average_results.png, id=734, 770.88pt x 
578.16pt>
File: ../../results_q_learning/map_2/trials_average_results.png Graphic file (t
ype png)
 <use ../../results_q_learning/map_2/trials_average_results.png>
Package pdftex.def Info: ../../results_q_learning/map_2/trials_average_results.
png used on input line 544.
(pdftex.def)             Requested size: 277.51659pt x 208.13744pt.

Overfull \hbox (54.01453pt too wide) has occurred while \output is active
 [][][][]  
 []

[25

 <../../results_q_learning/map_2/trials_average_results.png>]
<../../results_q_learning/map_3/trials_average_results.png, id=763, 770.88pt x 
578.16pt>
File: ../../results_q_learning/map_3/trials_average_results.png Graphic file (t
ype png)
 <use ../../results_q_learning/map_3/trials_average_results.png>
Package pdftex.def Info: ../../results_q_learning/map_3/trials_average_results.
png used on input line 554.
(pdftex.def)             Requested size: 277.51659pt x 208.13744pt.

Overfull \hbox (54.01453pt too wide) has occurred while \output is active
 [][][][]  
 []

[26

 <../../results_q_learning/map_3/trials_average_results.png>]
<../pictures/robot_hardware_white.jpg, id=791, 4111.36pt x 2306.6175pt>
File: ../pictures/robot_hardware_white.jpg Graphic file (type jpg)

<use ../pictures/robot_hardware_white.jpg>
Package pdftex.def Info: ../pictures/robot_hardware_white.jpg used on input lin
e 570.
(pdftex.def)             Requested size: 370.00644pt x 207.58661pt.

Overfull \hbox (62.71657pt too wide) in paragraph at lines 570--570
 [] 
 []


Overfull \hbox (54.01453pt too wide) has occurred while \output is active
 [][][][]  
 []

[27

 <../pictures/robot_hardware_white.jpg>]
Package epstopdf Info: Source file: <../diagrams/motoko_robot_block.eps>
(epstopdf)                    date: 2016-04-01 13:44:01
(epstopdf)                    size: 93171 bytes
(epstopdf)             Output file: <../diagrams/motoko_robot_block-eps-convert
ed-to.pdf>
(epstopdf)                    date: 2016-04-01 13:45:35
(epstopdf)                    size: 39225 bytes
(epstopdf)             Command: <epstopdf --outfile=../diagrams/motoko_robot_bl
ock-eps-converted-to.pdf ../diagrams/motoko_robot_block.eps>
(epstopdf)             \includegraphics on input line 582.
Package epstopdf Info: Output file is already uptodate.

<../diagrams/motoko_robot_block-eps-converted-to.pdf, id=818, 1156.32pt x 538.0
1pt>
File: ../diagrams/motoko_robot_block-eps-converted-to.pdf Graphic file (type pd
f)
 <use ../diagrams/motoko_robot_block-eps-converted-to.pdf>
Package pdftex.def Info: ../diagrams/motoko_robot_block-eps-converted-to.pdf us
ed on input line 582.
(pdftex.def)             Requested size: 231.2599pt x 107.60008pt.

Overfull \hbox (54.01453pt too wide) has occurred while \output is active
 [][][][]  
 []

[28

 <../diagrams/motoko_robot_block-eps-converted-to.pdf>]
<../pictures/sdm.pdf, id=849, 845.1575pt x 339.2675pt>
File: ../pictures/sdm.pdf Graphic file (type pdf)

<use ../pictures/sdm.pdf>
Package pdftex.def Info: ../pictures/sdm.pdf used on input line 597.
(pdftex.def)             Requested size: 338.057pt x 135.70459pt.
pdfTeX warning (ext4): destination with the same identifier (name{img:motoko_ro
bot_block}) has been already used, duplicate ignored
<to be read again> 
                   \relax 
l.597 \end{frame}
                 
Overfull \hbox (30.76714pt too wide) in paragraph at lines 597--597
 [][][][] 
 []


Overfull \vbox (8.27025pt too high) detected at line 597
 []


Overfull \hbox (54.01453pt too wide) has occurred while \output is active
 [][][][]  
 []

[29

 <../pictures/sdm.pdf>]
<../pictures/sdm_hard_locations_all_original.png, id=883, 770.88pt x 578.16pt>
File: ../pictures/sdm_hard_locations_all_original.png Graphic file (type png)

<use ../pictures/sdm_hard_locations_all_original.png>
Package pdftex.def Info: ../pictures/sdm_hard_locations_all_original.png used o
n input line 623.
(pdftex.def)             Requested size: 192.71953pt x 144.53964pt.

Overfull \hbox (39.0746pt too wide) in paragraph at lines 623--623
 [][][][] 
 []

<../pictures/sdm_hard_locations_all_new.png, id=884, 770.88pt x 578.16pt>
File: ../pictures/sdm_hard_locations_all_new.png Graphic file (type png)

<use ../pictures/sdm_hard_locations_all_new.png>
Package pdftex.def Info: ../pictures/sdm_hard_locations_all_new.png used on inp
ut line 623.
(pdftex.def)             Requested size: 192.71953pt x 144.53964pt.

Overfull \hbox (39.0746pt too wide) in paragraph at lines 623--623
 [][][][] 
 []


Overfull \hbox (54.01453pt too wide) has occurred while \output is active
 [][][][]  
 []

[30

 <../pictures/sdm_hard_locations_all_original.png> <../pictures/sdm_hard_locati
ons_all_new.png>]
<../pictures/aproximation_result_all.png, id=915, 770.88pt x 578.16pt>
File: ../pictures/aproximation_result_all.png Graphic file (type png)

<use ../pictures/aproximation_result_all.png>
Package pdftex.def Info: ../pictures/aproximation_result_all.png used on input 
line 638.
(pdftex.def)             Requested size: 269.81204pt x 202.35902pt.
pdfTeX warning (ext4): destination with the same identifier (name{img:oroginal_
sdm}) has been already used, duplicate ignored
<to be read again> 
                   \relax 
l.638 \end{frame}
                 
Overfull \vbox (10.2533pt too high) detected at line 638
 []


Overfull \hbox (54.01453pt too wide) has occurred while \output is active
 [][][][]  
 []

[31

 <../pictures/aproximation_result_all.png>]
<../pictures/me_ferrata.jpg, id=944, 1188.44pt x 668.4975pt>
File: ../pictures/me_ferrata.jpg Graphic file (type jpg)

<use ../pictures/me_ferrata.jpg>
Package pdftex.def Info: ../pictures/me_ferrata.jpg used on input line 654.
(pdftex.def)             Requested size: 297.10927pt x 167.12396pt.

Overfull \hbox (54.01453pt too wide) has occurred while \output is active
 [][][][]  
 []

[32

 <../pictures/me_ferrata.jpg>]
\tf@nav=\write6
\openout6 = `presentation.nav'.

\tf@toc=\write7
\openout7 = `presentation.toc'.

\tf@snm=\write8
\openout8 = `presentation.snm'.

Package atveryend Info: Empty hook `BeforeClearDocument' on input line 656.
Package atveryend Info: Empty hook `AfterLastShipout' on input line 656.
 (./presentation.aux)
Package atveryend Info: Executing hook `AtVeryEndDocument' on input line 656.
Package atveryend Info: Executing hook `AtEndAfterFileList' on input line 656.
Package rerunfilecheck Info: File `presentation.out' has not changed.
(rerunfilecheck)             Checksum: D41D8CD98F00B204E9800998ECF8427E;0.


LaTeX Font Warning: Size substitutions with differences
(Font)              up to 1.0pt have occurred.


LaTeX Font Warning: Some font shapes were not available, defaults substituted.


LaTeX Warning: There were multiply-defined labels.

Package atveryend Info: Empty hook `AtVeryVeryEnd' on input line 656.
 ) 
Here is how much of TeX's memory you used:
 20743 strings out of 493029
 386472 string characters out of 6136235
 477757 words of memory out of 5000000
 23689 multiletter control sequences out of 15000+600000
 24314 words of font info for 69 fonts, out of 8000000 for 9000
 1141 hyphenation exceptions out of 8191
 56i,15n,55p,416b,588s stack positions out of 5000i,500n,10000p,200000b,80000s
{/usr/share/texmf/fonts/enc/dvips/cm-super/cm-super-t1.enc}</usr/share/texliv
e/texmf-dist/fonts/type1/public/amsfonts/cm/cmex10.pfb></usr/share/texlive/texm
f-dist/fonts/type1/public/amsfonts/cmextra/cmex8.pfb></usr/share/texlive/texmf-
dist/fonts/type1/public/amsfonts/cm/cmmi10.pfb></usr/share/texlive/texmf-dist/f
onts/type1/public/amsfonts/cm/cmmi12.pfb></usr/share/texlive/texmf-dist/fonts/t
ype1/public/amsfonts/cm/cmmi8.pfb></usr/share/texlive/texmf-dist/fonts/type1/pu
blic/amsfonts/cm/cmss10.pfb></usr/share/texlive/texmf-dist/fonts/type1/public/a
msfonts/cm/cmss12.pfb></usr/share/texlive/texmf-dist/fonts/type1/public/amsfont
s/cm/cmss8.pfb></usr/share/texlive/texmf-dist/fonts/type1/public/amsfonts/cm/cm
ssi10.pfb></usr/share/texlive/texmf-dist/fonts/type1/public/amsfonts/cm/cmssi12
.pfb></usr/share/texlive/texmf-dist/fonts/type1/public/amsfonts/cm/cmssi8.pfb><
/usr/share/texlive/texmf-dist/fonts/type1/public/amsfonts/cm/cmsy10.pfb></usr/s
hare/texlive/texmf-dist/fonts/type1/public/amsfonts/cm/cmsy8.pfb></usr/share/te
xlive/texmf-dist/fonts/type1/public/amsfonts/cm/cmsy9.pfb></usr/share/texlive/t
exmf-dist/fonts/type1/public/amsfonts/symbols/msbm10.pfb></usr/share/texmf/font
s/type1/public/cm-super/sfsi1095.pfb></usr/share/texmf/fonts/type1/public/cm-su
per/sfss0600.pfb></usr/share/texmf/fonts/type1/public/cm-super/sfss0700.pfb></u
sr/share/texmf/fonts/type1/public/cm-super/sfss0800.pfb></usr/share/texmf/fonts
/type1/public/cm-super/sfss1000.pfb></usr/share/texmf/fonts/type1/public/cm-sup
er/sfss1095.pfb></usr/share/texmf/fonts/type1/public/cm-super/sfsx0600.pfb></us
r/share/texmf/fonts/type1/public/cm-super/sfsx1440.pfb></usr/share/texlive/texm
f-dist/fonts/type1/urw/times/utmr8a.pfb>
Output written on presentation.pdf (32 pages, 2023732 bytes).
PDF statistics:
 1061 PDF objects out of 1200 (max. 8388607)
 929 compressed objects within 10 object streams
 71 named destinations out of 1000 (max. 500000)
 220 words of extra memory for PDF output out of 10000 (max. 10000000)

