This is pdfTeX, Version 3.1415926-2.5-1.40.14 (TeX Live 2013/Debian) (format=latex 2016.3.1)  20 APR 2016 10:35
entering extended mode
 restricted \write18 enabled.
 %&-line parsing enabled.
**-shell-escape \AtBeginDocument{\RequirePackage{pslatex}} \def\PSLATEXTMP{\fut
urelet\PSLATEXTMP\PSLATEXTMPB} \def\PSLATEXTMPB{\ifx\PSLATEXTMP\nonstopmode\els
e\input\fi} \PSLATEXTMP thesis.tex

! Emergency stop.
<*> -shell-escape 
                  \AtBeginDocument{\RequirePackage{pslatex}} \def\PSLATEXTMP...
End of file on the terminal!

 
Here is how much of TeX's memory you used:
 4 strings out of 493305
 117 string characters out of 6139898
 51877 words of memory out of 5000000
 3564 multiletter control sequences out of 15000+600000
 3640 words of font info for 14 fonts, out of 8000000 for 9000
 957 hyphenation exceptions out of 8191
 0i,0n,0p,196b,6s stack positions out of 5000i,500n,10000p,200000b,80000s
No pages of output.
