This is pdfTeX, Version 3.1415926-2.5-1.40.14 (TeX Live 2013/Debian) (format=pdflatex 2016.3.1)  24 APR 2016 13:47
entering extended mode
 \write18 enabled.
 %&-line parsing enabled.
**book.tex
(./book.tex
LaTeX2e <2011/06/27>
Babel <3.9h> and hyphenation patterns for 78 languages loaded.
(/usr/share/texlive/texmf-dist/tex/latex/base/article.cls
Document Class: article 2007/10/19 v1.4h Standard LaTeX document class
(/usr/share/texlive/texmf-dist/tex/latex/base/size10.clo
File: size10.clo 2007/10/19 v1.4h Standard LaTeX file (size option)
)
\c@part=\count79
\c@section=\count80
\c@subsection=\count81
\c@subsubsection=\count82
\c@paragraph=\count83
\c@subparagraph=\count84
\c@figure=\count85
\c@table=\count86
\abovecaptionskip=\skip41
\belowcaptionskip=\skip42
\bibindent=\dimen102
)
(/usr/share/texlive/texmf-dist/tex/latex/pdfpages/pdfpages.sty
Package: pdfpages 2013/08/25 v0.4v Insert pages of external PDF documents (AM)

(/usr/share/texlive/texmf-dist/tex/latex/base/ifthen.sty
Package: ifthen 2001/05/26 v1.1c Standard LaTeX ifthen package (DPC)
)
(/usr/share/texlive/texmf-dist/tex/latex/tools/calc.sty
Package: calc 2007/08/22 v4.3 Infix arithmetic (KKT,FJ)
\calc@Acount=\count87
\calc@Bcount=\count88
\calc@Adimen=\dimen103
\calc@Bdimen=\dimen104
\calc@Askip=\skip43
\calc@Bskip=\skip44
LaTeX Info: Redefining \setlength on input line 76.
LaTeX Info: Redefining \addtolength on input line 77.
\calc@Ccount=\count89
\calc@Cskip=\skip45
)
(/usr/share/texlive/texmf-dist/tex/latex/eso-pic/eso-pic.sty
Package: eso-pic 2013/10/06 v2.0d eso-pic (RN)

(/usr/share/texlive/texmf-dist/tex/generic/oberdiek/atbegshi.sty
Package: atbegshi 2011/10/05 v1.16 At begin shipout hook (HO)

(/usr/share/texlive/texmf-dist/tex/generic/oberdiek/infwarerr.sty
Package: infwarerr 2010/04/08 v1.3 Providing info/warning/error messages (HO)
)
(/usr/share/texlive/texmf-dist/tex/generic/oberdiek/ltxcmds.sty
Package: ltxcmds 2011/11/09 v1.22 LaTeX kernel commands for general use (HO)
)
(/usr/share/texlive/texmf-dist/tex/generic/oberdiek/ifpdf.sty
Package: ifpdf 2011/01/30 v2.3 Provides the ifpdf switch (HO)
Package ifpdf Info: pdfTeX in PDF mode is detected.
))
(/usr/share/texlive/texmf-dist/tex/latex/graphics/keyval.sty
Package: keyval 1999/03/16 v1.13 key=value parser (DPC)
\KV@toks@=\toks14
)
(/usr/share/texmf/tex/latex/xcolor/xcolor.sty
Package: xcolor 2007/01/21 v2.11 LaTeX color extensions (UK)

(/usr/share/texlive/texmf-dist/tex/latex/latexconfig/color.cfg
File: color.cfg 2007/01/18 v1.5 color configuration of teTeX/TeXLive
)
Package xcolor Info: Driver file: pdftex.def on input line 225.

(/usr/share/texlive/texmf-dist/tex/latex/pdftex-def/pdftex.def
File: pdftex.def 2011/05/27 v0.06d Graphics/color for pdfTeX
\Gread@gobject=\count90
)
Package xcolor Info: Model `cmy' substituted by `cmy0' on input line 1337.
Package xcolor Info: Model `hsb' substituted by `rgb' on input line 1341.
Package xcolor Info: Model `RGB' extended on input line 1353.
Package xcolor Info: Model `HTML' substituted by `rgb' on input line 1355.
Package xcolor Info: Model `Hsb' substituted by `hsb' on input line 1356.
Package xcolor Info: Model `tHsb' substituted by `hsb' on input line 1357.
Package xcolor Info: Model `HSB' substituted by `hsb' on input line 1358.
Package xcolor Info: Model `Gray' substituted by `gray' on input line 1359.
Package xcolor Info: Model `wave' substituted by `hsb' on input line 1360.
))
(/usr/share/texlive/texmf-dist/tex/latex/graphics/graphicx.sty
Package: graphicx 1999/02/16 v1.0f Enhanced LaTeX Graphics (DPC,SPQR)

(/usr/share/texlive/texmf-dist/tex/latex/graphics/graphics.sty
Package: graphics 2009/02/05 v1.0o Standard LaTeX Graphics (DPC,SPQR)

(/usr/share/texlive/texmf-dist/tex/latex/graphics/trig.sty
Package: trig 1999/03/16 v1.09 sin cos tan (DPC)
)
(/usr/share/texlive/texmf-dist/tex/latex/latexconfig/graphics.cfg
File: graphics.cfg 2010/04/23 v1.9 graphics configuration of TeX Live
)
Package graphics Info: Driver file: pdftex.def on input line 91.
)
\Gin@req@height=\dimen105
\Gin@req@width=\dimen106
)
(/usr/share/texlive/texmf-dist/tex/latex/pdfpages/pppdftex.def
File: pppdftex.def 2013/08/25 v0.4v Pdfpages driver for pdfTeX (AM)
)
\AM@pagebox=\box26
\AM@toc@title=\toks15
\c@AM@survey=\count91
\AM@templatesizebox=\box27
)
(/usr/share/texlive/texmf-dist/tex/generic/ifxetex/ifxetex.sty
Package: ifxetex 2010/09/12 v0.6 Provides ifxetex conditional
)
(/usr/share/texlive/texmf-dist/tex/latex/ms/everyshi.sty
Package: everyshi 2001/05/15 v3.00 EveryShipout Package (MS)
) (./book.aux)
\openout1 = `book.aux'.

LaTeX Font Info:    Checking defaults for OML/cmm/m/it on input line 23.
LaTeX Font Info:    ... okay on input line 23.
LaTeX Font Info:    Checking defaults for T1/cmr/m/n on input line 23.
LaTeX Font Info:    ... okay on input line 23.
LaTeX Font Info:    Checking defaults for OT1/cmr/m/n on input line 23.
LaTeX Font Info:    ... okay on input line 23.
LaTeX Font Info:    Checking defaults for OMS/cmsy/m/n on input line 23.
LaTeX Font Info:    ... okay on input line 23.
LaTeX Font Info:    Checking defaults for OMX/cmex/m/n on input line 23.
LaTeX Font Info:    ... okay on input line 23.
LaTeX Font Info:    Checking defaults for U/cmr/m/n on input line 23.
LaTeX Font Info:    ... okay on input line 23.
\AtBeginShipoutBox=\box28

(/usr/share/texlive/texmf-dist/tex/context/base/supp-pdf.mkii
[Loading MPS to PDF converter (version 2006.09.02).]
\scratchcounter=\count92
\scratchdimen=\dimen107
\scratchbox=\box29
\nofMPsegments=\count93
\nofMParguments=\count94
\everyMPshowfont=\toks16
\MPscratchCnt=\count95
\MPscratchDim=\dimen108
\MPnumerator=\count96
\makeMPintoPDFobject=\count97
\everyMPtoPDFconversion=\toks17
) (/usr/share/texlive/texmf-dist/tex/generic/oberdiek/pdftexcmds.sty
Package: pdftexcmds 2011/11/29 v0.20 Utility functions of pdfTeX for LuaTeX (HO
)

(/usr/share/texlive/texmf-dist/tex/generic/oberdiek/ifluatex.sty
Package: ifluatex 2010/03/01 v1.3 Provides the ifluatex switch (HO)
Package ifluatex Info: LuaTeX not detected.
)
Package pdftexcmds Info: LuaTeX not detected.
Package pdftexcmds Info: \pdf@primitive is available.
Package pdftexcmds Info: \pdf@ifprimitive is available.
Package pdftexcmds Info: \pdfdraftmode found.
)
(/usr/share/texlive/texmf-dist/tex/latex/oberdiek/epstopdf-base.sty
Package: epstopdf-base 2010/02/09 v2.5 Base part for package epstopdf

(/usr/share/texlive/texmf-dist/tex/latex/oberdiek/grfext.sty
Package: grfext 2010/08/19 v1.1 Manage graphics extensions (HO)

(/usr/share/texlive/texmf-dist/tex/generic/oberdiek/kvdefinekeys.sty
Package: kvdefinekeys 2011/04/07 v1.3 Define keys (HO)
))
(/usr/share/texlive/texmf-dist/tex/latex/oberdiek/kvoptions.sty
Package: kvoptions 2011/06/30 v3.11 Key value format for package options (HO)

(/usr/share/texlive/texmf-dist/tex/generic/oberdiek/kvsetkeys.sty
Package: kvsetkeys 2012/04/25 v1.16 Key value parser (HO)

(/usr/share/texlive/texmf-dist/tex/generic/oberdiek/etexcmds.sty
Package: etexcmds 2011/02/16 v1.5 Avoid name clashes with e-TeX commands (HO)
Package etexcmds Info: Could not find \expanded.
(etexcmds)             That can mean that you are not using pdfTeX 1.50 or
(etexcmds)             that some package has redefined \expanded.
(etexcmds)             In the latter case, load this package earlier.
)))
Package grfext Info: Graphics extension search list:
(grfext)             [.png,.pdf,.jpg,.mps,.jpeg,.jbig2,.jb2,.PNG,.PDF,.JPG,.JPE
G,.JBIG2,.JB2,.eps]
(grfext)             \AppendGraphicsExtensions on input line 452.

(/usr/share/texlive/texmf-dist/tex/latex/latexconfig/epstopdf-sys.cfg
File: epstopdf-sys.cfg 2010/07/13 v1.3 Configuration of (r)epstopdf for TeX Liv
e
))
ABD: EveryShipout initializing macros
<thesis.pdf, id=1, 597.50829pt x 845.0471pt>
File: thesis.pdf Graphic file (type pdf)
 <use thesis.pdf>
Package pdftex.def Info: thesis.pdf used on input line 24.
(pdftex.def)             Requested size: 597.50682pt x 845.04504pt.
File: thesis.pdf Graphic file (type pdf)
 <use thesis.pdf>
Package pdftex.def Info: thesis.pdf used on input line 24.
(pdftex.def)             Requested size: 597.50682pt x 845.04504pt.

<thesis.pdf, id=4, page=1, 597.50829pt x 845.0471pt>
File: thesis.pdf Graphic file (type pdf)
 <use thesis.pdf, page 1>
Package pdftex.def Info: thesis.pdf, page1 used on input line 24.
(pdftex.def)             Requested size: 597.50682pt x 845.04504pt.
File: thesis.pdf Graphic file (type pdf)

<use thesis.pdf, page 1>
Package pdftex.def Info: thesis.pdf, page1 used on input line 24.
(pdftex.def)             Requested size: 422.50157pt x 597.53772pt.
File: thesis.pdf Graphic file (type pdf)
 <use thesis.pdf, page 1>
Package pdftex.def Info: thesis.pdf, page1 used on input line 24.
(pdftex.def)             Requested size: 422.50157pt x 597.53772pt.
File: thesis.pdf Graphic file (type pdf)
 <use thesis.pdf, page 1>
Package pdftex.def Info: thesis.pdf, page1 used on input line 24.
(pdftex.def)             Requested size: 422.50157pt x 597.53772pt.
File: thesis.pdf Graphic file (type pdf)

<use thesis.pdf, page 1>
Package pdftex.def Info: thesis.pdf, page1 used on input line 24.
(pdftex.def)             Requested size: 422.50157pt x 597.53772pt.
File: thesis.pdf Graphic file (type pdf)
 <use thesis.pdf, page 1>
Package pdftex.def Info: thesis.pdf, page1 used on input line 24.
(pdftex.def)             Requested size: 422.50157pt x 597.53772pt.
File: thesis.pdf Graphic file (type pdf)
 <use thesis.pdf, page 1>
Package pdftex.def Info: thesis.pdf, page1 used on input line 24.
(pdftex.def)             Requested size: 422.50157pt x 597.53772pt.

[1

 <./thesis.pdf{/var/lib/texmf/fonts/map/pdftex/updmap/pdftex.map}>]
<thesis.pdf, id=21, page=31, 597.50829pt x 845.0471pt>
File: thesis.pdf Graphic file (type pdf)

<use thesis.pdf, page 31>
Package pdftex.def Info: thesis.pdf, page31 used on input line 24.
(pdftex.def)             Requested size: 422.50157pt x 597.53772pt.
File: thesis.pdf Graphic file (type pdf)
 <use thesis.pdf, page 31>
Package pdftex.def Info: thesis.pdf, page31 used on input line 24.
(pdftex.def)             Requested size: 422.50157pt x 597.53772pt.

<thesis.pdf, id=22, page=2, 597.50829pt x 845.0471pt>
File: thesis.pdf Graphic file (type pdf)
 <use thesis.pdf, page 2>
Package pdftex.def Info: thesis.pdf, page2 used on input line 24.
(pdftex.def)             Requested size: 422.50157pt x 597.53772pt.
File: thesis.pdf Graphic file (type pdf)

<use thesis.pdf, page 2>
Package pdftex.def Info: thesis.pdf, page2 used on input line 24.
(pdftex.def)             Requested size: 422.50157pt x 597.53772pt.
File: thesis.pdf Graphic file (type pdf)
 <use thesis.pdf, page 31>
Package pdftex.def Info: thesis.pdf, page31 used on input line 24.
(pdftex.def)             Requested size: 422.50157pt x 597.53772pt.
File: thesis.pdf Graphic file (type pdf)
 <use thesis.pdf, page 2>
Package pdftex.def Info: thesis.pdf, page2 used on input line 24.
(pdftex.def)             Requested size: 422.50157pt x 597.53772pt.

[2 <./thesis.pdf> <./thesis.pdf>]
<thesis.pdf, id=31, page=30, 597.50829pt x 845.0471pt>
File: thesis.pdf Graphic file (type pdf)

<use thesis.pdf, page 30>
Package pdftex.def Info: thesis.pdf, page30 used on input line 24.
(pdftex.def)             Requested size: 422.50157pt x 597.53772pt.
File: thesis.pdf Graphic file (type pdf)
 <use thesis.pdf, page 30>
Package pdftex.def Info: thesis.pdf, page30 used on input line 24.
(pdftex.def)             Requested size: 422.50157pt x 597.53772pt.

<thesis.pdf, id=32, page=3, 597.50829pt x 845.0471pt>
File: thesis.pdf Graphic file (type pdf)
 <use thesis.pdf, page 3>
Package pdftex.def Info: thesis.pdf, page3 used on input line 24.
(pdftex.def)             Requested size: 422.50157pt x 597.53772pt.
File: thesis.pdf Graphic file (type pdf)

<use thesis.pdf, page 3>
Package pdftex.def Info: thesis.pdf, page3 used on input line 24.
(pdftex.def)             Requested size: 422.50157pt x 597.53772pt.
File: thesis.pdf Graphic file (type pdf)
 <use thesis.pdf, page 30>
Package pdftex.def Info: thesis.pdf, page30 used on input line 24.
(pdftex.def)             Requested size: 422.50157pt x 597.53772pt.
File: thesis.pdf Graphic file (type pdf)
 <use thesis.pdf, page 3>
Package pdftex.def Info: thesis.pdf, page3 used on input line 24.
(pdftex.def)             Requested size: 422.50157pt x 597.53772pt.

[3 <./thesis.pdf> <./thesis.pdf>]
<thesis.pdf, id=36, page=29, 597.50829pt x 845.0471pt>
File: thesis.pdf Graphic file (type pdf)

<use thesis.pdf, page 29>
Package pdftex.def Info: thesis.pdf, page29 used on input line 24.
(pdftex.def)             Requested size: 422.50157pt x 597.53772pt.
File: thesis.pdf Graphic file (type pdf)
 <use thesis.pdf, page 29>
Package pdftex.def Info: thesis.pdf, page29 used on input line 24.
(pdftex.def)             Requested size: 422.50157pt x 597.53772pt.

<thesis.pdf, id=37, page=4, 597.50829pt x 845.0471pt>
File: thesis.pdf Graphic file (type pdf)
 <use thesis.pdf, page 4>
Package pdftex.def Info: thesis.pdf, page4 used on input line 24.
(pdftex.def)             Requested size: 422.50157pt x 597.53772pt.
File: thesis.pdf Graphic file (type pdf)

<use thesis.pdf, page 4>
Package pdftex.def Info: thesis.pdf, page4 used on input line 24.
(pdftex.def)             Requested size: 422.50157pt x 597.53772pt.
File: thesis.pdf Graphic file (type pdf)
 <use thesis.pdf, page 29>
Package pdftex.def Info: thesis.pdf, page29 used on input line 24.
(pdftex.def)             Requested size: 422.50157pt x 597.53772pt.
File: thesis.pdf Graphic file (type pdf)
 <use thesis.pdf, page 4>
Package pdftex.def Info: thesis.pdf, page4 used on input line 24.
(pdftex.def)             Requested size: 422.50157pt x 597.53772pt.

[4 <./thesis.pdf> <./thesis.pdf>]
<thesis.pdf, id=51, page=28, 597.50829pt x 845.0471pt>
File: thesis.pdf Graphic file (type pdf)

<use thesis.pdf, page 28>
Package pdftex.def Info: thesis.pdf, page28 used on input line 24.
(pdftex.def)             Requested size: 422.50157pt x 597.53772pt.
File: thesis.pdf Graphic file (type pdf)
 <use thesis.pdf, page 28>
Package pdftex.def Info: thesis.pdf, page28 used on input line 24.
(pdftex.def)             Requested size: 422.50157pt x 597.53772pt.

<thesis.pdf, id=52, page=5, 597.50829pt x 845.0471pt>
File: thesis.pdf Graphic file (type pdf)
 <use thesis.pdf, page 5>
Package pdftex.def Info: thesis.pdf, page5 used on input line 24.
(pdftex.def)             Requested size: 422.50157pt x 597.53772pt.
File: thesis.pdf Graphic file (type pdf)

<use thesis.pdf, page 5>
Package pdftex.def Info: thesis.pdf, page5 used on input line 24.
(pdftex.def)             Requested size: 422.50157pt x 597.53772pt.
File: thesis.pdf Graphic file (type pdf)
 <use thesis.pdf, page 28>
Package pdftex.def Info: thesis.pdf, page28 used on input line 24.
(pdftex.def)             Requested size: 422.50157pt x 597.53772pt.
File: thesis.pdf Graphic file (type pdf)
 <use thesis.pdf, page 5>
Package pdftex.def Info: thesis.pdf, page5 used on input line 24.
(pdftex.def)             Requested size: 422.50157pt x 597.53772pt.

[5 <./thesis.pdf> <./thesis.pdf>]
<thesis.pdf, id=77, page=27, 597.50829pt x 845.0471pt>
File: thesis.pdf Graphic file (type pdf)

<use thesis.pdf, page 27>
Package pdftex.def Info: thesis.pdf, page27 used on input line 24.
(pdftex.def)             Requested size: 422.50157pt x 597.53772pt.
File: thesis.pdf Graphic file (type pdf)
 <use thesis.pdf, page 27>
Package pdftex.def Info: thesis.pdf, page27 used on input line 24.
(pdftex.def)             Requested size: 422.50157pt x 597.53772pt.

<thesis.pdf, id=78, page=6, 597.50829pt x 845.0471pt>
File: thesis.pdf Graphic file (type pdf)
 <use thesis.pdf, page 6>
Package pdftex.def Info: thesis.pdf, page6 used on input line 24.
(pdftex.def)             Requested size: 422.50157pt x 597.53772pt.
File: thesis.pdf Graphic file (type pdf)

<use thesis.pdf, page 6>
Package pdftex.def Info: thesis.pdf, page6 used on input line 24.
(pdftex.def)             Requested size: 422.50157pt x 597.53772pt.
File: thesis.pdf Graphic file (type pdf)
 <use thesis.pdf, page 27>
Package pdftex.def Info: thesis.pdf, page27 used on input line 24.
(pdftex.def)             Requested size: 422.50157pt x 597.53772pt.
File: thesis.pdf Graphic file (type pdf)
 <use thesis.pdf, page 6>
Package pdftex.def Info: thesis.pdf, page6 used on input line 24.
(pdftex.def)             Requested size: 422.50157pt x 597.53772pt.

[6 <./thesis.pdf> <./thesis.pdf>]
<thesis.pdf, id=86, page=26, 597.50829pt x 845.0471pt>
File: thesis.pdf Graphic file (type pdf)

<use thesis.pdf, page 26>
Package pdftex.def Info: thesis.pdf, page26 used on input line 24.
(pdftex.def)             Requested size: 422.50157pt x 597.53772pt.
File: thesis.pdf Graphic file (type pdf)
 <use thesis.pdf, page 26>
Package pdftex.def Info: thesis.pdf, page26 used on input line 24.
(pdftex.def)             Requested size: 422.50157pt x 597.53772pt.

<thesis.pdf, id=87, page=7, 597.50829pt x 845.0471pt>
File: thesis.pdf Graphic file (type pdf)
 <use thesis.pdf, page 7>
Package pdftex.def Info: thesis.pdf, page7 used on input line 24.
(pdftex.def)             Requested size: 422.50157pt x 597.53772pt.
File: thesis.pdf Graphic file (type pdf)

<use thesis.pdf, page 7>
Package pdftex.def Info: thesis.pdf, page7 used on input line 24.
(pdftex.def)             Requested size: 422.50157pt x 597.53772pt.
File: thesis.pdf Graphic file (type pdf)
 <use thesis.pdf, page 26>
Package pdftex.def Info: thesis.pdf, page26 used on input line 24.
(pdftex.def)             Requested size: 422.50157pt x 597.53772pt.
File: thesis.pdf Graphic file (type pdf)
 <use thesis.pdf, page 7>
Package pdftex.def Info: thesis.pdf, page7 used on input line 24.
(pdftex.def)             Requested size: 422.50157pt x 597.53772pt.

[7 <./thesis.pdf> <./thesis.pdf>]
<thesis.pdf, id=104, page=25, 597.50829pt x 845.0471pt>
File: thesis.pdf Graphic file (type pdf)

<use thesis.pdf, page 25>
Package pdftex.def Info: thesis.pdf, page25 used on input line 24.
(pdftex.def)             Requested size: 422.50157pt x 597.53772pt.
File: thesis.pdf Graphic file (type pdf)
 <use thesis.pdf, page 25>
Package pdftex.def Info: thesis.pdf, page25 used on input line 24.
(pdftex.def)             Requested size: 422.50157pt x 597.53772pt.

<thesis.pdf, id=105, page=8, 597.50829pt x 845.0471pt>
File: thesis.pdf Graphic file (type pdf)

<use thesis.pdf, page 8>
Package pdftex.def Info: thesis.pdf, page8 used on input line 24.
(pdftex.def)             Requested size: 422.50157pt x 597.53772pt.
File: thesis.pdf Graphic file (type pdf)
 <use thesis.pdf, page 8>
Package pdftex.def Info: thesis.pdf, page8 used on input line 24.
(pdftex.def)             Requested size: 422.50157pt x 597.53772pt.
File: thesis.pdf Graphic file (type pdf)
 <use thesis.pdf, page 25>
Package pdftex.def Info: thesis.pdf, page25 used on input line 24.
(pdftex.def)             Requested size: 422.50157pt x 597.53772pt.
File: thesis.pdf Graphic file (type pdf)

<use thesis.pdf, page 8>
Package pdftex.def Info: thesis.pdf, page8 used on input line 24.
(pdftex.def)             Requested size: 422.50157pt x 597.53772pt.
 [8 <./thesis.pdf> <./thesis.pdf>]
<thesis.pdf, id=113, page=24, 597.50829pt x 845.0471pt>
File: thesis.pdf Graphic file (type pdf)

<use thesis.pdf, page 24>
Package pdftex.def Info: thesis.pdf, page24 used on input line 24.
(pdftex.def)             Requested size: 422.50157pt x 597.53772pt.
File: thesis.pdf Graphic file (type pdf)
 <use thesis.pdf, page 24>
Package pdftex.def Info: thesis.pdf, page24 used on input line 24.
(pdftex.def)             Requested size: 422.50157pt x 597.53772pt.

<thesis.pdf, id=114, page=9, 597.50829pt x 845.0471pt>
File: thesis.pdf Graphic file (type pdf)

<use thesis.pdf, page 9>
Package pdftex.def Info: thesis.pdf, page9 used on input line 24.
(pdftex.def)             Requested size: 422.50157pt x 597.53772pt.
File: thesis.pdf Graphic file (type pdf)
 <use thesis.pdf, page 9>
Package pdftex.def Info: thesis.pdf, page9 used on input line 24.
(pdftex.def)             Requested size: 422.50157pt x 597.53772pt.
File: thesis.pdf Graphic file (type pdf)
 <use thesis.pdf, page 24>
Package pdftex.def Info: thesis.pdf, page24 used on input line 24.
(pdftex.def)             Requested size: 422.50157pt x 597.53772pt.
File: thesis.pdf Graphic file (type pdf)

<use thesis.pdf, page 9>
Package pdftex.def Info: thesis.pdf, page9 used on input line 24.
(pdftex.def)             Requested size: 422.50157pt x 597.53772pt.
 [9 <./thesis.pdf> <./thesis.pdf>]
<thesis.pdf, id=127, page=23, 597.50829pt x 845.0471pt>
File: thesis.pdf Graphic file (type pdf)

<use thesis.pdf, page 23>
Package pdftex.def Info: thesis.pdf, page23 used on input line 24.
(pdftex.def)             Requested size: 422.50157pt x 597.53772pt.
File: thesis.pdf Graphic file (type pdf)
 <use thesis.pdf, page 23>
Package pdftex.def Info: thesis.pdf, page23 used on input line 24.
(pdftex.def)             Requested size: 422.50157pt x 597.53772pt.

<thesis.pdf, id=128, page=10, 597.50829pt x 845.0471pt>
File: thesis.pdf Graphic file (type pdf)

<use thesis.pdf, page 10>
Package pdftex.def Info: thesis.pdf, page10 used on input line 24.
(pdftex.def)             Requested size: 422.50157pt x 597.53772pt.
File: thesis.pdf Graphic file (type pdf)
 <use thesis.pdf, page 10>
Package pdftex.def Info: thesis.pdf, page10 used on input line 24.
(pdftex.def)             Requested size: 422.50157pt x 597.53772pt.
File: thesis.pdf Graphic file (type pdf)
 <use thesis.pdf, page 23>
Package pdftex.def Info: thesis.pdf, page23 used on input line 24.
(pdftex.def)             Requested size: 422.50157pt x 597.53772pt.
File: thesis.pdf Graphic file (type pdf)

<use thesis.pdf, page 10>
Package pdftex.def Info: thesis.pdf, page10 used on input line 24.
(pdftex.def)             Requested size: 422.50157pt x 597.53772pt.
 [10 <./thesis.pdf> <./thesis.pdf>]
<thesis.pdf, id=138, page=22, 597.50829pt x 845.0471pt>
File: thesis.pdf Graphic file (type pdf)

<use thesis.pdf, page 22>
Package pdftex.def Info: thesis.pdf, page22 used on input line 24.
(pdftex.def)             Requested size: 422.50157pt x 597.53772pt.
File: thesis.pdf Graphic file (type pdf)
 <use thesis.pdf, page 22>
Package pdftex.def Info: thesis.pdf, page22 used on input line 24.
(pdftex.def)             Requested size: 422.50157pt x 597.53772pt.

<thesis.pdf, id=139, page=11, 597.50829pt x 845.0471pt>
File: thesis.pdf Graphic file (type pdf)

<use thesis.pdf, page 11>
Package pdftex.def Info: thesis.pdf, page11 used on input line 24.
(pdftex.def)             Requested size: 422.50157pt x 597.53772pt.
File: thesis.pdf Graphic file (type pdf)
 <use thesis.pdf, page 11>
Package pdftex.def Info: thesis.pdf, page11 used on input line 24.
(pdftex.def)             Requested size: 422.50157pt x 597.53772pt.
File: thesis.pdf Graphic file (type pdf)
 <use thesis.pdf, page 22>
Package pdftex.def Info: thesis.pdf, page22 used on input line 24.
(pdftex.def)             Requested size: 422.50157pt x 597.53772pt.
File: thesis.pdf Graphic file (type pdf)

<use thesis.pdf, page 11>
Package pdftex.def Info: thesis.pdf, page11 used on input line 24.
(pdftex.def)             Requested size: 422.50157pt x 597.53772pt.
 [11 <./thesis.pdf> <./thesis.pdf>]
<thesis.pdf, id=147, page=21, 597.50829pt x 845.0471pt>
File: thesis.pdf Graphic file (type pdf)

<use thesis.pdf, page 21>
Package pdftex.def Info: thesis.pdf, page21 used on input line 24.
(pdftex.def)             Requested size: 422.50157pt x 597.53772pt.
File: thesis.pdf Graphic file (type pdf)
 <use thesis.pdf, page 21>
Package pdftex.def Info: thesis.pdf, page21 used on input line 24.
(pdftex.def)             Requested size: 422.50157pt x 597.53772pt.

<thesis.pdf, id=148, page=12, 597.50829pt x 845.0471pt>
File: thesis.pdf Graphic file (type pdf)

<use thesis.pdf, page 12>
Package pdftex.def Info: thesis.pdf, page12 used on input line 24.
(pdftex.def)             Requested size: 422.50157pt x 597.53772pt.
File: thesis.pdf Graphic file (type pdf)
 <use thesis.pdf, page 12>
Package pdftex.def Info: thesis.pdf, page12 used on input line 24.
(pdftex.def)             Requested size: 422.50157pt x 597.53772pt.
File: thesis.pdf Graphic file (type pdf)
 <use thesis.pdf, page 21>
Package pdftex.def Info: thesis.pdf, page21 used on input line 24.
(pdftex.def)             Requested size: 422.50157pt x 597.53772pt.
File: thesis.pdf Graphic file (type pdf)

<use thesis.pdf, page 12>
Package pdftex.def Info: thesis.pdf, page12 used on input line 24.
(pdftex.def)             Requested size: 422.50157pt x 597.53772pt.
 [12 <./thesis.pdf> <./thesis.pdf>]
<thesis.pdf, id=158, page=20, 597.50829pt x 845.0471pt>
File: thesis.pdf Graphic file (type pdf)

<use thesis.pdf, page 20>
Package pdftex.def Info: thesis.pdf, page20 used on input line 24.
(pdftex.def)             Requested size: 422.50157pt x 597.53772pt.
File: thesis.pdf Graphic file (type pdf)
 <use thesis.pdf, page 20>
Package pdftex.def Info: thesis.pdf, page20 used on input line 24.
(pdftex.def)             Requested size: 422.50157pt x 597.53772pt.

<thesis.pdf, id=159, page=13, 597.50829pt x 845.0471pt>
File: thesis.pdf Graphic file (type pdf)

<use thesis.pdf, page 13>
Package pdftex.def Info: thesis.pdf, page13 used on input line 24.
(pdftex.def)             Requested size: 422.50157pt x 597.53772pt.
File: thesis.pdf Graphic file (type pdf)
 <use thesis.pdf, page 13>
Package pdftex.def Info: thesis.pdf, page13 used on input line 24.
(pdftex.def)             Requested size: 422.50157pt x 597.53772pt.
File: thesis.pdf Graphic file (type pdf)
 <use thesis.pdf, page 20>
Package pdftex.def Info: thesis.pdf, page20 used on input line 24.
(pdftex.def)             Requested size: 422.50157pt x 597.53772pt.
File: thesis.pdf Graphic file (type pdf)

<use thesis.pdf, page 13>
Package pdftex.def Info: thesis.pdf, page13 used on input line 24.
(pdftex.def)             Requested size: 422.50157pt x 597.53772pt.
 [13 <./thesis.pdf> <./thesis.pdf>]
<thesis.pdf, id=171, page=19, 597.50829pt x 845.0471pt>
File: thesis.pdf Graphic file (type pdf)

<use thesis.pdf, page 19>
Package pdftex.def Info: thesis.pdf, page19 used on input line 24.
(pdftex.def)             Requested size: 422.50157pt x 597.53772pt.
File: thesis.pdf Graphic file (type pdf)
 <use thesis.pdf, page 19>
Package pdftex.def Info: thesis.pdf, page19 used on input line 24.
(pdftex.def)             Requested size: 422.50157pt x 597.53772pt.

<thesis.pdf, id=172, page=14, 597.50829pt x 845.0471pt>
File: thesis.pdf Graphic file (type pdf)

<use thesis.pdf, page 14>
Package pdftex.def Info: thesis.pdf, page14 used on input line 24.
(pdftex.def)             Requested size: 422.50157pt x 597.53772pt.
File: thesis.pdf Graphic file (type pdf)
 <use thesis.pdf, page 14>
Package pdftex.def Info: thesis.pdf, page14 used on input line 24.
(pdftex.def)             Requested size: 422.50157pt x 597.53772pt.
File: thesis.pdf Graphic file (type pdf)
 <use thesis.pdf, page 19>
Package pdftex.def Info: thesis.pdf, page19 used on input line 24.
(pdftex.def)             Requested size: 422.50157pt x 597.53772pt.
File: thesis.pdf Graphic file (type pdf)

<use thesis.pdf, page 14>
Package pdftex.def Info: thesis.pdf, page14 used on input line 24.
(pdftex.def)             Requested size: 422.50157pt x 597.53772pt.
 [14 <./thesis.pdf> <./thesis.pdf>]
<thesis.pdf, id=181, page=18, 597.50829pt x 845.0471pt>
File: thesis.pdf Graphic file (type pdf)

<use thesis.pdf, page 18>
Package pdftex.def Info: thesis.pdf, page18 used on input line 24.
(pdftex.def)             Requested size: 422.50157pt x 597.53772pt.
File: thesis.pdf Graphic file (type pdf)
 <use thesis.pdf, page 18>
Package pdftex.def Info: thesis.pdf, page18 used on input line 24.
(pdftex.def)             Requested size: 422.50157pt x 597.53772pt.

<thesis.pdf, id=182, page=15, 597.50829pt x 845.0471pt>
File: thesis.pdf Graphic file (type pdf)

<use thesis.pdf, page 15>
Package pdftex.def Info: thesis.pdf, page15 used on input line 24.
(pdftex.def)             Requested size: 422.50157pt x 597.53772pt.
File: thesis.pdf Graphic file (type pdf)
 <use thesis.pdf, page 15>
Package pdftex.def Info: thesis.pdf, page15 used on input line 24.
(pdftex.def)             Requested size: 422.50157pt x 597.53772pt.
File: thesis.pdf Graphic file (type pdf)
 <use thesis.pdf, page 18>
Package pdftex.def Info: thesis.pdf, page18 used on input line 24.
(pdftex.def)             Requested size: 422.50157pt x 597.53772pt.
File: thesis.pdf Graphic file (type pdf)

<use thesis.pdf, page 15>
Package pdftex.def Info: thesis.pdf, page15 used on input line 24.
(pdftex.def)             Requested size: 422.50157pt x 597.53772pt.
 [15 <./thesis.pdf> <./thesis.pdf>]
<thesis.pdf, id=193, page=17, 597.50829pt x 845.0471pt>
File: thesis.pdf Graphic file (type pdf)

<use thesis.pdf, page 17>
Package pdftex.def Info: thesis.pdf, page17 used on input line 24.
(pdftex.def)             Requested size: 422.50157pt x 597.53772pt.
File: thesis.pdf Graphic file (type pdf)
 <use thesis.pdf, page 17>
Package pdftex.def Info: thesis.pdf, page17 used on input line 24.
(pdftex.def)             Requested size: 422.50157pt x 597.53772pt.

<thesis.pdf, id=194, page=16, 597.50829pt x 845.0471pt>
File: thesis.pdf Graphic file (type pdf)

<use thesis.pdf, page 16>
Package pdftex.def Info: thesis.pdf, page16 used on input line 24.
(pdftex.def)             Requested size: 422.50157pt x 597.53772pt.
File: thesis.pdf Graphic file (type pdf)
 <use thesis.pdf, page 16>
Package pdftex.def Info: thesis.pdf, page16 used on input line 24.
(pdftex.def)             Requested size: 422.50157pt x 597.53772pt.
File: thesis.pdf Graphic file (type pdf)
 <use thesis.pdf, page 17>
Package pdftex.def Info: thesis.pdf, page17 used on input line 24.
(pdftex.def)             Requested size: 422.50157pt x 597.53772pt.
File: thesis.pdf Graphic file (type pdf)

<use thesis.pdf, page 16>
Package pdftex.def Info: thesis.pdf, page16 used on input line 24.
(pdftex.def)             Requested size: 422.50157pt x 597.53772pt.
 [16 <./thesis.pdf> <./thesis.pdf>] (./book.aux) ) 
Here is how much of TeX's memory you used:
 2817 strings out of 493304
 40908 string characters out of 6139872
 102725 words of memory out of 5000000
 6260 multiletter control sequences out of 15000+600000
 3640 words of font info for 14 fonts, out of 8000000 for 9000
 957 hyphenation exceptions out of 8191
 42i,20n,49p,256b,467s stack positions out of 5000i,500n,10000p,200000b,80000s
</usr/share/texlive/texmf-dis
t/fonts/type1/public/amsfonts/cm/cmex10.pfb></usr/share/texlive/texmf-dist/font
s/type1/public/amsfonts/cm/cmmi10.pfb></usr/share/texlive/texmf-dist/fonts/type
1/public/amsfonts/cm/cmr10.pfb></usr/share/texlive/texmf-dist/fonts/type1/publi
c/amsfonts/cm/cmsy10.pfb></usr/share/texlive/texmf-dist/fonts/type1/public/amsf
onts/symbols/msbm10.pfb></usr/share/texmf/fonts/type1/public/cm-super/sftt1000.
pfb></usr/share/texlive/texmf-dist/fonts/type1/urw/symbol/usyr.pfb></usr/share/
texlive/texmf-dist/fonts/type1/urw/symbol/usyr.pfb></usr/share/texlive/texmf-di
st/fonts/type1/urw/times/utmb8a.pfb></usr/share/texlive/texmf-dist/fonts/type1/
urw/times/utmr8a.pfb></usr/share/texlive/texmf-dist/fonts/type1/urw/times/utmri
8a.pfb>
Output written on book.pdf (16 pages, 829411 bytes).
PDF statistics:
 217 PDF objects out of 1000 (max. 8388607)
 101 compressed objects within 2 object streams
 0 named destinations out of 1000 (max. 500000)
 171 words of extra memory for PDF output out of 10000 (max. 10000000)

