This is pdfTeX, Version 3.1415926-2.5-1.40.14 (TeX Live 2013/Debian) (format=pdflatex 2016.3.1)  31 MAR 2016 11:58
entering extended mode
 \write18 enabled.
 %&-line parsing enabled.
**thesis.tex
(./thesis.tex
LaTeX2e <2011/06/27>
Babel <3.9h> and hyphenation patterns for 78 languages loaded.
(/usr/share/texlive/texmf-dist/tex/latex/base/report.cls
Document Class: report 2007/10/19 v1.4h Standard LaTeX document class
(/usr/share/texlive/texmf-dist/tex/latex/base/size12.clo
File: size12.clo 2007/10/19 v1.4h Standard LaTeX file (size option)
)
\c@part=\count79
\c@chapter=\count80
\c@section=\count81
\c@subsection=\count82
\c@subsubsection=\count83
\c@paragraph=\count84
\c@subparagraph=\count85
\c@figure=\count86
\c@table=\count87
\abovecaptionskip=\skip41
\belowcaptionskip=\skip42
\bibindent=\dimen102
)
(/usr/share/texlive/texmf-dist/tex/generic/babel/babel.sty
Package: babel 2013/12/03 3.9h The Babel package

(/usr/share/texlive/texmf-dist/tex/generic/babel-slovak/slovak.ldf
Language: slovak 2008/07/06 v3.1a Slovak support from the babel system

(/usr/share/texlive/texmf-dist/tex/generic/babel/babel.def
File: babel.def 2013/12/03 3.9h Babel common definitions
\babel@savecnt=\count88
\U@D=\dimen103
)
Package babel Info: Making ^ an active character on input line 123.
Package babel Info: Making " an active character on input line 126.
Package babel Info: Making ' an active character on input line 129.
\cs@wordlen=\count89
Package babel Info: Making - an active character on input line 294.
)
(/usr/share/texlive/texmf-dist/tex/generic/babel-english/english.ldf
Language: english 2012/08/20 v3.3p English support from the babel system
\l@canadian = a dialect from \language\l@american 
\l@australian = a dialect from \language\l@british 
\l@newzealand = a dialect from \language\l@british 
))
(/usr/share/texlive/texmf-dist/tex/latex/base/fontenc.sty
Package: fontenc 2005/09/27 v1.99g Standard LaTeX package

(/usr/share/texlive/texmf-dist/tex/latex/base/t1enc.def
File: t1enc.def 2005/09/27 v1.99g Standard LaTeX file
LaTeX Font Info:    Redeclaring font encoding T1 on input line 43.
))
(/usr/share/texlive/texmf-dist/tex/latex/base/inputenc.sty
Package: inputenc 2008/03/30 v1.1d Input encoding file
\inpenc@prehook=\toks14
\inpenc@posthook=\toks15

(/usr/share/texlive/texmf-dist/tex/latex/base/utf8.def
File: utf8.def 2008/04/05 v1.1m UTF-8 support for inputenc
Now handling font encoding OML ...
... no UTF-8 mapping file for font encoding OML
Now handling font encoding T1 ...
... processing UTF-8 mapping file for font encoding T1

(/usr/share/texlive/texmf-dist/tex/latex/base/t1enc.dfu
File: t1enc.dfu 2008/04/05 v1.1m UTF-8 support for inputenc
   defining Unicode char U+00A1 (decimal 161)
   defining Unicode char U+00A3 (decimal 163)
   defining Unicode char U+00AB (decimal 171)
   defining Unicode char U+00BB (decimal 187)
   defining Unicode char U+00BF (decimal 191)
   defining Unicode char U+00C0 (decimal 192)
   defining Unicode char U+00C1 (decimal 193)
   defining Unicode char U+00C2 (decimal 194)
   defining Unicode char U+00C3 (decimal 195)
   defining Unicode char U+00C4 (decimal 196)
   defining Unicode char U+00C5 (decimal 197)
   defining Unicode char U+00C6 (decimal 198)
   defining Unicode char U+00C7 (decimal 199)
   defining Unicode char U+00C8 (decimal 200)
   defining Unicode char U+00C9 (decimal 201)
   defining Unicode char U+00CA (decimal 202)
   defining Unicode char U+00CB (decimal 203)
   defining Unicode char U+00CC (decimal 204)
   defining Unicode char U+00CD (decimal 205)
   defining Unicode char U+00CE (decimal 206)
   defining Unicode char U+00CF (decimal 207)
   defining Unicode char U+00D0 (decimal 208)
   defining Unicode char U+00D1 (decimal 209)
   defining Unicode char U+00D2 (decimal 210)
   defining Unicode char U+00D3 (decimal 211)
   defining Unicode char U+00D4 (decimal 212)
   defining Unicode char U+00D5 (decimal 213)
   defining Unicode char U+00D6 (decimal 214)
   defining Unicode char U+00D8 (decimal 216)
   defining Unicode char U+00D9 (decimal 217)
   defining Unicode char U+00DA (decimal 218)
   defining Unicode char U+00DB (decimal 219)
   defining Unicode char U+00DC (decimal 220)
   defining Unicode char U+00DD (decimal 221)
   defining Unicode char U+00DE (decimal 222)
   defining Unicode char U+00DF (decimal 223)
   defining Unicode char U+00E0 (decimal 224)
   defining Unicode char U+00E1 (decimal 225)
   defining Unicode char U+00E2 (decimal 226)
   defining Unicode char U+00E3 (decimal 227)
   defining Unicode char U+00E4 (decimal 228)
   defining Unicode char U+00E5 (decimal 229)
   defining Unicode char U+00E6 (decimal 230)
   defining Unicode char U+00E7 (decimal 231)
   defining Unicode char U+00E8 (decimal 232)
   defining Unicode char U+00E9 (decimal 233)
   defining Unicode char U+00EA (decimal 234)
   defining Unicode char U+00EB (decimal 235)
   defining Unicode char U+00EC (decimal 236)
   defining Unicode char U+00ED (decimal 237)
   defining Unicode char U+00EE (decimal 238)
   defining Unicode char U+00EF (decimal 239)
   defining Unicode char U+00F0 (decimal 240)
   defining Unicode char U+00F1 (decimal 241)
   defining Unicode char U+00F2 (decimal 242)
   defining Unicode char U+00F3 (decimal 243)
   defining Unicode char U+00F4 (decimal 244)
   defining Unicode char U+00F5 (decimal 245)
   defining Unicode char U+00F6 (decimal 246)
   defining Unicode char U+00F8 (decimal 248)
   defining Unicode char U+00F9 (decimal 249)
   defining Unicode char U+00FA (decimal 250)
   defining Unicode char U+00FB (decimal 251)
   defining Unicode char U+00FC (decimal 252)
   defining Unicode char U+00FD (decimal 253)
   defining Unicode char U+00FE (decimal 254)
   defining Unicode char U+00FF (decimal 255)
   defining Unicode char U+0102 (decimal 258)
   defining Unicode char U+0103 (decimal 259)
   defining Unicode char U+0104 (decimal 260)
   defining Unicode char U+0105 (decimal 261)
   defining Unicode char U+0106 (decimal 262)
   defining Unicode char U+0107 (decimal 263)
   defining Unicode char U+010C (decimal 268)
   defining Unicode char U+010D (decimal 269)
   defining Unicode char U+010E (decimal 270)
   defining Unicode char U+010F (decimal 271)
   defining Unicode char U+0110 (decimal 272)
   defining Unicode char U+0111 (decimal 273)
   defining Unicode char U+0118 (decimal 280)
   defining Unicode char U+0119 (decimal 281)
   defining Unicode char U+011A (decimal 282)
   defining Unicode char U+011B (decimal 283)
   defining Unicode char U+011E (decimal 286)
   defining Unicode char U+011F (decimal 287)
   defining Unicode char U+0130 (decimal 304)
   defining Unicode char U+0131 (decimal 305)
   defining Unicode char U+0132 (decimal 306)
   defining Unicode char U+0133 (decimal 307)
   defining Unicode char U+0139 (decimal 313)
   defining Unicode char U+013A (decimal 314)
   defining Unicode char U+013D (decimal 317)
   defining Unicode char U+013E (decimal 318)
   defining Unicode char U+0141 (decimal 321)
   defining Unicode char U+0142 (decimal 322)
   defining Unicode char U+0143 (decimal 323)
   defining Unicode char U+0144 (decimal 324)
   defining Unicode char U+0147 (decimal 327)
   defining Unicode char U+0148 (decimal 328)
   defining Unicode char U+014A (decimal 330)
   defining Unicode char U+014B (decimal 331)
   defining Unicode char U+0150 (decimal 336)
   defining Unicode char U+0151 (decimal 337)
   defining Unicode char U+0152 (decimal 338)
   defining Unicode char U+0153 (decimal 339)
   defining Unicode char U+0154 (decimal 340)
   defining Unicode char U+0155 (decimal 341)
   defining Unicode char U+0158 (decimal 344)
   defining Unicode char U+0159 (decimal 345)
   defining Unicode char U+015A (decimal 346)
   defining Unicode char U+015B (decimal 347)
   defining Unicode char U+015E (decimal 350)
   defining Unicode char U+015F (decimal 351)
   defining Unicode char U+0160 (decimal 352)
   defining Unicode char U+0161 (decimal 353)
   defining Unicode char U+0162 (decimal 354)
   defining Unicode char U+0163 (decimal 355)
   defining Unicode char U+0164 (decimal 356)
   defining Unicode char U+0165 (decimal 357)
   defining Unicode char U+016E (decimal 366)
   defining Unicode char U+016F (decimal 367)
   defining Unicode char U+0170 (decimal 368)
   defining Unicode char U+0171 (decimal 369)
   defining Unicode char U+0178 (decimal 376)
   defining Unicode char U+0179 (decimal 377)
   defining Unicode char U+017A (decimal 378)
   defining Unicode char U+017B (decimal 379)
   defining Unicode char U+017C (decimal 380)
   defining Unicode char U+017D (decimal 381)
   defining Unicode char U+017E (decimal 382)
   defining Unicode char U+200C (decimal 8204)
   defining Unicode char U+2013 (decimal 8211)
   defining Unicode char U+2014 (decimal 8212)
   defining Unicode char U+2018 (decimal 8216)
   defining Unicode char U+2019 (decimal 8217)
   defining Unicode char U+201A (decimal 8218)
   defining Unicode char U+201C (decimal 8220)
   defining Unicode char U+201D (decimal 8221)
   defining Unicode char U+201E (decimal 8222)
   defining Unicode char U+2030 (decimal 8240)
   defining Unicode char U+2031 (decimal 8241)
   defining Unicode char U+2039 (decimal 8249)
   defining Unicode char U+203A (decimal 8250)
   defining Unicode char U+2423 (decimal 9251)
)
Now handling font encoding OT1 ...
... processing UTF-8 mapping file for font encoding OT1

(/usr/share/texlive/texmf-dist/tex/latex/base/ot1enc.dfu
File: ot1enc.dfu 2008/04/05 v1.1m UTF-8 support for inputenc
   defining Unicode char U+00A1 (decimal 161)
   defining Unicode char U+00A3 (decimal 163)
   defining Unicode char U+00B8 (decimal 184)
   defining Unicode char U+00BF (decimal 191)
   defining Unicode char U+00C5 (decimal 197)
   defining Unicode char U+00C6 (decimal 198)
   defining Unicode char U+00D8 (decimal 216)
   defining Unicode char U+00DF (decimal 223)
   defining Unicode char U+00E6 (decimal 230)
   defining Unicode char U+00EC (decimal 236)
   defining Unicode char U+00ED (decimal 237)
   defining Unicode char U+00EE (decimal 238)
   defining Unicode char U+00EF (decimal 239)
   defining Unicode char U+00F8 (decimal 248)
   defining Unicode char U+0131 (decimal 305)
   defining Unicode char U+0141 (decimal 321)
   defining Unicode char U+0142 (decimal 322)
   defining Unicode char U+0152 (decimal 338)
   defining Unicode char U+0153 (decimal 339)
   defining Unicode char U+2013 (decimal 8211)
   defining Unicode char U+2014 (decimal 8212)
   defining Unicode char U+2018 (decimal 8216)
   defining Unicode char U+2019 (decimal 8217)
   defining Unicode char U+201C (decimal 8220)
   defining Unicode char U+201D (decimal 8221)
)
Now handling font encoding OMS ...
... processing UTF-8 mapping file for font encoding OMS

(/usr/share/texlive/texmf-dist/tex/latex/base/omsenc.dfu
File: omsenc.dfu 2008/04/05 v1.1m UTF-8 support for inputenc
   defining Unicode char U+00A7 (decimal 167)
   defining Unicode char U+00B6 (decimal 182)
   defining Unicode char U+00B7 (decimal 183)
   defining Unicode char U+2020 (decimal 8224)
   defining Unicode char U+2021 (decimal 8225)
   defining Unicode char U+2022 (decimal 8226)
)
Now handling font encoding OMX ...
... no UTF-8 mapping file for font encoding OMX
Now handling font encoding U ...
... no UTF-8 mapping file for font encoding U
   defining Unicode char U+00A9 (decimal 169)
   defining Unicode char U+00AA (decimal 170)
   defining Unicode char U+00AE (decimal 174)
   defining Unicode char U+00BA (decimal 186)
   defining Unicode char U+02C6 (decimal 710)
   defining Unicode char U+02DC (decimal 732)
   defining Unicode char U+200C (decimal 8204)
   defining Unicode char U+2026 (decimal 8230)
   defining Unicode char U+2122 (decimal 8482)
   defining Unicode char U+2423 (decimal 9251)
))
(/usr/share/texlive/texmf-dist/tex/latex/amsmath/amsmath.sty
Package: amsmath 2013/01/14 v2.14 AMS math features
\@mathmargin=\skip43

For additional information on amsmath, use the `?' option.
(/usr/share/texlive/texmf-dist/tex/latex/amsmath/amstext.sty
Package: amstext 2000/06/29 v2.01

(/usr/share/texlive/texmf-dist/tex/latex/amsmath/amsgen.sty
File: amsgen.sty 1999/11/30 v2.0
\@emptytoks=\toks16
\ex@=\dimen104
))
(/usr/share/texlive/texmf-dist/tex/latex/amsmath/amsbsy.sty
Package: amsbsy 1999/11/29 v1.2d
\pmbraise@=\dimen105
)
(/usr/share/texlive/texmf-dist/tex/latex/amsmath/amsopn.sty
Package: amsopn 1999/12/14 v2.01 operator names
)
\inf@bad=\count90
LaTeX Info: Redefining \frac on input line 210.
\uproot@=\count91
\leftroot@=\count92
LaTeX Info: Redefining \overline on input line 306.
\classnum@=\count93
\DOTSCASE@=\count94
LaTeX Info: Redefining \ldots on input line 378.
LaTeX Info: Redefining \dots on input line 381.
LaTeX Info: Redefining \cdots on input line 466.
\Mathstrutbox@=\box26
\strutbox@=\box27
\big@size=\dimen106
LaTeX Font Info:    Redeclaring font encoding OML on input line 566.
LaTeX Font Info:    Redeclaring font encoding OMS on input line 567.
\macc@depth=\count95
\c@MaxMatrixCols=\count96
\dotsspace@=\muskip10
\c@parentequation=\count97
\dspbrk@lvl=\count98
\tag@help=\toks17
\row@=\count99
\column@=\count100
\maxfields@=\count101
\andhelp@=\toks18
\eqnshift@=\dimen107
\alignsep@=\dimen108
\tagshift@=\dimen109
\tagwidth@=\dimen110
\totwidth@=\dimen111
\lineht@=\dimen112
\@envbody=\toks19
\multlinegap=\skip44
\multlinetaggap=\skip45
\mathdisplay@stack=\toks20
LaTeX Info: Redefining \[ on input line 2665.
LaTeX Info: Redefining \] on input line 2666.
)
(/usr/share/texlive/texmf-dist/tex/latex/amsfonts/amssymb.sty
Package: amssymb 2013/01/14 v3.01 AMS font symbols

(/usr/share/texlive/texmf-dist/tex/latex/amsfonts/amsfonts.sty
Package: amsfonts 2013/01/14 v3.01 Basic AMSFonts support
\symAMSa=\mathgroup4
\symAMSb=\mathgroup5
LaTeX Font Info:    Overwriting math alphabet `\mathfrak' in version `bold'
(Font)                  U/euf/m/n --> U/euf/b/n on input line 106.
))
(/usr/share/texlive/texmf-dist/tex/latex/amsmath/amscd.sty
Package: amscd 1999/11/29 v2.0
\athelp@=\toks21
\minaw@=\dimen113
\bigaw@=\dimen114
\minCDarrowwidth=\dimen115
)
(/usr/share/texlive/texmf-dist/tex/latex/tools/array.sty
Package: array 2008/09/09 v2.4c Tabular extension package (FMi)
\col@sep=\dimen116
\extrarowheight=\dimen117
\NC@list=\toks22
\extratabsurround=\skip46
\backup@length=\skip47
)
(/usr/share/texlive/texmf-dist/tex/latex/tools/hhline.sty
Package: hhline 1994/05/23 v2.03 Table rule package (DPC)
)
(/usr/share/texlive/texmf-dist/tex/latex/base/makeidx.sty
Package: makeidx 2000/03/29 v1.0m Standard LaTeX package
)
(/usr/share/texlive/texmf-dist/tex/latex/fancyhdr/fancyhdr.sty
\fancy@headwidth=\skip48
\f@ncyO@elh=\skip49
\f@ncyO@erh=\skip50
\f@ncyO@olh=\skip51
\f@ncyO@orh=\skip52
\f@ncyO@elf=\skip53
\f@ncyO@erf=\skip54
\f@ncyO@olf=\skip55
\f@ncyO@orf=\skip56
)
(/usr/share/texlive/texmf-dist/tex/latex/graphics/graphicx.sty
Package: graphicx 1999/02/16 v1.0f Enhanced LaTeX Graphics (DPC,SPQR)

(/usr/share/texlive/texmf-dist/tex/latex/graphics/keyval.sty
Package: keyval 1999/03/16 v1.13 key=value parser (DPC)
\KV@toks@=\toks23
)
(/usr/share/texlive/texmf-dist/tex/latex/graphics/graphics.sty
Package: graphics 2009/02/05 v1.0o Standard LaTeX Graphics (DPC,SPQR)

(/usr/share/texlive/texmf-dist/tex/latex/graphics/trig.sty
Package: trig 1999/03/16 v1.09 sin cos tan (DPC)
)
(/usr/share/texlive/texmf-dist/tex/latex/latexconfig/graphics.cfg
File: graphics.cfg 2010/04/23 v1.9 graphics configuration of TeX Live
)
Package graphics Info: Driver file: pdftex.def on input line 91.

(/usr/share/texlive/texmf-dist/tex/latex/pdftex-def/pdftex.def
File: pdftex.def 2011/05/27 v0.06d Graphics/color for pdfTeX

(/usr/share/texlive/texmf-dist/tex/generic/oberdiek/infwarerr.sty
Package: infwarerr 2010/04/08 v1.3 Providing info/warning/error messages (HO)
)
(/usr/share/texlive/texmf-dist/tex/generic/oberdiek/ltxcmds.sty
Package: ltxcmds 2011/11/09 v1.22 LaTeX kernel commands for general use (HO)
)
\Gread@gobject=\count102
))
\Gin@req@height=\dimen118
\Gin@req@width=\dimen119
)
(/usr/share/texlive/texmf-dist/tex/latex/listings/listings.sty
\lst@mode=\count103
\lst@gtempboxa=\box28
\lst@token=\toks24
\lst@length=\count104
\lst@currlwidth=\dimen120
\lst@column=\count105
\lst@pos=\count106
\lst@lostspace=\dimen121
\lst@width=\dimen122
\lst@newlines=\count107
\lst@lineno=\count108
\lst@maxwidth=\dimen123

(/usr/share/texlive/texmf-dist/tex/latex/listings/lstmisc.sty
File: lstmisc.sty 2013/08/26 1.5b (Carsten Heinz)
\c@lstnumber=\count109
\lst@skipnumbers=\count110
\lst@framebox=\box29
)
(/usr/share/texlive/texmf-dist/tex/latex/listings/listings.cfg
File: listings.cfg 2013/08/26 1.5b listings configuration
))
Package: listings 2013/08/26 1.5b (Carsten Heinz)

(/usr/share/texlive/texmf-dist/tex/latex/eurosym/eurosym.sty
Package: eurosym 1998/08/06 v1.1 European currency symbol ``Euro''
\@eurobox=\box30
)
(/usr/share/texlive/texmf-dist/tex/latex/url/url.sty
\Urlmuskip=\muskip11
Package: url 2013/09/16  ver 3.4  Verb mode for urls, etc.
)
(/usr/share/texlive/texmf-dist/tex/latex/psnfss/mathptmx.sty
Package: mathptmx 2005/04/12 PSNFSS-v9.2a Times w/ Math, improved (SPQR, WaS) 
LaTeX Font Info:    Redeclaring symbol font `operators' on input line 28.
LaTeX Font Info:    Overwriting symbol font `operators' in version `normal'
(Font)                  OT1/cmr/m/n --> OT1/ztmcm/m/n on input line 28.
LaTeX Font Info:    Overwriting symbol font `operators' in version `bold'
(Font)                  OT1/cmr/bx/n --> OT1/ztmcm/m/n on input line 28.
LaTeX Font Info:    Redeclaring symbol font `letters' on input line 29.
LaTeX Font Info:    Overwriting symbol font `letters' in version `normal'
(Font)                  OML/cmm/m/it --> OML/ztmcm/m/it on input line 29.
LaTeX Font Info:    Overwriting symbol font `letters' in version `bold'
(Font)                  OML/cmm/b/it --> OML/ztmcm/m/it on input line 29.
LaTeX Font Info:    Redeclaring symbol font `symbols' on input line 30.
LaTeX Font Info:    Overwriting symbol font `symbols' in version `normal'
(Font)                  OMS/cmsy/m/n --> OMS/ztmcm/m/n on input line 30.
LaTeX Font Info:    Overwriting symbol font `symbols' in version `bold'
(Font)                  OMS/cmsy/b/n --> OMS/ztmcm/m/n on input line 30.
LaTeX Font Info:    Redeclaring symbol font `largesymbols' on input line 31.
LaTeX Font Info:    Overwriting symbol font `largesymbols' in version `normal'
(Font)                  OMX/cmex/m/n --> OMX/ztmcm/m/n on input line 31.
LaTeX Font Info:    Overwriting symbol font `largesymbols' in version `bold'
(Font)                  OMX/cmex/m/n --> OMX/ztmcm/m/n on input line 31.
\symbold=\mathgroup6
\symitalic=\mathgroup7
LaTeX Font Info:    Redeclaring math alphabet \mathbf on input line 34.
LaTeX Font Info:    Overwriting math alphabet `\mathbf' in version `normal'
(Font)                  OT1/cmr/bx/n --> OT1/ptm/bx/n on input line 34.
LaTeX Font Info:    Overwriting math alphabet `\mathbf' in version `bold'
(Font)                  OT1/cmr/bx/n --> OT1/ptm/bx/n on input line 34.
LaTeX Font Info:    Redeclaring math alphabet \mathit on input line 35.
LaTeX Font Info:    Overwriting math alphabet `\mathit' in version `normal'
(Font)                  OT1/cmr/m/it --> OT1/ptm/m/it on input line 35.
LaTeX Font Info:    Overwriting math alphabet `\mathit' in version `bold'
(Font)                  OT1/cmr/bx/it --> OT1/ptm/m/it on input line 35.
LaTeX Info: Redefining \hbar on input line 50.
)
(/usr/share/texlive/texmf-dist/tex/latex/hyperref/hyperref.sty
Package: hyperref 2012/11/06 v6.83m Hypertext links for LaTeX

(/usr/share/texlive/texmf-dist/tex/generic/oberdiek/hobsub-hyperref.sty
Package: hobsub-hyperref 2012/05/28 v1.13 Bundle oberdiek, subset hyperref (HO)


(/usr/share/texlive/texmf-dist/tex/generic/oberdiek/hobsub-generic.sty
Package: hobsub-generic 2012/05/28 v1.13 Bundle oberdiek, subset generic (HO)
Package: hobsub 2012/05/28 v1.13 Construct package bundles (HO)
Package hobsub Info: Skipping package `infwarerr' (already loaded).
Package hobsub Info: Skipping package `ltxcmds' (already loaded).
Package: ifluatex 2010/03/01 v1.3 Provides the ifluatex switch (HO)
Package ifluatex Info: LuaTeX not detected.
Package: ifvtex 2010/03/01 v1.5 Detect VTeX and its facilities (HO)
Package ifvtex Info: VTeX not detected.
Package: intcalc 2007/09/27 v1.1 Expandable calculations with integers (HO)
Package: ifpdf 2011/01/30 v2.3 Provides the ifpdf switch (HO)
Package ifpdf Info: pdfTeX in PDF mode is detected.
Package: etexcmds 2011/02/16 v1.5 Avoid name clashes with e-TeX commands (HO)
Package etexcmds Info: Could not find \expanded.
(etexcmds)             That can mean that you are not using pdfTeX 1.50 or
(etexcmds)             that some package has redefined \expanded.
(etexcmds)             In the latter case, load this package earlier.
Package: kvsetkeys 2012/04/25 v1.16 Key value parser (HO)
Package: kvdefinekeys 2011/04/07 v1.3 Define keys (HO)
Package: pdftexcmds 2011/11/29 v0.20 Utility functions of pdfTeX for LuaTeX (HO
)
Package pdftexcmds Info: LuaTeX not detected.
Package pdftexcmds Info: \pdf@primitive is available.
Package pdftexcmds Info: \pdf@ifprimitive is available.
Package pdftexcmds Info: \pdfdraftmode found.
Package: pdfescape 2011/11/25 v1.13 Implements pdfTeX's escape features (HO)
Package: bigintcalc 2012/04/08 v1.3 Expandable calculations on big integers (HO
)
Package: bitset 2011/01/30 v1.1 Handle bit-vector datatype (HO)
Package: uniquecounter 2011/01/30 v1.2 Provide unlimited unique counter (HO)
)
Package hobsub Info: Skipping package `hobsub' (already loaded).
Package: letltxmacro 2010/09/02 v1.4 Let assignment for LaTeX macros (HO)
Package: hopatch 2012/05/28 v1.2 Wrapper for package hooks (HO)
Package: xcolor-patch 2011/01/30 xcolor patch
Package: atveryend 2011/06/30 v1.8 Hooks at the very end of document (HO)
Package atveryend Info: \enddocument detected (standard20110627).
Package: atbegshi 2011/10/05 v1.16 At begin shipout hook (HO)
Package: refcount 2011/10/16 v3.4 Data extraction from label references (HO)
Package: hycolor 2011/01/30 v1.7 Color options for hyperref/bookmark (HO)
)
(/usr/share/texlive/texmf-dist/tex/generic/ifxetex/ifxetex.sty
Package: ifxetex 2010/09/12 v0.6 Provides ifxetex conditional
)
(/usr/share/texlive/texmf-dist/tex/latex/oberdiek/auxhook.sty
Package: auxhook 2011/03/04 v1.3 Hooks for auxiliary files (HO)
)
(/usr/share/texlive/texmf-dist/tex/latex/oberdiek/kvoptions.sty
Package: kvoptions 2011/06/30 v3.11 Key value format for package options (HO)
)
\@linkdim=\dimen124
\Hy@linkcounter=\count111
\Hy@pagecounter=\count112

(/usr/share/texlive/texmf-dist/tex/latex/hyperref/pd1enc.def
File: pd1enc.def 2012/11/06 v6.83m Hyperref: PDFDocEncoding definition (HO)
Now handling font encoding PD1 ...
... no UTF-8 mapping file for font encoding PD1
)
\Hy@SavedSpaceFactor=\count113

(/usr/share/texlive/texmf-dist/tex/latex/latexconfig/hyperref.cfg
File: hyperref.cfg 2002/06/06 v1.2 hyperref configuration of TeXLive
)
Package hyperref Info: Option `unicode' set `true' on input line 4319.

(/usr/share/texlive/texmf-dist/tex/latex/hyperref/puenc.def
File: puenc.def 2012/11/06 v6.83m Hyperref: PDF Unicode definition (HO)
Now handling font encoding PU ...
... no UTF-8 mapping file for font encoding PU
)
Package hyperref Info: Option `bookmarks' set `false' on input line 4319.
Package hyperref Info: Hyper figures OFF on input line 4443.
Package hyperref Info: Link nesting OFF on input line 4448.
Package hyperref Info: Hyper index ON on input line 4451.
Package hyperref Info: Plain pages OFF on input line 4458.
Package hyperref Info: Backreferencing OFF on input line 4463.
Package hyperref Info: Implicit mode ON; LaTeX internals redefined.
Package hyperref Info: Bookmarks OFF on input line 4694.
\c@Hy@tempcnt=\count114
LaTeX Info: Redefining \url on input line 5041.
\XeTeXLinkMargin=\dimen125
\Fld@menulength=\count115
\Field@Width=\dimen126
\Fld@charsize=\dimen127
Package hyperref Info: Hyper figures OFF on input line 6295.
Package hyperref Info: Link nesting OFF on input line 6300.
Package hyperref Info: Hyper index ON on input line 6303.
Package hyperref Info: backreferencing OFF on input line 6310.
Package hyperref Info: Link coloring OFF on input line 6315.
Package hyperref Info: Link coloring with OCG OFF on input line 6320.
Package hyperref Info: PDF/A mode OFF on input line 6325.
LaTeX Info: Redefining \ref on input line 6365.
LaTeX Info: Redefining \pageref on input line 6369.
\Hy@abspage=\count116
\c@Item=\count117
\c@Hfootnote=\count118
)

Package hyperref Message: Driver: hpdftex.

(/usr/share/texlive/texmf-dist/tex/latex/hyperref/hpdftex.def
File: hpdftex.def 2012/11/06 v6.83m Hyperref driver for pdfTeX
\Fld@listcount=\count119
\c@bookmark@seq@number=\count120

(/usr/share/texlive/texmf-dist/tex/latex/oberdiek/rerunfilecheck.sty
Package: rerunfilecheck 2011/04/15 v1.7 Rerun checks for auxiliary files (HO)
Package uniquecounter Info: New unique counter `rerunfilecheck' on input line 2
82.
)
\Hy@SectionHShift=\skip57
)
(/usr/share/texlive/texmf-dist/tex/latex/caption/caption.sty
Package: caption 2013/05/02 v3.3-89 Customizing captions (AR)

(/usr/share/texlive/texmf-dist/tex/latex/caption/caption3.sty
Package: caption3 2013/05/02 v1.6-88 caption3 kernel (AR)
Package caption3 Info: TeX engine: e-TeX on input line 57.
\captionmargin=\dimen128
\captionmargin@=\dimen129
\captionwidth=\dimen130
\caption@tempdima=\dimen131
\caption@indent=\dimen132
\caption@parindent=\dimen133
\caption@hangindent=\dimen134
)
\c@ContinuedFloat=\count121
Package caption Info: hyperref package is loaded.
Package caption Info: listings package is loaded.
)
\c@theorem=\count122
\verbcorr=\skip58
 (./thesis.aux
(./title.aux) (./uvod.aux) (./learning_systems.aux) (./q_learning.aux

LaTeX Warning: Label `eq:knn_y_update' multiply defined.

) (./experiment.aux

LaTeX Warning: Label `eq:q_learning' multiply defined.

) (./lit.aux))
\openout1 = `thesis.aux'.

LaTeX Font Info:    Checking defaults for OML/cmm/m/it on input line 38.
LaTeX Font Info:    ... okay on input line 38.
LaTeX Font Info:    Checking defaults for T1/cmr/m/n on input line 38.
LaTeX Font Info:    ... okay on input line 38.
LaTeX Font Info:    Checking defaults for OT1/cmr/m/n on input line 38.
LaTeX Font Info:    ... okay on input line 38.
LaTeX Font Info:    Checking defaults for OMS/cmsy/m/n on input line 38.
LaTeX Font Info:    ... okay on input line 38.
LaTeX Font Info:    Checking defaults for OMX/cmex/m/n on input line 38.
LaTeX Font Info:    ... okay on input line 38.
LaTeX Font Info:    Checking defaults for U/cmr/m/n on input line 38.
LaTeX Font Info:    ... okay on input line 38.
LaTeX Font Info:    Checking defaults for PD1/pdf/m/n on input line 38.
LaTeX Font Info:    ... okay on input line 38.
LaTeX Font Info:    Checking defaults for PU/pdf/m/n on input line 38.
LaTeX Font Info:    ... okay on input line 38.
LaTeX Font Info:    Try loading font information for T1+ptm on input line 38.
 (/usr/share/texlive/texmf-dist/tex/latex/psnfss/t1ptm.fd
File: t1ptm.fd 2001/06/04 font definitions for T1/ptm.
)
(/usr/share/texlive/texmf-dist/tex/context/base/supp-pdf.mkii
[Loading MPS to PDF converter (version 2006.09.02).]
\scratchcounter=\count123
\scratchdimen=\dimen135
\scratchbox=\box31
\nofMPsegments=\count124
\nofMParguments=\count125
\everyMPshowfont=\toks25
\MPscratchCnt=\count126
\MPscratchDim=\dimen136
\MPnumerator=\count127
\makeMPintoPDFobject=\count128
\everyMPtoPDFconversion=\toks26
) (/usr/share/texlive/texmf-dist/tex/latex/oberdiek/epstopdf-base.sty
Package: epstopdf-base 2010/02/09 v2.5 Base part for package epstopdf

(/usr/share/texlive/texmf-dist/tex/latex/oberdiek/grfext.sty
Package: grfext 2010/08/19 v1.1 Manage graphics extensions (HO)
)
Package grfext Info: Graphics extension search list:
(grfext)             [.png,.pdf,.jpg,.mps,.jpeg,.jbig2,.jb2,.PNG,.PDF,.JPG,.JPE
G,.JBIG2,.JB2,.eps]
(grfext)             \AppendGraphicsExtensions on input line 452.

(/usr/share/texlive/texmf-dist/tex/latex/latexconfig/epstopdf-sys.cfg
File: epstopdf-sys.cfg 2010/07/13 v1.3 Configuration of (r)epstopdf for TeX Liv
e
))
\c@lstlisting=\count129
\AtBeginShipoutBox=\box32
Package hyperref Info: Link coloring OFF on input line 38.

(/usr/share/texlive/texmf-dist/tex/latex/hyperref/nameref.sty
Package: nameref 2012/10/27 v2.43 Cross-referencing by name of section

(/usr/share/texlive/texmf-dist/tex/generic/oberdiek/gettitlestring.sty
Package: gettitlestring 2010/12/03 v1.4 Cleanup title references (HO)
)
\c@section@level=\count130
)
LaTeX Info: Redefining \ref on input line 38.
LaTeX Info: Redefining \pageref on input line 38.
LaTeX Info: Redefining \nameref on input line 38.
Package caption Info: Begin \AtBeginDocument code.
Package caption Info: End \AtBeginDocument code.
\openout2 = `title.aux'.


(./title.tex
LaTeX Font Info:    Font shape `T1/ptm/bx/n' in size <14.4> not available
(Font)              Font shape `T1/ptm/b/n' tried instead on input line 18.
LaTeX Font Info:    Font shape `T1/ptm/bx/n' in size <12> not available
(Font)              Font shape `T1/ptm/b/n' tried instead on input line 40.
LaTeX Font Info:    Try loading font information for OT1+ztmcm on input line 50
.
 (/usr/share/texlive/texmf-dist/tex/latex/psnfss/ot1ztmcm.fd
File: ot1ztmcm.fd 2000/01/03 Fontinst v1.801 font definitions for OT1/ztmcm.
)
LaTeX Font Info:    Try loading font information for OML+ztmcm on input line 50
.

(/usr/share/texlive/texmf-dist/tex/latex/psnfss/omlztmcm.fd
File: omlztmcm.fd 2000/01/03 Fontinst v1.801 font definitions for OML/ztmcm.
)
LaTeX Font Info:    Try loading font information for OMS+ztmcm on input line 50
.

(/usr/share/texlive/texmf-dist/tex/latex/psnfss/omsztmcm.fd
File: omsztmcm.fd 2000/01/03 Fontinst v1.801 font definitions for OMS/ztmcm.
)
LaTeX Font Info:    Try loading font information for OMX+ztmcm on input line 50
.

(/usr/share/texlive/texmf-dist/tex/latex/psnfss/omxztmcm.fd
File: omxztmcm.fd 2000/01/03 Fontinst v1.801 font definitions for OMX/ztmcm.
)
LaTeX Font Info:    Try loading font information for OT1+ptm on input line 50.

(/usr/share/texlive/texmf-dist/tex/latex/psnfss/ot1ptm.fd
File: ot1ptm.fd 2001/06/04 font definitions for OT1/ptm.
)
LaTeX Font Info:    Font shape `OT1/ptm/bx/n' in size <12> not available
(Font)              Font shape `OT1/ptm/b/n' tried instead on input line 50.
LaTeX Font Info:    Font shape `OT1/ptm/bx/n' in size <9> not available
(Font)              Font shape `OT1/ptm/b/n' tried instead on input line 50.
LaTeX Font Info:    Font shape `OT1/ptm/bx/n' in size <7> not available
(Font)              Font shape `OT1/ptm/b/n' tried instead on input line 50.
 [1


{/var/lib/texmf/fonts/map/pdftex/updmap/pdftex.map}]pdfTeX warning (ext4): dest
ination with the same identifier (name{page.1}) has been already used, duplicat
e ignored
<to be read again> 
                   \relax 
l.90 \end{abstract}
                    [1]pdfTeX warning (ext4): destination with the same identif
ier (name{page.1}) has been already used, duplicate ignored
<to be read again> 
                   \relax 
l.128 \end{abstract}
                     [1])pdfTeX warning (ext4): destination with the same ident
ifier (name{page.1}) has been already used, duplicate ignored
<to be read again> 
                   \relax 
l.45 \include{title}
                    	% Titulna strana, Abstrakt, Prehlasenie [1]
LaTeX Font Info:    Font shape `T1/ptm/bx/n' in size <24.88> not available
(Font)              Font shape `T1/ptm/b/n' tried instead on input line 55.
 (./thesis.toc
[2


])
\tf@toc=\write3
\openout3 = `thesis.toc'.

 [3]
\openout2 = `uvod.aux'.

 (./uvod.tex
Kapitola 1.
LaTeX Font Info:    Font shape `T1/ptm/bx/n' in size <17.28> not available
(Font)              Font shape `T1/ptm/b/n' tried instead on input line 9.
Package epstopdf Info: Source file: <../diagrams/markovov_process.eps>
(epstopdf)                    date: 2016-03-31 10:42:07
(epstopdf)                    size: 43527 bytes
(epstopdf)             Output file: <../diagrams/markovov_process-eps-converted
-to.pdf>
(epstopdf)                    date: 2016-03-31 10:42:09
(epstopdf)                    size: 22543 bytes
(epstopdf)             Command: <epstopdf --outfile=../diagrams/markovov_proces
s-eps-converted-to.pdf ../diagrams/markovov_process.eps>
(epstopdf)             \includegraphics on input line 21.
Package epstopdf Info: Output file is already uptodate.

<../diagrams/markovov_process-eps-converted-to.pdf, id=84, 691.58376pt x 415.55
25pt>
File: ../diagrams/markovov_process-eps-converted-to.pdf Graphic file (type pdf)

 <use ../diagrams/markovov_process-eps-converted-to.pdf>
Package pdftex.def Info: ../diagrams/markovov_process-eps-converted-to.pdf used
 on input line 21.
(pdftex.def)             Requested size: 345.79103pt x 207.77574pt.
 [4



]
<../pictures/go2.jpg, id=93, 602.25pt x 318.18875pt>
File: ../pictures/go2.jpg Graphic file (type jpg)
 <use ../pictures/go2.jpg>
Package pdftex.def Info: ../pictures/go2.jpg used on input line 42.
(pdftex.def)             Requested size: 301.12425pt x 159.09398pt.
) [5 <../diagrams/markovov_process-eps-converted-to.pdf> <../pictures/go2.jpg>]
\openout2 = `learning_systems.aux'.


(./learning_systems.tex
Kapitola 2.
Package epstopdf Info: Source file: <../diagrams/adaptive_system.eps>
(epstopdf)                    date: 2016-03-03 14:07:58
(epstopdf)                    size: 31417 bytes
(epstopdf)             Output file: <../diagrams/adaptive_system-eps-converted-
to.pdf>
(epstopdf)                    date: 2016-03-03 14:09:50
(epstopdf)                    size: 14095 bytes
(epstopdf)             Command: <epstopdf --outfile=../diagrams/adaptive_system
-eps-converted-to.pdf ../diagrams/adaptive_system.eps>
(epstopdf)             \includegraphics on input line 17.
Package epstopdf Info: Output file is already uptodate.

<../diagrams/adaptive_system-eps-converted-to.pdf, id=102, 591.20876pt x 215.80
624pt>
File: ../diagrams/adaptive_system-eps-converted-to.pdf Graphic file (type pdf)
 <use ../diagrams/adaptive_system-eps-converted-to.pdf>
Package pdftex.def Info: ../diagrams/adaptive_system-eps-converted-to.pdf used 
on input line 17.
(pdftex.def)             Requested size: 354.72798pt x 129.48474pt.
 [6



 <../diagrams/adaptive_system-eps-converted-to.pdf>]
Overfull \hbox (0.67714pt too wide) in paragraph at lines 32--33
[]\T1/ptm/m/n/12 Cie©om je mi-ni-ma-li-zo-va´ $\OML/ztmcm/m/it/12 K\OT1/ztmcm/m
/n/12 (\OML/ztmcm/m/it/12 c\OT1/ztmcm/m/n/12 )$\T1/ptm/m/n/12 . Aby exis-to-val
 sú-£et tohto radu musí pla-ti´ $[][] \OML/ztmcm/m/it/12 e\OT1/ztmcm/m/n/12 (\O
ML/ztmcm/m/it/12 n\OT1/ztmcm/m/n/12 )[] =
 []

<../diagrams/agent.png, id=111, 219.82124pt x 174.6525pt>
File: ../diagrams/agent.png Graphic file (type png)

<use ../diagrams/agent.png>
Package pdftex.def Info: ../diagrams/agent.png used on input line 56.
(pdftex.def)             Requested size: 175.85722pt x 139.72218pt.
 [7] [8 <../diagrams/agent.png>] [9]
Package epstopdf Info: Source file: <../diagrams/rf_two_states.eps>
(epstopdf)                    date: 2016-03-21 19:22:17
(epstopdf)                    size: 13119 bytes
(epstopdf)             Output file: <../diagrams/rf_two_states-eps-converted-to
.pdf>
(epstopdf)                    date: 2016-03-21 19:23:17
(epstopdf)                    size: 7021 bytes
(epstopdf)             Command: <epstopdf --outfile=../diagrams/rf_two_states-e
ps-converted-to.pdf ../diagrams/rf_two_states.eps>
(epstopdf)             \includegraphics on input line 146.
Package epstopdf Info: Output file is already uptodate.

<../diagrams/rf_two_states-eps-converted-to.pdf, id=135, 288.07625pt x 191.7162
5pt>
File: ../diagrams/rf_two_states-eps-converted-to.pdf Graphic file (type pdf)
 <use ../diagrams/rf_two_states-eps-converted-to.pdf>
Package pdftex.def Info: ../diagrams/rf_two_states-eps-converted-to.pdf used on
 input line 146.
(pdftex.def)             Requested size: 172.84708pt x 115.03062pt.
Package epstopdf Info: Source file: <../diagrams/rf_more_states.eps>
(epstopdf)                    date: 2016-03-21 19:29:53
(epstopdf)                    size: 25297 bytes
(epstopdf)             Output file: <../diagrams/rf_more_states-eps-converted-t
o.pdf>
(epstopdf)                    date: 2016-03-21 19:30:01
(epstopdf)                    size: 12130 bytes
(epstopdf)             Command: <epstopdf --outfile=../diagrams/rf_more_states-
eps-converted-to.pdf ../diagrams/rf_more_states.eps>
(epstopdf)             \includegraphics on input line 165.
Package epstopdf Info: Output file is already uptodate.

<../diagrams/rf_more_states-eps-converted-to.pdf, id=137, 441.65pt x 203.76125p
t>
File: ../diagrams/rf_more_states-eps-converted-to.pdf Graphic file (type pdf)
 <use ../diagrams/rf_more_states-eps-converted-to.pdf>
Package pdftex.def Info: ../diagrams/rf_more_states-eps-converted-to.pdf used o
n input line 165.
(pdftex.def)             Requested size: 264.99203pt x 122.25768pt.
 [10 <../diagrams/rf_two_states-eps-converted-to.pdf> <../diagrams/rf_more_stat
es-eps-converted-to.pdf>]
Package epstopdf Info: Source file: <../diagrams/rf_cycle_states.eps>
(epstopdf)                    date: 2016-03-21 19:46:14
(epstopdf)                    size: 19633 bytes
(epstopdf)             Output file: <../diagrams/rf_cycle_states-eps-converted-
to.pdf>
(epstopdf)                    date: 2016-03-21 19:47:40
(epstopdf)                    size: 9599 bytes
(epstopdf)             Command: <epstopdf --outfile=../diagrams/rf_cycle_states
-eps-converted-to.pdf ../diagrams/rf_cycle_states.eps>
(epstopdf)             \includegraphics on input line 189.
Package epstopdf Info: Output file is already uptodate.

<../diagrams/rf_cycle_states-eps-converted-to.pdf, id=153, 420.57124pt x 232.87
pt>
File: ../diagrams/rf_cycle_states-eps-converted-to.pdf Graphic file (type pdf)
 <use ../diagrams/rf_cycle_states-eps-converted-to.pdf>
Package pdftex.def Info: ../diagrams/rf_cycle_states-eps-converted-to.pdf used 
on input line 189.
(pdftex.def)             Requested size: 252.3447pt x 139.72307pt.
 [11 <../diagrams/rf_cycle_states-eps-converted-to.pdf>] [12]
Package epstopdf Info: Source file: <../diagrams/single_state.eps>
(epstopdf)                    date: 2016-03-27 12:10:40
(epstopdf)                    size: 14583 bytes
(epstopdf)             Output file: <../diagrams/single_state-eps-converted-to.
pdf>
(epstopdf)                    date: 2016-03-27 12:11:17
(epstopdf)                    size: 7502 bytes
(epstopdf)             Command: <epstopdf --outfile=../diagrams/single_state-ep
s-converted-to.pdf ../diagrams/single_state.eps>
(epstopdf)             \includegraphics on input line 257.
Package epstopdf Info: Output file is already uptodate.

<../diagrams/single_state-eps-converted-to.pdf, id=183, 278.03876pt x 209.78375
pt>
File: ../diagrams/single_state-eps-converted-to.pdf Graphic file (type pdf)
 <use ../diagrams/single_state-eps-converted-to.pdf>
Package pdftex.def Info: ../diagrams/single_state-eps-converted-to.pdf used on 
input line 257.
(pdftex.def)             Requested size: 166.82454pt x 125.8712pt.
 [13 <../diagrams/single_state-eps-converted-to.pdf>]
<../../results_q_learning/nano_q_learning/summary_result_average_error_map.png,
 id=195, 770.88pt x 578.16pt>
File: ../../results_q_learning/nano_q_learning/summary_result_average_error_map
.png Graphic file (type png)

<use ../../results_q_learning/nano_q_learning/summary_result_average_error_map.
png>
Package pdftex.def Info: ../../results_q_learning/nano_q_learning/summary_resul
t_average_error_map.png used on input line 307.
(pdftex.def)             Requested size: 308.34654pt x 231.2599pt.


Package caption Warning: The option `hypcap=true' will be ignored for this
(caption)                particular \caption on input line 326.
See the caption package documentation for explanation.

[14 <../../results_q_learning/nano_q_learning/summary_result_average_error_map.
png>]
<../../results_q_learning/nano_q_learning/result_00/robot_path.png, id=228, 770
.88pt x 578.16pt>
File: ../../results_q_learning/nano_q_learning/result_00/robot_path.png Graphic
 file (type png)

<use ../../results_q_learning/nano_q_learning/result_00/robot_path.png>
Package pdftex.def Info: ../../results_q_learning/nano_q_learning/result_00/rob
ot_path.png used on input line 332.
(pdftex.def)             Requested size: 308.34654pt x 231.2599pt.

<../../results_q_learning/nano_q_learning/result_00/robot_reward.png, id=229, 7
70.88pt x 578.16pt>
File: ../../results_q_learning/nano_q_learning/result_00/robot_reward.png Graph
ic file (type png)

<use ../../results_q_learning/nano_q_learning/result_00/robot_reward.png>
Package pdftex.def Info: ../../results_q_learning/nano_q_learning/result_00/rob
ot_reward.png used on input line 339.
(pdftex.def)             Requested size: 308.34654pt x 231.2599pt.

<../../results_q_learning/nano_q_learning/result_03/robot_path.png, id=230, 770
.88pt x 578.16pt>
File: ../../results_q_learning/nano_q_learning/result_03/robot_path.png Graphic
 file (type png)

<use ../../results_q_learning/nano_q_learning/result_03/robot_path.png>
Package pdftex.def Info: ../../results_q_learning/nano_q_learning/result_03/rob
ot_path.png used on input line 348.
(pdftex.def)             Requested size: 308.34654pt x 231.2599pt.

<../../results_q_learning/nano_q_learning/result_03/robot_reward.png, id=231, 7
70.88pt x 578.16pt>
File: ../../results_q_learning/nano_q_learning/result_03/robot_reward.png Graph
ic file (type png)

<use ../../results_q_learning/nano_q_learning/result_03/robot_reward.png>
Package pdftex.def Info: ../../results_q_learning/nano_q_learning/result_03/rob
ot_reward.png used on input line 355.
(pdftex.def)             Requested size: 308.34654pt x 231.2599pt.

<../../results_q_learning/nano_q_learning/result_04_01/robot_path.png, id=232, 
770.88pt x 578.16pt>
File: ../../results_q_learning/nano_q_learning/result_04_01/robot_path.png Grap
hic file (type png)

<use ../../results_q_learning/nano_q_learning/result_04_01/robot_path.png>
Package pdftex.def Info: ../../results_q_learning/nano_q_learning/result_04_01/
robot_path.png used on input line 364.
(pdftex.def)             Requested size: 308.34654pt x 231.2599pt.

<../../results_q_learning/nano_q_learning/result_04_01/robot_reward.png, id=233
, 770.88pt x 578.16pt>
File: ../../results_q_learning/nano_q_learning/result_04_01/robot_reward.png Gr
aphic file (type png)

<use ../../results_q_learning/nano_q_learning/result_04_01/robot_reward.png>
Package pdftex.def Info: ../../results_q_learning/nano_q_learning/result_04_01/
robot_reward.png used on input line 371.
(pdftex.def)             Requested size: 308.34654pt x 231.2599pt.

<../../results_q_learning/nano_q_learning/result_04_02/robot_path.png, id=234, 
770.88pt x 578.16pt>
File: ../../results_q_learning/nano_q_learning/result_04_02/robot_path.png Grap
hic file (type png)

<use ../../results_q_learning/nano_q_learning/result_04_02/robot_path.png>
Package pdftex.def Info: ../../results_q_learning/nano_q_learning/result_04_02/
robot_path.png used on input line 381.
(pdftex.def)             Requested size: 308.34654pt x 231.2599pt.

<../../results_q_learning/nano_q_learning/result_04_02/robot_reward.png, id=235
, 770.88pt x 578.16pt>
File: ../../results_q_learning/nano_q_learning/result_04_02/robot_reward.png Gr
aphic file (type png)

<use ../../results_q_learning/nano_q_learning/result_04_02/robot_reward.png>
Package pdftex.def Info: ../../results_q_learning/nano_q_learning/result_04_02/
robot_reward.png used on input line 388.
(pdftex.def)             Requested size: 308.34654pt x 231.2599pt.

<../../results_q_learning/nano_q_learning/result_04_03/robot_path.png, id=236, 
770.88pt x 578.16pt>
File: ../../results_q_learning/nano_q_learning/result_04_03/robot_path.png Grap
hic file (type png)

<use ../../results_q_learning/nano_q_learning/result_04_03/robot_path.png>
Package pdftex.def Info: ../../results_q_learning/nano_q_learning/result_04_03/
robot_path.png used on input line 396.
(pdftex.def)             Requested size: 308.34654pt x 231.2599pt.

<../../results_q_learning/nano_q_learning/result_04_03/robot_reward.png, id=237
, 770.88pt x 578.16pt>
File: ../../results_q_learning/nano_q_learning/result_04_03/robot_reward.png Gr
aphic file (type png)

<use ../../results_q_learning/nano_q_learning/result_04_03/robot_reward.png>
Package pdftex.def Info: ../../results_q_learning/nano_q_learning/result_04_03/
robot_reward.png used on input line 403.
(pdftex.def)             Requested size: 308.34654pt x 231.2599pt.

<../../results_q_learning/nano_q_learning/result_04_04/robot_path.png, id=238, 
770.88pt x 578.16pt>
File: ../../results_q_learning/nano_q_learning/result_04_04/robot_path.png Grap
hic file (type png)

<use ../../results_q_learning/nano_q_learning/result_04_04/robot_path.png>
Package pdftex.def Info: ../../results_q_learning/nano_q_learning/result_04_04/
robot_path.png used on input line 410.
(pdftex.def)             Requested size: 308.34654pt x 231.2599pt.

<../../results_q_learning/nano_q_learning/result_04_04/robot_reward.png, id=239
, 770.88pt x 578.16pt>
File: ../../results_q_learning/nano_q_learning/result_04_04/robot_reward.png Gr
aphic file (type png)

<use ../../results_q_learning/nano_q_learning/result_04_04/robot_reward.png>
Package pdftex.def Info: ../../results_q_learning/nano_q_learning/result_04_04/
robot_reward.png used on input line 417.
(pdftex.def)             Requested size: 308.34654pt x 231.2599pt.

[15 <../../results_q_learning/nano_q_learning/result_00/robot_path.png> <../../
results_q_learning/nano_q_learning/result_00/robot_reward.png>]) [16 <../../res
ults_q_learning/nano_q_learning/result_03/robot_path.png> <../../results_q_lear
ning/nano_q_learning/result_03/robot_reward.png>] [17 <../../results_q_learning
/nano_q_learning/result_04_01/robot_path.png> <../../results_q_learning/nano_q_
learning/result_04_01/robot_reward.png>] [18 <../../results_q_learning/nano_q_l
earning/result_04_02/robot_path.png> <../../results_q_learning/nano_q_learning/
result_04_02/robot_reward.png>] [19 <../../results_q_learning/nano_q_learning/r
esult_04_03/robot_path.png> <../../results_q_learning/nano_q_learning/result_04
_03/robot_reward.png>] [20 <../../results_q_learning/nano_q_learning/result_04_
04/robot_path.png> <../../results_q_learning/nano_q_learning/result_04_04/robot
_reward.png>]
\openout2 = `q_learning.aux'.

 (./q_learning.tex
Kapitola 3.
[21



]
LaTeX Font Info:    Try loading font information for OMS+ptm on input line 37.
 (/usr/share/texlive/texmf-dist/tex/latex/psnfss/omsptm.fd
File: omsptm.fd 
)
LaTeX Font Info:    Font shape `OMS/ptm/m/n' in size <12> not available
(Font)              Font shape `OMS/cmsy/m/n' tried instead on input line 37.
Package epstopdf Info: Source file: <../diagrams/q_learning_detail.eps>
(epstopdf)                    date: 2016-03-04 23:22:42
(epstopdf)                    size: 47619 bytes
(epstopdf)             Output file: <../diagrams/q_learning_detail-eps-converte
d-to.pdf>
(epstopdf)                    date: 2016-03-04 23:22:45
(epstopdf)                    size: 22118 bytes
(epstopdf)             Command: <epstopdf --outfile=../diagrams/q_learning_deta
il-eps-converted-to.pdf ../diagrams/q_learning_detail.eps>
(epstopdf)             \includegraphics on input line 50.
Package epstopdf Info: Output file is already uptodate.

<../diagrams/q_learning_detail-eps-converted-to.pdf, id=299, 676.5275pt x 174.6
525pt>
File: ../diagrams/q_learning_detail-eps-converted-to.pdf Graphic file (type pdf
)
 <use ../diagrams/q_learning_detail-eps-converted-to.pdf>
Package pdftex.def Info: ../diagrams/q_learning_detail-eps-converted-to.pdf use
d on input line 50.
(pdftex.def)             Requested size: 405.91962pt x 104.7923pt.
Package epstopdf Info: Source file: <../diagrams/q_learning_table_01.eps>
(epstopdf)                    date: 2016-03-04 13:39:31
(epstopdf)                    size: 13502 bytes
(epstopdf)             Output file: <../diagrams/q_learning_table_01-eps-conver
ted-to.pdf>
(epstopdf)                    date: 2016-03-04 13:42:09
(epstopdf)                    size: 8001 bytes
(epstopdf)             Command: <epstopdf --outfile=../diagrams/q_learning_tabl
e_01-eps-converted-to.pdf ../diagrams/q_learning_table_01.eps>
(epstopdf)             \includegraphics on input line 78.
Package epstopdf Info: Output file is already uptodate.

<../diagrams/q_learning_table_01-eps-converted-to.pdf, id=301, 347.2975pt x 206
.7725pt>
File: ../diagrams/q_learning_table_01-eps-converted-to.pdf Graphic file (type p
df)
 <use ../diagrams/q_learning_table_01-eps-converted-to.pdf>
Package pdftex.def Info: ../diagrams/q_learning_table_01-eps-converted-to.pdf u
sed on input line 78.
(pdftex.def)             Requested size: 208.3801pt x 124.06445pt.
Package epstopdf Info: Source file: <../diagrams/q_learning_table_02.eps>
(epstopdf)                    date: 2016-03-04 13:40:05
(epstopdf)                    size: 13780 bytes
(epstopdf)             Output file: <../diagrams/q_learning_table_02-eps-conver
ted-to.pdf>
(epstopdf)                    date: 2016-03-04 13:42:09
(epstopdf)                    size: 8104 bytes
(epstopdf)             Command: <epstopdf --outfile=../diagrams/q_learning_tabl
e_02-eps-converted-to.pdf ../diagrams/q_learning_table_02.eps>
(epstopdf)             \includegraphics on input line 91.
Package epstopdf Info: Output file is already uptodate.

<../diagrams/q_learning_table_02-eps-converted-to.pdf, id=304, 347.2975pt x 211
.79124pt>
File: ../diagrams/q_learning_table_02-eps-converted-to.pdf Graphic file (type p
df)
 <use ../diagrams/q_learning_table_02-eps-converted-to.pdf>
Package pdftex.def Info: ../diagrams/q_learning_table_02-eps-converted-to.pdf u
sed on input line 91.
(pdftex.def)             Requested size: 208.3801pt x 127.07571pt.
Package epstopdf Info: Source file: <../diagrams/q_learning_table_03.eps>
(epstopdf)                    date: 2016-03-04 13:40:35
(epstopdf)                    size: 14058 bytes
(epstopdf)             Output file: <../diagrams/q_learning_table_03-eps-conver
ted-to.pdf>
(epstopdf)                    date: 2016-03-04 13:42:09
(epstopdf)                    size: 8187 bytes
(epstopdf)             Command: <epstopdf --outfile=../diagrams/q_learning_tabl
e_03-eps-converted-to.pdf ../diagrams/q_learning_table_03.eps>
(epstopdf)             \includegraphics on input line 98.
Package epstopdf Info: Output file is already uptodate.

<../diagrams/q_learning_table_03-eps-converted-to.pdf, id=305, 347.2975pt x 211
.79124pt>
File: ../diagrams/q_learning_table_03-eps-converted-to.pdf Graphic file (type p
df)
 <use ../diagrams/q_learning_table_03-eps-converted-to.pdf>
Package pdftex.def Info: ../diagrams/q_learning_table_03-eps-converted-to.pdf u
sed on input line 98.
(pdftex.def)             Requested size: 208.3801pt x 127.07571pt.
 [22 <../diagrams/q_learning_detail-eps-converted-to.pdf>] [23 <../diagrams/q_l
earning_table_01-eps-converted-to.pdf> <../diagrams/q_learning_table_02-eps-con
verted-to.pdf> <../diagrams/q_learning_table_03-eps-converted-to.pdf>]
Package epstopdf Info: Source file: <../diagrams/q_learning_table_04.eps>
(epstopdf)                    date: 2016-03-07 23:05:32
(epstopdf)                    size: 23198 bytes
(epstopdf)             Output file: <../diagrams/q_learning_table_04-eps-conver
ted-to.pdf>
(epstopdf)                    date: 2016-03-07 23:09:26
(epstopdf)                    size: 12119 bytes
(epstopdf)             Command: <epstopdf --outfile=../diagrams/q_learning_tabl
e_04-eps-converted-to.pdf ../diagrams/q_learning_table_04.eps>
(epstopdf)             \includegraphics on input line 116.
Package epstopdf Info: Output file is already uptodate.

<../diagrams/q_learning_table_04-eps-converted-to.pdf, id=335, 425.59pt x 232.8
7pt>
File: ../diagrams/q_learning_table_04-eps-converted-to.pdf Graphic file (type p
df)
 <use ../diagrams/q_learning_table_04-eps-converted-to.pdf>
Package pdftex.def Info: ../diagrams/q_learning_table_04-eps-converted-to.pdf u
sed on input line 116.
(pdftex.def)             Requested size: 255.35596pt x 139.72307pt.
Package epstopdf Info: Source file: <../diagrams/q_learning_table_05.eps>
(epstopdf)                    date: 2016-03-07 23:03:09
(epstopdf)                    size: 25861 bytes
(epstopdf)             Output file: <../diagrams/q_learning_table_05-eps-conver
ted-to.pdf>
(epstopdf)                    date: 2016-03-07 23:09:26
(epstopdf)                    size: 13255 bytes
(epstopdf)             Command: <epstopdf --outfile=../diagrams/q_learning_tabl
e_05-eps-converted-to.pdf ../diagrams/q_learning_table_05.eps>
(epstopdf)             \includegraphics on input line 129.
Package epstopdf Info: Output file is already uptodate.

<../diagrams/q_learning_table_05-eps-converted-to.pdf, id=338, 369.38pt x 232.8
7pt>
File: ../diagrams/q_learning_table_05-eps-converted-to.pdf Graphic file (type p
df)
 <use ../diagrams/q_learning_table_05-eps-converted-to.pdf>
Package pdftex.def Info: ../diagrams/q_learning_table_05-eps-converted-to.pdf u
sed on input line 129.
(pdftex.def)             Requested size: 221.6297pt x 139.72307pt.

Overfull \hbox (28.49348pt too wide) in paragraph at lines 134--136
[]\T1/ptm/m/n/12 Po prej-dení ce-lého grafu, kedy agent vy-ko-nal v²etky moºné 
ak-cie do-siahne fun-kcia $\OML/ztmcm/m/it/12 Q\OT1/ztmcm/m/n/12 (\OML/ztmcm/m/
it/12 s\OT1/ztmcm/m/n/12 (\OML/ztmcm/m/it/12 n\OT1/ztmcm/m/n/12 )\OML/ztmcm/m/i
t/12 ; a\OT1/ztmcm/m/n/12 (\OML/ztmcm/m/it/12 n\OT1/ztmcm/m/n/12 ))$
 []

Package epstopdf Info: Source file: <../diagrams/q_learning_table_06.eps>
(epstopdf)                    date: 2016-03-07 23:09:23
(epstopdf)                    size: 45189 bytes
(epstopdf)             Output file: <../diagrams/q_learning_table_06-eps-conver
ted-to.pdf>
(epstopdf)                    date: 2016-03-07 23:09:27
(epstopdf)                    size: 22230 bytes
(epstopdf)             Command: <epstopdf --outfile=../diagrams/q_learning_tabl
e_06-eps-converted-to.pdf ../diagrams/q_learning_table_06.eps>
(epstopdf)             \includegraphics on input line 147.
Package epstopdf Info: Output file is already uptodate.

<../diagrams/q_learning_table_06-eps-converted-to.pdf, id=340, 369.38pt x 274.0
2374pt>
File: ../diagrams/q_learning_table_06-eps-converted-to.pdf Graphic file (type p
df)
 <use ../diagrams/q_learning_table_06-eps-converted-to.pdf>
Package pdftex.def Info: ../diagrams/q_learning_table_06-eps-converted-to.pdf u
sed on input line 147.
(pdftex.def)             Requested size: 221.6297pt x 164.41551pt.
 [24 <../diagrams/q_learning_table_04-eps-converted-to.pdf> <../diagrams/q_lear
ning_table_05-eps-converted-to.pdf>]
LaTeX Font Info:    Font shape `OT1/ptm/bx/n' in size <17.28> not available
(Font)              Font shape `OT1/ptm/b/n' tried instead on input line 178.
LaTeX Font Info:    Font shape `OT1/ptm/bx/n' in size <10> not available
(Font)              Font shape `OT1/ptm/b/n' tried instead on input line 178.
 [25 <../diagrams/q_learning_table_06-eps-converted-to.pdf>]
Overfull \hbox (3.15962pt too wide) in paragraph at lines 196--198
[]\T1/ptm/m/n/12 Pre úlohy kde do sys-tému vstu-puje mnoho ne-zá-vis-lých vstu-
pov sa stáva im-plen-tá-cia Q(s(n),
 []

[26]
Underfull \hbox (badness 10000) in paragraph at lines 251--256

 []


Overfull \hbox (35.96259pt too wide) in paragraph at lines 257--261
[]\T1/ptm/m/n/12 Pre dis-krétny po-£et sta-vov a ak-cií je moºné de-fi-no-va´ t
a-bu©-kovú in-ter-pre-tá-ciu ako $\OML/ztmcm/m/it/12 Q[]\OT1/ztmcm/m/n/12 (\OML
/ztmcm/m/it/12 I[]\OT1/ztmcm/m/n/12 (\OML/ztmcm/m/it/12 n\OT1/ztmcm/m/n/12 )\OM
L/ztmcm/m/it/12 ; I[]\OT1/ztmcm/m/n/12 (\OML/ztmcm/m/it/12 n\OT1/ztmcm/m/n/12 )
)$\T1/ptm/m/n/12 .
 []

[27]
Package epstopdf Info: Source file: <../diagrams/neural_layers.eps>
(epstopdf)                    date: 2016-03-29 11:28:30
(epstopdf)                    size: 26458 bytes
(epstopdf)             Output file: <../diagrams/neural_layers-eps-converted-to
.pdf>
(epstopdf)                    date: 2016-03-29 11:30:08
(epstopdf)                    size: 11735 bytes
(epstopdf)             Command: <epstopdf --outfile=../diagrams/neural_layers-e
ps-converted-to.pdf ../diagrams/neural_layers.eps>
(epstopdf)             \includegraphics on input line 290.
Package epstopdf Info: Output file is already uptodate.

<../diagrams/neural_layers-eps-converted-to.pdf, id=383, 793.96625pt x 86.3225p
t>
File: ../diagrams/neural_layers-eps-converted-to.pdf Graphic file (type pdf)
 <use ../diagrams/neural_layers-eps-converted-to.pdf>
Package pdftex.def Info: ../diagrams/neural_layers-eps-converted-to.pdf used on
 input line 290.
(pdftex.def)             Requested size: 476.38342pt x 51.79388pt.

Overfull \hbox (29.47792pt too wide) in paragraph at lines 290--291
 [] 
 []

[28 <../diagrams/neural_layers-eps-converted-to.pdf>]
<../pictures/nn_functions.png, id=404, 770.88pt x 578.16pt>
File: ../pictures/nn_functions.png Graphic file (type png)

<use ../pictures/nn_functions.png>
Package pdftex.def Info: ../pictures/nn_functions.png used on input line 363.
(pdftex.def)             Requested size: 308.34654pt x 231.2599pt.
 [29]

LaTeX Warning: No positions in optional float specifier.
               Default added (so using `tbp') on input line 386.

<../pictures/cortical_column.jpg, id=419, 351.3125pt x 425.59pt>
File: ../pictures/cortical_column.jpg Graphic file (type jpg)

<use ../pictures/cortical_column.jpg>
Package pdftex.def Info: ../pictures/cortical_column.jpg used on input line 388
.
(pdftex.def)             Requested size: 140.5225pt x 170.23297pt.
 [30 <../pictures/nn_functions.png>]
[31 <../pictures/cortical_column.jpg>] [32]

LaTeX Warning: No positions in optional float specifier.
               Default added (so using `tbp') on input line 488.

<../pictures/knn_learing_result.png, id=448, 770.88pt x 578.16pt>
File: ../pictures/knn_learing_result.png Graphic file (type png)

<use ../pictures/knn_learing_result.png>
Package pdftex.def Info: ../pictures/knn_learing_result.png used on input line 
490.
(pdftex.def)             Requested size: 308.34654pt x 231.2599pt.
 [33 <../pictures/knn_learing_result.png>]

Package mathptmx Warning: There are no bold math fonts on input line 530.

[34]

LaTeX Warning: No positions in optional float specifier.
               Default added (so using `tbp') on input line 563.

<../pictures/gaussian_1D.png, id=469, 770.88pt x 578.16pt>
File: ../pictures/gaussian_1D.png Graphic file (type png)

<use ../pictures/gaussian_1D.png>
Package pdftex.def Info: ../pictures/gaussian_1D.png used on input line 565.
(pdftex.def)             Requested size: 308.34654pt x 231.2599pt.
 [35 <../pictures/gaussian_1D.png>]
LaTeX Font Info:    Font shape `OT1/ptm/bx/n' in size <14.4> not available
(Font)              Font shape `OT1/ptm/b/n' tried instead on input line 591.
LaTeX Font Info:    Font shape `OT1/ptm/bx/n' in size <10.95> not available
(Font)              Font shape `OT1/ptm/b/n' tried instead on input line 591.
LaTeX Font Info:    Font shape `OT1/ptm/bx/n' in size <8> not available
(Font)              Font shape `OT1/ptm/b/n' tried instead on input line 591.
 [36]
Underfull \hbox (badness 10000) in paragraph at lines 627--630

 []


Underfull \hbox (badness 10000) in paragraph at lines 644--647

 []


Overfull \hbox (8.76126pt too wide) in paragraph at lines 650--656
\T1/ptm/m/n/12 má-ciu $\OML/ztmcm/m/it/12 Q\OT1/ztmcm/m/n/12 (\OML/ztmcm/m/it/1
2 s\OT1/ztmcm/m/n/12 (\OML/ztmcm/m/it/12 n\OT1/ztmcm/m/n/12 )\OML/ztmcm/m/it/12
 ; a\OT1/ztmcm/m/n/12 (\OML/ztmcm/m/it/12 n\OT1/ztmcm/m/n/12 ))$ \T1/ptm/m/n/12
 by ve©mi dobre po-pí-sala Gaus-sova krivka []3.30[]. Ak by fun-kcia $\OML/ztmc
m/m/it/12 R\OT1/ztmcm/m/n/12 (\OML/ztmcm/m/it/12 s\OT1/ztmcm/m/n/12 (\OML/ztmcm
/m/it/12 n\OT1/ztmcm/m/n/12 )\OML/ztmcm/m/it/12 ; a\OT1/ztmcm/m/n/12 (\OML/ztmc
m/m/it/12 n\OT1/ztmcm/m/n/12 ))$
 []

[37])
Underfull \hbox (badness 10000) in paragraph at lines 675--79

 []

[38]
\openout2 = `experiment.aux'.

 (./experiment.tex
Kapitola 4.
[39



] [40]
Package epstopdf Info: Source file: <../diagrams/experiment_map_q_learning.eps>

(epstopdf)                    date: 2016-03-03 08:15:20
(epstopdf)                    size: 242876 bytes
(epstopdf)             Output file: <../diagrams/experiment_map_q_learning-eps-
converted-to.pdf>
(epstopdf)                    date: 2016-03-03 08:15:24
(epstopdf)                    size: 103023 bytes
(epstopdf)             Command: <epstopdf --outfile=../diagrams/experiment_map_
q_learning-eps-converted-to.pdf ../diagrams/experiment_map_q_learning.eps>
(epstopdf)             \includegraphics on input line 88.
Package epstopdf Info: Output file is already uptodate.

<../diagrams/experiment_map_q_learning-eps-converted-to.pdf, id=514, 1460.45625
pt x 819.06pt>
File: ../diagrams/experiment_map_q_learning-eps-converted-to.pdf Graphic file (
type pdf)

<use ../diagrams/experiment_map_q_learning-eps-converted-to.pdf>
Package pdftex.def Info: ../diagrams/experiment_map_q_learning-eps-converted-to
.pdf used on input line 88.
(pdftex.def)             Requested size: 438.14026pt x 245.7199pt.
 [41 <../diagrams/experiment_map_q_learning-eps-converted-to.pdf>]
Underfull \hbox (badness 10000) in paragraph at lines 123--125

 []


Underfull \hbox (badness 10000) in paragraph at lines 126--127

 []

[42]
Underfull \hbox (badness 10000) in paragraph at lines 131--132

 []


<../../results_q_learning/map_1/reward_value_surface.png, id=533, 770.88pt x 57
8.16pt>
File: ../../results_q_learning/map_1/reward_value_surface.png Graphic file (typ
e png)
 <use ../../results_q_learning/map_1/reward_value_surface.png>
Package pdftex.def Info: ../../results_q_learning/map_1/reward_value_surface.pn
g used on input line 145.
(pdftex.def)             Requested size: 308.34654pt x 231.2599pt.

<../../results_q_learning/map_1/function_type_1/iterations_10/action_best_value
_log_surface.png, id=534, 770.88pt x 578.16pt>
File: ../../results_q_learning/map_1/function_type_1/iterations_10/action_best_
value_log_surface.png Graphic file (type png)

<use ../../results_q_learning/map_1/function_type_1/iterations_10/action_best_v
alue_log_surface.png>
Package pdftex.def Info: ../../results_q_learning/map_1/function_type_1/iterati
ons_10/action_best_value_log_surface.png used on input line 153.
(pdftex.def)             Requested size: 308.34654pt x 231.2599pt.

<../../results_q_learning/map_1/function_type_2/iterations_10/action_best_value
_log_surface.png, id=535, 770.88pt x 578.16pt>
File: ../../results_q_learning/map_1/function_type_2/iterations_10/action_best_
value_log_surface.png Graphic file (type png)

<use ../../results_q_learning/map_1/function_type_2/iterations_10/action_best_v
alue_log_surface.png>
Package pdftex.def Info: ../../results_q_learning/map_1/function_type_2/iterati
ons_10/action_best_value_log_surface.png used on input line 159.
(pdftex.def)             Requested size: 308.34654pt x 231.2599pt.

<../../results_q_learning/map_1/function_type_3/iterations_10/action_best_value
_log_surface.png, id=536, 770.88pt x 578.16pt>
File: ../../results_q_learning/map_1/function_type_3/iterations_10/action_best_
value_log_surface.png Graphic file (type png)

<use ../../results_q_learning/map_1/function_type_3/iterations_10/action_best_v
alue_log_surface.png>
Package pdftex.def Info: ../../results_q_learning/map_1/function_type_3/iterati
ons_10/action_best_value_log_surface.png used on input line 167.
(pdftex.def)             Requested size: 308.34654pt x 231.2599pt.

<../../results_q_learning/map_1/function_type_4/iterations_10/action_best_value
_log_surface.png, id=537, 770.88pt x 578.16pt>
File: ../../results_q_learning/map_1/function_type_4/iterations_10/action_best_
value_log_surface.png Graphic file (type png)

<use ../../results_q_learning/map_1/function_type_4/iterations_10/action_best_v
alue_log_surface.png>
Package pdftex.def Info: ../../results_q_learning/map_1/function_type_4/iterati
ons_10/action_best_value_log_surface.png used on input line 173.
(pdftex.def)             Requested size: 308.34654pt x 231.2599pt.

<../../results_q_learning/map_1/function_type_1/q_learning_error.png, id=538, 7
70.88pt x 578.16pt>
File: ../../results_q_learning/map_1/function_type_1/q_learning_error.png Graph
ic file (type png)

<use ../../results_q_learning/map_1/function_type_1/q_learning_error.png>
Package pdftex.def Info: ../../results_q_learning/map_1/function_type_1/q_learn
ing_error.png used on input line 187.
(pdftex.def)             Requested size: 308.34654pt x 231.2599pt.

<../../results_q_learning/map_1/function_type_2/q_learning_error.png, id=539, 7
70.88pt x 578.16pt>
File: ../../results_q_learning/map_1/function_type_2/q_learning_error.png Graph
ic file (type png)

<use ../../results_q_learning/map_1/function_type_2/q_learning_error.png>
Package pdftex.def Info: ../../results_q_learning/map_1/function_type_2/q_learn
ing_error.png used on input line 194.
(pdftex.def)             Requested size: 308.34654pt x 231.2599pt.

[43 <../../results_q_learning/map_1/reward_value_surface.png>]
<../../results_q_learning/map_1/function_type_3/q_learning_error.png, id=548, 7
70.88pt x 578.16pt>
File: ../../results_q_learning/map_1/function_type_3/q_learning_error.png Graph
ic file (type png)

<use ../../results_q_learning/map_1/function_type_3/q_learning_error.png>
Package pdftex.def Info: ../../results_q_learning/map_1/function_type_3/q_learn
ing_error.png used on input line 208.
(pdftex.def)             Requested size: 308.34654pt x 231.2599pt.

<../../results_q_learning/map_1/function_type_4/q_learning_error.png, id=549, 7
70.88pt x 578.16pt>
File: ../../results_q_learning/map_1/function_type_4/q_learning_error.png Graph
ic file (type png)

<use ../../results_q_learning/map_1/function_type_4/q_learning_error.png>
Package pdftex.def Info: ../../results_q_learning/map_1/function_type_4/q_learn
ing_error.png used on input line 216.
(pdftex.def)             Requested size: 308.34654pt x 231.2599pt.

<../../results_q_learning/map_1/function_type_0/iterations_10/q_learning_result
.png, id=550, 770.88pt x 578.16pt>
File: ../../results_q_learning/map_1/function_type_0/iterations_10/q_learning_r
esult.png Graphic file (type png)

<use ../../results_q_learning/map_1/function_type_0/iterations_10/q_learning_re
sult.png>
Package pdftex.def Info: ../../results_q_learning/map_1/function_type_0/iterati
ons_10/q_learning_result.png used on input line 230.
(pdftex.def)             Requested size: 308.34654pt x 231.2599pt.

<../../results_q_learning/map_1/function_type_3/iterations_10/q_learning_result
.png, id=551, 770.88pt x 578.16pt>
File: ../../results_q_learning/map_1/function_type_3/iterations_10/q_learning_r
esult.png Graphic file (type png)

<use ../../results_q_learning/map_1/function_type_3/iterations_10/q_learning_re
sult.png>
Package pdftex.def Info: ../../results_q_learning/map_1/function_type_3/iterati
ons_10/q_learning_result.png used on input line 237.
(pdftex.def)             Requested size: 308.34654pt x 231.2599pt.

<../../results_q_learning/map_1/trials_average_results_progress.png, id=552, 77
0.88pt x 578.16pt>
File: ../../results_q_learning/map_1/trials_average_results_progress.png Graphi
c file (type png)

<use ../../results_q_learning/map_1/trials_average_results_progress.png>
Package pdftex.def Info: ../../results_q_learning/map_1/trials_average_results_
progress.png used on input line 248.
(pdftex.def)             Requested size: 308.34654pt x 231.2599pt.

[44pdfTeX warning (ext4): destination with the same identifier (name{equation.4
.3.2}) has been already used, duplicate ignored

\AtBegShi@Output ...ipout \box \AtBeginShipoutBox 
                                                  \fi \fi 
l.249 \end{figure}
                   <../../results_q_learning/map_1/function_type_1/iterations_1
0/action_best_value_log_surface.png> <../../results_q_learning/map_1/function_t
ype_2/iterations_10/action_best_value_log_surface.png>]
<../../results_q_learning/map_1/trials_average_results.png, id=561, 770.88pt x 
578.16pt>
File: ../../results_q_learning/map_1/trials_average_results.png Graphic file (t
ype png)
 <use ../../results_q_learning/map_1/trials_average_results.png>
Package pdftex.def Info: ../../results_q_learning/map_1/trials_average_results.
png used on input line 258.
(pdftex.def)             Requested size: 308.34654pt x 231.2599pt.

<../../results_q_learning/map_0/trials_average_results.png, id=562, 770.88pt x 
578.16pt>
File: ../../results_q_learning/map_0/trials_average_results.png Graphic file (t
ype png)
 <use ../../results_q_learning/map_0/trials_average_results.png>
Package pdftex.def Info: ../../results_q_learning/map_0/trials_average_results.
png used on input line 267.
(pdftex.def)             Requested size: 308.34654pt x 231.2599pt.

<../../results_q_learning/map_2/trials_average_results.png, id=563, 770.88pt x 
578.16pt>
File: ../../results_q_learning/map_2/trials_average_results.png Graphic file (t
ype png)
 <use ../../results_q_learning/map_2/trials_average_results.png>
Package pdftex.def Info: ../../results_q_learning/map_2/trials_average_results.
png used on input line 275.
(pdftex.def)             Requested size: 308.34654pt x 231.2599pt.

<../../results_q_learning/map_3/trials_average_results.png, id=564, 770.88pt x 
578.16pt>
File: ../../results_q_learning/map_3/trials_average_results.png Graphic file (t
ype png)
 <use ../../results_q_learning/map_3/trials_average_results.png>
Package pdftex.def Info: ../../results_q_learning/map_3/trials_average_results.
png used on input line 283.
(pdftex.def)             Requested size: 308.34654pt x 231.2599pt.

[45 <../../results_q_learning/map_1/function_type_3/iterations_10/action_best_v
alue_log_surface.png> <../../results_q_learning/map_1/function_type_4/iteration
s_10/action_best_value_log_surface.png>]) [46 <../../results_q_learning/map_1/f
unction_type_1/q_learning_error.png> <../../results_q_learning/map_1/function_t
ype_2/q_learning_error.png>] [47 <../../results_q_learning/map_1/function_type_
3/q_learning_error.png> <../../results_q_learning/map_1/function_type_4/q_learn
ing_error.png>] [48 <../../results_q_learning/map_1/function_type_0/iterations_
10/q_learning_result.png> <../../results_q_learning/map_1/function_type_3/itera
tions_10/q_learning_result.png>] [49 <../../results_q_learning/map_1/trials_ave
rage_results_progress.png> <../../results_q_learning/map_1/trials_average_resul
ts.png>] [50 <../../results_q_learning/map_0/trials_average_results.png> <../..
/results_q_learning/map_2/trials_average_results.png>] [51 <../../results_q_lea
rning/map_3/trials_average_results.png>]
\openout2 = `lit.aux'.

 (./lit.tex
LaTeX Font Info:    Try loading font information for T1+cmtt on input line 7.

(/usr/share/texlive/texmf-dist/tex/latex/base/t1cmtt.fd
File: t1cmtt.fd 1999/05/25 v2.5h Standard LaTeX font definitions
)
Underfull \hbox (badness 6188) in paragraph at lines 17--19
[]\T1/ptm/m/n/12 Kolomongorov te-orém, stru£ne []$\T1/cmtt/m/n/12 https : / / e
n . wikipedia . org / wiki / Universal _
 []

) [52



]
Package atveryend Info: Empty hook `BeforeClearDocument' on input line 86.
Package atveryend Info: Empty hook `AfterLastShipout' on input line 86.
 (./thesis.aux (./title.aux) (./uvod.aux) (./learning_systems.aux)
(./q_learning.aux) (./experiment.aux) (./lit.aux))
Package atveryend Info: Executing hook `AtVeryEndDocument' on input line 86.
Package atveryend Info: Empty hook `AtEndAfterFileList' on input line 86.


LaTeX Warning: There were multiply-defined labels.

Package atveryend Info: Empty hook `AtVeryVeryEnd' on input line 86.
 ) 
Here is how much of TeX's memory you used:
 13511 strings out of 493304
 200257 string characters out of 6139872
 266414 words of memory out of 5000000
 16463 multiletter control sequences out of 15000+600000
 87911 words of font info for 142 fonts, out of 8000000 for 9000
 957 hyphenation exceptions out of 8191
 36i,17n,43p,267b,533s stack positions out of 5000i,500n,10000p,200000b,80000s
{/usr/share/texmf/fonts/enc/dvips/cm-super/cm-super-t1.enc}{/usr/share/texliv
e/texmf-dist/fonts/enc/dvips/base/8r.enc}</usr/share/texlive/texmf-dist/fonts/t
ype1/public/amsfonts/cm/cmex10.pfb></usr/share/texlive/texmf-dist/fonts/type1/p
ublic/amsfonts/cm/cmmi10.pfb></usr/share/texlive/texmf-dist/fonts/type1/public/
amsfonts/cm/cmr10.pfb></usr/share/texlive/texmf-dist/fonts/type1/public/amsfont
s/cm/cmsy10.pfb></usr/share/texlive/texmf-dist/fonts/type1/public/amsfonts/symb
ols/msbm10.pfb></usr/share/texmf/fonts/type1/public/cm-super/sftt1200.pfb></usr
/share/texlive/texmf-dist/fonts/type1/urw/symbol/usyr.pfb></usr/share/texlive/t
exmf-dist/fonts/type1/urw/symbol/usyr.pfb></usr/share/texlive/texmf-dist/fonts/
type1/urw/times/utmb8a.pfb></usr/share/texlive/texmf-dist/fonts/type1/urw/times
/utmr8a.pfb></usr/share/texlive/texmf-dist/fonts/type1/urw/times/utmri8a.pfb>
Output written on thesis.pdf (55 pages, 1456643 bytes).
PDF statistics:
 719 PDF objects out of 1000 (max. 8388607)
 563 compressed objects within 6 object streams
 218 named destinations out of 1000 (max. 500000)
 251 words of extra memory for PDF output out of 10000 (max. 10000000)

