This is pdfTeX, Version 3.1415926-2.5-1.40.14 (TeX Live 2013/Debian) (format=pdflatex 2016.3.1)  7 MAR 2016 23:10
entering extended mode
 \write18 enabled.
 %&-line parsing enabled.
**presentation.tex
(./presentation.tex
LaTeX2e <2011/06/27>
Babel <3.9h> and hyphenation patterns for 78 languages loaded.
(/usr/share/texmf/tex/latex/beamer/base/beamer.cls
(/usr/share/texmf/tex/latex/beamer/base/beamerbasercs.sty
Package: beamerbasercs 2012/11/13 (rcs-revision cb16a617839f)
)
Document Class: beamer 2012/10/15 development version 3.24 A class for typesett
ing presentations (rcs-revision 24853e6b98cf)
(/usr/share/texmf/tex/latex/beamer/base/beamerbasemodes.sty
Package: beamerbasemodes 2012/04/15 (rcs-revision cc6557182d97)
\beamer@tempbox=\box26
\beamer@tempcount=\count79
\c@beamerpauses=\count80

(/usr/share/texmf/tex/latex/beamer/base/beamerbasedecode.sty
Package: beamerbasedecode 2010/05/01 (rcs-revision efa082c6111d)
\beamer@slideinframe=\count81
\beamer@minimum=\count82
)
\beamer@commentbox=\box27
\beamer@modecount=\count83
)
(/usr/share/texlive/texmf-dist/tex/generic/oberdiek/ifpdf.sty
Package: ifpdf 2011/01/30 v2.3 Provides the ifpdf switch (HO)
Package ifpdf Info: pdfTeX in PDF mode is detected.
)
\headheight=\dimen102
\headdp=\dimen103
\footheight=\dimen104
\sidebarheight=\dimen105
\beamer@tempdim=\dimen106
\beamer@finalheight=\dimen107
\beamer@animht=\dimen108
\beamer@animdp=\dimen109
\beamer@animwd=\dimen110
\beamer@leftmargin=\dimen111
\beamer@rightmargin=\dimen112
\beamer@leftsidebar=\dimen113
\beamer@rightsidebar=\dimen114
\beamer@boxsize=\dimen115
\beamer@vboxoffset=\dimen116
\beamer@descdefault=\dimen117
\beamer@descriptionwidth=\dimen118
\beamer@lastskip=\skip41
\beamer@areabox=\box28
\beamer@animcurrent=\box29
\beamer@animshowbox=\box30
\beamer@sectionbox=\box31
\beamer@logobox=\box32
\beamer@linebox=\box33
\beamer@sectioncount=\count84
\beamer@subsubsectionmax=\count85
\beamer@subsectionmax=\count86
\beamer@sectionmax=\count87
\beamer@totalheads=\count88
\beamer@headcounter=\count89
\beamer@partstartpage=\count90
\beamer@sectionstartpage=\count91
\beamer@subsectionstartpage=\count92
\beamer@animationtempa=\count93
\beamer@animationtempb=\count94
\beamer@xpos=\count95
\beamer@ypos=\count96
\beamer@showpartnumber=\count97
\beamer@currentsubsection=\count98
\beamer@coveringdepth=\count99
\beamer@sectionadjust=\count100
\beamer@tocsectionnumber=\count101

(/usr/share/texmf/tex/latex/beamer/base/beamerbaseoptions.sty
Package: beamerbaseoptions 2010/04/27 (rcs-revision 982469101dd6)

(/usr/share/texlive/texmf-dist/tex/latex/graphics/keyval.sty
Package: keyval 1999/03/16 v1.13 key=value parser (DPC)
\KV@toks@=\toks14
))
\beamer@paperwidth=\skip42
\beamer@paperheight=\skip43

(/usr/share/texlive/texmf-dist/tex/latex/geometry/geometry.sty
Package: geometry 2010/09/12 v5.6 Page Geometry

(/usr/share/texlive/texmf-dist/tex/generic/oberdiek/ifvtex.sty
Package: ifvtex 2010/03/01 v1.5 Detect VTeX and its facilities (HO)
Package ifvtex Info: VTeX not detected.
)
(/usr/share/texlive/texmf-dist/tex/generic/ifxetex/ifxetex.sty
Package: ifxetex 2010/09/12 v0.6 Provides ifxetex conditional
)
\Gm@cnth=\count102
\Gm@cntv=\count103
\c@Gm@tempcnt=\count104
\Gm@bindingoffset=\dimen119
\Gm@wd@mp=\dimen120
\Gm@odd@mp=\dimen121
\Gm@even@mp=\dimen122
\Gm@layoutwidth=\dimen123
\Gm@layoutheight=\dimen124
\Gm@layouthoffset=\dimen125
\Gm@layoutvoffset=\dimen126
\Gm@dimlist=\toks15
)
(/usr/share/texlive/texmf-dist/tex/latex/base/size11.clo
File: size11.clo 2007/10/19 v1.4h Standard LaTeX file (size option)
)
(/usr/share/texmf/tex/latex/pgf/basiclayer/pgfcore.sty
(/usr/share/texlive/texmf-dist/tex/latex/graphics/graphicx.sty
Package: graphicx 1999/02/16 v1.0f Enhanced LaTeX Graphics (DPC,SPQR)

(/usr/share/texlive/texmf-dist/tex/latex/graphics/graphics.sty
Package: graphics 2009/02/05 v1.0o Standard LaTeX Graphics (DPC,SPQR)

(/usr/share/texlive/texmf-dist/tex/latex/graphics/trig.sty
Package: trig 1999/03/16 v1.09 sin cos tan (DPC)
)
(/usr/share/texlive/texmf-dist/tex/latex/latexconfig/graphics.cfg
File: graphics.cfg 2010/04/23 v1.9 graphics configuration of TeX Live
)
Package graphics Info: Driver file: pdftex.def on input line 91.

(/usr/share/texlive/texmf-dist/tex/latex/pdftex-def/pdftex.def
File: pdftex.def 2011/05/27 v0.06d Graphics/color for pdfTeX

(/usr/share/texlive/texmf-dist/tex/generic/oberdiek/infwarerr.sty
Package: infwarerr 2010/04/08 v1.3 Providing info/warning/error messages (HO)
)
(/usr/share/texlive/texmf-dist/tex/generic/oberdiek/ltxcmds.sty
Package: ltxcmds 2011/11/09 v1.22 LaTeX kernel commands for general use (HO)
)
\Gread@gobject=\count105
))
\Gin@req@height=\dimen127
\Gin@req@width=\dimen128
)
(/usr/share/texmf/tex/latex/pgf/systemlayer/pgfsys.sty
(/usr/share/texmf/tex/latex/pgf/utilities/pgfrcs.sty
(/usr/share/texmf/tex/generic/pgf/utilities/pgfutil-common.tex
\pgfutil@everybye=\toks16
)
(/usr/share/texmf/tex/generic/pgf/utilities/pgfutil-latex.def
\pgfutil@abb=\box34

(/usr/share/texlive/texmf-dist/tex/latex/ms/everyshi.sty
Package: everyshi 2001/05/15 v3.00 EveryShipout Package (MS)
))
(/usr/share/texmf/tex/generic/pgf/utilities/pgfrcs.code.tex
Package: pgfrcs 2010/10/25 v2.10 (rcs-revision 1.24)
))
(/usr/share/texmf/tex/generic/pgf/systemlayer/pgfsys.code.tex
Package: pgfsys 2010/06/30 v2.10 (rcs-revision 1.37)

(/usr/share/texmf/tex/generic/pgf/utilities/pgfkeys.code.tex
\pgfkeys@pathtoks=\toks17
\pgfkeys@temptoks=\toks18

(/usr/share/texmf/tex/generic/pgf/utilities/pgfkeysfiltered.code.tex
\pgfkeys@tmptoks=\toks19
))
\pgf@x=\dimen129
\pgf@y=\dimen130
\pgf@xa=\dimen131
\pgf@ya=\dimen132
\pgf@xb=\dimen133
\pgf@yb=\dimen134
\pgf@xc=\dimen135
\pgf@yc=\dimen136
\w@pgf@writea=\write3
\r@pgf@reada=\read1
\c@pgf@counta=\count106
\c@pgf@countb=\count107
\c@pgf@countc=\count108
\c@pgf@countd=\count109

(/usr/share/texmf/tex/generic/pgf/systemlayer/pgf.cfg
File: pgf.cfg 2008/05/14  (rcs-revision 1.7)
)
Package pgfsys Info: Driver file for pgf: pgfsys-pdftex.def on input line 900.

(/usr/share/texmf/tex/generic/pgf/systemlayer/pgfsys-pdftex.def
File: pgfsys-pdftex.def 2009/05/22  (rcs-revision 1.26)

(/usr/share/texmf/tex/generic/pgf/systemlayer/pgfsys-common-pdf.def
File: pgfsys-common-pdf.def 2008/05/19  (rcs-revision 1.10)
)))
(/usr/share/texmf/tex/generic/pgf/systemlayer/pgfsyssoftpath.code.tex
File: pgfsyssoftpath.code.tex 2008/07/18  (rcs-revision 1.7)
\pgfsyssoftpath@smallbuffer@items=\count110
\pgfsyssoftpath@bigbuffer@items=\count111
)
(/usr/share/texmf/tex/generic/pgf/systemlayer/pgfsysprotocol.code.tex
File: pgfsysprotocol.code.tex 2006/10/16  (rcs-revision 1.4)
))
(/usr/share/texmf/tex/latex/xcolor/xcolor.sty
Package: xcolor 2007/01/21 v2.11 LaTeX color extensions (UK)

(/usr/share/texlive/texmf-dist/tex/latex/latexconfig/color.cfg
File: color.cfg 2007/01/18 v1.5 color configuration of teTeX/TeXLive
)
Package xcolor Info: Driver file: pdftex.def on input line 225.
Package xcolor Info: Model `cmy' substituted by `cmy0' on input line 1337.
Package xcolor Info: Model `hsb' substituted by `rgb' on input line 1341.
Package xcolor Info: Model `RGB' extended on input line 1353.
Package xcolor Info: Model `HTML' substituted by `rgb' on input line 1355.
Package xcolor Info: Model `Hsb' substituted by `hsb' on input line 1356.
Package xcolor Info: Model `tHsb' substituted by `hsb' on input line 1357.
Package xcolor Info: Model `HSB' substituted by `hsb' on input line 1358.
Package xcolor Info: Model `Gray' substituted by `gray' on input line 1359.
Package xcolor Info: Model `wave' substituted by `hsb' on input line 1360.

(/usr/share/texlive/texmf-dist/tex/latex/graphics/dvipsnam.def
File: dvipsnam.def 1999/02/16 v3.0i Driver-dependant file (DPC,SPQR)
))
(/usr/share/texmf/tex/generic/pgf/basiclayer/pgfcore.code.tex
Package: pgfcore 2010/04/11 v2.10 (rcs-revision 1.7)

(/usr/share/texmf/tex/generic/pgf/math/pgfmath.code.tex
(/usr/share/texmf/tex/generic/pgf/math/pgfmathcalc.code.tex
(/usr/share/texmf/tex/generic/pgf/math/pgfmathutil.code.tex)
(/usr/share/texmf/tex/generic/pgf/math/pgfmathparser.code.tex
\pgfmath@dimen=\dimen137
\pgfmath@count=\count112
\pgfmath@box=\box35
\pgfmath@toks=\toks20
\pgfmath@stack@operand=\toks21
\pgfmath@stack@operation=\toks22
)
(/usr/share/texmf/tex/generic/pgf/math/pgfmathfunctions.code.tex
(/usr/share/texmf/tex/generic/pgf/math/pgfmathfunctions.basic.code.tex)
(/usr/share/texmf/tex/generic/pgf/math/pgfmathfunctions.trigonometric.code.tex)
(/usr/share/texmf/tex/generic/pgf/math/pgfmathfunctions.random.code.tex)
(/usr/share/texmf/tex/generic/pgf/math/pgfmathfunctions.comparison.code.tex)
(/usr/share/texmf/tex/generic/pgf/math/pgfmathfunctions.base.code.tex)
(/usr/share/texmf/tex/generic/pgf/math/pgfmathfunctions.round.code.tex)
(/usr/share/texmf/tex/generic/pgf/math/pgfmathfunctions.misc.code.tex)))
(/usr/share/texmf/tex/generic/pgf/math/pgfmathfloat.code.tex
\c@pgfmathroundto@lastzeros=\count113
))
(/usr/share/texmf/tex/generic/pgf/basiclayer/pgfcorepoints.code.tex
File: pgfcorepoints.code.tex 2010/04/09  (rcs-revision 1.20)
\pgf@picminx=\dimen138
\pgf@picmaxx=\dimen139
\pgf@picminy=\dimen140
\pgf@picmaxy=\dimen141
\pgf@pathminx=\dimen142
\pgf@pathmaxx=\dimen143
\pgf@pathminy=\dimen144
\pgf@pathmaxy=\dimen145
\pgf@xx=\dimen146
\pgf@xy=\dimen147
\pgf@yx=\dimen148
\pgf@yy=\dimen149
\pgf@zx=\dimen150
\pgf@zy=\dimen151
)
(/usr/share/texmf/tex/generic/pgf/basiclayer/pgfcorepathconstruct.code.tex
File: pgfcorepathconstruct.code.tex 2010/08/03  (rcs-revision 1.24)
\pgf@path@lastx=\dimen152
\pgf@path@lasty=\dimen153
)
(/usr/share/texmf/tex/generic/pgf/basiclayer/pgfcorepathusage.code.tex
File: pgfcorepathusage.code.tex 2008/04/22  (rcs-revision 1.12)
\pgf@shorten@end@additional=\dimen154
\pgf@shorten@start@additional=\dimen155
)
(/usr/share/texmf/tex/generic/pgf/basiclayer/pgfcorescopes.code.tex
File: pgfcorescopes.code.tex 2010/09/08  (rcs-revision 1.34)
\pgfpic=\box36
\pgf@hbox=\box37
\pgf@layerbox@main=\box38
\pgf@picture@serial@count=\count114
)
(/usr/share/texmf/tex/generic/pgf/basiclayer/pgfcoregraphicstate.code.tex
File: pgfcoregraphicstate.code.tex 2008/04/22  (rcs-revision 1.9)
\pgflinewidth=\dimen156
)
(/usr/share/texmf/tex/generic/pgf/basiclayer/pgfcoretransformations.code.tex
File: pgfcoretransformations.code.tex 2009/06/10  (rcs-revision 1.11)
\pgf@pt@x=\dimen157
\pgf@pt@y=\dimen158
\pgf@pt@temp=\dimen159
)
(/usr/share/texmf/tex/generic/pgf/basiclayer/pgfcorequick.code.tex
File: pgfcorequick.code.tex 2008/10/09  (rcs-revision 1.3)
)
(/usr/share/texmf/tex/generic/pgf/basiclayer/pgfcoreobjects.code.tex
File: pgfcoreobjects.code.tex 2006/10/11  (rcs-revision 1.2)
)
(/usr/share/texmf/tex/generic/pgf/basiclayer/pgfcorepathprocessing.code.tex
File: pgfcorepathprocessing.code.tex 2008/10/09  (rcs-revision 1.8)
)
(/usr/share/texmf/tex/generic/pgf/basiclayer/pgfcorearrows.code.tex
File: pgfcorearrows.code.tex 2008/04/23  (rcs-revision 1.11)
)
(/usr/share/texmf/tex/generic/pgf/basiclayer/pgfcoreshade.code.tex
File: pgfcoreshade.code.tex 2008/11/23  (rcs-revision 1.13)
\pgf@max=\dimen160
\pgf@sys@shading@range@num=\count115
)
(/usr/share/texmf/tex/generic/pgf/basiclayer/pgfcoreimage.code.tex
File: pgfcoreimage.code.tex 2010/03/25  (rcs-revision 1.16)

(/usr/share/texmf/tex/generic/pgf/basiclayer/pgfcoreexternal.code.tex
File: pgfcoreexternal.code.tex 2010/09/01  (rcs-revision 1.17)
\pgfexternal@startupbox=\box39
))
(/usr/share/texmf/tex/generic/pgf/basiclayer/pgfcorelayers.code.tex
File: pgfcorelayers.code.tex 2010/08/27  (rcs-revision 1.2)
)
(/usr/share/texmf/tex/generic/pgf/basiclayer/pgfcoretransparency.code.tex
File: pgfcoretransparency.code.tex 2008/01/17  (rcs-revision 1.2)
)
(/usr/share/texmf/tex/generic/pgf/basiclayer/pgfcorepatterns.code.tex
File: pgfcorepatterns.code.tex 2009/07/02  (rcs-revision 1.3)
)))
(/usr/share/texmf/tex/latex/pgf/utilities/xxcolor.sty
Package: xxcolor 2003/10/24 ver 0.1
\XC@nummixins=\count116
\XC@countmixins=\count117
)
(/usr/share/texlive/texmf-dist/tex/latex/hyperref/hyperref.sty
Package: hyperref 2012/11/06 v6.83m Hypertext links for LaTeX

(/usr/share/texlive/texmf-dist/tex/generic/oberdiek/hobsub-hyperref.sty
Package: hobsub-hyperref 2012/05/28 v1.13 Bundle oberdiek, subset hyperref (HO)


(/usr/share/texlive/texmf-dist/tex/generic/oberdiek/hobsub-generic.sty
Package: hobsub-generic 2012/05/28 v1.13 Bundle oberdiek, subset generic (HO)
Package: hobsub 2012/05/28 v1.13 Construct package bundles (HO)
Package hobsub Info: Skipping package `infwarerr' (already loaded).
Package hobsub Info: Skipping package `ltxcmds' (already loaded).
Package: ifluatex 2010/03/01 v1.3 Provides the ifluatex switch (HO)
Package ifluatex Info: LuaTeX not detected.
Package hobsub Info: Skipping package `ifvtex' (already loaded).
Package: intcalc 2007/09/27 v1.1 Expandable calculations with integers (HO)
Package hobsub Info: Skipping package `ifpdf' (already loaded).
Package: etexcmds 2011/02/16 v1.5 Avoid name clashes with e-TeX commands (HO)
Package etexcmds Info: Could not find \expanded.
(etexcmds)             That can mean that you are not using pdfTeX 1.50 or
(etexcmds)             that some package has redefined \expanded.
(etexcmds)             In the latter case, load this package earlier.
Package: kvsetkeys 2012/04/25 v1.16 Key value parser (HO)
Package: kvdefinekeys 2011/04/07 v1.3 Define keys (HO)
Package: pdftexcmds 2011/11/29 v0.20 Utility functions of pdfTeX for LuaTeX (HO
)
Package pdftexcmds Info: LuaTeX not detected.
Package pdftexcmds Info: \pdf@primitive is available.
Package pdftexcmds Info: \pdf@ifprimitive is available.
Package pdftexcmds Info: \pdfdraftmode found.
Package: pdfescape 2011/11/25 v1.13 Implements pdfTeX's escape features (HO)
Package: bigintcalc 2012/04/08 v1.3 Expandable calculations on big integers (HO
)
Package: bitset 2011/01/30 v1.1 Handle bit-vector datatype (HO)
Package: uniquecounter 2011/01/30 v1.2 Provide unlimited unique counter (HO)
)
Package hobsub Info: Skipping package `hobsub' (already loaded).
Package: letltxmacro 2010/09/02 v1.4 Let assignment for LaTeX macros (HO)
Package: hopatch 2012/05/28 v1.2 Wrapper for package hooks (HO)
Package: xcolor-patch 2011/01/30 xcolor patch
Package: atveryend 2011/06/30 v1.8 Hooks at the very end of document (HO)
Package atveryend Info: \enddocument detected (standard20110627).
Package: atbegshi 2011/10/05 v1.16 At begin shipout hook (HO)
Package: refcount 2011/10/16 v3.4 Data extraction from label references (HO)
Package: hycolor 2011/01/30 v1.7 Color options for hyperref/bookmark (HO)
)
(/usr/share/texlive/texmf-dist/tex/latex/oberdiek/auxhook.sty
Package: auxhook 2011/03/04 v1.3 Hooks for auxiliary files (HO)
)
(/usr/share/texlive/texmf-dist/tex/latex/oberdiek/kvoptions.sty
Package: kvoptions 2011/06/30 v3.11 Key value format for package options (HO)
)
\@linkdim=\dimen161
\Hy@linkcounter=\count118
\Hy@pagecounter=\count119

(/usr/share/texlive/texmf-dist/tex/latex/hyperref/pd1enc.def
File: pd1enc.def 2012/11/06 v6.83m Hyperref: PDFDocEncoding definition (HO)
)
\Hy@SavedSpaceFactor=\count120

(/usr/share/texlive/texmf-dist/tex/latex/latexconfig/hyperref.cfg
File: hyperref.cfg 2002/06/06 v1.2 hyperref configuration of TeXLive
)
Package hyperref Info: Option `bookmarks' set `true' on input line 4319.
Package hyperref Info: Option `bookmarksopen' set `true' on input line 4319.
Package hyperref Info: Option `implicit' set `false' on input line 4319.
Package hyperref Info: Hyper figures OFF on input line 4443.
Package hyperref Info: Link nesting OFF on input line 4448.
Package hyperref Info: Hyper index ON on input line 4451.
Package hyperref Info: Plain pages OFF on input line 4458.
Package hyperref Info: Backreferencing OFF on input line 4463.
Package hyperref Info: Implicit mode OFF; no redefinition of LaTeX internals.
Package hyperref Info: Bookmarks ON on input line 4688.
\c@Hy@tempcnt=\count121

(/usr/share/texlive/texmf-dist/tex/latex/url/url.sty
\Urlmuskip=\muskip10
Package: url 2013/09/16  ver 3.4  Verb mode for urls, etc.
)
LaTeX Info: Redefining \url on input line 5041.
\XeTeXLinkMargin=\dimen162
\Fld@menulength=\count122
\Field@Width=\dimen163
\Fld@charsize=\dimen164
Package hyperref Info: Hyper figures OFF on input line 6295.
Package hyperref Info: Link nesting OFF on input line 6300.
Package hyperref Info: Hyper index ON on input line 6303.
Package hyperref Info: backreferencing OFF on input line 6310.
Package hyperref Info: Link coloring OFF on input line 6315.
Package hyperref Info: Link coloring with OCG OFF on input line 6320.
Package hyperref Info: PDF/A mode OFF on input line 6325.
LaTeX Info: Redefining \ref on input line 6365.
LaTeX Info: Redefining \pageref on input line 6369.
\Hy@abspage=\count123


Package hyperref Message: Stopped early.

)

Package hyperref Message: Driver (autodetected): hpdftex.

(/usr/share/texlive/texmf-dist/tex/latex/hyperref/hpdftex.def
File: hpdftex.def 2012/11/06 v6.83m Hyperref driver for pdfTeX
\Fld@listcount=\count124
\c@bookmark@seq@number=\count125

(/usr/share/texlive/texmf-dist/tex/latex/oberdiek/rerunfilecheck.sty
Package: rerunfilecheck 2011/04/15 v1.7 Rerun checks for auxiliary files (HO)
Package uniquecounter Info: New unique counter `rerunfilecheck' on input line 2
82.
))
(/usr/share/texmf/tex/latex/beamer/base/beamerbaserequires.sty
Package: beamerbaserequires 2010/05/01  (rcs-revision efa082c6111d)

(/usr/share/texmf/tex/latex/beamer/base/beamerbasecompatibility.sty
Package: beamerbasecompatibility 2012/05/01  (rcs-revision 67c48b3b652d)
)
(/usr/share/texmf/tex/latex/beamer/base/beamerbasefont.sty
Package: beamerbasefont 2012/09/19  (rcs-revision 733629cd0c6c)

(/usr/share/texlive/texmf-dist/tex/latex/amsfonts/amssymb.sty
Package: amssymb 2013/01/14 v3.01 AMS font symbols

(/usr/share/texlive/texmf-dist/tex/latex/amsfonts/amsfonts.sty
Package: amsfonts 2013/01/14 v3.01 Basic AMSFonts support
\@emptytoks=\toks23
\symAMSa=\mathgroup4
\symAMSb=\mathgroup5
LaTeX Font Info:    Overwriting math alphabet `\mathfrak' in version `bold'
(Font)                  U/euf/m/n --> U/euf/b/n on input line 106.
)))
(/usr/share/texmf/tex/latex/beamer/base/beamerbasetranslator.sty
Package: beamerbasetranslator 2010/06/11  (rcs-revision 85fd1cc7fc42)

(/usr/share/texmf/tex/latex/beamer/base/translator/translator.sty
Package: translator 2010/06/12 ver 1.10

(/usr/share/texmf/tex/latex/beamer/base/translator/translator-language-mappings
.tex))) (/usr/share/texmf/tex/latex/beamer/base/beamerbasemisc.sty
Package: beamerbasemisc 2012/02/24  (rcs-revision 2ff5461be705)
)
(/usr/share/texmf/tex/latex/beamer/base/beamerbasetwoscreens.sty
Package: beamerbasetwoscreens 2010/05/01  (rcs-revision efa082c6111d)
)
(/usr/share/texmf/tex/latex/beamer/base/beamerbaseoverlay.sty
Package: beamerbaseoverlay 2012/11/11  (rcs-revision 6afbc49b1109)
\beamer@argscount=\count126
\beamer@lastskipcover=\skip44
\beamer@trivlistdepth=\count127
)
(/usr/share/texmf/tex/latex/beamer/base/beamerbasetitle.sty
Package: beamerbasetitle 2010/09/21  (rcs-revision f0446ed0b6ae)
)
(/usr/share/texmf/tex/latex/beamer/base/beamerbasesection.sty
Package: beamerbasesection 2012/11/11  (rcs-revision 0056eef6f17f)
\c@lecture=\count128
\c@part=\count129
\c@section=\count130
\c@subsection=\count131
\c@subsubsection=\count132
)
(/usr/share/texmf/tex/latex/beamer/base/beamerbaseframe.sty
Package: beamerbaseframe 2012/09/13  (rcs-revision dcd846607320)
\beamer@framebox=\box40
\beamer@frametitlebox=\box41
\beamer@zoombox=\box42
\beamer@zoomcount=\count133
\beamer@zoomframecount=\count134
\beamer@frametextheight=\dimen165
\c@subsectionslide=\count135
\beamer@frametopskip=\skip45
\beamer@framebottomskip=\skip46
\beamer@frametopskipautobreak=\skip47
\beamer@framebottomskipautobreak=\skip48
\beamer@envbody=\toks24
\framewidth=\dimen166
\c@framenumber=\count136
)
(/usr/share/texmf/tex/latex/beamer/base/beamerbaseverbatim.sty
Package: beamerbaseverbatim 2012/08/30  (rcs-revision dfdb135076b3)
\beamer@verbatimfileout=\write4
)
(/usr/share/texmf/tex/latex/beamer/base/beamerbaseframesize.sty
Package: beamerbaseframesize 2011/09/12  (rcs-revision 70f9d8411e54)
\beamer@splitbox=\box43
\beamer@autobreakcount=\count137
\beamer@autobreaklastheight=\dimen167
\beamer@frametitletoks=\toks25
\beamer@framesubtitletoks=\toks26
)
(/usr/share/texmf/tex/latex/beamer/base/beamerbaseframecomponents.sty
Package: beamerbaseframecomponents 2012/09/13  (rcs-revision dcd846607320)
\beamer@footins=\box44
)
(/usr/share/texmf/tex/latex/beamer/base/beamerbasecolor.sty
Package: beamerbasecolor 2010/06/06  (rcs-revision d1a9b48be06d)
)
(/usr/share/texmf/tex/latex/beamer/base/beamerbasenotes.sty
Package: beamerbasenotes 2010/05/01  (rcs-revision efa082c6111d)
\beamer@frameboxcopy=\box45
)
(/usr/share/texmf/tex/latex/beamer/base/beamerbasetoc.sty
Package: beamerbasetoc 2012/10/02  (rcs-revision 5ed0f4010e8a)
)
(/usr/share/texmf/tex/latex/beamer/base/beamerbasetemplates.sty
Package: beamerbasetemplates 2010/05/01  (rcs-revision efa082c6111d)
\beamer@sbttoks=\toks27

(/usr/share/texmf/tex/latex/beamer/base/beamerbaseauxtemplates.sty
Package: beamerbaseauxtemplates 2012/05/01  (rcs-revision 67c48b3b652d)

(/usr/share/texmf/tex/latex/beamer/base/beamerbaseboxes.sty
Package: beamerbaseboxes 2012/05/13  (rcs-revision 56972908a390)
\bmb@box=\box46
\bmb@colorbox=\box47
\bmb@boxshadow=\box48
\bmb@boxshadowball=\box49
\bmb@boxshadowballlarge=\box50
\bmb@temp=\dimen168
\bmb@dima=\dimen169
\bmb@dimb=\dimen170
\bmb@prevheight=\dimen171
)
\beamer@blockheadheight=\dimen172
))
(/usr/share/texmf/tex/latex/beamer/base/beamerbaselocalstructure.sty
Package: beamerbaselocalstructure 2012/11/13  (rcs-revision ddfba79dac19)

(/usr/share/texlive/texmf-dist/tex/latex/tools/enumerate.sty
Package: enumerate 1999/03/05 v3.00 enumerate extensions (DPC)
\@enLab=\toks28
)
\c@figure=\count138
\c@table=\count139
\abovecaptionskip=\skip49
\belowcaptionskip=\skip50
)
(/usr/share/texmf/tex/latex/beamer/base/beamerbasenavigation.sty
Package: beamerbasenavigation 2012/04/03  (rcs-revision 42a0f21a412d)
\beamer@section@min@dim=\dimen173
)
(/usr/share/texmf/tex/latex/beamer/base/beamerbasetheorems.sty
Package: beamerbasetheorems 2010/06/06  (rcs-revision 7e7cc5e53e9d)

(/usr/share/texlive/texmf-dist/tex/latex/amsmath/amsmath.sty
Package: amsmath 2013/01/14 v2.14 AMS math features
\@mathmargin=\skip51

For additional information on amsmath, use the `?' option.
(/usr/share/texlive/texmf-dist/tex/latex/amsmath/amstext.sty
Package: amstext 2000/06/29 v2.01

(/usr/share/texlive/texmf-dist/tex/latex/amsmath/amsgen.sty
File: amsgen.sty 1999/11/30 v2.0
\@emptytoks=\toks29
\ex@=\dimen174
))
(/usr/share/texlive/texmf-dist/tex/latex/amsmath/amsbsy.sty
Package: amsbsy 1999/11/29 v1.2d
\pmbraise@=\dimen175
)
(/usr/share/texlive/texmf-dist/tex/latex/amsmath/amsopn.sty
Package: amsopn 1999/12/14 v2.01 operator names
)
\inf@bad=\count140
LaTeX Info: Redefining \frac on input line 210.
\uproot@=\count141
\leftroot@=\count142
LaTeX Info: Redefining \overline on input line 306.
\classnum@=\count143
\DOTSCASE@=\count144
LaTeX Info: Redefining \ldots on input line 378.
LaTeX Info: Redefining \dots on input line 381.
LaTeX Info: Redefining \cdots on input line 466.
\Mathstrutbox@=\box51
\strutbox@=\box52
\big@size=\dimen176
LaTeX Font Info:    Redeclaring font encoding OML on input line 566.
LaTeX Font Info:    Redeclaring font encoding OMS on input line 567.
\macc@depth=\count145
\c@MaxMatrixCols=\count146
\dotsspace@=\muskip11
\c@parentequation=\count147
\dspbrk@lvl=\count148
\tag@help=\toks30
\row@=\count149
\column@=\count150
\maxfields@=\count151
\andhelp@=\toks31
\eqnshift@=\dimen177
\alignsep@=\dimen178
\tagshift@=\dimen179
\tagwidth@=\dimen180
\totwidth@=\dimen181
\lineht@=\dimen182
\@envbody=\toks32
\multlinegap=\skip52
\multlinetaggap=\skip53
\mathdisplay@stack=\toks33
LaTeX Info: Redefining \[ on input line 2665.
LaTeX Info: Redefining \] on input line 2666.
)
(/usr/share/texlive/texmf-dist/tex/latex/amscls/amsthm.sty
Package: amsthm 2004/08/06 v2.20
\thm@style=\toks34
\thm@bodyfont=\toks35
\thm@headfont=\toks36
\thm@notefont=\toks37
\thm@headpunct=\toks38
\thm@preskip=\skip54
\thm@postskip=\skip55
\thm@headsep=\skip56
\dth@everypar=\toks39
)
\c@theorem=\count152
)
(/usr/share/texmf/tex/latex/beamer/base/beamerbasethemes.sty
Package: beamerbasethemes 2010/05/01  (rcs-revision efa082c6111d)
))
(/usr/share/texmf/tex/latex/beamer/base/themes/theme/beamerthemedefault.sty
Package: beamerthemedefault 2010/06/17  (rcs-revision d02a7cf4d8ae)

(/usr/share/texmf/tex/latex/beamer/base/themes/font/beamerfontthemedefault.sty
Package: beamerfontthemedefault 2010/06/17  (rcs-revision d02a7cf4d8ae)
)
(/usr/share/texmf/tex/latex/beamer/base/themes/color/beamercolorthemedefault.st
y
Package: beamercolorthemedefault 2010/06/17  (rcs-revision d02a7cf4d8ae)
)
(/usr/share/texmf/tex/latex/beamer/base/themes/inner/beamerinnerthemedefault.st
y
Package: beamerinnerthemedefault 2012/05/01  (rcs-revision 67c48b3b652d)
\beamer@dima=\dimen183
\beamer@dimb=\dimen184
)
(/usr/share/texmf/tex/latex/beamer/base/themes/outer/beamerouterthemedefault.st
y
Package: beamerouterthemedefault 2012/10/02  (rcs-revision 5ed0f4010e8a)
))) (/usr/share/texlive/texmf-dist/tex/latex/base/fontenc.sty
Package: fontenc 2005/09/27 v1.99g Standard LaTeX package

(/usr/share/texlive/texmf-dist/tex/latex/base/t1enc.def
File: t1enc.def 2005/09/27 v1.99g Standard LaTeX file
LaTeX Font Info:    Redeclaring font encoding T1 on input line 43.
))
(/usr/share/texlive/texmf-dist/tex/latex/base/inputenc.sty
Package: inputenc 2008/03/30 v1.1d Input encoding file
\inpenc@prehook=\toks40
\inpenc@posthook=\toks41

(/usr/share/texlive/texmf-dist/tex/latex/base/utf8.def
File: utf8.def 2008/04/05 v1.1m UTF-8 support for inputenc
Now handling font encoding OML ...
... no UTF-8 mapping file for font encoding OML
Now handling font encoding T1 ...
... processing UTF-8 mapping file for font encoding T1

(/usr/share/texlive/texmf-dist/tex/latex/base/t1enc.dfu
File: t1enc.dfu 2008/04/05 v1.1m UTF-8 support for inputenc
   defining Unicode char U+00A1 (decimal 161)
   defining Unicode char U+00A3 (decimal 163)
   defining Unicode char U+00AB (decimal 171)
   defining Unicode char U+00BB (decimal 187)
   defining Unicode char U+00BF (decimal 191)
   defining Unicode char U+00C0 (decimal 192)
   defining Unicode char U+00C1 (decimal 193)
   defining Unicode char U+00C2 (decimal 194)
   defining Unicode char U+00C3 (decimal 195)
   defining Unicode char U+00C4 (decimal 196)
   defining Unicode char U+00C5 (decimal 197)
   defining Unicode char U+00C6 (decimal 198)
   defining Unicode char U+00C7 (decimal 199)
   defining Unicode char U+00C8 (decimal 200)
   defining Unicode char U+00C9 (decimal 201)
   defining Unicode char U+00CA (decimal 202)
   defining Unicode char U+00CB (decimal 203)
   defining Unicode char U+00CC (decimal 204)
   defining Unicode char U+00CD (decimal 205)
   defining Unicode char U+00CE (decimal 206)
   defining Unicode char U+00CF (decimal 207)
   defining Unicode char U+00D0 (decimal 208)
   defining Unicode char U+00D1 (decimal 209)
   defining Unicode char U+00D2 (decimal 210)
   defining Unicode char U+00D3 (decimal 211)
   defining Unicode char U+00D4 (decimal 212)
   defining Unicode char U+00D5 (decimal 213)
   defining Unicode char U+00D6 (decimal 214)
   defining Unicode char U+00D8 (decimal 216)
   defining Unicode char U+00D9 (decimal 217)
   defining Unicode char U+00DA (decimal 218)
   defining Unicode char U+00DB (decimal 219)
   defining Unicode char U+00DC (decimal 220)
   defining Unicode char U+00DD (decimal 221)
   defining Unicode char U+00DE (decimal 222)
   defining Unicode char U+00DF (decimal 223)
   defining Unicode char U+00E0 (decimal 224)
   defining Unicode char U+00E1 (decimal 225)
   defining Unicode char U+00E2 (decimal 226)
   defining Unicode char U+00E3 (decimal 227)
   defining Unicode char U+00E4 (decimal 228)
   defining Unicode char U+00E5 (decimal 229)
   defining Unicode char U+00E6 (decimal 230)
   defining Unicode char U+00E7 (decimal 231)
   defining Unicode char U+00E8 (decimal 232)
   defining Unicode char U+00E9 (decimal 233)
   defining Unicode char U+00EA (decimal 234)
   defining Unicode char U+00EB (decimal 235)
   defining Unicode char U+00EC (decimal 236)
   defining Unicode char U+00ED (decimal 237)
   defining Unicode char U+00EE (decimal 238)
   defining Unicode char U+00EF (decimal 239)
   defining Unicode char U+00F0 (decimal 240)
   defining Unicode char U+00F1 (decimal 241)
   defining Unicode char U+00F2 (decimal 242)
   defining Unicode char U+00F3 (decimal 243)
   defining Unicode char U+00F4 (decimal 244)
   defining Unicode char U+00F5 (decimal 245)
   defining Unicode char U+00F6 (decimal 246)
   defining Unicode char U+00F8 (decimal 248)
   defining Unicode char U+00F9 (decimal 249)
   defining Unicode char U+00FA (decimal 250)
   defining Unicode char U+00FB (decimal 251)
   defining Unicode char U+00FC (decimal 252)
   defining Unicode char U+00FD (decimal 253)
   defining Unicode char U+00FE (decimal 254)
   defining Unicode char U+00FF (decimal 255)
   defining Unicode char U+0102 (decimal 258)
   defining Unicode char U+0103 (decimal 259)
   defining Unicode char U+0104 (decimal 260)
   defining Unicode char U+0105 (decimal 261)
   defining Unicode char U+0106 (decimal 262)
   defining Unicode char U+0107 (decimal 263)
   defining Unicode char U+010C (decimal 268)
   defining Unicode char U+010D (decimal 269)
   defining Unicode char U+010E (decimal 270)
   defining Unicode char U+010F (decimal 271)
   defining Unicode char U+0110 (decimal 272)
   defining Unicode char U+0111 (decimal 273)
   defining Unicode char U+0118 (decimal 280)
   defining Unicode char U+0119 (decimal 281)
   defining Unicode char U+011A (decimal 282)
   defining Unicode char U+011B (decimal 283)
   defining Unicode char U+011E (decimal 286)
   defining Unicode char U+011F (decimal 287)
   defining Unicode char U+0130 (decimal 304)
   defining Unicode char U+0131 (decimal 305)
   defining Unicode char U+0132 (decimal 306)
   defining Unicode char U+0133 (decimal 307)
   defining Unicode char U+0139 (decimal 313)
   defining Unicode char U+013A (decimal 314)
   defining Unicode char U+013D (decimal 317)
   defining Unicode char U+013E (decimal 318)
   defining Unicode char U+0141 (decimal 321)
   defining Unicode char U+0142 (decimal 322)
   defining Unicode char U+0143 (decimal 323)
   defining Unicode char U+0144 (decimal 324)
   defining Unicode char U+0147 (decimal 327)
   defining Unicode char U+0148 (decimal 328)
   defining Unicode char U+014A (decimal 330)
   defining Unicode char U+014B (decimal 331)
   defining Unicode char U+0150 (decimal 336)
   defining Unicode char U+0151 (decimal 337)
   defining Unicode char U+0152 (decimal 338)
   defining Unicode char U+0153 (decimal 339)
   defining Unicode char U+0154 (decimal 340)
   defining Unicode char U+0155 (decimal 341)
   defining Unicode char U+0158 (decimal 344)
   defining Unicode char U+0159 (decimal 345)
   defining Unicode char U+015A (decimal 346)
   defining Unicode char U+015B (decimal 347)
   defining Unicode char U+015E (decimal 350)
   defining Unicode char U+015F (decimal 351)
   defining Unicode char U+0160 (decimal 352)
   defining Unicode char U+0161 (decimal 353)
   defining Unicode char U+0162 (decimal 354)
   defining Unicode char U+0163 (decimal 355)
   defining Unicode char U+0164 (decimal 356)
   defining Unicode char U+0165 (decimal 357)
   defining Unicode char U+016E (decimal 366)
   defining Unicode char U+016F (decimal 367)
   defining Unicode char U+0170 (decimal 368)
   defining Unicode char U+0171 (decimal 369)
   defining Unicode char U+0178 (decimal 376)
   defining Unicode char U+0179 (decimal 377)
   defining Unicode char U+017A (decimal 378)
   defining Unicode char U+017B (decimal 379)
   defining Unicode char U+017C (decimal 380)
   defining Unicode char U+017D (decimal 381)
   defining Unicode char U+017E (decimal 382)
   defining Unicode char U+200C (decimal 8204)
   defining Unicode char U+2013 (decimal 8211)
   defining Unicode char U+2014 (decimal 8212)
   defining Unicode char U+2018 (decimal 8216)
   defining Unicode char U+2019 (decimal 8217)
   defining Unicode char U+201A (decimal 8218)
   defining Unicode char U+201C (decimal 8220)
   defining Unicode char U+201D (decimal 8221)
   defining Unicode char U+201E (decimal 8222)
   defining Unicode char U+2030 (decimal 8240)
   defining Unicode char U+2031 (decimal 8241)
   defining Unicode char U+2039 (decimal 8249)
   defining Unicode char U+203A (decimal 8250)
   defining Unicode char U+2423 (decimal 9251)
)
Now handling font encoding OT1 ...
... processing UTF-8 mapping file for font encoding OT1

(/usr/share/texlive/texmf-dist/tex/latex/base/ot1enc.dfu
File: ot1enc.dfu 2008/04/05 v1.1m UTF-8 support for inputenc
   defining Unicode char U+00A1 (decimal 161)
   defining Unicode char U+00A3 (decimal 163)
   defining Unicode char U+00B8 (decimal 184)
   defining Unicode char U+00BF (decimal 191)
   defining Unicode char U+00C5 (decimal 197)
   defining Unicode char U+00C6 (decimal 198)
   defining Unicode char U+00D8 (decimal 216)
   defining Unicode char U+00DF (decimal 223)
   defining Unicode char U+00E6 (decimal 230)
   defining Unicode char U+00EC (decimal 236)
   defining Unicode char U+00ED (decimal 237)
   defining Unicode char U+00EE (decimal 238)
   defining Unicode char U+00EF (decimal 239)
   defining Unicode char U+00F8 (decimal 248)
   defining Unicode char U+0131 (decimal 305)
   defining Unicode char U+0141 (decimal 321)
   defining Unicode char U+0142 (decimal 322)
   defining Unicode char U+0152 (decimal 338)
   defining Unicode char U+0153 (decimal 339)
   defining Unicode char U+2013 (decimal 8211)
   defining Unicode char U+2014 (decimal 8212)
   defining Unicode char U+2018 (decimal 8216)
   defining Unicode char U+2019 (decimal 8217)
   defining Unicode char U+201C (decimal 8220)
   defining Unicode char U+201D (decimal 8221)
)
Now handling font encoding OMS ...
... processing UTF-8 mapping file for font encoding OMS

(/usr/share/texlive/texmf-dist/tex/latex/base/omsenc.dfu
File: omsenc.dfu 2008/04/05 v1.1m UTF-8 support for inputenc
   defining Unicode char U+00A7 (decimal 167)
   defining Unicode char U+00B6 (decimal 182)
   defining Unicode char U+00B7 (decimal 183)
   defining Unicode char U+2020 (decimal 8224)
   defining Unicode char U+2021 (decimal 8225)
   defining Unicode char U+2022 (decimal 8226)
)
Now handling font encoding OMX ...
... no UTF-8 mapping file for font encoding OMX
Now handling font encoding U ...
... no UTF-8 mapping file for font encoding U
Now handling font encoding PD1 ...
... no UTF-8 mapping file for font encoding PD1
   defining Unicode char U+00A9 (decimal 169)
   defining Unicode char U+00AA (decimal 170)
   defining Unicode char U+00AE (decimal 174)
   defining Unicode char U+00BA (decimal 186)
   defining Unicode char U+02C6 (decimal 710)
   defining Unicode char U+02DC (decimal 732)
   defining Unicode char U+200C (decimal 8204)
   defining Unicode char U+2026 (decimal 8230)
   defining Unicode char U+2122 (decimal 8482)
   defining Unicode char U+2423 (decimal 9251)
))
(/usr/share/texlive/texmf-dist/tex/generic/babel/babel.sty
Package: babel 2013/12/03 3.9h The Babel package

(/usr/share/texlive/texmf-dist/tex/generic/babel-english/english.ldf
Language: english 2012/08/20 v3.3p English support from the babel system

(/usr/share/texlive/texmf-dist/tex/generic/babel/babel.def
File: babel.def 2013/12/03 3.9h Babel common definitions
LaTeX Info: Redefining \textlatin on input line 137.
\babel@savecnt=\count153
\U@D=\dimen185
)
\l@canadian = a dialect from \language\l@american 
\l@australian = a dialect from \language\l@british 
\l@newzealand = a dialect from \language\l@british 
)
(/usr/share/texlive/texmf-dist/tex/generic/babel-slovak/slovak.ldf
Language: slovak 2008/07/06 v3.1a Slovak support from the babel system
Package babel Info: Making ^ an active character on input line 123.
Package babel Info: Making " an active character on input line 126.
Package babel Info: Making ' an active character on input line 129.
\cs@wordlen=\count154
Package babel Info: Making - an active character on input line 294.
))
(/usr/share/texmf/tex/latex/beamer/base/themes/theme/beamerthemePittsburgh.sty
Package: beamerthemePittsburgh 2010/06/17  (rcs-revision d02a7cf4d8ae)

(/usr/share/texmf/tex/latex/beamer/base/themes/inner/beamerinnerthemecircles.st
y
Package: beamerinnerthemecircles 2010/06/17  (rcs-revision d02a7cf4d8ae)
))
(/usr/share/texmf/tex/latex/beamer/base/themes/outer/beamerouterthemeshadow.sty
Package: beamerouterthemeshadow 2010/06/17  (rcs-revision d02a7cf4d8ae)
(/usr/share/texmf/tex/latex/beamer/base/themes/outer/beamerouterthemesplit.sty
Package: beamerouterthemesplit 2012/10/16  (rcs-revision 51a8c72084af)
)) (/usr/share/texlive/texmf-dist/tex/latex/caption/caption.sty
Package: caption 2013/05/02 v3.3-89 Customizing captions (AR)

(/usr/share/texlive/texmf-dist/tex/latex/caption/caption3.sty
Package: caption3 2013/05/02 v1.6-88 caption3 kernel (AR)
Package caption3 Info: TeX engine: e-TeX on input line 57.
\captionmargin=\dimen186
\captionmargin@=\dimen187
\captionwidth=\dimen188
\caption@tempdima=\dimen189
\caption@indent=\dimen190
\caption@parindent=\dimen191
\caption@hangindent=\dimen192
)
\c@ContinuedFloat=\count155
Package caption Info: beamer document class.
Package caption Info: hyperref package is loaded.
Package caption Info: Hyperref support is turned off
(caption)             because hyperref has stopped early.
)
(/usr/share/texlive/texmf-dist/tex/latex/caption/subcaption.sty
Package: subcaption 2013/02/03 v1.1-62 Sub-captions (AR)
\c@subfigure=\count156
\c@subtable=\count157
)
(/usr/share/texlive/texmf-dist/tex/latex/tools/tabularx.sty
Package: tabularx 1999/01/07 v2.07 `tabularx' package (DPC)

(/usr/share/texlive/texmf-dist/tex/latex/tools/array.sty
Package: array 2008/09/09 v2.4c Tabular extension package (FMi)
\col@sep=\dimen193
\extrarowheight=\dimen194
\NC@list=\toks42
\extratabsurround=\skip57
\backup@length=\skip58
)
\TX@col@width=\dimen195
\TX@old@table=\dimen196
\TX@old@col=\dimen197
\TX@target=\dimen198
\TX@delta=\dimen199
\TX@cols=\count158
\TX@ftn=\toks43
)
(/usr/share/texlive/texmf-dist/tex/latex/listings/listings.sty
\lst@mode=\count159
\lst@gtempboxa=\box53
\lst@token=\toks44
\lst@length=\count160
\lst@currlwidth=\dimen200
\lst@column=\count161
\lst@pos=\count162
\lst@lostspace=\dimen201
\lst@width=\dimen202
\lst@newlines=\count163
\lst@lineno=\count164
\lst@maxwidth=\dimen203

(/usr/share/texlive/texmf-dist/tex/latex/listings/lstmisc.sty
File: lstmisc.sty 2013/08/26 1.5b (Carsten Heinz)
\c@lstnumber=\count165
\lst@skipnumbers=\count166
\lst@framebox=\box54
)
(/usr/share/texlive/texmf-dist/tex/latex/listings/listings.cfg
File: listings.cfg 2013/08/26 1.5b listings configuration
))
Package: listings 2013/08/26 1.5b (Carsten Heinz)

(/usr/share/texlive/texmf-dist/tex/latex/listings/lstlang1.sty
File: lstlang1.sty 2013/08/26 1.5b listings language file
)
(/usr/share/texlive/texmf-dist/tex/latex/listings/lstlang2.sty
File: lstlang2.sty 2013/08/26 1.5b listings language file
)

Package hyperref Warning: Token not allowed in a PDF string (PDFDocEncoding):
(hyperref)                removing `\\' on input line 30.

(./presentation.aux

LaTeX Warning: Label `eu_eqn' multiply defined.


LaTeX Warning: Label `eu_eqn' multiply defined.

)
\openout1 = `presentation.aux'.

LaTeX Font Info:    Checking defaults for OML/cmm/m/it on input line 33.
LaTeX Font Info:    ... okay on input line 33.
LaTeX Font Info:    Checking defaults for T1/cmr/m/n on input line 33.
LaTeX Font Info:    ... okay on input line 33.
LaTeX Font Info:    Checking defaults for OT1/cmr/m/n on input line 33.
LaTeX Font Info:    ... okay on input line 33.
LaTeX Font Info:    Checking defaults for OMS/cmsy/m/n on input line 33.
LaTeX Font Info:    ... okay on input line 33.
LaTeX Font Info:    Checking defaults for OMX/cmex/m/n on input line 33.
LaTeX Font Info:    ... okay on input line 33.
LaTeX Font Info:    Checking defaults for U/cmr/m/n on input line 33.
LaTeX Font Info:    ... okay on input line 33.
LaTeX Font Info:    Checking defaults for PD1/pdf/m/n on input line 33.
LaTeX Font Info:    ... okay on input line 33.

*geometry* driver: auto-detecting
*geometry* detected driver: pdftex
*geometry* verbose mode - [ preamble ] result:
* driver: pdftex
* paper: custom
* layout: <same size as paper>
* layoutoffset:(h,v)=(0.0pt,0.0pt)
* modes: includehead includefoot 
* h-part:(L,W,R)=(28.45274pt, 307.28987pt, 28.45274pt)
* v-part:(T,H,B)=(0.0pt, 273.14662pt, 0.0pt)
* \paperwidth=364.19536pt
* \paperheight=273.14662pt
* \textwidth=307.28987pt
* \textheight=244.6939pt
* \oddsidemargin=-43.81725pt
* \evensidemargin=-43.81725pt
* \topmargin=-72.26999pt
* \headheight=14.22636pt
* \headsep=0.0pt
* \topskip=11.0pt
* \footskip=14.22636pt
* \marginparwidth=4.0pt
* \marginparsep=10.0pt
* \columnsep=10.0pt
* \skip\footins=10.0pt plus 4.0pt minus 2.0pt
* \hoffset=0.0pt
* \voffset=0.0pt
* \mag=1000
* \@twocolumnfalse
* \@twosidefalse
* \@mparswitchfalse
* \@reversemarginfalse
* (1in=72.27pt=25.4mm, 1cm=28.453pt)

(/usr/share/texlive/texmf-dist/tex/context/base/supp-pdf.mkii
[Loading MPS to PDF converter (version 2006.09.02).]
\scratchcounter=\count167
\scratchdimen=\dimen204
\scratchbox=\box55
\nofMPsegments=\count168
\nofMParguments=\count169
\everyMPshowfont=\toks45
\MPscratchCnt=\count170
\MPscratchDim=\dimen205
\MPnumerator=\count171
\makeMPintoPDFobject=\count172
\everyMPtoPDFconversion=\toks46
) (/usr/share/texlive/texmf-dist/tex/latex/oberdiek/epstopdf-base.sty
Package: epstopdf-base 2010/02/09 v2.5 Base part for package epstopdf

(/usr/share/texlive/texmf-dist/tex/latex/oberdiek/grfext.sty
Package: grfext 2010/08/19 v1.1 Manage graphics extensions (HO)
)
Package grfext Info: Graphics extension search list:
(grfext)             [.png,.pdf,.jpg,.mps,.jpeg,.jbig2,.jb2,.PNG,.PDF,.JPG,.JPE
G,.JBIG2,.JB2,.eps]
(grfext)             \AppendGraphicsExtensions on input line 452.

(/usr/share/texlive/texmf-dist/tex/latex/latexconfig/epstopdf-sys.cfg
File: epstopdf-sys.cfg 2010/07/13 v1.3 Configuration of (r)epstopdf for TeX Liv
e
))
ABD: EveryShipout initializing macros
\AtBeginShipoutBox=\box56
Package hyperref Info: Link coloring OFF on input line 33.

(/usr/share/texlive/texmf-dist/tex/latex/hyperref/nameref.sty
Package: nameref 2012/10/27 v2.43 Cross-referencing by name of section

(/usr/share/texlive/texmf-dist/tex/generic/oberdiek/gettitlestring.sty
Package: gettitlestring 2010/12/03 v1.4 Cleanup title references (HO)
)
\c@section@level=\count173
)
LaTeX Info: Redefining \ref on input line 33.
LaTeX Info: Redefining \pageref on input line 33.
LaTeX Info: Redefining \nameref on input line 33.

(./presentation.out) (./presentation.out)
\@outlinefile=\write5
\openout5 = `presentation.out'.

LaTeX Font Info:    Overwriting symbol font `operators' in version `normal'
(Font)                  OT1/cmr/m/n --> OT1/cmss/m/n on input line 33.
LaTeX Font Info:    Overwriting symbol font `operators' in version `bold'
(Font)                  OT1/cmr/bx/n --> OT1/cmss/bx/n on input line 33.
\symnumbers=\mathgroup6
\sympureletters=\mathgroup7
LaTeX Font Info:    Overwriting math alphabet `\mathrm' in version `normal'
(Font)                  OT1/cmss/m/n --> T1/cmr/m/n on input line 33.
LaTeX Font Info:    Redeclaring math alphabet \mathbf on input line 33.
LaTeX Font Info:    Overwriting math alphabet `\mathbf' in version `normal'
(Font)                  OT1/cmr/bx/n --> T1/cmss/bx/n on input line 33.
LaTeX Font Info:    Overwriting math alphabet `\mathbf' in version `bold'
(Font)                  OT1/cmr/bx/n --> T1/cmss/bx/n on input line 33.
LaTeX Font Info:    Redeclaring math alphabet \mathsf on input line 33.
LaTeX Font Info:    Overwriting math alphabet `\mathsf' in version `normal'
(Font)                  OT1/cmss/m/n --> T1/cmss/m/n on input line 33.
LaTeX Font Info:    Overwriting math alphabet `\mathsf' in version `bold'
(Font)                  OT1/cmss/bx/n --> T1/cmss/m/n on input line 33.
LaTeX Font Info:    Redeclaring math alphabet \mathit on input line 33.
LaTeX Font Info:    Overwriting math alphabet `\mathit' in version `normal'
(Font)                  OT1/cmr/m/it --> T1/cmss/m/it on input line 33.
LaTeX Font Info:    Overwriting math alphabet `\mathit' in version `bold'
(Font)                  OT1/cmr/bx/it --> T1/cmss/m/it on input line 33.
LaTeX Font Info:    Redeclaring math alphabet \mathtt on input line 33.
LaTeX Font Info:    Overwriting math alphabet `\mathtt' in version `normal'
(Font)                  OT1/cmtt/m/n --> T1/cmtt/m/n on input line 33.
LaTeX Font Info:    Overwriting math alphabet `\mathtt' in version `bold'
(Font)                  OT1/cmtt/m/n --> T1/cmtt/m/n on input line 33.
LaTeX Font Info:    Overwriting symbol font `numbers' in version `bold'
(Font)                  T1/cmss/m/n --> T1/cmss/bx/n on input line 33.
LaTeX Font Info:    Overwriting symbol font `pureletters' in version `bold'
(Font)                  T1/cmss/m/it --> T1/cmss/bx/it on input line 33.
LaTeX Font Info:    Overwriting math alphabet `\mathrm' in version `bold'
(Font)                  OT1/cmss/bx/n --> T1/cmr/bx/n on input line 33.
LaTeX Font Info:    Overwriting math alphabet `\mathbf' in version `bold'
(Font)                  T1/cmss/bx/n --> T1/cmss/bx/n on input line 33.
LaTeX Font Info:    Overwriting math alphabet `\mathsf' in version `bold'
(Font)                  T1/cmss/m/n --> T1/cmss/bx/n on input line 33.
LaTeX Font Info:    Overwriting math alphabet `\mathit' in version `bold'
(Font)                  T1/cmss/m/it --> T1/cmss/bx/it on input line 33.
LaTeX Font Info:    Overwriting math alphabet `\mathtt' in version `bold'
(Font)                  T1/cmtt/m/n --> T1/cmtt/bx/n on input line 33.

(/usr/share/texmf/tex/latex/beamer/base/translator/dicts/translator-basic-dicti
onary/translator-basic-dictionary-English.dict
Dictionary: translator-basic-dictionary, Language: English 
)
(/usr/share/texmf/tex/latex/beamer/base/translator/dicts/translator-bibliograph
y-dictionary/translator-bibliography-dictionary-English.dict
Dictionary: translator-bibliography-dictionary, Language: English 
)
(/usr/share/texmf/tex/latex/beamer/base/translator/dicts/translator-environment
-dictionary/translator-environment-dictionary-English.dict
Dictionary: translator-environment-dictionary, Language: English 
)
(/usr/share/texmf/tex/latex/beamer/base/translator/dicts/translator-months-dict
ionary/translator-months-dictionary-English.dict
Dictionary: translator-months-dictionary, Language: English 
)
(/usr/share/texmf/tex/latex/beamer/base/translator/dicts/translator-numbers-dic
tionary/translator-numbers-dictionary-English.dict
Dictionary: translator-numbers-dictionary, Language: English 
)
(/usr/share/texmf/tex/latex/beamer/base/translator/dicts/translator-theorem-dic
tionary/translator-theorem-dictionary-English.dict
Dictionary: translator-theorem-dictionary, Language: English 
)
LaTeX Info: Redefining \includegraphics on input line 33.
Package caption Info: Begin \AtBeginDocument code.
Package caption Info: listings package is loaded.
Package caption Info: End \AtBeginDocument code.
\c@lstlisting=\count174
 (./presentation.nav)

LaTeX Font Warning: Font shape `T1/cmss/m/n' in size <4> not available
(Font)              size <5> substituted on input line 37.

[1

{/var/lib/texmf/fonts/map/pdftex/updmap/pdftex.map}]
LaTeX Font Info:    Try loading font information for OMS+cmss on input line 53.

LaTeX Font Info:    No file OMScmss.fd. on input line 53.


LaTeX Font Warning: Font shape `OMS/cmss/m/n' undefined
(Font)              using `OMS/cmsy/m/n' instead
(Font)              for symbol `textbullet' on input line 53.

[2

] <../pictures/chess.jpg, id=81, 630.355pt x 372.39125pt>
File: ../pictures/chess.jpg Graphic file (type jpg)

<use ../pictures/chess.jpg>
Package pdftex.def Info: ../pictures/chess.jpg used on input line 88.
(pdftex.def)             Requested size: 126.06876pt x 74.47693pt.

<../pictures/robot_man.jpg, id=82, 552.0625pt x 368.37625pt>
File: ../pictures/robot_man.jpg Graphic file (type jpg)

<use ../pictures/robot_man.jpg>
Package pdftex.def Info: ../pictures/robot_man.jpg used on input line 88.
(pdftex.def)             Requested size: 110.41054pt x 73.67393pt.
LaTeX Font Info:    Try loading font information for U+msa on input line 88.

(/usr/share/texlive/texmf-dist/tex/latex/amsfonts/umsa.fd
File: umsa.fd 2013/01/14 v3.01 AMS symbols A
)
LaTeX Font Info:    Try loading font information for U+msb on input line 88.

(/usr/share/texlive/texmf-dist/tex/latex/amsfonts/umsb.fd
File: umsb.fd 2013/01/14 v3.01 AMS symbols B
)
<../pictures/pacman.jpg, id=83, 1927.2pt x 1084.05pt>
File: ../pictures/pacman.jpg Graphic file (type jpg)

<use ../pictures/pacman.jpg>
Package pdftex.def Info: ../pictures/pacman.jpg used on input line 88.
(pdftex.def)             Requested size: 154.17915pt x 86.72577pt.

Overfull \hbox (0.53423pt too wide) in paragraph at lines 88--88
 [] 
 []

<../pictures/assembly_line.jpg, id=84, 401.5pt x 301.125pt>
File: ../pictures/assembly_line.jpg Graphic file (type jpg)

<use ../pictures/assembly_line.jpg>
Package pdftex.def Info: ../pictures/assembly_line.jpg used on input line 88.
(pdftex.def)             Requested size: 100.37474pt x 75.28105pt.
 [3

 <../pictures/chess.jpg> <../pictures/robot_man.jpg> <../pictures/pacman.jpg> <
../pictures/assembly_line.jpg>]
<../pictures/kgb_agent.jpg, id=111, 642.4pt x 435.6275pt>
File: ../pictures/kgb_agent.jpg Graphic file (type jpg)

<use ../pictures/kgb_agent.jpg>
Package pdftex.def Info: ../pictures/kgb_agent.jpg used on input line 123.
(pdftex.def)             Requested size: 128.47772pt x 87.12395pt.

<../pictures/software_agent.jpg, id=112, 276.03125pt x 167.62625pt>
File: ../pictures/software_agent.jpg Graphic file (type jpg)

<use ../pictures/software_agent.jpg>
Package pdftex.def Info: ../pictures/software_agent.jpg used on input line 123.

(pdftex.def)             Requested size: 110.41054pt x 67.0493pt.

<../pictures/shakey.jpg, id=113, 1003.75pt x 820.06375pt>
File: ../pictures/shakey.jpg Graphic file (type jpg)

<use ../pictures/shakey.jpg>
Package pdftex.def Info: ../pictures/shakey.jpg used on input line 123.
(pdftex.def)             Requested size: 120.4448pt x 98.4034pt.

<../pictures/mars_robot.jpg, id=114, 526.96875pt x 350.05782pt>
File: ../pictures/mars_robot.jpg Graphic file (type jpg)

<use ../pictures/mars_robot.jpg>
Package pdftex.def Info: ../pictures/mars_robot.jpg used on input line 123.
(pdftex.def)             Requested size: 131.74185pt x 87.51424pt.
 [4

 <../pictures/kgb_agent.jpg> <../pictures/software_agent.jpg> <../pictures/shak
ey.jpg> <../pictures/mars_robot.jpg>]
Package epstopdf Info: Source file: <../diagrams/multiagent_diagram.eps>
(epstopdf)                    date: 2016-03-01 14:00:29
(epstopdf)                    size: 22323 bytes
(epstopdf)             Output file: <../diagrams/multiagent_diagram-eps-convert
ed-to.pdf>
(epstopdf)                    date: 2016-03-01 14:00:29
(epstopdf)                    size: 10148 bytes
(epstopdf)             Command: <epstopdf --outfile=../diagrams/multiagent_diag
ram-eps-converted-to.pdf ../diagrams/multiagent_diagram.eps>
(epstopdf)             \includegraphics on input line 152.
Package epstopdf Info: Output file is already uptodate.

<../diagrams/multiagent_diagram-eps-converted-to.pdf, id=142, 236.885pt x 320.1
9624pt>
File: ../diagrams/multiagent_diagram-eps-converted-to.pdf Graphic file (type pd
f)
 <use ../diagrams/multiagent_diagram-eps-converted-to.pdf>
Package pdftex.def Info: ../diagrams/multiagent_diagram-eps-converted-to.pdf us
ed on input line 152.
(pdftex.def)             Requested size: 71.06604pt x 96.0596pt.
 [5

 <../diagrams/multiagent_diagram-eps-converted-to.pdf>] [6

]
Package epstopdf Info: Source file: <../diagrams/adaptive_system.eps>
(epstopdf)                    date: 2016-03-03 14:07:58
(epstopdf)                    size: 31417 bytes
(epstopdf)             Output file: <../diagrams/adaptive_system-eps-converted-
to.pdf>
(epstopdf)                    date: 2016-03-03 14:09:50
(epstopdf)                    size: 14095 bytes
(epstopdf)             Command: <epstopdf --outfile=../diagrams/adaptive_system
-eps-converted-to.pdf ../diagrams/adaptive_system.eps>
(epstopdf)             \includegraphics on input line 214.
Package epstopdf Info: Output file is already uptodate.

<../diagrams/adaptive_system-eps-converted-to.pdf, id=199, 591.20876pt x 215.80
624pt>
File: ../diagrams/adaptive_system-eps-converted-to.pdf Graphic file (type pdf)
 <use ../diagrams/adaptive_system-eps-converted-to.pdf>
Package pdftex.def Info: ../diagrams/adaptive_system-eps-converted-to.pdf used 
on input line 214.
(pdftex.def)             Requested size: 130.06631pt x 47.47751pt.

<../pictures/function_f1.png, id=200, 770.88pt x 578.16pt>
File: ../pictures/function_f1.png Graphic file (type png)

<use ../pictures/function_f1.png>
Package pdftex.def Info: ../pictures/function_f1.png used on input line 214.
(pdftex.def)             Requested size: 154.17326pt x 115.62994pt.

Overfull \hbox (0.52834pt too wide) in paragraph at lines 214--214
 [] 
 []

Package epstopdf Info: Source file: <../diagrams/learning_system.eps>
(epstopdf)                    date: 2016-03-03 14:07:39
(epstopdf)                    size: 29739 bytes
(epstopdf)             Output file: <../diagrams/learning_system-eps-converted-
to.pdf>
(epstopdf)                    date: 2016-03-03 14:09:50
(epstopdf)                    size: 13490 bytes
(epstopdf)             Command: <epstopdf --outfile=../diagrams/learning_system
-eps-converted-to.pdf ../diagrams/learning_system.eps>
(epstopdf)             \includegraphics on input line 214.
Package epstopdf Info: Output file is already uptodate.

<../diagrams/learning_system-eps-converted-to.pdf, id=201, 568.1225pt x 207.776
25pt>
File: ../diagrams/learning_system-eps-converted-to.pdf Graphic file (type pdf)
 <use ../diagrams/learning_system-eps-converted-to.pdf>
Package pdftex.def Info: ../diagrams/learning_system-eps-converted-to.pdf used 
on input line 214.
(pdftex.def)             Requested size: 124.98732pt x 45.7109pt.

<../pictures/function_f0.png, id=202, 770.88pt x 578.16pt>
File: ../pictures/function_f0.png Graphic file (type png)

<use ../pictures/function_f0.png>
Package pdftex.def Info: ../pictures/function_f0.png used on input line 214.
(pdftex.def)             Requested size: 154.17326pt x 115.62994pt.

Overfull \hbox (0.52834pt too wide) in paragraph at lines 214--214
 [] 
 []

[7

 <../diagrams/adaptive_system-eps-converted-to.pdf> <../pictures/function_f1.pn
g> <../diagrams/learning_system-eps-converted-to.pdf> <../pictures/function_f0.
png>] <../pid_ilc/pid_result.png, id=238, 770.88pt x 578.16pt>
File: ../pid_ilc/pid_result.png Graphic file (type png)

<use ../pid_ilc/pid_result.png>
Package pdftex.def Info: ../pid_ilc/pid_result.png used on input line 250.
(pdftex.def)             Requested size: 115.627pt x 86.72025pt.

<../pid_ilc/ilc_result_plant_error.png, id=239, 770.88pt x 578.16pt>
File: ../pid_ilc/ilc_result_plant_error.png Graphic file (type png)

<use ../pid_ilc/ilc_result_plant_error.png>
Package pdftex.def Info: ../pid_ilc/ilc_result_plant_error.png used on input li
ne 250.
(pdftex.def)             Requested size: 115.627pt x 86.72025pt.
 [8

 <../pid_ilc/pid_result.png> <../pid_ilc/ilc_result_plant_error.png>] [9

]
Package epstopdf Info: Source file: <../diagrams/q_learning_agent.eps>
(epstopdf)                    date: 2016-03-01 21:46:51
(epstopdf)                    size: 62891 bytes
(epstopdf)             Output file: <../diagrams/q_learning_agent-eps-converted
-to.pdf>
(epstopdf)                    date: 2016-03-01 21:51:35
(epstopdf)                    size: 27884 bytes
(epstopdf)             Command: <epstopdf --outfile=../diagrams/q_learning_agen
t-eps-converted-to.pdf ../diagrams/q_learning_agent.eps>
(epstopdf)             \includegraphics on input line 291.
Package epstopdf Info: Output file is already uptodate.

<../diagrams/q_learning_agent-eps-converted-to.pdf, id=303, 1105.12875pt x 474.
77374pt>
File: ../diagrams/q_learning_agent-eps-converted-to.pdf Graphic file (type pdf)

 <use ../diagrams/q_learning_agent-eps-converted-to.pdf>
Package pdftex.def Info: ../diagrams/q_learning_agent-eps-converted-to.pdf used
 on input line 291.
(pdftex.def)             Requested size: 331.54118pt x 142.43321pt.

Overfull \hbox (24.25131pt too wide) in paragraph at lines 291--291
 [] 
 []

[10

 <../diagrams/q_learning_agent-eps-converted-to.pdf>] [11

]
Package epstopdf Info: Source file: <../diagrams/q_learning_detail.eps>
(epstopdf)                    date: 2016-03-04 23:22:42
(epstopdf)                    size: 47619 bytes
(epstopdf)             Output file: <../diagrams/q_learning_detail-eps-converte
d-to.pdf>
(epstopdf)                    date: 2016-03-04 23:22:45
(epstopdf)                    size: 22118 bytes
(epstopdf)             Command: <epstopdf --outfile=../diagrams/q_learning_deta
il-eps-converted-to.pdf ../diagrams/q_learning_detail.eps>
(epstopdf)             \includegraphics on input line 324.
Package epstopdf Info: Output file is already uptodate.

<../diagrams/q_learning_detail-eps-converted-to.pdf, id=359, 676.5275pt x 174.6
525pt>
File: ../diagrams/q_learning_detail-eps-converted-to.pdf Graphic file (type pdf
)
 <use ../diagrams/q_learning_detail-eps-converted-to.pdf>
Package pdftex.def Info: ../diagrams/q_learning_detail-eps-converted-to.pdf use
d on input line 324.
(pdftex.def)             Requested size: 270.6062pt x 69.85976pt.
 [12

 <../diagrams/q_learning_detail-eps-converted-to.pdf>]
Package epstopdf Info: Source file: <../diagrams/q_learning_table_01.eps>
(epstopdf)                    date: 2016-03-04 13:39:31
(epstopdf)                    size: 13502 bytes
(epstopdf)             Output file: <../diagrams/q_learning_table_01-eps-conver
ted-to.pdf>
(epstopdf)                    date: 2016-03-04 13:42:09
(epstopdf)                    size: 8001 bytes
(epstopdf)             Command: <epstopdf --outfile=../diagrams/q_learning_tabl
e_01-eps-converted-to.pdf ../diagrams/q_learning_table_01.eps>
(epstopdf)             \includegraphics on input line 335.
Package epstopdf Info: Output file is already uptodate.

<../diagrams/q_learning_table_01-eps-converted-to.pdf, id=389, 347.2975pt x 206
.7725pt>
File: ../diagrams/q_learning_table_01-eps-converted-to.pdf Graphic file (type p
df)
 <use ../diagrams/q_learning_table_01-eps-converted-to.pdf>
Package pdftex.def Info: ../diagrams/q_learning_table_01-eps-converted-to.pdf u
sed on input line 335.
(pdftex.def)             Requested size: 173.64832pt x 103.38599pt.
 [13

 <../diagrams/q_learning_table_01-eps-converted-to.pdf>]
Package epstopdf Info: Source file: <../diagrams/q_learning_table_02.eps>
(epstopdf)                    date: 2016-03-04 13:40:05
(epstopdf)                    size: 13780 bytes
(epstopdf)             Output file: <../diagrams/q_learning_table_02-eps-conver
ted-to.pdf>
(epstopdf)                    date: 2016-03-04 13:42:09
(epstopdf)                    size: 8104 bytes
(epstopdf)             Command: <epstopdf --outfile=../diagrams/q_learning_tabl
e_02-eps-converted-to.pdf ../diagrams/q_learning_table_02.eps>
(epstopdf)             \includegraphics on input line 344.
Package epstopdf Info: Output file is already uptodate.

<../diagrams/q_learning_table_02-eps-converted-to.pdf, id=419, 347.2975pt x 211
.79124pt>
File: ../diagrams/q_learning_table_02-eps-converted-to.pdf Graphic file (type p
df)
 <use ../diagrams/q_learning_table_02-eps-converted-to.pdf>
Package pdftex.def Info: ../diagrams/q_learning_table_02-eps-converted-to.pdf u
sed on input line 344.
(pdftex.def)             Requested size: 173.64832pt x 105.89536pt.
 [14

 <../diagrams/q_learning_table_02-eps-converted-to.pdf>]
Package epstopdf Info: Source file: <../diagrams/q_learning_table_03.eps>
(epstopdf)                    date: 2016-03-04 13:40:35
(epstopdf)                    size: 14058 bytes
(epstopdf)             Output file: <../diagrams/q_learning_table_03-eps-conver
ted-to.pdf>
(epstopdf)                    date: 2016-03-04 13:42:09
(epstopdf)                    size: 8187 bytes
(epstopdf)             Command: <epstopdf --outfile=../diagrams/q_learning_tabl
e_03-eps-converted-to.pdf ../diagrams/q_learning_table_03.eps>
(epstopdf)             \includegraphics on input line 353.
Package epstopdf Info: Output file is already uptodate.

<../diagrams/q_learning_table_03-eps-converted-to.pdf, id=448, 347.2975pt x 211
.79124pt>
File: ../diagrams/q_learning_table_03-eps-converted-to.pdf Graphic file (type p
df)
 <use ../diagrams/q_learning_table_03-eps-converted-to.pdf>
Package pdftex.def Info: ../diagrams/q_learning_table_03-eps-converted-to.pdf u
sed on input line 353.
(pdftex.def)             Requested size: 173.64832pt x 105.89536pt.
 [15

 <../diagrams/q_learning_table_03-eps-converted-to.pdf>]
Package epstopdf Info: Source file: <../diagrams/q_learning_table_04.eps>
(epstopdf)                    date: 2016-03-07 23:05:32
(epstopdf)                    size: 23198 bytes
(epstopdf)             Output file: <../diagrams/q_learning_table_04-eps-conver
ted-to.pdf>
(epstopdf)                    date: 2016-03-07 23:09:26
(epstopdf)                    size: 12119 bytes
(epstopdf)             Command: <epstopdf --outfile=../diagrams/q_learning_tabl
e_04-eps-converted-to.pdf ../diagrams/q_learning_table_04.eps>
(epstopdf)             \includegraphics on input line 362.
Package epstopdf Info: Output file is already uptodate.

<../diagrams/q_learning_table_04-eps-converted-to.pdf, id=477, 425.59pt x 232.8
7pt>
File: ../diagrams/q_learning_table_04-eps-converted-to.pdf Graphic file (type p
df)
 <use ../diagrams/q_learning_table_04-eps-converted-to.pdf>
Package pdftex.def Info: ../diagrams/q_learning_table_04-eps-converted-to.pdf u
sed on input line 362.
(pdftex.def)             Requested size: 212.79446pt x 116.43471pt.
 [16

 <../diagrams/q_learning_table_04-eps-converted-to.pdf>]
Package epstopdf Info: Source file: <../diagrams/q_learning_table_05.eps>
(epstopdf)                    date: 2016-03-07 23:03:09
(epstopdf)                    size: 25861 bytes
(epstopdf)             Output file: <../diagrams/q_learning_table_05-eps-conver
ted-to.pdf>
(epstopdf)                    date: 2016-03-07 23:09:26
(epstopdf)                    size: 13255 bytes
(epstopdf)             Command: <epstopdf --outfile=../diagrams/q_learning_tabl
e_05-eps-converted-to.pdf ../diagrams/q_learning_table_05.eps>
(epstopdf)             \includegraphics on input line 371.
Package epstopdf Info: Output file is already uptodate.

<../diagrams/q_learning_table_05-eps-converted-to.pdf, id=507, 369.38pt x 232.8
7pt>
File: ../diagrams/q_learning_table_05-eps-converted-to.pdf Graphic file (type p
df)
 <use ../diagrams/q_learning_table_05-eps-converted-to.pdf>
Package pdftex.def Info: ../diagrams/q_learning_table_05-eps-converted-to.pdf u
sed on input line 371.
(pdftex.def)             Requested size: 184.68954pt x 116.43471pt.
 [17

 <../diagrams/q_learning_table_05-eps-converted-to.pdf>]
Package epstopdf Info: Source file: <../diagrams/q_learning_table_06.eps>
(epstopdf)                    date: 2016-03-07 23:09:23
(epstopdf)                    size: 45189 bytes
(epstopdf)             Output file: <../diagrams/q_learning_table_06-eps-conver
ted-to.pdf>
(epstopdf)                    date: 2016-03-07 23:09:27
(epstopdf)                    size: 22230 bytes
(epstopdf)             Command: <epstopdf --outfile=../diagrams/q_learning_tabl
e_06-eps-converted-to.pdf ../diagrams/q_learning_table_06.eps>
(epstopdf)             \includegraphics on input line 380.
Package epstopdf Info: Output file is already uptodate.

<../diagrams/q_learning_table_06-eps-converted-to.pdf, id=536, 369.38pt x 274.0
2374pt>
File: ../diagrams/q_learning_table_06-eps-converted-to.pdf Graphic file (type p
df)
 <use ../diagrams/q_learning_table_06-eps-converted-to.pdf>
Package pdftex.def Info: ../diagrams/q_learning_table_06-eps-converted-to.pdf u
sed on input line 380.
(pdftex.def)             Requested size: 184.68954pt x 137.01154pt.
 [18

 <../diagrams/q_learning_table_06-eps-converted-to.pdf>] [19

]
Package epstopdf Info: Source file: <../diagrams/q_learning_nn.eps>
(epstopdf)                    date: 2016-03-04 12:37:31
(epstopdf)                    size: 41027 bytes
(epstopdf)             Output file: <../diagrams/q_learning_nn-eps-converted-to
.pdf>
(epstopdf)                    date: 2016-03-04 12:37:36
(epstopdf)                    size: 18421 bytes
(epstopdf)             Command: <epstopdf --outfile=../diagrams/q_learning_nn-e
ps-converted-to.pdf ../diagrams/q_learning_nn.eps>
(epstopdf)             \includegraphics on input line 408.
Package epstopdf Info: Output file is already uptodate.

<../diagrams/q_learning_nn-eps-converted-to.pdf, id=593, 566.115pt x 262.9825pt
>
File: ../diagrams/q_learning_nn-eps-converted-to.pdf Graphic file (type pdf)
 <use ../diagrams/q_learning_nn-eps-converted-to.pdf>
Package pdftex.def Info: ../diagrams/q_learning_nn-eps-converted-to.pdf used on
 input line 408.
(pdftex.def)             Requested size: 283.05681pt x 131.49092pt.
 [20

 <../diagrams/q_learning_nn-eps-converted-to.pdf>]
Package epstopdf Info: Source file: <../diagrams/q_chain_problem.eps>
(epstopdf)                    date: 2016-03-01 14:00:29
(epstopdf)                    size: 17297 bytes
(epstopdf)             Output file: <../diagrams/q_chain_problem-eps-converted-
to.pdf>
(epstopdf)                    date: 2016-03-01 14:00:29
(epstopdf)                    size: 8879 bytes
(epstopdf)             Command: <epstopdf --outfile=../diagrams/q_chain_problem
-eps-converted-to.pdf ../diagrams/q_chain_problem.eps>
(epstopdf)             \includegraphics on input line 428.
Package epstopdf Info: Output file is already uptodate.

<../diagrams/q_chain_problem-eps-converted-to.pdf, id=622, 645.41125pt x 133.49
875pt>
File: ../diagrams/q_chain_problem-eps-converted-to.pdf Graphic file (type pdf)
 <use ../diagrams/q_chain_problem-eps-converted-to.pdf>
Package pdftex.def Info: ../diagrams/q_chain_problem-eps-converted-to.pdf used 
on input line 428.
(pdftex.def)             Requested size: 322.70483pt x 66.74919pt.

Overfull \hbox (15.41496pt too wide) in paragraph at lines 428--428
 [] 
 []

[21

 <../diagrams/q_chain_problem-eps-converted-to.pdf>] [22

]
<../pictures/gaussian.png, id=677, 770.88pt x 578.16pt>
File: ../pictures/gaussian.png Graphic file (type png)

<use ../pictures/gaussian.png>
Package pdftex.def Info: ../pictures/gaussian.png used on input line 451.
(pdftex.def)             Requested size: 269.81204pt x 202.35902pt.
 [23

 <../pictures/gaussian.png>]

LaTeX Font Warning: Command \boldmath invalid in math mode on input line 468.


LaTeX Font Warning: Command \mathversion invalid in math mode on input line 468
.


LaTeX Font Warning: Command \boldmath invalid in math mode on input line 468.


LaTeX Font Warning: Command \mathversion invalid in math mode on input line 468
.


LaTeX Font Warning: Command \boldmath invalid in math mode on input line 468.


LaTeX Font Warning: Command \mathversion invalid in math mode on input line 468
.


LaTeX Font Warning: Command \boldmath invalid in math mode on input line 468.


LaTeX Font Warning: Command \mathversion invalid in math mode on input line 468
.


LaTeX Font Warning: Command \boldmath invalid in math mode on input line 468.


LaTeX Font Warning: Command \mathversion invalid in math mode on input line 468
.


LaTeX Font Warning: Command \boldmath invalid in math mode on input line 468.


LaTeX Font Warning: Command \mathversion invalid in math mode on input line 468
.


LaTeX Font Warning: Command \boldmath invalid in math mode on input line 468.


LaTeX Font Warning: Command \mathversion invalid in math mode on input line 468
.


LaTeX Font Warning: Command \boldmath invalid in math mode on input line 468.


LaTeX Font Warning: Command \mathversion invalid in math mode on input line 468
.

[24

]pdfTeX warning (ext4): destination with the same identifier (name{eu_eqn}) has
 been already used, duplicate ignored
<to be read again> 
                   \relax 
l.508 \end{frame}
                 

LaTeX Font Warning: Command \boldmath invalid in math mode on input line 508.


LaTeX Font Warning: Command \mathversion invalid in math mode on input line 508
.


LaTeX Font Warning: Command \boldmath invalid in math mode on input line 508.


LaTeX Font Warning: Command \mathversion invalid in math mode on input line 508
.


LaTeX Font Warning: Command \boldmath invalid in math mode on input line 508.


LaTeX Font Warning: Command \mathversion invalid in math mode on input line 508
.


LaTeX Font Warning: Command \boldmath invalid in math mode on input line 508.


LaTeX Font Warning: Command \mathversion invalid in math mode on input line 508
.

<../pictures/gaussian_1D.png, id=738, 770.88pt x 578.16pt>
File: ../pictures/gaussian_1D.png Graphic file (type png)

<use ../pictures/gaussian_1D.png>
Package pdftex.def Info: ../pictures/gaussian_1D.png used on input line 508.
(pdftex.def)             Requested size: 154.17326pt x 115.62994pt.

Overfull \hbox (0.52834pt too wide) in paragraph at lines 508--508
 [] 
 []

[25

 <../pictures/gaussian_1D.png>]

LaTeX Font Warning: Command \boldmath invalid in math mode on input line 532.


LaTeX Font Warning: Command \mathversion invalid in math mode on input line 532
.


LaTeX Font Warning: Command \boldmath invalid in math mode on input line 532.


LaTeX Font Warning: Command \mathversion invalid in math mode on input line 532
.


LaTeX Font Warning: Command \boldmath invalid in math mode on input line 532.


LaTeX Font Warning: Command \mathversion invalid in math mode on input line 532
.


LaTeX Font Warning: Command \boldmath invalid in math mode on input line 532.


LaTeX Font Warning: Command \mathversion invalid in math mode on input line 532
.

[26

] [27

] [28

] [29

] [30

]
Package epstopdf Info: Source file: <../diagrams/q_learning_hybrid.eps>
(epstopdf)                    date: 2016-03-04 23:25:52
(epstopdf)                    size: 78291 bytes
(epstopdf)             Output file: <../diagrams/q_learning_hybrid-eps-converte
d-to.pdf>
(epstopdf)                    date: 2016-03-04 23:25:56
(epstopdf)                    size: 34000 bytes
(epstopdf)             Command: <epstopdf --outfile=../diagrams/q_learning_hybr
id-eps-converted-to.pdf ../diagrams/q_learning_hybrid.eps>
(epstopdf)             \includegraphics on input line 608.
Package epstopdf Info: Output file is already uptodate.

<../diagrams/q_learning_hybrid-eps-converted-to.pdf, id=899, 620.3175pt x 450.6
8375pt>
File: ../diagrams/q_learning_hybrid-eps-converted-to.pdf Graphic file (type pdf
)
 <use ../diagrams/q_learning_hybrid-eps-converted-to.pdf>
Package pdftex.def Info: ../diagrams/q_learning_hybrid-eps-converted-to.pdf use
d on input line 608.
(pdftex.def)             Requested size: 248.1226pt x 180.2703pt.
 [31

 <../diagrams/q_learning_hybrid-eps-converted-to.pdf>]
Package epstopdf Info: Source file: <../diagrams/experiment_map_q_learning.eps>

(epstopdf)                    date: 2016-03-03 08:15:20
(epstopdf)                    size: 242876 bytes
(epstopdf)             Output file: <../diagrams/experiment_map_q_learning-eps-
converted-to.pdf>
(epstopdf)                    date: 2016-03-03 08:15:24
(epstopdf)                    size: 103023 bytes
(epstopdf)             Command: <epstopdf --outfile=../diagrams/experiment_map_
q_learning-eps-converted-to.pdf ../diagrams/experiment_map_q_learning.eps>
(epstopdf)             \includegraphics on input line 618.
Package epstopdf Info: Output file is already uptodate.

<../diagrams/experiment_map_q_learning-eps-converted-to.pdf, id=930, 1460.45625
pt x 819.06pt>
File: ../diagrams/experiment_map_q_learning-eps-converted-to.pdf Graphic file (
type pdf)

<use ../diagrams/experiment_map_q_learning-eps-converted-to.pdf>
Package pdftex.def Info: ../diagrams/experiment_map_q_learning-eps-converted-to
.pdf used on input line 618.
(pdftex.def)             Requested size: 321.30136pt x 180.19376pt.

Overfull \hbox (14.01149pt too wide) in paragraph at lines 618--618
 [] 
 []

[32

 <../diagrams/experiment_map_q_learning-eps-converted-to.pdf>]
Overfull \vbox (7.15895pt too high) detected at line 651
 []

[33

]
Overfull \vbox (2.92012pt too high) detected at line 673
 []

[34

]
<../../results_q_learning/map_1/reward_value_surface.png, id=1012, 770.88pt x 5
78.16pt>
File: ../../results_q_learning/map_1/reward_value_surface.png Graphic file (typ
e png)
 <use ../../results_q_learning/map_1/reward_value_surface.png>
Package pdftex.def Info: ../../results_q_learning/map_1/reward_value_surface.pn
g used on input line 686.
(pdftex.def)             Requested size: 308.34654pt x 231.2599pt.

Overfull \hbox (1.05667pt too wide) in paragraph at lines 686--686
 [] 
 []


Overfull \vbox (50.62555pt too high) detected at line 686
 []

[35

 <../../results_q_learning/map_1/reward_value_surface.png>]
<../../results_q_learning/map_1/function_type_1/iterations_10/action_best_value
_log_surface.png, id=1041, 770.88pt x 578.16pt>
File: ../../results_q_learning/map_1/function_type_1/iterations_10/action_best_
value_log_surface.png Graphic file (type png)

<use ../../results_q_learning/map_1/function_type_1/iterations_10/action_best_v
alue_log_surface.png>
Package pdftex.def Info: ../../results_q_learning/map_1/function_type_1/iterati
ons_10/action_best_value_log_surface.png used on input line 714.
(pdftex.def)             Requested size: 161.88957pt x 121.41718pt.

Overfull \hbox (8.24464pt too wide) in paragraph at lines 714--714
 [] 
 []


<../../results_q_learning/map_1/function_type_2/iterations_10/action_best_value
_log_surface.png, id=1042, 770.88pt x 578.16pt>
File: ../../results_q_learning/map_1/function_type_2/iterations_10/action_best_
value_log_surface.png Graphic file (type png)

<use ../../results_q_learning/map_1/function_type_2/iterations_10/action_best_v
alue_log_surface.png>
Package pdftex.def Info: ../../results_q_learning/map_1/function_type_2/iterati
ons_10/action_best_value_log_surface.png used on input line 714.
(pdftex.def)             Requested size: 161.88957pt x 121.41718pt.

Overfull \hbox (8.24464pt too wide) in paragraph at lines 714--714
 [] 
 []

[36

 <../../results_q_learning/map_1/function_type_1/iterations_10/action_best_valu
e_log_surface.png> <../../results_q_learning/map_1/function_type_2/iterations_1
0/action_best_value_log_surface.png>]
<../../results_q_learning/map_1/function_type_3/iterations_10/action_best_value
_log_surface.png, id=1071, 770.88pt x 578.16pt>
File: ../../results_q_learning/map_1/function_type_3/iterations_10/action_best_
value_log_surface.png Graphic file (type png)

<use ../../results_q_learning/map_1/function_type_3/iterations_10/action_best_v
alue_log_surface.png>
Package pdftex.def Info: ../../results_q_learning/map_1/function_type_3/iterati
ons_10/action_best_value_log_surface.png used on input line 740.
(pdftex.def)             Requested size: 161.88957pt x 121.41718pt.

Overfull \hbox (8.24464pt too wide) in paragraph at lines 740--740
 [] 
 []


<../../results_q_learning/map_1/function_type_4/iterations_10/action_best_value
_log_surface.png, id=1072, 770.88pt x 578.16pt>
File: ../../results_q_learning/map_1/function_type_4/iterations_10/action_best_
value_log_surface.png Graphic file (type png)

<use ../../results_q_learning/map_1/function_type_4/iterations_10/action_best_v
alue_log_surface.png>
Package pdftex.def Info: ../../results_q_learning/map_1/function_type_4/iterati
ons_10/action_best_value_log_surface.png used on input line 740.
(pdftex.def)             Requested size: 161.88957pt x 121.41718pt.

Overfull \hbox (8.24464pt too wide) in paragraph at lines 740--740
 [] 
 []

[37

 <../../results_q_learning/map_1/function_type_3/iterations_10/action_best_valu
e_log_surface.png> <../../results_q_learning/map_1/function_type_4/iterations_1
0/action_best_value_log_surface.png>]
<../../results_q_learning/map_1/function_type_1/q_learning_error.png, id=1102, 
770.88pt x 578.16pt>
File: ../../results_q_learning/map_1/function_type_1/q_learning_error.png Graph
ic file (type png)

<use ../../results_q_learning/map_1/function_type_1/q_learning_error.png>
Package pdftex.def Info: ../../results_q_learning/map_1/function_type_1/q_learn
ing_error.png used on input line 777.
(pdftex.def)             Requested size: 154.17326pt x 115.62994pt.

Overfull \hbox (0.52834pt too wide) in paragraph at lines 777--777
 [] 
 []


<../../results_q_learning/map_1/function_type_2/q_learning_error.png, id=1103, 
770.88pt x 578.16pt>
File: ../../results_q_learning/map_1/function_type_2/q_learning_error.png Graph
ic file (type png)

<use ../../results_q_learning/map_1/function_type_2/q_learning_error.png>
Package pdftex.def Info: ../../results_q_learning/map_1/function_type_2/q_learn
ing_error.png used on input line 777.
(pdftex.def)             Requested size: 154.17326pt x 115.62994pt.

Overfull \hbox (0.52834pt too wide) in paragraph at lines 777--777
 [] 
 []

[38

 <../../results_q_learning/map_1/function_type_1/q_learning_error.png> <../../r
esults_q_learning/map_1/function_type_2/q_learning_error.png>]
<../../results_q_learning/map_1/function_type_3/q_learning_error.png, id=1132, 
770.88pt x 578.16pt>
File: ../../results_q_learning/map_1/function_type_3/q_learning_error.png Graph
ic file (type png)

<use ../../results_q_learning/map_1/function_type_3/q_learning_error.png>
Package pdftex.def Info: ../../results_q_learning/map_1/function_type_3/q_learn
ing_error.png used on input line 807.
(pdftex.def)             Requested size: 154.17326pt x 115.62994pt.

Overfull \hbox (0.52834pt too wide) in paragraph at lines 807--807
 [] 
 []


<../../results_q_learning/map_1/function_type_4/q_learning_error.png, id=1133, 
770.88pt x 578.16pt>
File: ../../results_q_learning/map_1/function_type_4/q_learning_error.png Graph
ic file (type png)

<use ../../results_q_learning/map_1/function_type_4/q_learning_error.png>
Package pdftex.def Info: ../../results_q_learning/map_1/function_type_4/q_learn
ing_error.png used on input line 807.
(pdftex.def)             Requested size: 154.17326pt x 115.62994pt.

Overfull \hbox (0.52834pt too wide) in paragraph at lines 807--807
 [] 
 []

[39

 <../../results_q_learning/map_1/function_type_3/q_learning_error.png> <../../r
esults_q_learning/map_1/function_type_4/q_learning_error.png>]
<../../results_q_learning/map_1/function_type_0/iterations_10/q_learning_result
.png, id=1163, 770.88pt x 578.16pt>
File: ../../results_q_learning/map_1/function_type_0/iterations_10/q_learning_r
esult.png Graphic file (type png)

<use ../../results_q_learning/map_1/function_type_0/iterations_10/q_learning_re
sult.png>
Package pdftex.def Info: ../../results_q_learning/map_1/function_type_0/iterati
ons_10/q_learning_result.png used on input line 835.
(pdftex.def)             Requested size: 154.17326pt x 115.62994pt.

Overfull \hbox (0.52834pt too wide) in paragraph at lines 835--835
 [] 
 []


<../../results_q_learning/map_1/function_type_3/iterations_10/q_learning_result
.png, id=1164, 770.88pt x 578.16pt>
File: ../../results_q_learning/map_1/function_type_3/iterations_10/q_learning_r
esult.png Graphic file (type png)

<use ../../results_q_learning/map_1/function_type_3/iterations_10/q_learning_re
sult.png>
Package pdftex.def Info: ../../results_q_learning/map_1/function_type_3/iterati
ons_10/q_learning_result.png used on input line 835.
(pdftex.def)             Requested size: 154.17326pt x 115.62994pt.

Overfull \hbox (0.52834pt too wide) in paragraph at lines 835--835
 [] 
 []

[40

 <../../results_q_learning/map_1/function_type_0/iterations_10/q_learning_resul
t.png> <../../results_q_learning/map_1/function_type_3/iterations_10/q_learning
_result.png>]
<../../results_q_learning/map_1/trials_average_results_progress.png, id=1193, 7
70.88pt x 578.16pt>
File: ../../results_q_learning/map_1/trials_average_results_progress.png Graphi
c file (type png)

<use ../../results_q_learning/map_1/trials_average_results_progress.png>
Package pdftex.def Info: ../../results_q_learning/map_1/trials_average_results_
progress.png used on input line 847.
(pdftex.def)             Requested size: 277.51659pt x 208.13744pt.

[41

 <../../results_q_learning/map_1/trials_average_results_progress.png>]
<../../results_q_learning/map_1/trials_average_results.png, id=1221, 770.88pt x
 578.16pt>
File: ../../results_q_learning/map_1/trials_average_results.png Graphic file (t
ype png)
 <use ../../results_q_learning/map_1/trials_average_results.png>
Package pdftex.def Info: ../../results_q_learning/map_1/trials_average_results.
png used on input line 859.
(pdftex.def)             Requested size: 277.51659pt x 208.13744pt.

[42

 <../../results_q_learning/map_1/trials_average_results.png>]
<../../results_q_learning/map_0/trials_average_results.png, id=1249, 770.88pt x
 578.16pt>
File: ../../results_q_learning/map_0/trials_average_results.png Graphic file (t
ype png)
 <use ../../results_q_learning/map_0/trials_average_results.png>
Package pdftex.def Info: ../../results_q_learning/map_0/trials_average_results.
png used on input line 870.
(pdftex.def)             Requested size: 277.51659pt x 208.13744pt.

[43

 <../../results_q_learning/map_0/trials_average_results.png>]
<../../results_q_learning/map_2/trials_average_results.png, id=1279, 770.88pt x
 578.16pt>
File: ../../results_q_learning/map_2/trials_average_results.png Graphic file (t
ype png)
 <use ../../results_q_learning/map_2/trials_average_results.png>
Package pdftex.def Info: ../../results_q_learning/map_2/trials_average_results.
png used on input line 880.
(pdftex.def)             Requested size: 277.51659pt x 208.13744pt.

[44

 <../../results_q_learning/map_2/trials_average_results.png>]
<../../results_q_learning/map_3/trials_average_results.png, id=1307, 770.88pt x
 578.16pt>
File: ../../results_q_learning/map_3/trials_average_results.png Graphic file (t
ype png)
 <use ../../results_q_learning/map_3/trials_average_results.png>
Package pdftex.def Info: ../../results_q_learning/map_3/trials_average_results.
png used on input line 890.
(pdftex.def)             Requested size: 277.51659pt x 208.13744pt.

[45

 <../../results_q_learning/map_3/trials_average_results.png>]
<../pictures/me.jpg, id=1334, 1228.59pt x 1268.74pt>
File: ../pictures/me.jpg Graphic file (type jpg)
 <use ../pictures/me.jpg>
Package pdftex.def Info: ../pictures/me.jpg used on input line 905.
(pdftex.def)             Requested size: 184.28055pt x 190.30278pt.

[46

 <../pictures/me.jpg>]
\tf@nav=\write6
\openout6 = `presentation.nav'.

\tf@toc=\write7
\openout7 = `presentation.toc'.

\tf@snm=\write8
\openout8 = `presentation.snm'.

Package atveryend Info: Empty hook `BeforeClearDocument' on input line 907.
Package atveryend Info: Empty hook `AfterLastShipout' on input line 907.
 (./presentation.aux)
Package atveryend Info: Executing hook `AtVeryEndDocument' on input line 907.
Package atveryend Info: Executing hook `AtEndAfterFileList' on input line 907.
Package rerunfilecheck Info: File `presentation.out' has not changed.
(rerunfilecheck)             Checksum: D41D8CD98F00B204E9800998ECF8427E;0.


LaTeX Font Warning: Size substitutions with differences
(Font)              up to 1.0pt have occurred.


LaTeX Font Warning: Some font shapes were not available, defaults substituted.


LaTeX Warning: There were multiply-defined labels.

Package atveryend Info: Empty hook `AtVeryVeryEnd' on input line 907.
 ) 
Here is how much of TeX's memory you used:
 19618 strings out of 493304
 356109 string characters out of 6139872
 454648 words of memory out of 5000000
 22461 multiletter control sequences out of 15000+600000
 27243 words of font info for 69 fonts, out of 8000000 for 9000
 957 hyphenation exceptions out of 8191
 49i,15n,53p,425b,557s stack positions out of 5000i,500n,10000p,200000b,80000s
{/usr/share/texmf/fonts/enc/dvips/cm-super/cm-super-t1.enc}</usr/share/texliv
e/texmf-dist/fonts/type1/public/amsfonts/cm/cmex10.pfb></usr/share/texlive/texm
f-dist/fonts/type1/public/amsfonts/cmextra/cmex8.pfb></usr/share/texlive/texmf-
dist/fonts/type1/public/amsfonts/cm/cmmi10.pfb></usr/share/texlive/texmf-dist/f
onts/type1/public/amsfonts/cm/cmmi12.pfb></usr/share/texlive/texmf-dist/fonts/t
ype1/public/amsfonts/cm/cmmi8.pfb></usr/share/texlive/texmf-dist/fonts/type1/pu
blic/amsfonts/cm/cmss10.pfb></usr/share/texlive/texmf-dist/fonts/type1/public/a
msfonts/cm/cmss12.pfb></usr/share/texlive/texmf-dist/fonts/type1/public/amsfont
s/cm/cmss8.pfb></usr/share/texlive/texmf-dist/fonts/type1/public/amsfonts/cm/cm
sy10.pfb></usr/share/texlive/texmf-dist/fonts/type1/public/amsfonts/cm/cmsy8.pf
b></usr/share/texlive/texmf-dist/fonts/type1/public/amsfonts/cm/cmsy9.pfb></usr
/share/texlive/texmf-dist/fonts/type1/public/amsfonts/symbols/msbm10.pfb></usr/
share/texmf/fonts/type1/public/cm-super/sfsi0600.pfb></usr/share/texmf/fonts/ty
pe1/public/cm-super/sfsi0700.pfb></usr/share/texmf/fonts/type1/public/cm-super/
sfsi0800.pfb></usr/share/texmf/fonts/type1/public/cm-super/sfsi1000.pfb></usr/s
hare/texmf/fonts/type1/public/cm-super/sfsi1095.pfb></usr/share/texmf/fonts/typ
e1/public/cm-super/sfsi1440.pfb></usr/share/texmf/fonts/type1/public/cm-super/s
fss0600.pfb></usr/share/texmf/fonts/type1/public/cm-super/sfss0800.pfb></usr/sh
are/texmf/fonts/type1/public/cm-super/sfss1000.pfb></usr/share/texmf/fonts/type
1/public/cm-super/sfss1095.pfb></usr/share/texmf/fonts/type1/public/cm-super/sf
sx0600.pfb></usr/share/texmf/fonts/type1/public/cm-super/sfsx1095.pfb></usr/sha
re/texmf/fonts/type1/public/cm-super/sfsx1440.pfb>
Output written on presentation.pdf (46 pages, 1698785 bytes).
PDF statistics:
 1465 PDF objects out of 1728 (max. 8388607)
 1301 compressed objects within 14 object streams
 97 named destinations out of 1000 (max. 500000)
 285 words of extra memory for PDF output out of 10000 (max. 10000000)

