0.000000 0.000000 0.000009 0.000019 
0.000000 0.010000 0.000012 0.000015 
0.000000 0.020000 0.000010 0.000016 
0.000000 0.030000 0.000011 0.000021 
0.000000 0.040000 0.000014 0.000021 
0.000000 0.050000 0.000008 0.000012 
0.000000 0.060000 0.000013 0.000017 
0.000000 0.070000 0.000008 0.000012 
0.000000 0.080000 0.000010 0.000012 
0.000000 0.090000 0.000015 0.000034 
0.000000 0.100000 0.000010 0.000013 
0.000000 0.110000 0.000019 0.000034 
0.000000 0.120000 0.000020 0.000033 
0.000000 0.130000 0.000020 0.000030 
0.000000 0.140000 0.000069 0.000148 
0.000000 0.150000 0.000041 0.000048 
0.000000 0.160000 0.000057 0.000087 
0.000000 0.170000 0.000084 0.000115 
0.000000 0.180000 0.000123 0.000179 
0.000000 0.190000 0.000298 0.000616 
0.000000 0.200000 0.000405 0.000741 
0.000000 0.210000 0.001190 0.001342 
0.000000 0.220000 0.005207 0.007334 
0.000000 0.230000 0.010440 0.008621 
0.000000 0.240000 0.026327 0.017294 
0.000000 0.250000 0.044511 0.020826 
0.000000 0.260000 0.087259 0.035237 
0.000000 0.270000 0.111063 0.042627 
0.000000 0.280000 0.134377 0.038550 
0.000000 0.290000 0.191544 0.058149 
0.000000 0.300000 0.209657 0.057327 
0.000000 0.310000 0.229812 0.062194 
0.000000 0.320000 0.239409 0.056647 
0.000000 0.330000 0.273180 0.070873 
0.000000 0.340000 0.290972 0.069355 
0.000000 0.350000 0.342300 0.078959 
0.000000 0.360000 0.369800 0.073193 
0.000000 0.370000 0.398604 0.101221 
0.000000 0.380000 0.436649 0.128821 
0.000000 0.390000 0.418388 0.104815 
0.000000 0.400000 0.481124 0.143596 
0.022500 0.000000 0.000012 0.000023 
0.022500 0.010000 0.000004 0.000006 
0.022500 0.020000 0.000006 0.000008 
0.022500 0.030000 0.000013 0.000022 
0.022500 0.040000 0.000004 0.000007 
0.022500 0.050000 0.000014 0.000026 
0.022500 0.060000 0.000016 0.000043 
0.022500 0.070000 0.000015 0.000028 
0.022500 0.080000 0.000020 0.000037 
0.022500 0.090000 0.000020 0.000032 
0.022500 0.100000 0.000018 0.000038 
0.022500 0.110000 0.000028 0.000044 
0.022500 0.120000 0.000019 0.000032 
0.022500 0.130000 0.000030 0.000036 
0.022500 0.140000 0.000044 0.000085 
0.022500 0.150000 0.000071 0.000181 
0.022500 0.160000 0.000083 0.000142 
0.022500 0.170000 0.000145 0.000146 
0.022500 0.180000 0.000226 0.000617 
0.022500 0.190000 0.000281 0.000382 
0.022500 0.200000 0.000421 0.000698 
0.022500 0.210000 0.001386 0.002019 
0.022500 0.220000 0.003654 0.005384 
0.022500 0.230000 0.009871 0.008329 
0.022500 0.240000 0.028019 0.017204 
0.022500 0.250000 0.044738 0.022897 
0.022500 0.260000 0.079950 0.033102 
0.022500 0.270000 0.111096 0.035150 
0.022500 0.280000 0.142962 0.043291 
0.022500 0.290000 0.177786 0.060548 
0.022500 0.300000 0.196385 0.041527 
0.022500 0.310000 0.235386 0.065813 
0.022500 0.320000 0.242164 0.054023 
0.022500 0.330000 0.253256 0.059815 
0.022500 0.340000 0.302865 0.069850 
0.022500 0.350000 0.339747 0.072608 
0.022500 0.360000 0.366989 0.069568 
0.022500 0.370000 0.391733 0.087753 
0.022500 0.380000 0.423180 0.097196 
0.022500 0.390000 0.447602 0.141369 
0.022500 0.400000 0.426153 0.105261 
0.045000 0.000000 0.000009 0.000013 
0.045000 0.010000 0.000008 0.000012 
0.045000 0.020000 0.000005 0.000007 
0.045000 0.030000 0.000014 0.000017 
0.045000 0.040000 0.000009 0.000015 
0.045000 0.050000 0.000011 0.000014 
0.045000 0.060000 0.000011 0.000011 
0.045000 0.070000 0.000029 0.000062 
0.045000 0.080000 0.000011 0.000016 
0.045000 0.090000 0.000014 0.000021 
0.045000 0.100000 0.000033 0.000062 
0.045000 0.110000 0.000018 0.000048 
0.045000 0.120000 0.000038 0.000082 
0.045000 0.130000 0.000033 0.000045 
0.045000 0.140000 0.000071 0.000151 
0.045000 0.150000 0.000039 0.000063 
0.045000 0.160000 0.000094 0.000313 
0.045000 0.170000 0.000141 0.000204 
0.045000 0.180000 0.000112 0.000171 
0.045000 0.190000 0.000474 0.000705 
0.045000 0.200000 0.000765 0.001331 
0.045000 0.210000 0.001433 0.002549 
0.045000 0.220000 0.003752 0.003709 
0.045000 0.230000 0.010555 0.008060 
0.045000 0.240000 0.023783 0.018147 
0.045000 0.250000 0.047619 0.022105 
0.045000 0.260000 0.086538 0.031185 
0.045000 0.270000 0.102476 0.038947 
0.045000 0.280000 0.151148 0.049415 
0.045000 0.290000 0.185918 0.051685 
0.045000 0.300000 0.216000 0.059703 
0.045000 0.310000 0.240112 0.060665 
0.045000 0.320000 0.240142 0.058654 
0.045000 0.330000 0.277508 0.053251 
0.045000 0.340000 0.333390 0.081013 
0.045000 0.350000 0.307432 0.068872 
0.045000 0.360000 0.362969 0.090766 
0.045000 0.370000 0.345627 0.084578 
0.045000 0.380000 0.426339 0.101721 
0.045000 0.390000 0.453884 0.102025 
0.045000 0.400000 0.475022 0.141562 
0.067500 0.000000 0.000006 0.000008 
0.067500 0.010000 0.000006 0.000009 
0.067500 0.020000 0.000009 0.000014 
0.067500 0.030000 0.000006 0.000008 
0.067500 0.040000 0.000011 0.000015 
0.067500 0.050000 0.000007 0.000013 
0.067500 0.060000 0.000016 0.000027 
0.067500 0.070000 0.000022 0.000047 
0.067500 0.080000 0.000019 0.000034 
0.067500 0.090000 0.000015 0.000028 
0.067500 0.100000 0.000010 0.000015 
0.067500 0.110000 0.000029 0.000075 
0.067500 0.120000 0.000017 0.000022 
0.067500 0.130000 0.000032 0.000049 
0.067500 0.140000 0.000056 0.000107 
0.067500 0.150000 0.000083 0.000122 
0.067500 0.160000 0.000143 0.000276 
0.067500 0.170000 0.000117 0.000209 
0.067500 0.180000 0.000356 0.000806 
0.067500 0.190000 0.000431 0.000645 
0.067500 0.200000 0.000883 0.001350 
0.067500 0.210000 0.001151 0.001423 
0.067500 0.220000 0.004112 0.005926 
0.067500 0.230000 0.010688 0.010425 
0.067500 0.240000 0.022291 0.013858 
0.067500 0.250000 0.052063 0.019561 
0.067500 0.260000 0.069140 0.026061 
0.067500 0.270000 0.105313 0.035117 
0.067500 0.280000 0.148155 0.046565 
0.067500 0.290000 0.190792 0.056078 
0.067500 0.300000 0.214015 0.055551 
0.067500 0.310000 0.225912 0.044010 
0.067500 0.320000 0.239913 0.060040 
0.067500 0.330000 0.280760 0.058418 
0.067500 0.340000 0.324900 0.081564 
0.067500 0.350000 0.328209 0.082482 
0.067500 0.360000 0.394352 0.090659 
0.067500 0.370000 0.365313 0.068846 
0.067500 0.380000 0.419939 0.099408 
0.067500 0.390000 0.442842 0.111266 
0.067500 0.400000 0.481097 0.103307 
0.090000 0.000000 0.000005 0.000006 
0.090000 0.010000 0.000008 0.000008 
0.090000 0.020000 0.000006 0.000010 
0.090000 0.030000 0.000007 0.000007 
0.090000 0.040000 0.000017 0.000026 
0.090000 0.050000 0.000014 0.000022 
0.090000 0.060000 0.000013 0.000023 
0.090000 0.070000 0.000014 0.000021 
0.090000 0.080000 0.000013 0.000017 
0.090000 0.090000 0.000013 0.000023 
0.090000 0.100000 0.000034 0.000050 
0.090000 0.110000 0.000016 0.000022 
0.090000 0.120000 0.000022 0.000026 
0.090000 0.130000 0.000034 0.000054 
0.090000 0.140000 0.000043 0.000089 
0.090000 0.150000 0.000064 0.000117 
0.090000 0.160000 0.000087 0.000116 
0.090000 0.170000 0.000100 0.000182 
0.090000 0.180000 0.000086 0.000131 
0.090000 0.190000 0.000270 0.000623 
0.090000 0.200000 0.000647 0.001036 
0.090000 0.210000 0.001167 0.002013 
0.090000 0.220000 0.002962 0.004051 
0.090000 0.230000 0.010406 0.010798 
0.090000 0.240000 0.029420 0.015270 
0.090000 0.250000 0.053163 0.017238 
0.090000 0.260000 0.068993 0.026865 
0.090000 0.270000 0.106043 0.035926 
0.090000 0.280000 0.148194 0.040222 
0.090000 0.290000 0.173913 0.048669 
0.090000 0.300000 0.210493 0.054027 
0.090000 0.310000 0.242725 0.063493 
0.090000 0.320000 0.250186 0.059485 
0.090000 0.330000 0.292847 0.071064 
0.090000 0.340000 0.301621 0.064961 
0.090000 0.350000 0.321580 0.083498 
0.090000 0.360000 0.361549 0.090086 
0.090000 0.370000 0.384743 0.098441 
0.090000 0.380000 0.424342 0.104870 
0.090000 0.390000 0.440537 0.078500 
0.090000 0.400000 0.432817 0.112256 
0.112500 0.000000 0.000005 0.000007 
0.112500 0.010000 0.000008 0.000014 
0.112500 0.020000 0.000006 0.000007 
0.112500 0.030000 0.000016 0.000027 
0.112500 0.040000 0.000007 0.000010 
0.112500 0.050000 0.000014 0.000019 
0.112500 0.060000 0.000012 0.000012 
0.112500 0.070000 0.000012 0.000017 
0.112500 0.080000 0.000011 0.000014 
0.112500 0.090000 0.000008 0.000012 
0.112500 0.100000 0.000018 0.000032 
0.112500 0.110000 0.000019 0.000032 
0.112500 0.120000 0.000039 0.000061 
0.112500 0.130000 0.000021 0.000032 
0.112500 0.140000 0.000046 0.000120 
0.112500 0.150000 0.000069 0.000102 
0.112500 0.160000 0.000061 0.000166 
0.112500 0.170000 0.000096 0.000151 
0.112500 0.180000 0.000103 0.000167 
0.112500 0.190000 0.000173 0.000284 
0.112500 0.200000 0.000342 0.000526 
0.112500 0.210000 0.001031 0.001437 
0.112500 0.220000 0.003499 0.003572 
0.112500 0.230000 0.010460 0.010213 
0.112500 0.240000 0.029516 0.013822 
0.112500 0.250000 0.057574 0.024142 
0.112500 0.260000 0.071360 0.022870 
0.112500 0.270000 0.120123 0.044398 
0.112500 0.280000 0.141835 0.047949 
0.112500 0.290000 0.174600 0.044172 
0.112500 0.300000 0.201633 0.051556 
0.112500 0.310000 0.247549 0.061741 
0.112500 0.320000 0.252029 0.068964 
0.112500 0.330000 0.277692 0.064045 
0.112500 0.340000 0.310758 0.055460 
0.112500 0.350000 0.312325 0.076756 
0.112500 0.360000 0.345758 0.087632 
0.112500 0.370000 0.380615 0.101127 
0.112500 0.380000 0.415434 0.110900 
0.112500 0.390000 0.382801 0.084216 
0.112500 0.400000 0.445012 0.132477 
0.135000 0.000000 0.000004 0.000008 
0.135000 0.010000 0.000005 0.000008 
0.135000 0.020000 0.000008 0.000011 
0.135000 0.030000 0.000008 0.000010 
0.135000 0.040000 0.000008 0.000011 
0.135000 0.050000 0.000010 0.000014 
0.135000 0.060000 0.000022 0.000052 
0.135000 0.070000 0.000023 0.000032 
0.135000 0.080000 0.000017 0.000023 
0.135000 0.090000 0.000015 0.000019 
0.135000 0.100000 0.000016 0.000020 
0.135000 0.110000 0.000020 0.000040 
0.135000 0.120000 0.000029 0.000054 
0.135000 0.130000 0.000023 0.000032 
0.135000 0.140000 0.000077 0.000152 
0.135000 0.150000 0.000053 0.000080 
0.135000 0.160000 0.000048 0.000073 
0.135000 0.170000 0.000074 0.000111 
0.135000 0.180000 0.000282 0.000417 
0.135000 0.190000 0.000521 0.001769 
0.135000 0.200000 0.000477 0.000931 
0.135000 0.210000 0.000639 0.000992 
0.135000 0.220000 0.003590 0.003845 
0.135000 0.230000 0.012866 0.012269 
0.135000 0.240000 0.032959 0.015432 
0.135000 0.250000 0.046676 0.022245 
0.135000 0.260000 0.074858 0.028026 
0.135000 0.270000 0.105180 0.038013 
0.135000 0.280000 0.128225 0.030296 
0.135000 0.290000 0.175844 0.059509 
0.135000 0.300000 0.204995 0.066955 
0.135000 0.310000 0.242833 0.057995 
0.135000 0.320000 0.250347 0.054980 
0.135000 0.330000 0.265409 0.063802 
0.135000 0.340000 0.300657 0.052169 
0.135000 0.350000 0.341605 0.067142 
0.135000 0.360000 0.347578 0.062086 
0.135000 0.370000 0.335975 0.075127 
0.135000 0.380000 0.403796 0.104494 
0.135000 0.390000 0.435873 0.114617 
0.135000 0.400000 0.477522 0.108223 
0.157500 0.000000 0.000006 0.000008 
0.157500 0.010000 0.000005 0.000007 
0.157500 0.020000 0.000011 0.000016 
0.157500 0.030000 0.000007 0.000009 
0.157500 0.040000 0.000017 0.000030 
0.157500 0.050000 0.000010 0.000017 
0.157500 0.060000 0.000009 0.000012 
0.157500 0.070000 0.000016 0.000022 
0.157500 0.080000 0.000015 0.000029 
0.157500 0.090000 0.000006 0.000009 
0.157500 0.100000 0.000017 0.000022 
0.157500 0.110000 0.000017 0.000017 
0.157500 0.120000 0.000024 0.000038 
0.157500 0.130000 0.000024 0.000035 
0.157500 0.140000 0.000061 0.000096 
0.157500 0.150000 0.000042 0.000052 
0.157500 0.160000 0.000119 0.000277 
0.157500 0.170000 0.000108 0.000160 
0.157500 0.180000 0.000246 0.000478 
0.157500 0.190000 0.000199 0.000235 
0.157500 0.200000 0.000748 0.001174 
0.157500 0.210000 0.001421 0.002254 
0.157500 0.220000 0.002761 0.002725 
0.157500 0.230000 0.012023 0.009645 
0.157500 0.240000 0.022058 0.018336 
0.157500 0.250000 0.047880 0.020297 
0.157500 0.260000 0.079270 0.032589 
0.157500 0.270000 0.110037 0.032576 
0.157500 0.280000 0.156125 0.045637 
0.157500 0.290000 0.167911 0.045862 
0.157500 0.300000 0.223127 0.050710 
0.157500 0.310000 0.236066 0.040376 
0.157500 0.320000 0.239086 0.062489 
0.157500 0.330000 0.302328 0.055549 
0.157500 0.340000 0.291694 0.066021 
0.157500 0.350000 0.302907 0.070394 
0.157500 0.360000 0.382225 0.100372 
0.157500 0.370000 0.412208 0.084719 
0.157500 0.380000 0.404289 0.100641 
0.157500 0.390000 0.423475 0.119900 
0.157500 0.400000 0.423813 0.095540 
0.180000 0.000000 0.000006 0.000011 
0.180000 0.010000 0.000009 0.000015 
0.180000 0.020000 0.000014 0.000031 
0.180000 0.030000 0.000006 0.000008 
0.180000 0.040000 0.000009 0.000010 
0.180000 0.050000 0.000012 0.000024 
0.180000 0.060000 0.000017 0.000036 
0.180000 0.070000 0.000017 0.000024 
0.180000 0.080000 0.000033 0.000062 
0.180000 0.090000 0.000011 0.000018 
0.180000 0.100000 0.000025 0.000054 
0.180000 0.110000 0.000028 0.000051 
0.180000 0.120000 0.000023 0.000033 
0.180000 0.130000 0.000034 0.000062 
0.180000 0.140000 0.000022 0.000037 
0.180000 0.150000 0.000084 0.000197 
0.180000 0.160000 0.000073 0.000131 
0.180000 0.170000 0.000107 0.000180 
0.180000 0.180000 0.000195 0.000477 
0.180000 0.190000 0.000100 0.000153 
0.180000 0.200000 0.000614 0.001268 
0.180000 0.210000 0.001389 0.002613 
0.180000 0.220000 0.004326 0.007227 
0.180000 0.230000 0.009049 0.007305 
0.180000 0.240000 0.028440 0.014133 
0.180000 0.250000 0.056966 0.027055 
0.180000 0.260000 0.078263 0.037445 
0.180000 0.270000 0.095140 0.026755 
0.180000 0.280000 0.136907 0.042250 
0.180000 0.290000 0.164269 0.039631 
0.180000 0.300000 0.212945 0.057493 
0.180000 0.310000 0.225794 0.059136 
0.180000 0.320000 0.268076 0.055116 
0.180000 0.330000 0.288142 0.066402 
0.180000 0.340000 0.292785 0.050728 
0.180000 0.350000 0.328619 0.078551 
0.180000 0.360000 0.361856 0.067998 
0.180000 0.370000 0.369955 0.091399 
0.180000 0.380000 0.449083 0.110418 
0.180000 0.390000 0.482429 0.130796 
0.180000 0.400000 0.447844 0.112920 
0.202500 0.000000 0.000006 0.000007 
0.202500 0.010000 0.000009 0.000014 
0.202500 0.020000 0.000006 0.000007 
0.202500 0.030000 0.000008 0.000016 
0.202500 0.040000 0.000011 0.000016 
0.202500 0.050000 0.000011 0.000018 
0.202500 0.060000 0.000015 0.000019 
0.202500 0.070000 0.000015 0.000021 
0.202500 0.080000 0.000024 0.000045 
0.202500 0.090000 0.000009 0.000013 
0.202500 0.100000 0.000018 0.000028 
0.202500 0.110000 0.000016 0.000027 
0.202500 0.120000 0.000014 0.000012 
0.202500 0.130000 0.000020 0.000034 
0.202500 0.140000 0.000038 0.000094 
0.202500 0.150000 0.000028 0.000038 
0.202500 0.160000 0.000107 0.000159 
0.202500 0.170000 0.000048 0.000083 
0.202500 0.180000 0.000259 0.000600 
0.202500 0.190000 0.000335 0.000714 
0.202500 0.200000 0.000427 0.000425 
0.202500 0.210000 0.001213 0.001249 
0.202500 0.220000 0.004142 0.005334 
0.202500 0.230000 0.014033 0.010978 
0.202500 0.240000 0.032609 0.020667 
0.202500 0.250000 0.049487 0.024584 
0.202500 0.260000 0.085250 0.029868 
0.202500 0.270000 0.112244 0.038876 
0.202500 0.280000 0.140902 0.041702 
0.202500 0.290000 0.175696 0.053689 
0.202500 0.300000 0.204468 0.047772 
0.202500 0.310000 0.270428 0.053156 
0.202500 0.320000 0.243195 0.053570 
0.202500 0.330000 0.262665 0.062266 
0.202500 0.340000 0.320846 0.074910 
0.202500 0.350000 0.327594 0.079298 
0.202500 0.360000 0.355382 0.072315 
0.202500 0.370000 0.428783 0.109163 
0.202500 0.380000 0.409440 0.097728 
0.202500 0.390000 0.406089 0.086257 
0.202500 0.400000 0.459549 0.114740 
0.225000 0.000000 0.000004 0.000004 
0.225000 0.010000 0.000009 0.000017 
0.225000 0.020000 0.000005 0.000005 
0.225000 0.030000 0.000008 0.000011 
0.225000 0.040000 0.000008 0.000011 
0.225000 0.050000 0.000020 0.000025 
0.225000 0.060000 0.000027 0.000074 
0.225000 0.070000 0.000010 0.000016 
0.225000 0.080000 0.000017 0.000027 
0.225000 0.090000 0.000015 0.000023 
0.225000 0.100000 0.000017 0.000030 
0.225000 0.110000 0.000018 0.000035 
0.225000 0.120000 0.000021 0.000035 
0.225000 0.130000 0.000037 0.000066 
0.225000 0.140000 0.000062 0.000103 
0.225000 0.150000 0.000031 0.000043 
0.225000 0.160000 0.000053 0.000083 
0.225000 0.170000 0.000163 0.000382 
0.225000 0.180000 0.000174 0.000293 
0.225000 0.190000 0.000262 0.000394 
0.225000 0.200000 0.000517 0.000800 
0.225000 0.210000 0.001160 0.002356 
0.225000 0.220000 0.002609 0.002732 
0.225000 0.230000 0.012561 0.012072 
0.225000 0.240000 0.026027 0.015562 
0.225000 0.250000 0.043903 0.016096 
0.225000 0.260000 0.087444 0.034321 
0.225000 0.270000 0.108170 0.042985 
0.225000 0.280000 0.146906 0.048077 
0.225000 0.290000 0.176207 0.043529 
0.225000 0.300000 0.214803 0.050058 
0.225000 0.310000 0.264472 0.066429 
0.225000 0.320000 0.246177 0.078017 
0.225000 0.330000 0.266555 0.058364 
0.225000 0.340000 0.311331 0.071072 
0.225000 0.350000 0.334928 0.083439 
0.225000 0.360000 0.375595 0.086309 
0.225000 0.370000 0.379789 0.096716 
0.225000 0.380000 0.410680 0.101872 
0.225000 0.390000 0.440564 0.109297 
0.225000 0.400000 0.451019 0.131666 
0.247500 0.000000 0.000006 0.000008 
0.247500 0.010000 0.000006 0.000007 
0.247500 0.020000 0.000012 0.000022 
0.247500 0.030000 0.000015 0.000024 
0.247500 0.040000 0.000015 0.000043 
0.247500 0.050000 0.000012 0.000016 
0.247500 0.060000 0.000014 0.000020 
0.247500 0.070000 0.000017 0.000029 
0.247500 0.080000 0.000013 0.000025 
0.247500 0.090000 0.000017 0.000025 
0.247500 0.100000 0.000016 0.000025 
0.247500 0.110000 0.000037 0.000052 
0.247500 0.120000 0.000024 0.000039 
0.247500 0.130000 0.000020 0.000030 
0.247500 0.140000 0.000050 0.000117 
0.247500 0.150000 0.000076 0.000105 
0.247500 0.160000 0.000080 0.000099 
0.247500 0.170000 0.000103 0.000226 
0.247500 0.180000 0.000133 0.000271 
0.247500 0.190000 0.000181 0.000300 
0.247500 0.200000 0.000571 0.000847 
0.247500 0.210000 0.001845 0.003074 
0.247500 0.220000 0.002727 0.002396 
0.247500 0.230000 0.014059 0.011801 
0.247500 0.240000 0.022667 0.014739 
0.247500 0.250000 0.045382 0.022327 
0.247500 0.260000 0.086095 0.031434 
0.247500 0.270000 0.116180 0.035641 
0.247500 0.280000 0.151575 0.040667 
0.247500 0.290000 0.178016 0.038674 
0.247500 0.300000 0.208955 0.057473 
0.247500 0.310000 0.243109 0.064306 
0.247500 0.320000 0.236509 0.054262 
0.247500 0.330000 0.277541 0.069670 
0.247500 0.340000 0.303662 0.073472 
0.247500 0.350000 0.360294 0.086553 
0.247500 0.360000 0.369354 0.087655 
0.247500 0.370000 0.393694 0.089578 
0.247500 0.380000 0.396612 0.100573 
0.247500 0.390000 0.417035 0.103953 
0.247500 0.400000 0.505872 0.143371 
0.270000 0.000000 0.000007 0.000008 
0.270000 0.010000 0.000008 0.000010 
0.270000 0.020000 0.000006 0.000008 
0.270000 0.030000 0.000008 0.000010 
0.270000 0.040000 0.000011 0.000013 
0.270000 0.050000 0.000018 0.000037 
0.270000 0.060000 0.000011 0.000015 
0.270000 0.070000 0.000016 0.000030 
0.270000 0.080000 0.000011 0.000017 
0.270000 0.090000 0.000017 0.000035 
0.270000 0.100000 0.000028 0.000051 
0.270000 0.110000 0.000011 0.000010 
0.270000 0.120000 0.000013 0.000022 
0.270000 0.130000 0.000042 0.000067 
0.270000 0.140000 0.000054 0.000118 
0.270000 0.150000 0.000055 0.000106 
0.270000 0.160000 0.000034 0.000066 
0.270000 0.170000 0.000193 0.000652 
0.270000 0.180000 0.000166 0.000328 
0.270000 0.190000 0.000188 0.000418 
0.270000 0.200000 0.000456 0.000516 
0.270000 0.210000 0.001054 0.001434 
0.270000 0.220000 0.004242 0.003846 
0.270000 0.230000 0.011361 0.009897 
0.270000 0.240000 0.026893 0.019285 
0.270000 0.250000 0.053217 0.019218 
0.270000 0.260000 0.064146 0.025558 
0.270000 0.270000 0.112305 0.037886 
0.270000 0.280000 0.147879 0.041574 
0.270000 0.290000 0.185127 0.040168 
0.270000 0.300000 0.200367 0.044942 
0.270000 0.310000 0.260164 0.073698 
0.270000 0.320000 0.240706 0.065584 
0.270000 0.330000 0.279685 0.055418 
0.270000 0.340000 0.294672 0.078879 
0.270000 0.350000 0.319745 0.075353 
0.270000 0.360000 0.358006 0.091008 
0.270000 0.370000 0.381399 0.086929 
0.270000 0.380000 0.423309 0.100325 
0.270000 0.390000 0.425161 0.110967 
0.270000 0.400000 0.429532 0.111619 
0.292500 0.000000 0.000008 0.000011 
0.292500 0.010000 0.000007 0.000009 
0.292500 0.020000 0.000010 0.000014 
0.292500 0.030000 0.000018 0.000033 
0.292500 0.040000 0.000007 0.000008 
0.292500 0.050000 0.000011 0.000016 
0.292500 0.060000 0.000017 0.000024 
0.292500 0.070000 0.000016 0.000034 
0.292500 0.080000 0.000013 0.000017 
0.292500 0.090000 0.000014 0.000021 
0.292500 0.100000 0.000015 0.000017 
0.292500 0.110000 0.000017 0.000022 
0.292500 0.120000 0.000029 0.000058 
0.292500 0.130000 0.000035 0.000070 
0.292500 0.140000 0.000040 0.000102 
0.292500 0.150000 0.000052 0.000073 
0.292500 0.160000 0.000060 0.000166 
0.292500 0.170000 0.000146 0.000245 
0.292500 0.180000 0.000251 0.000645 
0.292500 0.190000 0.000279 0.000537 
0.292500 0.200000 0.000560 0.000945 
0.292500 0.210000 0.002653 0.005034 
0.292500 0.220000 0.003833 0.004265 
0.292500 0.230000 0.010764 0.009534 
0.292500 0.240000 0.025594 0.014727 
0.292500 0.250000 0.053892 0.026145 
0.292500 0.260000 0.076313 0.027576 
0.292500 0.270000 0.099555 0.034021 
0.292500 0.280000 0.143788 0.035272 
0.292500 0.290000 0.183846 0.044939 
0.292500 0.300000 0.203048 0.050932 
0.292500 0.310000 0.251870 0.068780 
0.292500 0.320000 0.255311 0.059130 
0.292500 0.330000 0.287655 0.056188 
0.292500 0.340000 0.308707 0.065486 
0.292500 0.350000 0.342483 0.087951 
0.292500 0.360000 0.385768 0.099467 
0.292500 0.370000 0.375364 0.087753 
0.292500 0.380000 0.412888 0.101556 
0.292500 0.390000 0.424317 0.134497 
0.292500 0.400000 0.468195 0.123790 
0.315000 0.000000 0.000006 0.000015 
0.315000 0.010000 0.000009 0.000011 
0.315000 0.020000 0.000012 0.000016 
0.315000 0.030000 0.000010 0.000013 
0.315000 0.040000 0.000011 0.000024 
0.315000 0.050000 0.000016 0.000016 
0.315000 0.060000 0.000014 0.000022 
0.315000 0.070000 0.000011 0.000012 
0.315000 0.080000 0.000022 0.000028 
0.315000 0.090000 0.000020 0.000021 
0.315000 0.100000 0.000021 0.000045 
0.315000 0.110000 0.000020 0.000030 
0.315000 0.120000 0.000025 0.000031 
0.315000 0.130000 0.000023 0.000030 
0.315000 0.140000 0.000049 0.000090 
0.315000 0.150000 0.000064 0.000131 
0.315000 0.160000 0.000077 0.000166 
0.315000 0.170000 0.000188 0.000357 
0.315000 0.180000 0.000289 0.001092 
0.315000 0.190000 0.000350 0.000570 
0.315000 0.200000 0.000719 0.001336 
0.315000 0.210000 0.001707 0.002985 
0.315000 0.220000 0.003493 0.005315 
0.315000 0.230000 0.014315 0.013751 
0.315000 0.240000 0.024239 0.017058 
0.315000 0.250000 0.047832 0.020647 
0.315000 0.260000 0.081726 0.025589 
0.315000 0.270000 0.107029 0.043424 
0.315000 0.280000 0.143768 0.041020 
0.315000 0.290000 0.198989 0.058639 
0.315000 0.300000 0.213512 0.064082 
0.315000 0.310000 0.218798 0.053060 
0.315000 0.320000 0.256433 0.077687 
0.315000 0.330000 0.273923 0.074902 
0.315000 0.340000 0.304968 0.083068 
0.315000 0.350000 0.317297 0.068278 
0.315000 0.360000 0.369523 0.067738 
0.315000 0.370000 0.365565 0.095448 
0.315000 0.380000 0.417295 0.110695 
0.315000 0.390000 0.456970 0.122375 
0.315000 0.400000 0.482685 0.142550 
0.337500 0.000000 0.000015 0.000016 
0.337500 0.010000 0.000007 0.000011 
0.337500 0.020000 0.000017 0.000030 
0.337500 0.030000 0.000008 0.000012 
0.337500 0.040000 0.000017 0.000025 
0.337500 0.050000 0.000015 0.000022 
0.337500 0.060000 0.000018 0.000028 
0.337500 0.070000 0.000014 0.000019 
0.337500 0.080000 0.000016 0.000018 
0.337500 0.090000 0.000023 0.000042 
0.337500 0.100000 0.000019 0.000026 
0.337500 0.110000 0.000027 0.000045 
0.337500 0.120000 0.000024 0.000052 
0.337500 0.130000 0.000025 0.000047 
0.337500 0.140000 0.000055 0.000098 
0.337500 0.150000 0.000056 0.000095 
0.337500 0.160000 0.000060 0.000097 
0.337500 0.170000 0.000117 0.000188 
0.337500 0.180000 0.000112 0.000195 
0.337500 0.190000 0.000282 0.000652 
0.337500 0.200000 0.000576 0.000776 
0.337500 0.210000 0.001090 0.001485 
0.337500 0.220000 0.002901 0.003559 
0.337500 0.230000 0.007535 0.006327 
0.337500 0.240000 0.030866 0.014457 
0.337500 0.250000 0.049549 0.023288 
0.337500 0.260000 0.086126 0.027496 
0.337500 0.270000 0.107557 0.033950 
0.337500 0.280000 0.140873 0.040902 
0.337500 0.290000 0.177748 0.048124 
0.337500 0.300000 0.208018 0.055442 
0.337500 0.310000 0.266610 0.050481 
0.337500 0.320000 0.230029 0.059084 
0.337500 0.330000 0.275034 0.075511 
0.337500 0.340000 0.293939 0.049822 
0.337500 0.350000 0.333071 0.072674 
0.337500 0.360000 0.345684 0.073032 
0.337500 0.370000 0.389372 0.089354 
0.337500 0.380000 0.400335 0.108516 
0.337500 0.390000 0.431247 0.153391 
0.337500 0.400000 0.488918 0.138540 
0.360000 0.000000 0.000012 0.000028 
0.360000 0.010000 0.000009 0.000020 
0.360000 0.020000 0.000008 0.000010 
0.360000 0.030000 0.000006 0.000009 
0.360000 0.040000 0.000009 0.000011 
0.360000 0.050000 0.000013 0.000017 
0.360000 0.060000 0.000008 0.000008 
0.360000 0.070000 0.000030 0.000070 
0.360000 0.080000 0.000009 0.000008 
0.360000 0.090000 0.000016 0.000022 
0.360000 0.100000 0.000014 0.000022 
0.360000 0.110000 0.000034 0.000059 
0.360000 0.120000 0.000043 0.000073 
0.360000 0.130000 0.000038 0.000078 
0.360000 0.140000 0.000032 0.000040 
0.360000 0.150000 0.000115 0.000239 
0.360000 0.160000 0.000098 0.000135 
0.360000 0.170000 0.000109 0.000176 
0.360000 0.180000 0.000143 0.000283 
0.360000 0.190000 0.000387 0.000901 
0.360000 0.200000 0.000560 0.000830 
0.360000 0.210000 0.001030 0.002225 
0.360000 0.220000 0.004584 0.006588 
0.360000 0.230000 0.008871 0.007887 
0.360000 0.240000 0.028020 0.016616 
0.360000 0.250000 0.050855 0.022467 
0.360000 0.260000 0.082049 0.029913 
0.360000 0.270000 0.113168 0.034570 
0.360000 0.280000 0.137823 0.037530 
0.360000 0.290000 0.171738 0.043625 
0.360000 0.300000 0.210592 0.050450 
0.360000 0.310000 0.238828 0.048548 
0.360000 0.320000 0.248873 0.071376 
0.360000 0.330000 0.259888 0.059625 
0.360000 0.340000 0.309738 0.094606 
0.360000 0.350000 0.353060 0.088599 
0.360000 0.360000 0.346600 0.074764 
0.360000 0.370000 0.408623 0.090004 
0.360000 0.380000 0.405573 0.100750 
0.360000 0.390000 0.449935 0.118922 
0.360000 0.400000 0.463120 0.143372 
0.382500 0.000000 0.000008 0.000020 
0.382500 0.010000 0.000010 0.000015 
0.382500 0.020000 0.000009 0.000012 
0.382500 0.030000 0.000011 0.000020 
0.382500 0.040000 0.000010 0.000021 
0.382500 0.050000 0.000011 0.000012 
0.382500 0.060000 0.000012 0.000018 
0.382500 0.070000 0.000017 0.000029 
0.382500 0.080000 0.000015 0.000026 
0.382500 0.090000 0.000015 0.000024 
0.382500 0.100000 0.000023 0.000050 
0.382500 0.110000 0.000020 0.000032 
0.382500 0.120000 0.000063 0.000130 
0.382500 0.130000 0.000038 0.000059 
0.382500 0.140000 0.000081 0.000157 
0.382500 0.150000 0.000037 0.000046 
0.382500 0.160000 0.000073 0.000208 
0.382500 0.170000 0.000071 0.000106 
0.382500 0.180000 0.000148 0.000245 
0.382500 0.190000 0.000410 0.000670 
0.382500 0.200000 0.000848 0.001259 
0.382500 0.210000 0.001122 0.001513 
0.382500 0.220000 0.003733 0.004367 
0.382500 0.230000 0.011118 0.008564 
0.382500 0.240000 0.026717 0.016184 
0.382500 0.250000 0.051286 0.022122 
0.382500 0.260000 0.075101 0.025018 
0.382500 0.270000 0.116504 0.044153 
0.382500 0.280000 0.137838 0.039037 
0.382500 0.290000 0.180121 0.048420 
0.382500 0.300000 0.185380 0.046672 
0.382500 0.310000 0.253068 0.058838 
0.382500 0.320000 0.243902 0.068455 
0.382500 0.330000 0.276810 0.050246 
0.382500 0.340000 0.305320 0.071861 
0.382500 0.350000 0.355193 0.096596 
0.382500 0.360000 0.355889 0.076980 
0.382500 0.370000 0.384039 0.078797 
0.382500 0.380000 0.434261 0.110765 
0.382500 0.390000 0.413182 0.101788 
0.382500 0.400000 0.452574 0.117433 
0.405000 0.000000 0.000008 0.000009 
0.405000 0.010000 0.000004 0.000005 
0.405000 0.020000 0.000009 0.000012 
0.405000 0.030000 0.000012 0.000037 
0.405000 0.040000 0.000014 0.000022 
0.405000 0.050000 0.000013 0.000021 
0.405000 0.060000 0.000009 0.000013 
0.405000 0.070000 0.000010 0.000011 
0.405000 0.080000 0.000014 0.000018 
0.405000 0.090000 0.000017 0.000024 
0.405000 0.100000 0.000025 0.000034 
0.405000 0.110000 0.000028 0.000033 
0.405000 0.120000 0.000042 0.000096 
0.405000 0.130000 0.000033 0.000046 
0.405000 0.140000 0.000036 0.000065 
0.405000 0.150000 0.000047 0.000086 
0.405000 0.160000 0.000084 0.000183 
0.405000 0.170000 0.000118 0.000436 
0.405000 0.180000 0.000153 0.000316 
0.405000 0.190000 0.000432 0.000893 
0.405000 0.200000 0.000426 0.000771 
0.405000 0.210000 0.002018 0.003723 
0.405000 0.220000 0.003819 0.004755 
0.405000 0.230000 0.011943 0.008792 
0.405000 0.240000 0.028003 0.016885 
0.405000 0.250000 0.044456 0.020836 
0.405000 0.260000 0.078220 0.029130 
0.405000 0.270000 0.108109 0.056204 
0.405000 0.280000 0.162057 0.046838 
0.405000 0.290000 0.183405 0.040069 
0.405000 0.300000 0.203982 0.048625 
0.405000 0.310000 0.216201 0.064923 
0.405000 0.320000 0.220236 0.054390 
0.405000 0.330000 0.298304 0.066949 
0.405000 0.340000 0.312735 0.074219 
0.405000 0.350000 0.328558 0.086184 
0.405000 0.360000 0.353291 0.078195 
0.405000 0.370000 0.367558 0.076838 
0.405000 0.380000 0.408462 0.099253 
0.405000 0.390000 0.440009 0.109358 
0.405000 0.400000 0.464587 0.134505 
0.427500 0.000000 0.000013 0.000020 
0.427500 0.010000 0.000006 0.000010 
0.427500 0.020000 0.000010 0.000014 
0.427500 0.030000 0.000009 0.000015 
0.427500 0.040000 0.000014 0.000042 
0.427500 0.050000 0.000017 0.000026 
0.427500 0.060000 0.000014 0.000036 
0.427500 0.070000 0.000015 0.000017 
0.427500 0.080000 0.000014 0.000021 
0.427500 0.090000 0.000025 0.000034 
0.427500 0.100000 0.000018 0.000023 
0.427500 0.110000 0.000058 0.000105 
0.427500 0.120000 0.000021 0.000046 
0.427500 0.130000 0.000017 0.000029 
0.427500 0.140000 0.000043 0.000061 
0.427500 0.150000 0.000074 0.000089 
0.427500 0.160000 0.000080 0.000112 
0.427500 0.170000 0.000120 0.000209 
0.427500 0.180000 0.000101 0.000172 
0.427500 0.190000 0.000107 0.000160 
0.427500 0.200000 0.000659 0.000912 
0.427500 0.210000 0.002540 0.004931 
0.427500 0.220000 0.003557 0.003878 
0.427500 0.230000 0.010446 0.010984 
0.427500 0.240000 0.028923 0.016854 
0.427500 0.250000 0.048090 0.025581 
0.427500 0.260000 0.078838 0.031544 
0.427500 0.270000 0.105772 0.032598 
0.427500 0.280000 0.143587 0.037678 
0.427500 0.290000 0.184170 0.035976 
0.427500 0.300000 0.228986 0.070083 
0.427500 0.310000 0.255429 0.065735 
0.427500 0.320000 0.243567 0.059116 
0.427500 0.330000 0.263539 0.062567 
0.427500 0.340000 0.302992 0.063603 
0.427500 0.350000 0.325967 0.064977 
0.427500 0.360000 0.368182 0.097800 
0.427500 0.370000 0.411038 0.109441 
0.427500 0.380000 0.404904 0.092268 
0.427500 0.390000 0.416217 0.123379 
0.427500 0.400000 0.458338 0.131740 
0.450000 0.000000 0.000005 0.000010 
0.450000 0.010000 0.000014 0.000027 
0.450000 0.020000 0.000009 0.000015 
0.450000 0.030000 0.000010 0.000018 
0.450000 0.040000 0.000007 0.000012 
0.450000 0.050000 0.000011 0.000018 
0.450000 0.060000 0.000016 0.000025 
0.450000 0.070000 0.000029 0.000066 
0.450000 0.080000 0.000020 0.000028 
0.450000 0.090000 0.000011 0.000014 
0.450000 0.100000 0.000022 0.000040 
0.450000 0.110000 0.000028 0.000044 
0.450000 0.120000 0.000013 0.000026 
0.450000 0.130000 0.000024 0.000035 
0.450000 0.140000 0.000064 0.000127 
0.450000 0.150000 0.000028 0.000058 
0.450000 0.160000 0.000094 0.000134 
0.450000 0.170000 0.000103 0.000118 
0.450000 0.180000 0.000086 0.000163 
0.450000 0.190000 0.000057 0.000099 
0.450000 0.200000 0.000866 0.001769 
0.450000 0.210000 0.002446 0.004220 
0.450000 0.220000 0.004584 0.006638 
0.450000 0.230000 0.010263 0.008807 
0.450000 0.240000 0.029282 0.015059 
0.450000 0.250000 0.041245 0.024435 
0.450000 0.260000 0.083149 0.030016 
0.450000 0.270000 0.107393 0.034711 
0.450000 0.280000 0.129651 0.034789 
0.450000 0.290000 0.162111 0.054950 
0.450000 0.300000 0.219154 0.059691 
0.450000 0.310000 0.254035 0.051043 
0.450000 0.320000 0.250810 0.061780 
0.450000 0.330000 0.266039 0.068995 
0.450000 0.340000 0.317676 0.073851 
0.450000 0.350000 0.330910 0.069070 
0.450000 0.360000 0.322652 0.089913 
0.450000 0.370000 0.370574 0.081988 
0.450000 0.380000 0.450732 0.112734 
0.450000 0.390000 0.428303 0.113858 
0.450000 0.400000 0.459144 0.125397 
0.472500 0.000000 0.000010 0.000021 
0.472500 0.010000 0.000007 0.000009 
0.472500 0.020000 0.000012 0.000021 
0.472500 0.030000 0.000008 0.000008 
0.472500 0.040000 0.000008 0.000009 
0.472500 0.050000 0.000026 0.000054 
0.472500 0.060000 0.000011 0.000017 
0.472500 0.070000 0.000016 0.000023 
0.472500 0.080000 0.000012 0.000021 
0.472500 0.090000 0.000014 0.000026 
0.472500 0.100000 0.000018 0.000026 
0.472500 0.110000 0.000020 0.000024 
0.472500 0.120000 0.000026 0.000038 
0.472500 0.130000 0.000029 0.000050 
0.472500 0.140000 0.000022 0.000027 
0.472500 0.150000 0.000032 0.000042 
0.472500 0.160000 0.000080 0.000097 
0.472500 0.170000 0.000078 0.000186 
0.472500 0.180000 0.000114 0.000152 
0.472500 0.190000 0.000417 0.000779 
0.472500 0.200000 0.000509 0.000672 
0.472500 0.210000 0.001095 0.001500 
0.472500 0.220000 0.003083 0.004029 
0.472500 0.230000 0.010721 0.008533 
0.472500 0.240000 0.024110 0.014849 
0.472500 0.250000 0.053152 0.020383 
0.472500 0.260000 0.082438 0.030849 
0.472500 0.270000 0.114038 0.029781 
0.472500 0.280000 0.133872 0.040741 
0.472500 0.290000 0.179721 0.041769 
0.472500 0.300000 0.210007 0.051744 
0.472500 0.310000 0.245259 0.049233 
0.472500 0.320000 0.237969 0.057798 
0.472500 0.330000 0.268322 0.068092 
0.472500 0.340000 0.309731 0.063665 
0.472500 0.350000 0.329412 0.068096 
0.472500 0.360000 0.367398 0.077604 
0.472500 0.370000 0.386153 0.099957 
0.472500 0.380000 0.436996 0.102506 
0.472500 0.390000 0.413578 0.109808 
0.472500 0.400000 0.463824 0.114356 
0.495000 0.000000 0.000006 0.000006 
0.495000 0.010000 0.000005 0.000004 
0.495000 0.020000 0.000011 0.000015 
0.495000 0.030000 0.000008 0.000015 
0.495000 0.040000 0.000010 0.000021 
0.495000 0.050000 0.000007 0.000009 
0.495000 0.060000 0.000009 0.000013 
0.495000 0.070000 0.000022 0.000038 
0.495000 0.080000 0.000019 0.000032 
0.495000 0.090000 0.000011 0.000022 
0.495000 0.100000 0.000040 0.000082 
0.495000 0.110000 0.000012 0.000012 
0.495000 0.120000 0.000025 0.000039 
0.495000 0.130000 0.000051 0.000111 
0.495000 0.140000 0.000081 0.000144 
0.495000 0.150000 0.000053 0.000061 
0.495000 0.160000 0.000078 0.000145 
0.495000 0.170000 0.000071 0.000135 
0.495000 0.180000 0.000140 0.000230 
0.495000 0.190000 0.000199 0.000457 
0.495000 0.200000 0.000211 0.000382 
0.495000 0.210000 0.001706 0.002155 
0.495000 0.220000 0.004092 0.004854 
0.495000 0.230000 0.011302 0.010853 
0.495000 0.240000 0.027729 0.018135 
0.495000 0.250000 0.051390 0.023870 
0.495000 0.260000 0.076889 0.029303 
0.495000 0.270000 0.109785 0.035108 
0.495000 0.280000 0.156506 0.038214 
0.495000 0.290000 0.187749 0.049425 
0.495000 0.300000 0.209304 0.050328 
0.495000 0.310000 0.238679 0.059683 
0.495000 0.320000 0.249099 0.059761 
0.495000 0.330000 0.264804 0.073220 
0.495000 0.340000 0.312314 0.069761 
0.495000 0.350000 0.331572 0.082305 
0.495000 0.360000 0.368768 0.075147 
0.495000 0.370000 0.408061 0.095596 
0.495000 0.380000 0.445923 0.086472 
0.495000 0.390000 0.423831 0.096877 
0.495000 0.400000 0.427532 0.103360 
0.517500 0.000000 0.000006 0.000010 
0.517500 0.010000 0.000006 0.000009 
0.517500 0.020000 0.000007 0.000010 
0.517500 0.030000 0.000011 0.000011 
0.517500 0.040000 0.000007 0.000008 
0.517500 0.050000 0.000015 0.000020 
0.517500 0.060000 0.000022 0.000068 
0.517500 0.070000 0.000012 0.000015 
0.517500 0.080000 0.000018 0.000031 
0.517500 0.090000 0.000022 0.000051 
0.517500 0.100000 0.000014 0.000023 
0.517500 0.110000 0.000023 0.000033 
0.517500 0.120000 0.000010 0.000013 
0.517500 0.130000 0.000025 0.000046 
0.517500 0.140000 0.000023 0.000033 
0.517500 0.150000 0.000042 0.000067 
0.517500 0.160000 0.000026 0.000043 
0.517500 0.170000 0.000045 0.000053 
0.517500 0.180000 0.000048 0.000095 
0.517500 0.190000 0.000031 0.000039 
0.517500 0.200000 0.000118 0.000264 
0.517500 0.210000 0.000101 0.000178 
0.517500 0.220000 0.000177 0.000318 
0.517500 0.230000 0.000268 0.000457 
0.517500 0.240000 0.001123 0.002883 
0.517500 0.250000 0.001972 0.002568 
0.517500 0.260000 0.006281 0.008025 
0.517500 0.270000 0.014492 0.013734 
0.517500 0.280000 0.038266 0.025968 
0.517500 0.290000 0.065704 0.027643 
0.517500 0.300000 0.097813 0.044179 
0.517500 0.310000 0.146609 0.060261 
0.517500 0.320000 0.138480 0.045821 
0.517500 0.330000 0.182612 0.065086 
0.517500 0.340000 0.217024 0.074102 
0.517500 0.350000 0.255396 0.076674 
0.517500 0.360000 0.302431 0.089955 
0.517500 0.370000 0.335251 0.088318 
0.517500 0.380000 0.342006 0.094369 
0.517500 0.390000 0.376387 0.101860 
0.517500 0.400000 0.386405 0.106305 
0.540000 0.000000 0.000008 0.000010 
0.540000 0.010000 0.000010 0.000021 
0.540000 0.020000 0.000011 0.000018 
0.540000 0.030000 0.000008 0.000017 
0.540000 0.040000 0.000011 0.000020 
0.540000 0.050000 0.000007 0.000010 
0.540000 0.060000 0.000018 0.000029 
0.540000 0.070000 0.000020 0.000027 
0.540000 0.080000 0.000012 0.000016 
0.540000 0.090000 0.000022 0.000034 
0.540000 0.100000 0.000017 0.000026 
0.540000 0.110000 0.000011 0.000018 
0.540000 0.120000 0.000011 0.000016 
0.540000 0.130000 0.000020 0.000038 
0.540000 0.140000 0.000031 0.000050 
0.540000 0.150000 0.000047 0.000116 
0.540000 0.160000 0.000029 0.000044 
0.540000 0.170000 0.000047 0.000075 
0.540000 0.180000 0.000041 0.000081 
0.540000 0.190000 0.000056 0.000083 
0.540000 0.200000 0.000178 0.000458 
0.540000 0.210000 0.000104 0.000144 
0.540000 0.220000 0.000132 0.000299 
0.540000 0.230000 0.000169 0.000289 
0.540000 0.240000 0.000534 0.001541 
0.540000 0.250000 0.000680 0.001074 
0.540000 0.260000 0.001793 0.002518 
0.540000 0.270000 0.002572 0.003720 
0.540000 0.280000 0.012018 0.012429 
0.540000 0.290000 0.024816 0.016621 
0.540000 0.300000 0.063181 0.039881 
0.540000 0.310000 0.101554 0.035968 
0.540000 0.320000 0.081634 0.033464 
0.540000 0.330000 0.126175 0.048165 
0.540000 0.340000 0.162805 0.054454 
0.540000 0.350000 0.209016 0.066527 
0.540000 0.360000 0.238413 0.065167 
0.540000 0.370000 0.295273 0.096151 
0.540000 0.380000 0.321109 0.114627 
0.540000 0.390000 0.342181 0.104304 
0.540000 0.400000 0.390214 0.092401 
0.562500 0.000000 0.000008 0.000013 
0.562500 0.010000 0.000006 0.000010 
0.562500 0.020000 0.000012 0.000024 
0.562500 0.030000 0.000011 0.000017 
0.562500 0.040000 0.000010 0.000018 
0.562500 0.050000 0.000017 0.000039 
0.562500 0.060000 0.000013 0.000019 
0.562500 0.070000 0.000011 0.000021 
0.562500 0.080000 0.000017 0.000022 
0.562500 0.090000 0.000010 0.000014 
0.562500 0.100000 0.000012 0.000017 
0.562500 0.110000 0.000012 0.000020 
0.562500 0.120000 0.000019 0.000025 
0.562500 0.130000 0.000026 0.000041 
0.562500 0.140000 0.000025 0.000031 
0.562500 0.150000 0.000021 0.000037 
0.562500 0.160000 0.000027 0.000055 
0.562500 0.170000 0.000022 0.000041 
0.562500 0.180000 0.000067 0.000082 
0.562500 0.190000 0.000145 0.000356 
0.562500 0.200000 0.000123 0.000270 
0.562500 0.210000 0.000089 0.000186 
0.562500 0.220000 0.000142 0.000254 
0.562500 0.230000 0.000232 0.000408 
0.562500 0.240000 0.000225 0.000474 
0.562500 0.250000 0.000228 0.000380 
0.562500 0.260000 0.000688 0.000893 
0.562500 0.270000 0.000906 0.001358 
0.562500 0.280000 0.001950 0.002021 
0.562500 0.290000 0.004818 0.005481 
0.562500 0.300000 0.022663 0.021297 
0.562500 0.310000 0.041414 0.030429 
0.562500 0.320000 0.040412 0.021240 
0.562500 0.330000 0.077831 0.027967 
0.562500 0.340000 0.113877 0.038694 
0.562500 0.350000 0.168327 0.058810 
0.562500 0.360000 0.197746 0.057665 
0.562500 0.370000 0.269243 0.092903 
0.562500 0.380000 0.271858 0.064415 
0.562500 0.390000 0.322049 0.096246 
0.562500 0.400000 0.378768 0.107728 
0.585000 0.000000 0.000007 0.000010 
0.585000 0.010000 0.000008 0.000015 
0.585000 0.020000 0.000007 0.000009 
0.585000 0.030000 0.000008 0.000013 
0.585000 0.040000 0.000007 0.000009 
0.585000 0.050000 0.000007 0.000007 
0.585000 0.060000 0.000018 0.000031 
0.585000 0.070000 0.000015 0.000022 
0.585000 0.080000 0.000013 0.000018 
0.585000 0.090000 0.000010 0.000013 
0.585000 0.100000 0.000018 0.000022 
0.585000 0.110000 0.000019 0.000028 
0.585000 0.120000 0.000024 0.000041 
0.585000 0.130000 0.000032 0.000075 
0.585000 0.140000 0.000019 0.000024 
0.585000 0.150000 0.000021 0.000042 
0.585000 0.160000 0.000048 0.000073 
0.585000 0.170000 0.000054 0.000070 
0.585000 0.180000 0.000056 0.000098 
0.585000 0.190000 0.000047 0.000082 
0.585000 0.200000 0.000045 0.000095 
0.585000 0.210000 0.000046 0.000079 
0.585000 0.220000 0.000062 0.000077 
0.585000 0.230000 0.000068 0.000117 
0.585000 0.240000 0.000151 0.000191 
0.585000 0.250000 0.000265 0.000451 
0.585000 0.260000 0.000347 0.000740 
0.585000 0.270000 0.001258 0.002319 
0.585000 0.280000 0.002055 0.002590 
0.585000 0.290000 0.004278 0.004891 
0.585000 0.300000 0.012513 0.012877 
0.585000 0.310000 0.041591 0.025773 
0.585000 0.320000 0.036657 0.028261 
0.585000 0.330000 0.077145 0.032333 
0.585000 0.340000 0.107997 0.039071 
0.585000 0.350000 0.144330 0.051732 
0.585000 0.360000 0.194726 0.072920 
0.585000 0.370000 0.239300 0.079220 
0.585000 0.380000 0.275962 0.085466 
0.585000 0.390000 0.319069 0.079933 
0.585000 0.400000 0.362243 0.107169 
0.607500 0.000000 0.000006 0.000006 
0.607500 0.010000 0.000007 0.000011 
0.607500 0.020000 0.000009 0.000015 
0.607500 0.030000 0.000009 0.000012 
0.607500 0.040000 0.000008 0.000008 
0.607500 0.050000 0.000014 0.000022 
0.607500 0.060000 0.000021 0.000037 
0.607500 0.070000 0.000019 0.000021 
0.607500 0.080000 0.000015 0.000017 
0.607500 0.090000 0.000015 0.000023 
0.607500 0.100000 0.000011 0.000019 
0.607500 0.110000 0.000012 0.000014 
0.607500 0.120000 0.000019 0.000025 
0.607500 0.130000 0.000025 0.000042 
0.607500 0.140000 0.000025 0.000043 
0.607500 0.150000 0.000026 0.000052 
0.607500 0.160000 0.000023 0.000034 
0.607500 0.170000 0.000028 0.000052 
0.607500 0.180000 0.000034 0.000056 
0.607500 0.190000 0.000030 0.000036 
0.607500 0.200000 0.000046 0.000057 
0.607500 0.210000 0.000092 0.000108 
0.607500 0.220000 0.000123 0.000211 
0.607500 0.230000 0.000209 0.000293 
0.607500 0.240000 0.000149 0.000193 
0.607500 0.250000 0.000349 0.000893 
0.607500 0.260000 0.000308 0.000480 
0.607500 0.270000 0.000818 0.001828 
0.607500 0.280000 0.001040 0.002037 
0.607500 0.290000 0.002753 0.003353 
0.607500 0.300000 0.007087 0.009466 
0.607500 0.310000 0.024208 0.020674 
0.607500 0.320000 0.027191 0.020183 
0.607500 0.330000 0.050778 0.028801 
0.607500 0.340000 0.081687 0.042596 
0.607500 0.350000 0.135893 0.050348 
0.607500 0.360000 0.192762 0.067872 
0.607500 0.370000 0.231452 0.083519 
0.607500 0.380000 0.257346 0.085625 
0.607500 0.390000 0.302967 0.114849 
0.607500 0.400000 0.364645 0.103288 
0.630000 0.000000 0.000007 0.000009 
0.630000 0.010000 0.000008 0.000007 
0.630000 0.020000 0.000008 0.000010 
0.630000 0.030000 0.000007 0.000007 
0.630000 0.040000 0.000008 0.000008 
0.630000 0.050000 0.000016 0.000031 
0.630000 0.060000 0.000013 0.000010 
0.630000 0.070000 0.000027 0.000068 
0.630000 0.080000 0.000011 0.000012 
0.630000 0.090000 0.000025 0.000054 
0.630000 0.100000 0.000017 0.000032 
0.630000 0.110000 0.000014 0.000022 
0.630000 0.120000 0.000018 0.000025 
0.630000 0.130000 0.000013 0.000016 
0.630000 0.140000 0.000031 0.000075 
0.630000 0.150000 0.000024 0.000041 
0.630000 0.160000 0.000027 0.000063 
0.630000 0.170000 0.000025 0.000039 
0.630000 0.180000 0.000021 0.000032 
0.630000 0.190000 0.000031 0.000034 
0.630000 0.200000 0.000050 0.000072 
0.630000 0.210000 0.000058 0.000090 
0.630000 0.220000 0.000057 0.000099 
0.630000 0.230000 0.000076 0.000118 
0.630000 0.240000 0.000135 0.000222 
0.630000 0.250000 0.000152 0.000236 
0.630000 0.260000 0.000386 0.000633 
0.630000 0.270000 0.000509 0.001122 
0.630000 0.280000 0.000706 0.001328 
0.630000 0.290000 0.002459 0.003716 
0.630000 0.300000 0.005508 0.006819 
0.630000 0.310000 0.015219 0.019147 
0.630000 0.320000 0.011821 0.013385 
0.630000 0.330000 0.027702 0.019925 
0.630000 0.340000 0.062660 0.033038 
0.630000 0.350000 0.101357 0.049961 
0.630000 0.360000 0.154617 0.061943 
0.630000 0.370000 0.204314 0.061597 
0.630000 0.380000 0.240217 0.079434 
0.630000 0.390000 0.294779 0.075131 
0.630000 0.400000 0.321381 0.102565 
0.652500 0.000000 0.000007 0.000011 
0.652500 0.010000 0.000008 0.000014 
0.652500 0.020000 0.000004 0.000004 
0.652500 0.030000 0.000007 0.000010 
0.652500 0.040000 0.000007 0.000012 
0.652500 0.050000 0.000013 0.000016 
0.652500 0.060000 0.000009 0.000014 
0.652500 0.070000 0.000014 0.000029 
0.652500 0.080000 0.000013 0.000024 
0.652500 0.090000 0.000012 0.000017 
0.652500 0.100000 0.000014 0.000026 
0.652500 0.110000 0.000018 0.000023 
0.652500 0.120000 0.000036 0.000084 
0.652500 0.130000 0.000020 0.000024 
0.652500 0.140000 0.000018 0.000022 
0.652500 0.150000 0.000029 0.000037 
0.652500 0.160000 0.000033 0.000054 
0.652500 0.170000 0.000034 0.000041 
0.652500 0.180000 0.000036 0.000052 
0.652500 0.190000 0.000049 0.000105 
0.652500 0.200000 0.000111 0.000228 
0.652500 0.210000 0.000056 0.000135 
0.652500 0.220000 0.000066 0.000156 
0.652500 0.230000 0.000107 0.000162 
0.652500 0.240000 0.000088 0.000113 
0.652500 0.250000 0.000301 0.000653 
0.652500 0.260000 0.000323 0.000752 
0.652500 0.270000 0.000396 0.000737 
0.652500 0.280000 0.000375 0.000502 
0.652500 0.290000 0.001951 0.004134 
0.652500 0.300000 0.003416 0.004718 
0.652500 0.310000 0.007182 0.008176 
0.652500 0.320000 0.008434 0.014534 
0.652500 0.330000 0.016648 0.012956 
0.652500 0.340000 0.054649 0.030760 
0.652500 0.350000 0.086931 0.049017 
0.652500 0.360000 0.136177 0.050342 
0.652500 0.370000 0.171882 0.072929 
0.652500 0.380000 0.213629 0.084815 
0.652500 0.390000 0.284061 0.091504 
0.652500 0.400000 0.338715 0.111044 
0.675000 0.000000 0.000006 0.000013 
0.675000 0.010000 0.000008 0.000013 
0.675000 0.020000 0.000009 0.000016 
0.675000 0.030000 0.000006 0.000007 
0.675000 0.040000 0.000006 0.000009 
0.675000 0.050000 0.000008 0.000010 
0.675000 0.060000 0.000015 0.000019 
0.675000 0.070000 0.000014 0.000021 
0.675000 0.080000 0.000012 0.000014 
0.675000 0.090000 0.000019 0.000025 
0.675000 0.100000 0.000016 0.000024 
0.675000 0.110000 0.000013 0.000019 
0.675000 0.120000 0.000016 0.000028 
0.675000 0.130000 0.000014 0.000016 
0.675000 0.140000 0.000016 0.000018 
0.675000 0.150000 0.000023 0.000034 
0.675000 0.160000 0.000027 0.000071 
0.675000 0.170000 0.000040 0.000060 
0.675000 0.180000 0.000041 0.000061 
0.675000 0.190000 0.000059 0.000129 
0.675000 0.200000 0.000063 0.000117 
0.675000 0.210000 0.000048 0.000061 
0.675000 0.220000 0.000048 0.000077 
0.675000 0.230000 0.000082 0.000113 
0.675000 0.240000 0.000080 0.000131 
0.675000 0.250000 0.000132 0.000211 
0.675000 0.260000 0.000284 0.000492 
0.675000 0.270000 0.000242 0.000382 
0.675000 0.280000 0.000487 0.000675 
0.675000 0.290000 0.000785 0.001495 
0.675000 0.300000 0.001296 0.001824 
0.675000 0.310000 0.003072 0.004717 
0.675000 0.320000 0.004824 0.012216 
0.675000 0.330000 0.009766 0.007551 
0.675000 0.340000 0.041731 0.038927 
0.675000 0.350000 0.069886 0.036059 
0.675000 0.360000 0.104521 0.037130 
0.675000 0.370000 0.172915 0.066128 
0.675000 0.380000 0.186239 0.071224 
0.675000 0.390000 0.247786 0.088647 
0.675000 0.400000 0.290354 0.102453 
0.697500 0.000000 0.000007 0.000007 
0.697500 0.010000 0.000011 0.000013 
0.697500 0.020000 0.000008 0.000008 
0.697500 0.030000 0.000010 0.000012 
0.697500 0.040000 0.000009 0.000011 
0.697500 0.050000 0.000010 0.000018 
0.697500 0.060000 0.000017 0.000032 
0.697500 0.070000 0.000013 0.000016 
0.697500 0.080000 0.000014 0.000014 
0.697500 0.090000 0.000010 0.000012 
0.697500 0.100000 0.000016 0.000023 
0.697500 0.110000 0.000022 0.000033 
0.697500 0.120000 0.000025 0.000045 
0.697500 0.130000 0.000023 0.000033 
0.697500 0.140000 0.000050 0.000104 
0.697500 0.150000 0.000030 0.000046 
0.697500 0.160000 0.000024 0.000053 
0.697500 0.170000 0.000047 0.000082 
0.697500 0.180000 0.000063 0.000116 
0.697500 0.190000 0.000058 0.000106 
0.697500 0.200000 0.000041 0.000063 
0.697500 0.210000 0.000039 0.000110 
0.697500 0.220000 0.000093 0.000120 
0.697500 0.230000 0.000043 0.000059 
0.697500 0.240000 0.000158 0.000250 
0.697500 0.250000 0.000115 0.000181 
0.697500 0.260000 0.000169 0.000264 
0.697500 0.270000 0.000233 0.000322 
0.697500 0.280000 0.000286 0.000654 
0.697500 0.290000 0.000884 0.001475 
0.697500 0.300000 0.000637 0.000848 
0.697500 0.310000 0.003759 0.006284 
0.697500 0.320000 0.004568 0.006346 
0.697500 0.330000 0.007505 0.010971 
0.697500 0.340000 0.018565 0.017901 
0.697500 0.350000 0.059569 0.037759 
0.697500 0.360000 0.093183 0.038027 
0.697500 0.370000 0.149026 0.053139 
0.697500 0.380000 0.211391 0.080983 
0.697500 0.390000 0.256008 0.085600 
0.697500 0.400000 0.310970 0.113718 
0.720000 0.000000 0.000009 0.000011 
0.720000 0.010000 0.000004 0.000004 
0.720000 0.020000 0.000010 0.000013 
0.720000 0.030000 0.000010 0.000013 
0.720000 0.040000 0.000009 0.000012 
0.720000 0.050000 0.000013 0.000015 
0.720000 0.060000 0.000015 0.000043 
0.720000 0.070000 0.000012 0.000015 
0.720000 0.080000 0.000017 0.000016 
0.720000 0.090000 0.000012 0.000013 
0.720000 0.100000 0.000022 0.000025 
0.720000 0.110000 0.000014 0.000017 
0.720000 0.120000 0.000018 0.000029 
0.720000 0.130000 0.000019 0.000029 
0.720000 0.140000 0.000020 0.000022 
0.720000 0.150000 0.000015 0.000014 
0.720000 0.160000 0.000021 0.000024 
0.720000 0.170000 0.000041 0.000130 
0.720000 0.180000 0.000058 0.000126 
0.720000 0.190000 0.000065 0.000128 
0.720000 0.200000 0.000112 0.000301 
0.720000 0.210000 0.000046 0.000105 
0.720000 0.220000 0.000062 0.000083 
0.720000 0.230000 0.000121 0.000221 
0.720000 0.240000 0.000140 0.000375 
0.720000 0.250000 0.000130 0.000189 
0.720000 0.260000 0.000142 0.000239 
0.720000 0.270000 0.000117 0.000180 
0.720000 0.280000 0.000275 0.000451 
0.720000 0.290000 0.000327 0.000414 
0.720000 0.300000 0.001011 0.003353 
0.720000 0.310000 0.001033 0.001758 
0.720000 0.320000 0.001414 0.003204 
0.720000 0.330000 0.003783 0.004710 
0.720000 0.340000 0.009413 0.010563 
0.720000 0.350000 0.027063 0.023780 
0.720000 0.360000 0.074507 0.039840 
0.720000 0.370000 0.107176 0.047432 
0.720000 0.380000 0.172966 0.086330 
0.720000 0.390000 0.240161 0.085516 
0.720000 0.400000 0.285919 0.095330 
0.742500 0.000000 0.000009 0.000010 
0.742500 0.010000 0.000010 0.000012 
0.742500 0.020000 0.000009 0.000011 
0.742500 0.030000 0.000009 0.000011 
0.742500 0.040000 0.000012 0.000013 
0.742500 0.050000 0.000011 0.000016 
0.742500 0.060000 0.000011 0.000016 
0.742500 0.070000 0.000014 0.000016 
0.742500 0.080000 0.000018 0.000029 
0.742500 0.090000 0.000014 0.000013 
0.742500 0.100000 0.000015 0.000020 
0.742500 0.110000 0.000010 0.000011 
0.742500 0.120000 0.000010 0.000012 
0.742500 0.130000 0.000016 0.000016 
0.742500 0.140000 0.000050 0.000092 
0.742500 0.150000 0.000027 0.000041 
0.742500 0.160000 0.000027 0.000056 
0.742500 0.170000 0.000027 0.000035 
0.742500 0.180000 0.000038 0.000050 
0.742500 0.190000 0.000037 0.000087 
0.742500 0.200000 0.000040 0.000053 
0.742500 0.210000 0.000036 0.000074 
0.742500 0.220000 0.000104 0.000168 
0.742500 0.230000 0.000051 0.000068 
0.742500 0.240000 0.000221 0.000707 
0.742500 0.250000 0.000113 0.000192 
0.742500 0.260000 0.000081 0.000156 
0.742500 0.270000 0.000091 0.000107 
0.742500 0.280000 0.000184 0.000256 
0.742500 0.290000 0.000232 0.000393 
0.742500 0.300000 0.000440 0.000697 
0.742500 0.310000 0.001267 0.001576 
0.742500 0.320000 0.001246 0.003068 
0.742500 0.330000 0.001376 0.002264 
0.742500 0.340000 0.004499 0.008983 
0.742500 0.350000 0.016294 0.015575 
0.742500 0.360000 0.051181 0.045194 
0.742500 0.370000 0.085645 0.041616 
0.742500 0.380000 0.137341 0.063243 
0.742500 0.390000 0.203295 0.080329 
0.742500 0.400000 0.248162 0.095085 
0.765000 0.000000 0.000013 0.000023 
0.765000 0.010000 0.000011 0.000011 
0.765000 0.020000 0.000007 0.000007 
0.765000 0.030000 0.000008 0.000011 
0.765000 0.040000 0.000017 0.000032 
0.765000 0.050000 0.000016 0.000020 
0.765000 0.060000 0.000017 0.000025 
0.765000 0.070000 0.000012 0.000013 
0.765000 0.080000 0.000020 0.000024 
0.765000 0.090000 0.000016 0.000027 
0.765000 0.100000 0.000013 0.000024 
0.765000 0.110000 0.000021 0.000025 
0.765000 0.120000 0.000019 0.000029 
0.765000 0.130000 0.000014 0.000018 
0.765000 0.140000 0.000020 0.000035 
0.765000 0.150000 0.000029 0.000076 
0.765000 0.160000 0.000038 0.000059 
0.765000 0.170000 0.000017 0.000022 
0.765000 0.180000 0.000033 0.000050 
0.765000 0.190000 0.000034 0.000041 
0.765000 0.200000 0.000062 0.000093 
0.765000 0.210000 0.000060 0.000147 
0.765000 0.220000 0.000072 0.000137 
0.765000 0.230000 0.000058 0.000082 
0.765000 0.240000 0.000053 0.000059 
0.765000 0.250000 0.000067 0.000089 
0.765000 0.260000 0.000162 0.000278 
0.765000 0.270000 0.000124 0.000330 
0.765000 0.280000 0.000321 0.000926 
0.765000 0.290000 0.000295 0.000444 
0.765000 0.300000 0.000281 0.000528 
0.765000 0.310000 0.000622 0.000966 
0.765000 0.320000 0.000535 0.001031 
0.765000 0.330000 0.001368 0.002673 
0.765000 0.340000 0.004752 0.006330 
0.765000 0.350000 0.011009 0.010336 
0.765000 0.360000 0.025689 0.015540 
0.765000 0.370000 0.071028 0.039399 
0.765000 0.380000 0.111611 0.058164 
0.765000 0.390000 0.189503 0.078871 
0.765000 0.400000 0.230417 0.097710 
0.787500 0.000000 0.000015 0.000046 
0.787500 0.010000 0.000012 0.000014 
0.787500 0.020000 0.000009 0.000009 
0.787500 0.030000 0.000011 0.000013 
0.787500 0.040000 0.000020 0.000071 
0.787500 0.050000 0.000025 0.000049 
0.787500 0.060000 0.000014 0.000024 
0.787500 0.070000 0.000014 0.000023 
0.787500 0.080000 0.000012 0.000017 
0.787500 0.090000 0.000013 0.000015 
0.787500 0.100000 0.000010 0.000012 
0.787500 0.110000 0.000028 0.000067 
0.787500 0.120000 0.000016 0.000026 
0.787500 0.130000 0.000015 0.000028 
0.787500 0.140000 0.000029 0.000058 
0.787500 0.150000 0.000023 0.000032 
0.787500 0.160000 0.000031 0.000049 
0.787500 0.170000 0.000035 0.000055 
0.787500 0.180000 0.000033 0.000040 
0.787500 0.190000 0.000034 0.000049 
0.787500 0.200000 0.000065 0.000114 
0.787500 0.210000 0.000057 0.000091 
0.787500 0.220000 0.000053 0.000078 
0.787500 0.230000 0.000036 0.000040 
0.787500 0.240000 0.000103 0.000220 
0.787500 0.250000 0.000067 0.000166 
0.787500 0.260000 0.000117 0.000220 
0.787500 0.270000 0.000102 0.000194 
0.787500 0.280000 0.000236 0.000517 
0.787500 0.290000 0.000362 0.000865 
0.787500 0.300000 0.000160 0.000364 
0.787500 0.310000 0.000507 0.000840 
0.787500 0.320000 0.000331 0.000639 
0.787500 0.330000 0.001146 0.001801 
0.787500 0.340000 0.001377 0.001772 
0.787500 0.350000 0.005374 0.008628 
0.787500 0.360000 0.013363 0.014980 
0.787500 0.370000 0.035630 0.024282 
0.787500 0.380000 0.060301 0.038231 
0.787500 0.390000 0.136164 0.079731 
0.787500 0.400000 0.194010 0.098217 
0.810000 0.000000 0.000012 0.000015 
0.810000 0.010000 0.000009 0.000017 
0.810000 0.020000 0.000007 0.000005 
0.810000 0.030000 0.000014 0.000035 
0.810000 0.040000 0.000010 0.000016 
0.810000 0.050000 0.000014 0.000016 
0.810000 0.060000 0.000012 0.000016 
0.810000 0.070000 0.000017 0.000016 
0.810000 0.080000 0.000007 0.000006 
0.810000 0.090000 0.000019 0.000027 
0.810000 0.100000 0.000023 0.000037 
0.810000 0.110000 0.000016 0.000020 
0.810000 0.120000 0.000015 0.000020 
0.810000 0.130000 0.000015 0.000018 
0.810000 0.140000 0.000022 0.000025 
0.810000 0.150000 0.000037 0.000059 
0.810000 0.160000 0.000045 0.000105 
0.810000 0.170000 0.000025 0.000029 
0.810000 0.180000 0.000034 0.000072 
0.810000 0.190000 0.000051 0.000070 
0.810000 0.200000 0.000095 0.000266 
0.810000 0.210000 0.000073 0.000148 
0.810000 0.220000 0.000066 0.000138 
0.810000 0.230000 0.000090 0.000141 
0.810000 0.240000 0.000141 0.000325 
0.810000 0.250000 0.000056 0.000070 
0.810000 0.260000 0.000095 0.000164 
0.810000 0.270000 0.000113 0.000143 
0.810000 0.280000 0.000121 0.000143 
0.810000 0.290000 0.000156 0.000253 
0.810000 0.300000 0.000267 0.000341 
0.810000 0.310000 0.000780 0.001869 
0.810000 0.320000 0.000388 0.000564 
0.810000 0.330000 0.000750 0.001054 
0.810000 0.340000 0.001034 0.001571 
0.810000 0.350000 0.002443 0.002901 
0.810000 0.360000 0.005217 0.009649 
0.810000 0.370000 0.021119 0.017294 
0.810000 0.380000 0.058828 0.038262 
0.810000 0.390000 0.100282 0.049959 
0.810000 0.400000 0.155596 0.083371 
0.832500 0.000000 0.000006 0.000008 
0.832500 0.010000 0.000007 0.000006 
0.832500 0.020000 0.000008 0.000008 
0.832500 0.030000 0.000012 0.000017 
0.832500 0.040000 0.000013 0.000011 
0.832500 0.050000 0.000025 0.000045 
0.832500 0.060000 0.000012 0.000012 
0.832500 0.070000 0.000014 0.000016 
0.832500 0.080000 0.000020 0.000025 
0.832500 0.090000 0.000013 0.000016 
0.832500 0.100000 0.000010 0.000013 
0.832500 0.110000 0.000018 0.000025 
0.832500 0.120000 0.000016 0.000017 
0.832500 0.130000 0.000017 0.000014 
0.832500 0.140000 0.000048 0.000066 
0.832500 0.150000 0.000026 0.000030 
0.832500 0.160000 0.000039 0.000065 
0.832500 0.170000 0.000037 0.000059 
0.832500 0.180000 0.000066 0.000122 
0.832500 0.190000 0.000033 0.000048 
0.832500 0.200000 0.000057 0.000104 
0.832500 0.210000 0.000035 0.000035 
0.832500 0.220000 0.000052 0.000077 
0.832500 0.230000 0.000105 0.000159 
0.832500 0.240000 0.000067 0.000229 
0.832500 0.250000 0.000078 0.000078 
0.832500 0.260000 0.000082 0.000088 
0.832500 0.270000 0.000118 0.000203 
0.832500 0.280000 0.000152 0.000241 
0.832500 0.290000 0.000211 0.000374 
0.832500 0.300000 0.000329 0.000723 
0.832500 0.310000 0.000240 0.000452 
0.832500 0.320000 0.000229 0.000426 
0.832500 0.330000 0.000385 0.000799 
0.832500 0.340000 0.001242 0.002242 
0.832500 0.350000 0.001707 0.003966 
0.832500 0.360000 0.004410 0.007709 
0.832500 0.370000 0.009402 0.013624 
0.832500 0.380000 0.017005 0.018193 
0.832500 0.390000 0.057236 0.046499 
0.832500 0.400000 0.123275 0.057661 
0.855000 0.000000 0.000011 0.000014 
0.855000 0.010000 0.000010 0.000013 
0.855000 0.020000 0.000009 0.000010 
0.855000 0.030000 0.000013 0.000016 
0.855000 0.040000 0.000009 0.000012 
0.855000 0.050000 0.000021 0.000035 
0.855000 0.060000 0.000014 0.000019 
0.855000 0.070000 0.000016 0.000018 
0.855000 0.080000 0.000011 0.000013 
0.855000 0.090000 0.000017 0.000021 
0.855000 0.100000 0.000029 0.000049 
0.855000 0.110000 0.000027 0.000060 
0.855000 0.120000 0.000026 0.000039 
0.855000 0.130000 0.000024 0.000030 
0.855000 0.140000 0.000038 0.000065 
0.855000 0.150000 0.000015 0.000016 
0.855000 0.160000 0.000034 0.000052 
0.855000 0.170000 0.000045 0.000104 
0.855000 0.180000 0.000034 0.000043 
0.855000 0.190000 0.000066 0.000074 
0.855000 0.200000 0.000059 0.000065 
0.855000 0.210000 0.000090 0.000116 
0.855000 0.220000 0.000065 0.000105 
0.855000 0.230000 0.000068 0.000077 
0.855000 0.240000 0.000148 0.000342 
0.855000 0.250000 0.000101 0.000142 
0.855000 0.260000 0.000112 0.000145 
0.855000 0.270000 0.000157 0.000339 
0.855000 0.280000 0.000265 0.000582 
0.855000 0.290000 0.000205 0.000372 
0.855000 0.300000 0.000154 0.000185 
0.855000 0.310000 0.000453 0.000996 
0.855000 0.320000 0.000348 0.000566 
0.855000 0.330000 0.000528 0.001222 
0.855000 0.340000 0.000352 0.000522 
0.855000 0.350000 0.001388 0.002787 
0.855000 0.360000 0.002487 0.003891 
0.855000 0.370000 0.006199 0.008909 
0.855000 0.380000 0.016472 0.028967 
0.855000 0.390000 0.020974 0.020032 
0.855000 0.400000 0.081515 0.053458 
0.877500 0.000000 0.000011 0.000010 
0.877500 0.010000 0.000012 0.000011 
0.877500 0.020000 0.000020 0.000036 
0.877500 0.030000 0.000015 0.000018 
0.877500 0.040000 0.000015 0.000023 
0.877500 0.050000 0.000018 0.000028 
0.877500 0.060000 0.000009 0.000010 
0.877500 0.070000 0.000021 0.000036 
0.877500 0.080000 0.000042 0.000112 
0.877500 0.090000 0.000021 0.000026 
0.877500 0.100000 0.000019 0.000021 
0.877500 0.110000 0.000029 0.000040 
0.877500 0.120000 0.000029 0.000056 
0.877500 0.130000 0.000017 0.000024 
0.877500 0.140000 0.000029 0.000046 
0.877500 0.150000 0.000043 0.000131 
0.877500 0.160000 0.000029 0.000041 
0.877500 0.170000 0.000032 0.000041 
0.877500 0.180000 0.000029 0.000046 
0.877500 0.190000 0.000069 0.000128 
0.877500 0.200000 0.000034 0.000031 
0.877500 0.210000 0.000045 0.000066 
0.877500 0.220000 0.000060 0.000075 
0.877500 0.230000 0.000048 0.000080 
0.877500 0.240000 0.000068 0.000076 
0.877500 0.250000 0.000128 0.000189 
0.877500 0.260000 0.000076 0.000116 
0.877500 0.270000 0.000115 0.000190 
0.877500 0.280000 0.000120 0.000155 
0.877500 0.290000 0.000342 0.000574 
0.877500 0.300000 0.000201 0.000308 
0.877500 0.310000 0.000233 0.000353 
0.877500 0.320000 0.000479 0.000910 
0.877500 0.330000 0.000264 0.000391 
0.877500 0.340000 0.000359 0.000525 
0.877500 0.350000 0.000740 0.000965 
0.877500 0.360000 0.000813 0.001095 
0.877500 0.370000 0.001763 0.003239 
0.877500 0.380000 0.004048 0.006679 
0.877500 0.390000 0.007975 0.009599 
0.877500 0.400000 0.037500 0.040183 
0.900000 0.000000 0.000014 0.000017 
0.900000 0.010000 0.000012 0.000015 
0.900000 0.020000 0.000011 0.000009 
0.900000 0.030000 0.000016 0.000025 
0.900000 0.040000 0.000019 0.000031 
0.900000 0.050000 0.000013 0.000012 
0.900000 0.060000 0.000014 0.000013 
0.900000 0.070000 0.000021 0.000025 
0.900000 0.080000 0.000019 0.000019 
0.900000 0.090000 0.000019 0.000023 
0.900000 0.100000 0.000017 0.000018 
0.900000 0.110000 0.000023 0.000021 
0.900000 0.120000 0.000026 0.000038 
0.900000 0.130000 0.000031 0.000028 
0.900000 0.140000 0.000025 0.000041 
0.900000 0.150000 0.000049 0.000071 
0.900000 0.160000 0.000044 0.000045 
0.900000 0.170000 0.000027 0.000033 
0.900000 0.180000 0.000065 0.000141 
0.900000 0.190000 0.000067 0.000113 
0.900000 0.200000 0.000044 0.000046 
0.900000 0.210000 0.000086 0.000102 
0.900000 0.220000 0.000056 0.000097 
0.900000 0.230000 0.000062 0.000081 
0.900000 0.240000 0.000064 0.000085 
0.900000 0.250000 0.000096 0.000172 
0.900000 0.260000 0.000102 0.000124 
0.900000 0.270000 0.000139 0.000229 
0.900000 0.280000 0.000103 0.000138 
0.900000 0.290000 0.000375 0.000637 
0.900000 0.300000 0.000192 0.000274 
0.900000 0.310000 0.000409 0.000807 
0.900000 0.320000 0.000317 0.000472 
0.900000 0.330000 0.000238 0.000244 
0.900000 0.340000 0.000288 0.000344 
0.900000 0.350000 0.000549 0.000892 
0.900000 0.360000 0.000929 0.001807 
0.900000 0.370000 0.001408 0.002370 
0.900000 0.380000 0.004651 0.008705 
0.900000 0.390000 0.005935 0.010397 
0.900000 0.400000 0.014371 0.015996 
